[0.119s] [34mcolcon[0m [1;30mDEBUG[0m [32mCommand line arguments: ['/usr/bin/colcon', 'build'][0m
[0.119s] [34mcolcon[0m [1;30mDEBUG[0m [32mParsed command line arguments: Namespace(log_base=None, log_level=None, verb_name='build', build_base='build', install_base='install', merge_install=False, symlink_install=False, test_result_base=None, continue_on_error=False, executor='parallel', parallel_workers=8, event_handlers=None, ignore_user_meta=False, metas=['./colcon.meta'], base_paths=['.'], packages_ignore=None, packages_ignore_regex=None, paths=None, packages_up_to=None, packages_up_to_regex=None, packages_above=None, packages_above_and_dependencies=None, packages_above_depth=None, packages_select_by_dep=None, packages_skip_by_dep=None, packages_skip_up_to=None, packages_select_build_failed=False, packages_skip_build_finished=False, packages_select_test_failures=False, packages_skip_test_passed=False, packages_select=None, packages_skip=None, packages_select_regex=None, packages_skip_regex=None, packages_start=None, packages_end=None, allow_overriding=[], cmake_args=None, cmake_target=None, cmake_target_skip_unavailable=False, cmake_clean_cache=False, cmake_clean_first=False, cmake_force_configure=False, ament_cmake_args=None, catkin_cmake_args=None, catkin_skip_building_tests=False, mixin_files=None, mixin=None, verb_parser=<colcon_mixin.mixin.mixin_argument.MixinArgumentDecorator object at 0x71b09c6be740>, verb_extension=<colcon_core.verb.build.BuildVerb object at 0x71b09c7ab2e0>, main=<bound method BuildVerb.main of <colcon_core.verb.build.BuildVerb object at 0x71b09c7ab2e0>>, mixin_verb=('build',))[0m
[0.308s] [34mcolcon.colcon_core.package_discovery[0m [1;30mLevel 1[0m discover_packages(colcon_meta) check parameters
[0.308s] [34mcolcon.colcon_core.package_discovery[0m [1;30mLevel 1[0m discover_packages(recursive) check parameters
[0.308s] [34mcolcon.colcon_core.package_discovery[0m [1;30mLevel 1[0m discover_packages(ignore) check parameters
[0.308s] [34mcolcon.colcon_core.package_discovery[0m [1;30mLevel 1[0m discover_packages(path) check parameters
[0.308s] [34mcolcon.colcon_core.package_discovery[0m [1;30mLevel 1[0m discover_packages(colcon_meta) discover
[0.308s] [34mcolcon.colcon_core.package_discovery[0m [1;30mLevel 1[0m discover_packages(recursive) discover
[0.308s] [34mcolcon.colcon_core.package_discovery[0m [1;30mINFO[0m Crawling recursively for packages in '/home/yms/rokey_week4_ws/turtlebot3_servingRobot'
[0.308s] [34mcolcon.colcon_core.package_identification[0m [1;30mLevel 1[0m _identify(.) by extensions ['ignore', 'ignore_ament_install']
[0.308s] [34mcolcon.colcon_core.package_identification[0m [1;30mLevel 1[0m _identify(.) by extension 'ignore'
[0.308s] [34mcolcon.colcon_core.package_identification[0m [1;30mLevel 1[0m _identify(.) by extension 'ignore_ament_install'
[0.308s] [34mcolcon.colcon_core.package_identification[0m [1;30mLevel 1[0m _identify(.) by extensions ['colcon_pkg']
[0.308s] [34mcolcon.colcon_core.package_identification[0m [1;30mLevel 1[0m _identify(.) by extension 'colcon_pkg'
[0.308s] [34mcolcon.colcon_core.package_identification[0m [1;30mLevel 1[0m _identify(.) by extensions ['colcon_meta']
[0.309s] [34mcolcon.colcon_core.package_identification[0m [1;30mLevel 1[0m _identify(.) by extension 'colcon_meta'
[0.309s] [34mcolcon.colcon_core.package_identification[0m [1;30mLevel 1[0m _identify(.) by extensions ['ros']
[0.309s] [34mcolcon.colcon_core.package_identification[0m [1;30mLevel 1[0m _identify(.) by extension 'ros'
[0.327s] [34mcolcon.colcon_core.package_identification[0m [1;30mLevel 1[0m _identify(.) by extensions ['cmake', 'python']
[0.327s] [34mcolcon.colcon_core.package_identification[0m [1;30mLevel 1[0m _identify(.) by extension 'cmake'
[0.327s] [34mcolcon.colcon_core.package_identification[0m [1;30mLevel 1[0m _identify(.) by extension 'python'
[0.327s] [34mcolcon.colcon_core.package_identification[0m [1;30mLevel 1[0m _identify(.) by extensions ['python_setup_py']
[0.327s] [34mcolcon.colcon_core.package_identification[0m [1;30mLevel 1[0m _identify(.) by extension 'python_setup_py'
[0.328s] [34mcolcon.colcon_core.package_identification[0m [1;30mLevel 1[0m _identify(build) by extensions ['ignore', 'ignore_ament_install']
[0.328s] [34mcolcon.colcon_core.package_identification[0m [1;30mLevel 1[0m _identify(build) by extension 'ignore'
[0.328s] [34mcolcon.colcon_core.package_identification[0m [1;30mLevel 1[0m _identify(build) ignored
[0.328s] [34mcolcon.colcon_core.package_identification[0m [1;30mLevel 1[0m _identify(install) by extensions ['ignore', 'ignore_ament_install']
[0.328s] [34mcolcon.colcon_core.package_identification[0m [1;30mLevel 1[0m _identify(install) by extension 'ignore'
[0.328s] [34mcolcon.colcon_core.package_identification[0m [1;30mLevel 1[0m _identify(install) ignored
[0.328s] [34mcolcon.colcon_core.package_identification[0m [1;30mLevel 1[0m _identify(log) by extensions ['ignore', 'ignore_ament_install']
[0.328s] [34mcolcon.colcon_core.package_identification[0m [1;30mLevel 1[0m _identify(log) by extension 'ignore'
[0.328s] [34mcolcon.colcon_core.package_identification[0m [1;30mLevel 1[0m _identify(log) ignored
[0.328s] [34mcolcon.colcon_core.package_identification[0m [1;30mLevel 1[0m _identify(src) by extensions ['ignore', 'ignore_ament_install']
[0.328s] [34mcolcon.colcon_core.package_identification[0m [1;30mLevel 1[0m _identify(src) by extension 'ignore'
[0.328s] [34mcolcon.colcon_core.package_identification[0m [1;30mLevel 1[0m _identify(src) by extension 'ignore_ament_install'
[0.328s] [34mcolcon.colcon_core.package_identification[0m [1;30mLevel 1[0m _identify(src) by extensions ['colcon_pkg']
[0.329s] [34mcolcon.colcon_core.package_identification[0m [1;30mLevel 1[0m _identify(src) by extension 'colcon_pkg'
[0.329s] [34mcolcon.colcon_core.package_identification[0m [1;30mLevel 1[0m _identify(src) by extensions ['colcon_meta']
[0.329s] [34mcolcon.colcon_core.package_identification[0m [1;30mLevel 1[0m _identify(src) by extension 'colcon_meta'
[0.329s] [34mcolcon.colcon_core.package_identification[0m [1;30mLevel 1[0m _identify(src) by extensions ['ros']
[0.329s] [34mcolcon.colcon_core.package_identification[0m [1;30mLevel 1[0m _identify(src) by extension 'ros'
[0.329s] [34mcolcon.colcon_core.package_identification[0m [1;30mLevel 1[0m _identify(src) by extensions ['cmake', 'python']
[0.329s] [34mcolcon.colcon_core.package_identification[0m [1;30mLevel 1[0m _identify(src) by extension 'cmake'
[0.329s] [34mcolcon.colcon_core.package_identification[0m [1;30mLevel 1[0m _identify(src) by extension 'python'
[0.329s] [34mcolcon.colcon_core.package_identification[0m [1;30mLevel 1[0m _identify(src) by extensions ['python_setup_py']
[0.329s] [34mcolcon.colcon_core.package_identification[0m [1;30mLevel 1[0m _identify(src) by extension 'python_setup_py'
[0.329s] [34mcolcon.colcon_core.package_identification[0m [1;30mLevel 1[0m _identify(src/serving_interface) by extensions ['ignore', 'ignore_ament_install']
[0.329s] [34mcolcon.colcon_core.package_identification[0m [1;30mLevel 1[0m _identify(src/serving_interface) by extension 'ignore'
[0.329s] [34mcolcon.colcon_core.package_identification[0m [1;30mLevel 1[0m _identify(src/serving_interface) by extension 'ignore_ament_install'
[0.329s] [34mcolcon.colcon_core.package_identification[0m [1;30mLevel 1[0m _identify(src/serving_interface) by extensions ['colcon_pkg']
[0.329s] [34mcolcon.colcon_core.package_identification[0m [1;30mLevel 1[0m _identify(src/serving_interface) by extension 'colcon_pkg'
[0.329s] [34mcolcon.colcon_core.package_identification[0m [1;30mLevel 1[0m _identify(src/serving_interface) by extensions ['colcon_meta']
[0.329s] [34mcolcon.colcon_core.package_identification[0m [1;30mLevel 1[0m _identify(src/serving_interface) by extension 'colcon_meta'
[0.329s] [34mcolcon.colcon_core.package_identification[0m [1;30mLevel 1[0m _identify(src/serving_interface) by extensions ['ros']
[0.329s] [34mcolcon.colcon_core.package_identification[0m [1;30mLevel 1[0m _identify(src/serving_interface) by extension 'ros'
[0.332s] [34mcolcon.colcon_core.package_identification[0m [1;30mDEBUG[0m [32mPackage 'src/serving_interface' with type 'ros.ament_cmake' and name 'serving_interface'[0m
[0.332s] [34mcolcon.colcon_core.package_discovery[0m [1;30mLevel 1[0m discover_packages(recursive) using defaults
[0.332s] [34mcolcon.colcon_core.package_discovery[0m [1;30mLevel 1[0m discover_packages(ignore) discover
[0.332s] [34mcolcon.colcon_core.package_discovery[0m [1;30mLevel 1[0m discover_packages(ignore) using defaults
[0.332s] [34mcolcon.colcon_core.package_discovery[0m [1;30mLevel 1[0m discover_packages(path) discover
[0.332s] [34mcolcon.colcon_core.package_discovery[0m [1;30mLevel 1[0m discover_packages(path) using defaults
[0.347s] [34mcolcon.colcon_core.package_discovery[0m [1;30mLevel 1[0m discover_packages(prefix_path) check parameters
[0.347s] [34mcolcon.colcon_core.package_discovery[0m [1;30mLevel 1[0m discover_packages(prefix_path) discover
[0.349s] [34mcolcon.colcon_installed_package_information.package_discovery[0m [1;30mDEBUG[0m [32mFound 278 installed packages in /opt/ros/humble[0m
[0.350s] [34mcolcon.colcon_core.package_discovery[0m [1;30mLevel 1[0m discover_packages(prefix_path) using defaults
[0.384s] [34mcolcon.colcon_core.verb[0m [1;30mLevel 5[0m set package 'serving_interface' build argument 'cmake_args' from command line to 'None'
[0.384s] [34mcolcon.colcon_core.verb[0m [1;30mLevel 5[0m set package 'serving_interface' build argument 'cmake_target' from command line to 'None'
[0.384s] [34mcolcon.colcon_core.verb[0m [1;30mLevel 5[0m set package 'serving_interface' build argument 'cmake_target_skip_unavailable' from command line to 'False'
[0.384s] [34mcolcon.colcon_core.verb[0m [1;30mLevel 5[0m set package 'serving_interface' build argument 'cmake_clean_cache' from command line to 'False'
[0.384s] [34mcolcon.colcon_core.verb[0m [1;30mLevel 5[0m set package 'serving_interface' build argument 'cmake_clean_first' from command line to 'False'
[0.384s] [34mcolcon.colcon_core.verb[0m [1;30mLevel 5[0m set package 'serving_interface' build argument 'cmake_force_configure' from command line to 'False'
[0.384s] [34mcolcon.colcon_core.verb[0m [1;30mLevel 5[0m set package 'serving_interface' build argument 'ament_cmake_args' from command line to 'None'
[0.384s] [34mcolcon.colcon_core.verb[0m [1;30mLevel 5[0m set package 'serving_interface' build argument 'catkin_cmake_args' from command line to 'None'
[0.384s] [34mcolcon.colcon_core.verb[0m [1;30mLevel 5[0m set package 'serving_interface' build argument 'catkin_skip_building_tests' from command line to 'False'
[0.384s] [34mcolcon.colcon_core.verb[0m [1;30mDEBUG[0m [32mBuilding package 'serving_interface' with the following arguments: {'ament_cmake_args': None, 'build_base': '/home/yms/rokey_week4_ws/turtlebot3_servingRobot/build/serving_interface', 'catkin_cmake_args': None, 'catkin_skip_building_tests': False, 'cmake_args': None, 'cmake_clean_cache': False, 'cmake_clean_first': False, 'cmake_force_configure': False, 'cmake_target': None, 'cmake_target_skip_unavailable': False, 'install_base': '/home/yms/rokey_week4_ws/turtlebot3_servingRobot/install/serving_interface', 'merge_install': False, 'path': '/home/yms/rokey_week4_ws/turtlebot3_servingRobot/src/serving_interface', 'symlink_install': False, 'test_result_base': None}[0m
[0.384s] [34mcolcon.colcon_core.executor[0m [1;30mINFO[0m Executing jobs using 'parallel' executor
[0.386s] [34mcolcon.colcon_parallel_executor.executor.parallel[0m [1;30mDEBUG[0m [32mrun_until_complete[0m
[0.386s] [34mcolcon.colcon_ros.task.ament_cmake.build[0m [1;30mINFO[0m Building ROS package in '/home/yms/rokey_week4_ws/turtlebot3_servingRobot/src/serving_interface' with build type 'ament_cmake'
[0.386s] [34mcolcon.colcon_cmake.task.cmake.build[0m [1;30mINFO[0m Building CMake package in '/home/yms/rokey_week4_ws/turtlebot3_servingRobot/src/serving_interface'
[0.388s] [34mcolcon.colcon_core.plugin_system[0m [1;30mINFO[0m Skipping extension 'colcon_core.shell.bat': Not used on non-Windows systems
[0.388s] [34mcolcon.colcon_core.shell[0m [1;30mINFO[0m Skip shell extension 'powershell' for command environment: Not usable outside of PowerShell
[0.388s] [34mcolcon.colcon_core.shell[0m [1;30mDEBUG[0m [32mSkip shell extension 'dsv' for command environment[0m
[0.395s] [34mcolcon.colcon_core.event_handler.log_command[0m [1;30mDEBUG[0m [32mInvoking command in '/home/yms/rokey_week4_ws/turtlebot3_servingRobot/build/serving_interface': CMAKE_PREFIX_PATH=/opt/ros/humble /usr/bin/cmake /home/yms/rokey_week4_ws/turtlebot3_servingRobot/src/serving_interface -DCMAKE_INSTALL_PREFIX=/home/yms/rokey_week4_ws/turtlebot3_servingRobot/install/serving_interface[0m
[1.791s] [34mcolcon.colcon_core.event_handler.log_command[0m [1;30mDEBUG[0m [32mInvoked command in '/home/yms/rokey_week4_ws/turtlebot3_servingRobot/build/serving_interface' returned '0': CMAKE_PREFIX_PATH=/opt/ros/humble /usr/bin/cmake /home/yms/rokey_week4_ws/turtlebot3_servingRobot/src/serving_interface -DCMAKE_INSTALL_PREFIX=/home/yms/rokey_week4_ws/turtlebot3_servingRobot/install/serving_interface[0m
[1.793s] [34mcolcon.colcon_core.event_handler.log_command[0m [1;30mDEBUG[0m [32mInvoking command in '/home/yms/rokey_week4_ws/turtlebot3_servingRobot/build/serving_interface': CMAKE_PREFIX_PATH=/opt/ros/humble /usr/bin/cmake --build /home/yms/rokey_week4_ws/turtlebot3_servingRobot/build/serving_interface -- -j8 -l8[0m
[5.589s] [34mcolcon.colcon_core.event_handler.log_command[0m [1;30mDEBUG[0m [32mInvoked command in '/home/yms/rokey_week4_ws/turtlebot3_servingRobot/build/serving_interface' returned '0': CMAKE_PREFIX_PATH=/opt/ros/humble /usr/bin/cmake --build /home/yms/rokey_week4_ws/turtlebot3_servingRobot/build/serving_interface -- -j8 -l8[0m
[5.679s] [34mcolcon.colcon_core.event_handler.log_command[0m [1;30mDEBUG[0m [32mInvoking command in '/home/yms/rokey_week4_ws/turtlebot3_servingRobot/build/serving_interface': CMAKE_PREFIX_PATH=/opt/ros/humble /usr/bin/cmake --install /home/yms/rokey_week4_ws/turtlebot3_servingRobot/build/serving_interface[0m
[5.752s] [34mcolcon.colcon_core.environment[0m [1;30mLevel 1[0m create_environment_scripts_only(serving_interface)
[5.753s] [34mcolcon.colcon_core.event_handler.log_command[0m [1;30mDEBUG[0m [32mInvoked command in '/home/yms/rokey_week4_ws/turtlebot3_servingRobot/build/serving_interface' returned '0': CMAKE_PREFIX_PATH=/opt/ros/humble /usr/bin/cmake --install /home/yms/rokey_week4_ws/turtlebot3_servingRobot/build/serving_interface[0m
[5.755s] [34mcolcon.colcon_core.environment[0m [1;30mLevel 1[0m checking '/home/yms/rokey_week4_ws/turtlebot3_servingRobot/install/serving_interface' for CMake module files
[5.755s] [34mcolcon.colcon_core.environment[0m [1;30mLevel 1[0m checking '/home/yms/rokey_week4_ws/turtlebot3_servingRobot/install/serving_interface' for CMake config files
[5.756s] [34mcolcon.colcon_core.shell[0m [1;30mLevel 1[0m create_environment_hook('serving_interface', 'cmake_prefix_path')
[5.756s] [34mcolcon.colcon_core.shell[0m [1;30mINFO[0m Creating environment hook '/home/yms/rokey_week4_ws/turtlebot3_servingRobot/install/serving_interface/share/serving_interface/hook/cmake_prefix_path.ps1'
[5.757s] [34mcolcon.colcon_core.shell[0m [1;30mINFO[0m Creating environment descriptor '/home/yms/rokey_week4_ws/turtlebot3_servingRobot/install/serving_interface/share/serving_interface/hook/cmake_prefix_path.dsv'
[5.758s] [34mcolcon.colcon_core.shell[0m [1;30mINFO[0m Creating environment hook '/home/yms/rokey_week4_ws/turtlebot3_servingRobot/install/serving_interface/share/serving_interface/hook/cmake_prefix_path.sh'
[5.759s] [34mcolcon.colcon_core.environment[0m [1;30mLevel 1[0m checking '/home/yms/rokey_week4_ws/turtlebot3_servingRobot/install/serving_interface/lib'
[5.759s] [34mcolcon.colcon_core.shell[0m [1;30mLevel 1[0m create_environment_hook('serving_interface', 'ld_library_path_lib')
[5.759s] [34mcolcon.colcon_core.shell[0m [1;30mINFO[0m Creating environment hook '/home/yms/rokey_week4_ws/turtlebot3_servingRobot/install/serving_interface/share/serving_interface/hook/ld_library_path_lib.ps1'
[5.759s] [34mcolcon.colcon_core.shell[0m [1;30mINFO[0m Creating environment descriptor '/home/yms/rokey_week4_ws/turtlebot3_servingRobot/install/serving_interface/share/serving_interface/hook/ld_library_path_lib.dsv'
[5.760s] [34mcolcon.colcon_core.shell[0m [1;30mINFO[0m Creating environment hook '/home/yms/rokey_week4_ws/turtlebot3_servingRobot/install/serving_interface/share/serving_interface/hook/ld_library_path_lib.sh'
[5.760s] [34mcolcon.colcon_core.environment[0m [1;30mLevel 1[0m checking '/home/yms/rokey_week4_ws/turtlebot3_servingRobot/install/serving_interface/bin'
[5.760s] [34mcolcon.colcon_core.environment[0m [1;30mLevel 1[0m checking '/home/yms/rokey_week4_ws/turtlebot3_servingRobot/install/serving_interface/lib/pkgconfig/serving_interface.pc'
[5.760s] [34mcolcon.colcon_core.environment[0m [1;30mLevel 1[0m checking '/home/yms/rokey_week4_ws/turtlebot3_servingRobot/install/serving_interface/lib/python3.10/site-packages'
[5.761s] [34mcolcon.colcon_core.environment[0m [1;30mLevel 1[0m checking '/home/yms/rokey_week4_ws/turtlebot3_servingRobot/install/serving_interface/bin'
[5.761s] [34mcolcon.colcon_core.shell[0m [1;30mINFO[0m Creating package script '/home/yms/rokey_week4_ws/turtlebot3_servingRobot/install/serving_interface/share/serving_interface/package.ps1'
[5.762s] [34mcolcon.colcon_core.shell[0m [1;30mINFO[0m Creating package descriptor '/home/yms/rokey_week4_ws/turtlebot3_servingRobot/install/serving_interface/share/serving_interface/package.dsv'
[5.762s] [34mcolcon.colcon_core.shell[0m [1;30mINFO[0m Creating package script '/home/yms/rokey_week4_ws/turtlebot3_servingRobot/install/serving_interface/share/serving_interface/package.sh'
[5.763s] [34mcolcon.colcon_core.shell[0m [1;30mINFO[0m Creating package script '/home/yms/rokey_week4_ws/turtlebot3_servingRobot/install/serving_interface/share/serving_interface/package.bash'
[5.764s] [34mcolcon.colcon_core.shell[0m [1;30mINFO[0m Creating package script '/home/yms/rokey_week4_ws/turtlebot3_servingRobot/install/serving_interface/share/serving_interface/package.zsh'
[5.765s] [34mcolcon.colcon_core.environment[0m [1;30mLevel 1[0m create_file_with_runtime_dependencies(/home/yms/rokey_week4_ws/turtlebot3_servingRobot/install/serving_interface/share/colcon-core/packages/serving_interface)
[5.846s] [34mcolcon.colcon_core.environment[0m [1;30mLevel 1[0m create_environment_scripts_only(serving_interface)
[5.847s] [34mcolcon.colcon_core.environment[0m [1;30mLevel 1[0m checking '/home/yms/rokey_week4_ws/turtlebot3_servingRobot/install/serving_interface' for CMake module files
[5.847s] [34mcolcon.colcon_core.environment[0m [1;30mLevel 1[0m checking '/home/yms/rokey_week4_ws/turtlebot3_servingRobot/install/serving_interface' for CMake config files
[5.848s] [34mcolcon.colcon_core.shell[0m [1;30mLevel 1[0m create_environment_hook('serving_interface', 'cmake_prefix_path')
[5.848s] [34mcolcon.colcon_core.shell[0m [1;30mINFO[0m Creating environment hook '/home/yms/rokey_week4_ws/turtlebot3_servingRobot/install/serving_interface/share/serving_interface/hook/cmake_prefix_path.ps1'
[5.849s] [34mcolcon.colcon_core.shell[0m [1;30mINFO[0m Creating environment descriptor '/home/yms/rokey_week4_ws/turtlebot3_servingRobot/install/serving_interface/share/serving_interface/hook/cmake_prefix_path.dsv'
[5.849s] [34mcolcon.colcon_core.shell[0m [1;30mINFO[0m Creating environment hook '/home/yms/rokey_week4_ws/turtlebot3_servingRobot/install/serving_interface/share/serving_interface/hook/cmake_prefix_path.sh'
[5.850s] [34mcolcon.colcon_core.environment[0m [1;30mLevel 1[0m checking '/home/yms/rokey_week4_ws/turtlebot3_servingRobot/install/serving_interface/lib'
[5.850s] [34mcolcon.colcon_core.shell[0m [1;30mLevel 1[0m create_environment_hook('serving_interface', 'ld_library_path_lib')
[5.850s] [34mcolcon.colcon_core.shell[0m [1;30mINFO[0m Creating environment hook '/home/yms/rokey_week4_ws/turtlebot3_servingRobot/install/serving_interface/share/serving_interface/hook/ld_library_path_lib.ps1'
[5.850s] [34mcolcon.colcon_core.shell[0m [1;30mINFO[0m Creating environment descriptor '/home/yms/rokey_week4_ws/turtlebot3_servingRobot/install/serving_interface/share/serving_interface/hook/ld_library_path_lib.dsv'
[5.851s] [34mcolcon.colcon_core.shell[0m [1;30mINFO[0m Creating environment hook '/home/yms/rokey_week4_ws/turtlebot3_servingRobot/install/serving_interface/share/serving_interface/hook/ld_library_path_lib.sh'
[5.851s] [34mcolcon.colcon_core.environment[0m [1;30mLevel 1[0m checking '/home/yms/rokey_week4_ws/turtlebot3_servingRobot/install/serving_interface/bin'
[5.851s] [34mcolcon.colcon_core.environment[0m [1;30mLevel 1[0m checking '/home/yms/rokey_week4_ws/turtlebot3_servingRobot/install/serving_interface/lib/pkgconfig/serving_interface.pc'
[5.852s] [34mcolcon.colcon_core.environment[0m [1;30mLevel 1[0m checking '/home/yms/rokey_week4_ws/turtlebot3_servingRobot/install/serving_interface/lib/python3.10/site-packages'
[5.852s] [34mcolcon.colcon_core.environment[0m [1;30mLevel 1[0m checking '/home/yms/rokey_week4_ws/turtlebot3_servingRobot/install/serving_interface/bin'
[5.852s] [34mcolcon.colcon_core.shell[0m [1;30mINFO[0m Creating package script '/home/yms/rokey_week4_ws/turtlebot3_servingRobot/install/serving_interface/share/serving_interface/package.ps1'
[5.853s] [34mcolcon.colcon_core.shell[0m [1;30mINFO[0m Creating package descriptor '/home/yms/rokey_week4_ws/turtlebot3_servingRobot/install/serving_interface/share/serving_interface/package.dsv'
[5.853s] [34mcolcon.colcon_core.shell[0m [1;30mINFO[0m Creating package script '/home/yms/rokey_week4_ws/turtlebot3_servingRobot/install/serving_interface/share/serving_interface/package.sh'
[5.854s] [34mcolcon.colcon_core.shell[0m [1;30mINFO[0m Creating package script '/home/yms/rokey_week4_ws/turtlebot3_servingRobot/install/serving_interface/share/serving_interface/package.bash'
[5.854s] [34mcolcon.colcon_core.shell[0m [1;30mINFO[0m Creating package script '/home/yms/rokey_week4_ws/turtlebot3_servingRobot/install/serving_interface/share/serving_interface/package.zsh'
[5.855s] [34mcolcon.colcon_core.environment[0m [1;30mLevel 1[0m create_file_with_runtime_dependencies(/home/yms/rokey_week4_ws/turtlebot3_servingRobot/install/serving_interface/share/colcon-core/packages/serving_interface)
[5.855s] [34mcolcon.colcon_parallel_executor.executor.parallel[0m [1;30mDEBUG[0m [32mclosing loop[0m
[5.855s] [34mcolcon.colcon_parallel_executor.executor.parallel[0m [1;30mDEBUG[0m [32mloop closed[0m
[5.856s] [34mcolcon.colcon_parallel_executor.executor.parallel[0m [1;30mDEBUG[0m [32mrun_until_complete finished with '0'[0m
[5.856s] [34mcolcon.colcon_core.event_reactor[0m [1;30mDEBUG[0m [32mjoining thread[0m
[5.861s] [34mcolcon.colcon_core.plugin_system[0m [1;30mINFO[0m Skipping extension 'colcon_notification.desktop_notification.terminal_notifier': Not used on non-Darwin systems
[5.862s] [34mcolcon.colcon_core.plugin_system[0m [1;30mINFO[0m Skipping extension 'colcon_notification.desktop_notification.win32': Not used on non-Windows systems
[5.862s] [34mcolcon.colcon_notification.desktop_notification[0m [1;30mINFO[0m Sending desktop notification using 'notify2'
[5.874s] [34mcolcon.colcon_core.event_reactor[0m [1;30mDEBUG[0m [32mjoined thread[0m
[5.875s] [34mcolcon.colcon_core.shell[0m [1;30mINFO[0m Creating prefix script '/home/yms/rokey_week4_ws/turtlebot3_servingRobot/install/local_setup.ps1'
[5.876s] [34mcolcon.colcon_core.shell[0m [1;30mINFO[0m Creating prefix util module '/home/yms/rokey_week4_ws/turtlebot3_servingRobot/install/_local_setup_util_ps1.py'
[5.878s] [34mcolcon.colcon_core.shell[0m [1;30mINFO[0m Creating prefix chain script '/home/yms/rokey_week4_ws/turtlebot3_servingRobot/install/setup.ps1'
[5.879s] [34mcolcon.colcon_core.shell[0m [1;30mINFO[0m Creating prefix script '/home/yms/rokey_week4_ws/turtlebot3_servingRobot/install/local_setup.sh'
[5.880s] [34mcolcon.colcon_core.shell[0m [1;30mINFO[0m Creating prefix util module '/home/yms/rokey_week4_ws/turtlebot3_servingRobot/install/_local_setup_util_sh.py'
[5.881s] [34mcolcon.colcon_core.shell[0m [1;30mINFO[0m Creating prefix chain script '/home/yms/rokey_week4_ws/turtlebot3_servingRobot/install/setup.sh'
[5.882s] [34mcolcon.colcon_core.shell[0m [1;30mINFO[0m Creating prefix script '/home/yms/rokey_week4_ws/turtlebot3_servingRobot/install/local_setup.bash'
[5.883s] [34mcolcon.colcon_core.shell[0m [1;30mINFO[0m Creating prefix chain script '/home/yms/rokey_week4_ws/turtlebot3_servingRobot/install/setup.bash'
[5.884s] [34mcolcon.colcon_core.shell[0m [1;30mINFO[0m Creating prefix script '/home/yms/rokey_week4_ws/turtlebot3_servingRobot/install/local_setup.zsh'
[5.884s] [34mcolcon.colcon_core.shell[0m [1;30mINFO[0m Creating prefix chain script '/home/yms/rokey_week4_ws/turtlebot3_servingRobot/install/setup.zsh'
