[0.009s] Invoking command in '/home/yms/rokey_week4_ws/turtlebot3_servingRobot/build/ServingInterface': CMAKE_PREFIX_PATH=/opt/ros/humble /usr/bin/cmake /home/yms/rokey_week4_ws/turtlebot3_servingRobot/src/ServingInterface -DCMAKE_INSTALL_PREFIX=/home/yms/rokey_week4_ws/turtlebot3_servingRobot/install/ServingInterface
[0.021s] -- Found ament_cmake: 1.3.10 (/opt/ros/humble/share/ament_cmake/cmake)
[0.140s] -- Found builtin_interfaces: 1.2.1 (/opt/ros/humble/share/builtin_interfaces/cmake)
[0.164s] -- Found rosidl_generator_c: 3.1.5 (/opt/ros/humble/share/rosidl_generator_c/cmake)
[0.167s] -- Found rosidl_adapter: 3.1.5 (/opt/ros/humble/share/rosidl_adapter/cmake)
[0.172s] -- Found rosidl_generator_cpp: 3.1.5 (/opt/ros/humble/share/rosidl_generator_cpp/cmake)
[0.180s] -- Using all available rosidl_typesupport_c: rosidl_typesupport_fastrtps_c;rosidl_typesupport_introspection_c
[0.192s] -- Using all available rosidl_typesupport_cpp: rosidl_typesupport_fastrtps_cpp;rosidl_typesupport_introspection_cpp
[0.202s] -- Found rosidl_default_generators: 1.2.0 (/opt/ros/humble/share/rosidl_default_generators/cmake)
[0.372s] [31mCMake Error at /opt/ros/humble/share/rosidl_adapter/cmake/rosidl_adapt_interfaces.cmake:59 (message):
[0.372s]   execute_process(/usr/bin/python3 -m rosidl_adapter --package-name
[0.372s]   ServingInterface --arguments-file
[0.372s]   /home/yms/rokey_week4_ws/turtlebot3_servingRobot/build/ServingInterface/rosidl_adapter__arguments__ServingInterface.json
[0.372s]   --output-dir
[0.372s]   /home/yms/rokey_week4_ws/turtlebot3_servingRobot/build/ServingInterface/rosidl_adapter/ServingInterface
[0.372s]   --output-file
[0.372s]   /home/yms/rokey_week4_ws/turtlebot3_servingRobot/build/ServingInterface/rosidl_adapter/ServingInterface.idls)
[0.372s]   returned error code 1:
[0.373s] 
[0.373s]   Error processing 'bool IsStarted' of 'ServingInterface/StartServing':
[0.373s]   ''IsStarted' is an invalid field name.  It should have the pattern
[0.373s]   '^(?!.*__)(?!.*_$)[a-z][a-z0-9_]*$''
[0.373s] 
[0.373s]   Traceback (most recent call last):
[0.373s] 
[0.373s]     File "/usr/lib/python3.10/runpy.py", line 196, in _run_module_as_main
[0.373s]       return _run_code(code, main_globals, None,
[0.373s]     File "/usr/lib/python3.10/runpy.py", line 86, in _run_code
[0.373s]       exec(code, run_globals)
[0.373s]     File "/opt/ros/humble/local/lib/python3.10/dist-packages/rosidl_adapter/__main__.py", line 19, in <module>
[0.373s]       sys.exit(main())
[0.373s]     File "/opt/ros/humble/local/lib/python3.10/dist-packages/rosidl_adapter/main.py", line 53, in main
[0.373s]       abs_idl_file = convert_to_idl(
[0.373s]     File "/opt/ros/humble/local/lib/python3.10/dist-packages/rosidl_adapter/__init__.py", line 19, in convert_to_idl
[0.373s]       return convert_msg_to_idl(
[0.373s]     File "/opt/ros/humble/local/lib/python3.10/dist-packages/rosidl_adapter/msg/__init__.py", line 28, in convert_msg_to_idl
[0.373s]       msg = parse_message_string(package_name, input_file.stem, content)
[0.373s]     File "/opt/ros/humble/local/lib/python3.10/dist-packages/rosidl_adapter/parser.py", line 519, in parse_message_string
[0.374s]       fields.append(Field(
[0.374s]     File "/opt/ros/humble/local/lib/python3.10/dist-packages/rosidl_adapter/parser.py", line 354, in __init__
[0.374s]       raise NameError(
[0.374s] 
[0.374s]   NameError: 'IsStarted' is an invalid field name.  It should have the
[0.374s]   pattern '^(?!.*__)(?!.*_$)[a-z][a-z0-9_]*$'
[0.374s] 
[0.374s] Call Stack (most recent call first):
[0.374s]   /opt/ros/humble/share/rosidl_cmake/cmake/rosidl_generate_interfaces.cmake:130 (rosidl_adapt_interfaces)
[0.374s]   CMakeLists.txt:26 (rosidl_generate_interfaces)
[0.374s] 
[0.374s] [0m
[0.374s] -- Configuring incomplete, errors occurred!
[0.374s] See also "/home/yms/rokey_week4_ws/turtlebot3_servingRobot/build/ServingInterface/CMakeFiles/CMakeOutput.log".
[0.378s] Invoked command in '/home/yms/rokey_week4_ws/turtlebot3_servingRobot/build/ServingInterface' returned '1': CMAKE_PREFIX_PATH=/opt/ros/humble /usr/bin/cmake /home/yms/rokey_week4_ws/turtlebot3_servingRobot/src/ServingInterface -DCMAKE_INSTALL_PREFIX=/home/yms/rokey_week4_ws/turtlebot3_servingRobot/install/ServingInterface
