[0.582s] Invoking command in '/home/juna/doosan_boot_work/driving1/turtlebot3_servingRobot/src/serving_node': PYTHONPATH=/home/juna/doosan_boot_work/driving1/turtlebot3_servingRobot/build/serving_node/prefix_override:/usr/lib/python3/dist-packages/colcon_core/task/python/colcon_distutils_commands:/home/juna/doosan_boot_work/driving1/turtlebot3_servingRobot/install/serving_node/lib/python3.10/site-packages:${PYTHONPATH} /usr/bin/python3 -W ignore:setup.py install is deprecated setup.py egg_info --egg-base ../../build/serving_node build --build-base /home/juna/doosan_boot_work/driving1/turtlebot3_servingRobot/build/serving_node/build install --record /home/juna/doosan_boot_work/driving1/turtlebot3_servingRobot/build/serving_node/install.log --single-version-externally-managed install_data
[0.761s] running egg_info
[0.762s] writing ../../build/serving_node/serving_node.egg-info/PKG-INFO
[0.762s] writing dependency_links to ../../build/serving_node/serving_node.egg-info/dependency_links.txt
[0.762s] writing entry points to ../../build/serving_node/serving_node.egg-info/entry_points.txt
[0.762s] writing requirements to ../../build/serving_node/serving_node.egg-info/requires.txt
[0.762s] writing top-level names to ../../build/serving_node/serving_node.egg-info/top_level.txt
[0.764s] reading manifest file '../../build/serving_node/serving_node.egg-info/SOURCES.txt'
[0.765s] writing manifest file '../../build/serving_node/serving_node.egg-info/SOURCES.txt'
[0.765s] running build
[0.765s] running build_py
[0.765s] running install
[0.765s] running install_lib
[0.766s] running install_data
[0.766s] running install_egg_info
[0.767s] removing '/home/juna/doosan_boot_work/driving1/turtlebot3_servingRobot/install/serving_node/lib/python3.10/site-packages/serving_node-0.0.0-py3.10.egg-info' (and everything under it)
[0.767s] Copying ../../build/serving_node/serving_node.egg-info to /home/juna/doosan_boot_work/driving1/turtlebot3_servingRobot/install/serving_node/lib/python3.10/site-packages/serving_node-0.0.0-py3.10.egg-info
[0.768s] running install_scripts
[0.780s] writing list of installed files to '/home/juna/doosan_boot_work/driving1/turtlebot3_servingRobot/build/serving_node/install.log'
[0.796s] Invoked command in '/home/juna/doosan_boot_work/driving1/turtlebot3_servingRobot/src/serving_node' returned '0': PYTHONPATH=/home/juna/doosan_boot_work/driving1/turtlebot3_servingRobot/build/serving_node/prefix_override:/usr/lib/python3/dist-packages/colcon_core/task/python/colcon_distutils_commands:/home/juna/doosan_boot_work/driving1/turtlebot3_servingRobot/install/serving_node/lib/python3.10/site-packages:${PYTHONPATH} /usr/bin/python3 -W ignore:setup.py install is deprecated setup.py egg_info --egg-base ../../build/serving_node build --build-base /home/juna/doosan_boot_work/driving1/turtlebot3_servingRobot/build/serving_node/build install --record /home/juna/doosan_boot_work/driving1/turtlebot3_servingRobot/build/serving_node/install.log --single-version-externally-managed install_data
