[35m[1mConsolidate compiler generated dependencies of target serving_interface__rosidl_generator_c[0m
[  2%] Built target serving_interface__cpp
[ 12%] Built target serving_interface__rosidl_generator_c
[ 12%] Built target ament_cmake_python_copy_serving_interface
[35m[1mConsolidate compiler generated dependencies of target serving_interface__rosidl_typesupport_fastrtps_cpp[0m
[35m[1mConsolidate compiler generated dependencies of target serving_interface__rosidl_typesupport_cpp[0m
[35m[1mConsolidate compiler generated dependencies of target serving_interface__rosidl_typesupport_c[0m
[35m[1mConsolidate compiler generated dependencies of target serving_interface__rosidl_typesupport_introspection_cpp[0m
[35m[1mConsolidate compiler generated dependencies of target serving_interface__rosidl_typesupport_fastrtps_c[0m
[35m[1mConsolidate compiler generated dependencies of target serving_interface__rosidl_typesupport_introspection_c[0m
[ 23%] Built target serving_interface__rosidl_typesupport_cpp
[ 40%] Built target serving_interface__rosidl_typesupport_fastrtps_cpp
[ 44%] Built target serving_interface__rosidl_typesupport_c
[ 55%] Built target serving_interface__rosidl_typesupport_introspection_cpp
[ 65%] Built target serving_interface__rosidl_typesupport_fastrtps_c
[ 76%] Built target serving_interface__rosidl_typesupport_introspection_c
[ 76%] Built target serving_interface
[ 78%] Built target serving_interface__py
[35m[1mConsolidate compiler generated dependencies of target serving_interface__rosidl_generator_py[0m
[ 87%] Built target serving_interface__rosidl_generator_py
[35m[1mConsolidate compiler generated dependencies of target serving_interface__rosidl_typesupport_fastrtps_c__pyext[0m
[35m[1mConsolidate compiler generated dependencies of target serving_interface__rosidl_typesupport_introspection_c__pyext[0m
[35m[1mConsolidate compiler generated dependencies of target serving_interface__rosidl_typesupport_c__pyext[0m
[ 91%] Built target serving_interface__rosidl_typesupport_fastrtps_c__pyext
[ 95%] Built target serving_interface__rosidl_typesupport_introspection_c__pyext
[100%] Built target serving_interface__rosidl_typesupport_c__pyext
running egg_info
writing serving_interface.egg-info/PKG-INFO
writing dependency_links to serving_interface.egg-info/dependency_links.txt
writing top-level names to serving_interface.egg-info/top_level.txt
reading manifest file 'serving_interface.egg-info/SOURCES.txt'
writing manifest file 'serving_interface.egg-info/SOURCES.txt'
[100%] Built target ament_cmake_python_build_serving_interface_egg
-- Install configuration: ""
-- Up-to-date: /home/juna/doosan_boot_work/driving1/turtlebot3_servingRobot/install/serving_interface/share/ament_index/resource_index/rosidl_interfaces/serving_interface
-- Up-to-date: /home/juna/doosan_boot_work/driving1/turtlebot3_servingRobot/install/serving_interface/include/serving_interface/serving_interface
-- Up-to-date: /home/juna/doosan_boot_work/driving1/turtlebot3_servingRobot/install/serving_interface/include/serving_interface/serving_interface/srv
-- Up-to-date: /home/juna/doosan_boot_work/driving1/turtlebot3_servingRobot/install/serving_interface/include/serving_interface/serving_interface/srv/order.h
-- Up-to-date: /home/juna/doosan_boot_work/driving1/turtlebot3_servingRobot/install/serving_interface/include/serving_interface/serving_interface/srv/serving_status.h
-- Up-to-date: /home/juna/doosan_boot_work/driving1/turtlebot3_servingRobot/install/serving_interface/include/serving_interface/serving_interface/srv/detail
-- Up-to-date: /home/juna/doosan_boot_work/driving1/turtlebot3_servingRobot/install/serving_interface/include/serving_interface/serving_interface/srv/detail/serving_status__type_support.h
-- Up-to-date: /home/juna/doosan_boot_work/driving1/turtlebot3_servingRobot/install/serving_interface/include/serving_interface/serving_interface/srv/detail/serving_status__functions.c
-- Up-to-date: /home/juna/doosan_boot_work/driving1/turtlebot3_servingRobot/install/serving_interface/include/serving_interface/serving_interface/srv/detail/order__functions.h
-- Up-to-date: /home/juna/doosan_boot_work/driving1/turtlebot3_servingRobot/install/serving_interface/include/serving_interface/serving_interface/srv/detail/serving_status__struct.h
-- Up-to-date: /home/juna/doosan_boot_work/driving1/turtlebot3_servingRobot/install/serving_interface/include/serving_interface/serving_interface/srv/detail/order__type_support.h
-- Up-to-date: /home/juna/doosan_boot_work/driving1/turtlebot3_servingRobot/install/serving_interface/include/serving_interface/serving_interface/srv/detail/order__functions.c
-- Up-to-date: /home/juna/doosan_boot_work/driving1/turtlebot3_servingRobot/install/serving_interface/include/serving_interface/serving_interface/srv/detail/serving_status__functions.h
-- Up-to-date: /home/juna/doosan_boot_work/driving1/turtlebot3_servingRobot/install/serving_interface/include/serving_interface/serving_interface/srv/detail/order__struct.h
-- Up-to-date: /home/juna/doosan_boot_work/driving1/turtlebot3_servingRobot/install/serving_interface/include/serving_interface/serving_interface/msg
-- Up-to-date: /home/juna/doosan_boot_work/driving1/turtlebot3_servingRobot/install/serving_interface/include/serving_interface/serving_interface/msg/start_serving.h
-- Up-to-date: /home/juna/doosan_boot_work/driving1/turtlebot3_servingRobot/install/serving_interface/include/serving_interface/serving_interface/msg/detail
-- Up-to-date: /home/juna/doosan_boot_work/driving1/turtlebot3_servingRobot/install/serving_interface/include/serving_interface/serving_interface/msg/detail/start_serving__struct.h
-- Up-to-date: /home/juna/doosan_boot_work/driving1/turtlebot3_servingRobot/install/serving_interface/include/serving_interface/serving_interface/msg/detail/start_serving__type_support.h
-- Up-to-date: /home/juna/doosan_boot_work/driving1/turtlebot3_servingRobot/install/serving_interface/include/serving_interface/serving_interface/msg/detail/start_serving__functions.h
-- Up-to-date: /home/juna/doosan_boot_work/driving1/turtlebot3_servingRobot/install/serving_interface/include/serving_interface/serving_interface/msg/detail/start_serving__functions.c
-- Up-to-date: /home/juna/doosan_boot_work/driving1/turtlebot3_servingRobot/install/serving_interface/include/serving_interface/serving_interface/msg/rosidl_generator_c__visibility_control.h
-- Up-to-date: /home/juna/doosan_boot_work/driving1/turtlebot3_servingRobot/install/serving_interface/share/serving_interface/environment/library_path.sh
-- Up-to-date: /home/juna/doosan_boot_work/driving1/turtlebot3_servingRobot/install/serving_interface/share/serving_interface/environment/library_path.dsv
-- Up-to-date: /home/juna/doosan_boot_work/driving1/turtlebot3_servingRobot/install/serving_interface/lib/libserving_interface__rosidl_generator_c.so
-- Up-to-date: /home/juna/doosan_boot_work/driving1/turtlebot3_servingRobot/install/serving_interface/include/serving_interface/serving_interface
-- Up-to-date: /home/juna/doosan_boot_work/driving1/turtlebot3_servingRobot/install/serving_interface/include/serving_interface/serving_interface/srv
-- Up-to-date: /home/juna/doosan_boot_work/driving1/turtlebot3_servingRobot/install/serving_interface/include/serving_interface/serving_interface/srv/detail
-- Up-to-date: /home/juna/doosan_boot_work/driving1/turtlebot3_servingRobot/install/serving_interface/include/serving_interface/serving_interface/srv/detail/order__rosidl_typesupport_fastrtps_c.h
-- Up-to-date: /home/juna/doosan_boot_work/driving1/turtlebot3_servingRobot/install/serving_interface/include/serving_interface/serving_interface/srv/detail/serving_status__rosidl_typesupport_fastrtps_c.h
-- Up-to-date: /home/juna/doosan_boot_work/driving1/turtlebot3_servingRobot/install/serving_interface/include/serving_interface/serving_interface/msg
-- Up-to-date: /home/juna/doosan_boot_work/driving1/turtlebot3_servingRobot/install/serving_interface/include/serving_interface/serving_interface/msg/detail
-- Up-to-date: /home/juna/doosan_boot_work/driving1/turtlebot3_servingRobot/install/serving_interface/include/serving_interface/serving_interface/msg/detail/start_serving__rosidl_typesupport_fastrtps_c.h
-- Up-to-date: /home/juna/doosan_boot_work/driving1/turtlebot3_servingRobot/install/serving_interface/include/serving_interface/serving_interface/msg/rosidl_typesupport_fastrtps_c__visibility_control.h
-- Up-to-date: /home/juna/doosan_boot_work/driving1/turtlebot3_servingRobot/install/serving_interface/lib/libserving_interface__rosidl_typesupport_fastrtps_c.so
-- Up-to-date: /home/juna/doosan_boot_work/driving1/turtlebot3_servingRobot/install/serving_interface/include/serving_interface/serving_interface
-- Up-to-date: /home/juna/doosan_boot_work/driving1/turtlebot3_servingRobot/install/serving_interface/include/serving_interface/serving_interface/srv
-- Up-to-date: /home/juna/doosan_boot_work/driving1/turtlebot3_servingRobot/install/serving_interface/include/serving_interface/serving_interface/srv/order.hpp
-- Up-to-date: /home/juna/doosan_boot_work/driving1/turtlebot3_servingRobot/install/serving_interface/include/serving_interface/serving_interface/srv/detail
-- Up-to-date: /home/juna/doosan_boot_work/driving1/turtlebot3_servingRobot/install/serving_interface/include/serving_interface/serving_interface/srv/detail/order__traits.hpp
-- Up-to-date: /home/juna/doosan_boot_work/driving1/turtlebot3_servingRobot/install/serving_interface/include/serving_interface/serving_interface/srv/detail/serving_status__builder.hpp
-- Up-to-date: /home/juna/doosan_boot_work/driving1/turtlebot3_servingRobot/install/serving_interface/include/serving_interface/serving_interface/srv/detail/serving_status__struct.hpp
-- Up-to-date: /home/juna/doosan_boot_work/driving1/turtlebot3_servingRobot/install/serving_interface/include/serving_interface/serving_interface/srv/detail/serving_status__traits.hpp
-- Up-to-date: /home/juna/doosan_boot_work/driving1/turtlebot3_servingRobot/install/serving_interface/include/serving_interface/serving_interface/srv/detail/order__builder.hpp
-- Up-to-date: /home/juna/doosan_boot_work/driving1/turtlebot3_servingRobot/install/serving_interface/include/serving_interface/serving_interface/srv/detail/order__struct.hpp
-- Up-to-date: /home/juna/doosan_boot_work/driving1/turtlebot3_servingRobot/install/serving_interface/include/serving_interface/serving_interface/srv/serving_status.hpp
-- Up-to-date: /home/juna/doosan_boot_work/driving1/turtlebot3_servingRobot/install/serving_interface/include/serving_interface/serving_interface/msg
-- Up-to-date: /home/juna/doosan_boot_work/driving1/turtlebot3_servingRobot/install/serving_interface/include/serving_interface/serving_interface/msg/detail
-- Up-to-date: /home/juna/doosan_boot_work/driving1/turtlebot3_servingRobot/install/serving_interface/include/serving_interface/serving_interface/msg/detail/start_serving__traits.hpp
-- Up-to-date: /home/juna/doosan_boot_work/driving1/turtlebot3_servingRobot/install/serving_interface/include/serving_interface/serving_interface/msg/detail/start_serving__struct.hpp
-- Up-to-date: /home/juna/doosan_boot_work/driving1/turtlebot3_servingRobot/install/serving_interface/include/serving_interface/serving_interface/msg/detail/start_serving__builder.hpp
-- Up-to-date: /home/juna/doosan_boot_work/driving1/turtlebot3_servingRobot/install/serving_interface/include/serving_interface/serving_interface/msg/start_serving.hpp
-- Up-to-date: /home/juna/doosan_boot_work/driving1/turtlebot3_servingRobot/install/serving_interface/include/serving_interface/serving_interface
-- Up-to-date: /home/juna/doosan_boot_work/driving1/turtlebot3_servingRobot/install/serving_interface/include/serving_interface/serving_interface/srv
-- Up-to-date: /home/juna/doosan_boot_work/driving1/turtlebot3_servingRobot/install/serving_interface/include/serving_interface/serving_interface/srv/detail
-- Up-to-date: /home/juna/doosan_boot_work/driving1/turtlebot3_servingRobot/install/serving_interface/include/serving_interface/serving_interface/srv/detail/order__rosidl_typesupport_fastrtps_cpp.hpp
-- Up-to-date: /home/juna/doosan_boot_work/driving1/turtlebot3_servingRobot/install/serving_interface/include/serving_interface/serving_interface/srv/detail/dds_fastrtps
-- Up-to-date: /home/juna/doosan_boot_work/driving1/turtlebot3_servingRobot/install/serving_interface/include/serving_interface/serving_interface/srv/detail/serving_status__rosidl_typesupport_fastrtps_cpp.hpp
-- Up-to-date: /home/juna/doosan_boot_work/driving1/turtlebot3_servingRobot/install/serving_interface/include/serving_interface/serving_interface/msg
-- Up-to-date: /home/juna/doosan_boot_work/driving1/turtlebot3_servingRobot/install/serving_interface/include/serving_interface/serving_interface/msg/rosidl_typesupport_fastrtps_cpp__visibility_control.h
-- Up-to-date: /home/juna/doosan_boot_work/driving1/turtlebot3_servingRobot/install/serving_interface/include/serving_interface/serving_interface/msg/detail
-- Up-to-date: /home/juna/doosan_boot_work/driving1/turtlebot3_servingRobot/install/serving_interface/include/serving_interface/serving_interface/msg/detail/dds_fastrtps
-- Up-to-date: /home/juna/doosan_boot_work/driving1/turtlebot3_servingRobot/install/serving_interface/include/serving_interface/serving_interface/msg/detail/start_serving__rosidl_typesupport_fastrtps_cpp.hpp
-- Up-to-date: /home/juna/doosan_boot_work/driving1/turtlebot3_servingRobot/install/serving_interface/lib/libserving_interface__rosidl_typesupport_fastrtps_cpp.so
-- Up-to-date: /home/juna/doosan_boot_work/driving1/turtlebot3_servingRobot/install/serving_interface/include/serving_interface/serving_interface
-- Up-to-date: /home/juna/doosan_boot_work/driving1/turtlebot3_servingRobot/install/serving_interface/include/serving_interface/serving_interface/srv
-- Up-to-date: /home/juna/doosan_boot_work/driving1/turtlebot3_servingRobot/install/serving_interface/include/serving_interface/serving_interface/srv/detail
-- Up-to-date: /home/juna/doosan_boot_work/driving1/turtlebot3_servingRobot/install/serving_interface/include/serving_interface/serving_interface/srv/detail/serving_status__rosidl_typesupport_introspection_c.h
-- Up-to-date: /home/juna/doosan_boot_work/driving1/turtlebot3_servingRobot/install/serving_interface/include/serving_interface/serving_interface/srv/detail/order__type_support.c
-- Up-to-date: /home/juna/doosan_boot_work/driving1/turtlebot3_servingRobot/install/serving_interface/include/serving_interface/serving_interface/srv/detail/order__rosidl_typesupport_introspection_c.h
-- Up-to-date: /home/juna/doosan_boot_work/driving1/turtlebot3_servingRobot/install/serving_interface/include/serving_interface/serving_interface/srv/detail/serving_status__type_support.c
-- Up-to-date: /home/juna/doosan_boot_work/driving1/turtlebot3_servingRobot/install/serving_interface/include/serving_interface/serving_interface/msg
-- Up-to-date: /home/juna/doosan_boot_work/driving1/turtlebot3_servingRobot/install/serving_interface/include/serving_interface/serving_interface/msg/rosidl_typesupport_introspection_c__visibility_control.h
-- Up-to-date: /home/juna/doosan_boot_work/driving1/turtlebot3_servingRobot/install/serving_interface/include/serving_interface/serving_interface/msg/detail
-- Up-to-date: /home/juna/doosan_boot_work/driving1/turtlebot3_servingRobot/install/serving_interface/include/serving_interface/serving_interface/msg/detail/start_serving__rosidl_typesupport_introspection_c.h
-- Up-to-date: /home/juna/doosan_boot_work/driving1/turtlebot3_servingRobot/install/serving_interface/include/serving_interface/serving_interface/msg/detail/start_serving__type_support.c
-- Up-to-date: /home/juna/doosan_boot_work/driving1/turtlebot3_servingRobot/install/serving_interface/lib/libserving_interface__rosidl_typesupport_introspection_c.so
-- Up-to-date: /home/juna/doosan_boot_work/driving1/turtlebot3_servingRobot/install/serving_interface/lib/libserving_interface__rosidl_typesupport_c.so
-- Up-to-date: /home/juna/doosan_boot_work/driving1/turtlebot3_servingRobot/install/serving_interface/include/serving_interface/serving_interface
-- Up-to-date: /home/juna/doosan_boot_work/driving1/turtlebot3_servingRobot/install/serving_interface/include/serving_interface/serving_interface/srv
-- Up-to-date: /home/juna/doosan_boot_work/driving1/turtlebot3_servingRobot/install/serving_interface/include/serving_interface/serving_interface/srv/detail
-- Up-to-date: /home/juna/doosan_boot_work/driving1/turtlebot3_servingRobot/install/serving_interface/include/serving_interface/serving_interface/srv/detail/serving_status__type_support.cpp
-- Up-to-date: /home/juna/doosan_boot_work/driving1/turtlebot3_servingRobot/install/serving_interface/include/serving_interface/serving_interface/srv/detail/serving_status__rosidl_typesupport_introspection_cpp.hpp
-- Up-to-date: /home/juna/doosan_boot_work/driving1/turtlebot3_servingRobot/install/serving_interface/include/serving_interface/serving_interface/srv/detail/order__type_support.cpp
-- Up-to-date: /home/juna/doosan_boot_work/driving1/turtlebot3_servingRobot/install/serving_interface/include/serving_interface/serving_interface/srv/detail/order__rosidl_typesupport_introspection_cpp.hpp
-- Up-to-date: /home/juna/doosan_boot_work/driving1/turtlebot3_servingRobot/install/serving_interface/include/serving_interface/serving_interface/msg
-- Up-to-date: /home/juna/doosan_boot_work/driving1/turtlebot3_servingRobot/install/serving_interface/include/serving_interface/serving_interface/msg/detail
-- Up-to-date: /home/juna/doosan_boot_work/driving1/turtlebot3_servingRobot/install/serving_interface/include/serving_interface/serving_interface/msg/detail/start_serving__rosidl_typesupport_introspection_cpp.hpp
-- Up-to-date: /home/juna/doosan_boot_work/driving1/turtlebot3_servingRobot/install/serving_interface/include/serving_interface/serving_interface/msg/detail/start_serving__type_support.cpp
-- Up-to-date: /home/juna/doosan_boot_work/driving1/turtlebot3_servingRobot/install/serving_interface/lib/libserving_interface__rosidl_typesupport_introspection_cpp.so
-- Up-to-date: /home/juna/doosan_boot_work/driving1/turtlebot3_servingRobot/install/serving_interface/lib/libserving_interface__rosidl_typesupport_cpp.so
-- Up-to-date: /home/juna/doosan_boot_work/driving1/turtlebot3_servingRobot/install/serving_interface/share/serving_interface/environment/pythonpath.sh
-- Up-to-date: /home/juna/doosan_boot_work/driving1/turtlebot3_servingRobot/install/serving_interface/share/serving_interface/environment/pythonpath.dsv
-- Up-to-date: /home/juna/doosan_boot_work/driving1/turtlebot3_servingRobot/install/serving_interface/local/lib/python3.10/dist-packages/serving_interface-0.0.0-py3.10.egg-info
-- Installing: /home/juna/doosan_boot_work/driving1/turtlebot3_servingRobot/install/serving_interface/local/lib/python3.10/dist-packages/serving_interface-0.0.0-py3.10.egg-info/SOURCES.txt
-- Installing: /home/juna/doosan_boot_work/driving1/turtlebot3_servingRobot/install/serving_interface/local/lib/python3.10/dist-packages/serving_interface-0.0.0-py3.10.egg-info/PKG-INFO
-- Installing: /home/juna/doosan_boot_work/driving1/turtlebot3_servingRobot/install/serving_interface/local/lib/python3.10/dist-packages/serving_interface-0.0.0-py3.10.egg-info/top_level.txt
-- Installing: /home/juna/doosan_boot_work/driving1/turtlebot3_servingRobot/install/serving_interface/local/lib/python3.10/dist-packages/serving_interface-0.0.0-py3.10.egg-info/dependency_links.txt
-- Up-to-date: /home/juna/doosan_boot_work/driving1/turtlebot3_servingRobot/install/serving_interface/local/lib/python3.10/dist-packages/serving_interface
-- Up-to-date: /home/juna/doosan_boot_work/driving1/turtlebot3_servingRobot/install/serving_interface/local/lib/python3.10/dist-packages/serving_interface/serving_interface_s__rosidl_typesupport_introspection_c.cpython-310-x86_64-linux-gnu.so
-- Up-to-date: /home/juna/doosan_boot_work/driving1/turtlebot3_servingRobot/install/serving_interface/local/lib/python3.10/dist-packages/serving_interface/serving_interface_s__rosidl_typesupport_c.cpython-310-x86_64-linux-gnu.so
-- Up-to-date: /home/juna/doosan_boot_work/driving1/turtlebot3_servingRobot/install/serving_interface/local/lib/python3.10/dist-packages/serving_interface/libserving_interface__rosidl_generator_py.so
-- Up-to-date: /home/juna/doosan_boot_work/driving1/turtlebot3_servingRobot/install/serving_interface/local/lib/python3.10/dist-packages/serving_interface/srv
-- Up-to-date: /home/juna/doosan_boot_work/driving1/turtlebot3_servingRobot/install/serving_interface/local/lib/python3.10/dist-packages/serving_interface/srv/_order.py
-- Up-to-date: /home/juna/doosan_boot_work/driving1/turtlebot3_servingRobot/install/serving_interface/local/lib/python3.10/dist-packages/serving_interface/srv/_order_s.c
-- Up-to-date: /home/juna/doosan_boot_work/driving1/turtlebot3_servingRobot/install/serving_interface/local/lib/python3.10/dist-packages/serving_interface/srv/__init__.py
-- Up-to-date: /home/juna/doosan_boot_work/driving1/turtlebot3_servingRobot/install/serving_interface/local/lib/python3.10/dist-packages/serving_interface/srv/_serving_status.py
-- Up-to-date: /home/juna/doosan_boot_work/driving1/turtlebot3_servingRobot/install/serving_interface/local/lib/python3.10/dist-packages/serving_interface/srv/_serving_status_s.c
-- Up-to-date: /home/juna/doosan_boot_work/driving1/turtlebot3_servingRobot/install/serving_interface/local/lib/python3.10/dist-packages/serving_interface/_serving_interface_s.ep.rosidl_typesupport_introspection_c.c
-- Up-to-date: /home/juna/doosan_boot_work/driving1/turtlebot3_servingRobot/install/serving_interface/local/lib/python3.10/dist-packages/serving_interface/__init__.py
-- Up-to-date: /home/juna/doosan_boot_work/driving1/turtlebot3_servingRobot/install/serving_interface/local/lib/python3.10/dist-packages/serving_interface/msg
-- Up-to-date: /home/juna/doosan_boot_work/driving1/turtlebot3_servingRobot/install/serving_interface/local/lib/python3.10/dist-packages/serving_interface/msg/_start_serving.py
-- Up-to-date: /home/juna/doosan_boot_work/driving1/turtlebot3_servingRobot/install/serving_interface/local/lib/python3.10/dist-packages/serving_interface/msg/_start_serving_s.c
-- Up-to-date: /home/juna/doosan_boot_work/driving1/turtlebot3_servingRobot/install/serving_interface/local/lib/python3.10/dist-packages/serving_interface/msg/__init__.py
-- Up-to-date: /home/juna/doosan_boot_work/driving1/turtlebot3_servingRobot/install/serving_interface/local/lib/python3.10/dist-packages/serving_interface/serving_interface_s__rosidl_typesupport_fastrtps_c.cpython-310-x86_64-linux-gnu.so
-- Up-to-date: /home/juna/doosan_boot_work/driving1/turtlebot3_servingRobot/install/serving_interface/local/lib/python3.10/dist-packages/serving_interface/_serving_interface_s.ep.rosidl_typesupport_fastrtps_c.c
-- Up-to-date: /home/juna/doosan_boot_work/driving1/turtlebot3_servingRobot/install/serving_interface/local/lib/python3.10/dist-packages/serving_interface/_serving_interface_s.ep.rosidl_typesupport_c.c
Listing '/home/juna/doosan_boot_work/driving1/turtlebot3_servingRobot/install/serving_interface/local/lib/python3.10/dist-packages/serving_interface'...
Listing '/home/juna/doosan_boot_work/driving1/turtlebot3_servingRobot/install/serving_interface/local/lib/python3.10/dist-packages/serving_interface/msg'...
Listing '/home/juna/doosan_boot_work/driving1/turtlebot3_servingRobot/install/serving_interface/local/lib/python3.10/dist-packages/serving_interface/srv'...
-- Up-to-date: /home/juna/doosan_boot_work/driving1/turtlebot3_servingRobot/install/serving_interface/local/lib/python3.10/dist-packages/serving_interface/serving_interface_s__rosidl_typesupport_fastrtps_c.cpython-310-x86_64-linux-gnu.so
-- Up-to-date: /home/juna/doosan_boot_work/driving1/turtlebot3_servingRobot/install/serving_interface/local/lib/python3.10/dist-packages/serving_interface/serving_interface_s__rosidl_typesupport_introspection_c.cpython-310-x86_64-linux-gnu.so
-- Up-to-date: /home/juna/doosan_boot_work/driving1/turtlebot3_servingRobot/install/serving_interface/local/lib/python3.10/dist-packages/serving_interface/serving_interface_s__rosidl_typesupport_c.cpython-310-x86_64-linux-gnu.so
-- Up-to-date: /home/juna/doosan_boot_work/driving1/turtlebot3_servingRobot/install/serving_interface/lib/libserving_interface__rosidl_generator_py.so
-- Up-to-date: /home/juna/doosan_boot_work/driving1/turtlebot3_servingRobot/install/serving_interface/share/serving_interface/msg/StartServing.idl
-- Up-to-date: /home/juna/doosan_boot_work/driving1/turtlebot3_servingRobot/install/serving_interface/share/serving_interface/srv/Order.idl
-- Up-to-date: /home/juna/doosan_boot_work/driving1/turtlebot3_servingRobot/install/serving_interface/share/serving_interface/srv/ServingStatus.idl
-- Up-to-date: /home/juna/doosan_boot_work/driving1/turtlebot3_servingRobot/install/serving_interface/share/serving_interface/msg/StartServing.msg
-- Up-to-date: /home/juna/doosan_boot_work/driving1/turtlebot3_servingRobot/install/serving_interface/share/serving_interface/srv/Order.srv
-- Up-to-date: /home/juna/doosan_boot_work/driving1/turtlebot3_servingRobot/install/serving_interface/share/serving_interface/srv/Order_Request.msg
-- Up-to-date: /home/juna/doosan_boot_work/driving1/turtlebot3_servingRobot/install/serving_interface/share/serving_interface/srv/Order_Response.msg
-- Up-to-date: /home/juna/doosan_boot_work/driving1/turtlebot3_servingRobot/install/serving_interface/share/serving_interface/srv/ServingStatus.srv
-- Up-to-date: /home/juna/doosan_boot_work/driving1/turtlebot3_servingRobot/install/serving_interface/share/serving_interface/srv/ServingStatus_Request.msg
-- Up-to-date: /home/juna/doosan_boot_work/driving1/turtlebot3_servingRobot/install/serving_interface/share/serving_interface/srv/ServingStatus_Response.msg
-- Up-to-date: /home/juna/doosan_boot_work/driving1/turtlebot3_servingRobot/install/serving_interface/share/ament_index/resource_index/package_run_dependencies/serving_interface
-- Up-to-date: /home/juna/doosan_boot_work/driving1/turtlebot3_servingRobot/install/serving_interface/share/ament_index/resource_index/parent_prefix_path/serving_interface
-- Up-to-date: /home/juna/doosan_boot_work/driving1/turtlebot3_servingRobot/install/serving_interface/share/serving_interface/environment/ament_prefix_path.sh
-- Up-to-date: /home/juna/doosan_boot_work/driving1/turtlebot3_servingRobot/install/serving_interface/share/serving_interface/environment/ament_prefix_path.dsv
-- Up-to-date: /home/juna/doosan_boot_work/driving1/turtlebot3_servingRobot/install/serving_interface/share/serving_interface/environment/path.sh
-- Up-to-date: /home/juna/doosan_boot_work/driving1/turtlebot3_servingRobot/install/serving_interface/share/serving_interface/environment/path.dsv
-- Up-to-date: /home/juna/doosan_boot_work/driving1/turtlebot3_servingRobot/install/serving_interface/share/serving_interface/local_setup.bash
-- Up-to-date: /home/juna/doosan_boot_work/driving1/turtlebot3_servingRobot/install/serving_interface/share/serving_interface/local_setup.sh
-- Up-to-date: /home/juna/doosan_boot_work/driving1/turtlebot3_servingRobot/install/serving_interface/share/serving_interface/local_setup.zsh
-- Up-to-date: /home/juna/doosan_boot_work/driving1/turtlebot3_servingRobot/install/serving_interface/share/serving_interface/local_setup.dsv
-- Installing: /home/juna/doosan_boot_work/driving1/turtlebot3_servingRobot/install/serving_interface/share/serving_interface/package.dsv
-- Up-to-date: /home/juna/doosan_boot_work/driving1/turtlebot3_servingRobot/install/serving_interface/share/ament_index/resource_index/packages/serving_interface
-- Up-to-date: /home/juna/doosan_boot_work/driving1/turtlebot3_servingRobot/install/serving_interface/share/serving_interface/cmake/export_serving_interface__rosidl_generator_cExport.cmake
-- Up-to-date: /home/juna/doosan_boot_work/driving1/turtlebot3_servingRobot/install/serving_interface/share/serving_interface/cmake/export_serving_interface__rosidl_generator_cExport-noconfig.cmake
-- Up-to-date: /home/juna/doosan_boot_work/driving1/turtlebot3_servingRobot/install/serving_interface/share/serving_interface/cmake/export_serving_interface__rosidl_typesupport_fastrtps_cExport.cmake
-- Up-to-date: /home/juna/doosan_boot_work/driving1/turtlebot3_servingRobot/install/serving_interface/share/serving_interface/cmake/export_serving_interface__rosidl_typesupport_fastrtps_cExport-noconfig.cmake
-- Up-to-date: /home/juna/doosan_boot_work/driving1/turtlebot3_servingRobot/install/serving_interface/share/serving_interface/cmake/export_serving_interface__rosidl_generator_cppExport.cmake
-- Up-to-date: /home/juna/doosan_boot_work/driving1/turtlebot3_servingRobot/install/serving_interface/share/serving_interface/cmake/export_serving_interface__rosidl_typesupport_fastrtps_cppExport.cmake
-- Up-to-date: /home/juna/doosan_boot_work/driving1/turtlebot3_servingRobot/install/serving_interface/share/serving_interface/cmake/export_serving_interface__rosidl_typesupport_fastrtps_cppExport-noconfig.cmake
-- Up-to-date: /home/juna/doosan_boot_work/driving1/turtlebot3_servingRobot/install/serving_interface/share/serving_interface/cmake/serving_interface__rosidl_typesupport_introspection_cExport.cmake
-- Up-to-date: /home/juna/doosan_boot_work/driving1/turtlebot3_servingRobot/install/serving_interface/share/serving_interface/cmake/serving_interface__rosidl_typesupport_introspection_cExport-noconfig.cmake
-- Up-to-date: /home/juna/doosan_boot_work/driving1/turtlebot3_servingRobot/install/serving_interface/share/serving_interface/cmake/serving_interface__rosidl_typesupport_cExport.cmake
-- Up-to-date: /home/juna/doosan_boot_work/driving1/turtlebot3_servingRobot/install/serving_interface/share/serving_interface/cmake/serving_interface__rosidl_typesupport_cExport-noconfig.cmake
-- Up-to-date: /home/juna/doosan_boot_work/driving1/turtlebot3_servingRobot/install/serving_interface/share/serving_interface/cmake/serving_interface__rosidl_typesupport_introspection_cppExport.cmake
-- Up-to-date: /home/juna/doosan_boot_work/driving1/turtlebot3_servingRobot/install/serving_interface/share/serving_interface/cmake/serving_interface__rosidl_typesupport_introspection_cppExport-noconfig.cmake
-- Up-to-date: /home/juna/doosan_boot_work/driving1/turtlebot3_servingRobot/install/serving_interface/share/serving_interface/cmake/serving_interface__rosidl_typesupport_cppExport.cmake
-- Up-to-date: /home/juna/doosan_boot_work/driving1/turtlebot3_servingRobot/install/serving_interface/share/serving_interface/cmake/serving_interface__rosidl_typesupport_cppExport-noconfig.cmake
-- Up-to-date: /home/juna/doosan_boot_work/driving1/turtlebot3_servingRobot/install/serving_interface/share/serving_interface/cmake/export_serving_interface__rosidl_generator_pyExport.cmake
-- Up-to-date: /home/juna/doosan_boot_work/driving1/turtlebot3_servingRobot/install/serving_interface/share/serving_interface/cmake/export_serving_interface__rosidl_generator_pyExport-noconfig.cmake
-- Up-to-date: /home/juna/doosan_boot_work/driving1/turtlebot3_servingRobot/install/serving_interface/share/serving_interface/cmake/rosidl_cmake-extras.cmake
-- Up-to-date: /home/juna/doosan_boot_work/driving1/turtlebot3_servingRobot/install/serving_interface/share/serving_interface/cmake/ament_cmake_export_dependencies-extras.cmake
-- Up-to-date: /home/juna/doosan_boot_work/driving1/turtlebot3_servingRobot/install/serving_interface/share/serving_interface/cmake/ament_cmake_export_include_directories-extras.cmake
-- Up-to-date: /home/juna/doosan_boot_work/driving1/turtlebot3_servingRobot/install/serving_interface/share/serving_interface/cmake/ament_cmake_export_libraries-extras.cmake
-- Up-to-date: /home/juna/doosan_boot_work/driving1/turtlebot3_servingRobot/install/serving_interface/share/serving_interface/cmake/ament_cmake_export_targets-extras.cmake
-- Up-to-date: /home/juna/doosan_boot_work/driving1/turtlebot3_servingRobot/install/serving_interface/share/serving_interface/cmake/rosidl_cmake_export_typesupport_targets-extras.cmake
-- Up-to-date: /home/juna/doosan_boot_work/driving1/turtlebot3_servingRobot/install/serving_interface/share/serving_interface/cmake/rosidl_cmake_export_typesupport_libraries-extras.cmake
-- Up-to-date: /home/juna/doosan_boot_work/driving1/turtlebot3_servingRobot/install/serving_interface/share/serving_interface/cmake/serving_interfaceConfig.cmake
-- Up-to-date: /home/juna/doosan_boot_work/driving1/turtlebot3_servingRobot/install/serving_interface/share/serving_interface/cmake/serving_interfaceConfig-version.cmake
-- Up-to-date: /home/juna/doosan_boot_work/driving1/turtlebot3_servingRobot/install/serving_interface/share/serving_interface/package.xml
