[0.011s] Invoking command in '/home/juna/doosan_boot_work/driving1/turtlebot3_servingRobot/build/serving_interface': CMAKE_PREFIX_PATH=/opt/ros/humble /usr/bin/cmake --build /home/juna/doosan_boot_work/driving1/turtlebot3_servingRobot/build/serving_interface -- -j12 -l12
[0.053s] [35m[1mConsolidate compiler generated dependencies of target serving_interface__rosidl_generator_c[0m
[0.063s] [  2%] Built target serving_interface__cpp
[0.066s] [ 12%] Built target serving_interface__rosidl_generator_c
[0.071s] [ 12%] Built target ament_cmake_python_copy_serving_interface
[0.074s] [35m[1mConsolidate compiler generated dependencies of target serving_interface__rosidl_typesupport_fastrtps_cpp[0m
[0.075s] [35m[1mConsolidate compiler generated dependencies of target serving_interface__rosidl_typesupport_cpp[0m
[0.076s] [35m[1mConsolidate compiler generated dependencies of target serving_interface__rosidl_typesupport_c[0m
[0.078s] [35m[1mConsolidate compiler generated dependencies of target serving_interface__rosidl_typesupport_introspection_cpp[0m
[0.079s] [35m[1mConsolidate compiler generated dependencies of target serving_interface__rosidl_typesupport_fastrtps_c[0m
[0.081s] [35m[1mConsolidate compiler generated dependencies of target serving_interface__rosidl_typesupport_introspection_c[0m
[0.089s] [ 23%] Built target serving_interface__rosidl_typesupport_cpp
[0.092s] [ 40%] Built target serving_interface__rosidl_typesupport_fastrtps_cpp
[0.092s] [ 44%] Built target serving_interface__rosidl_typesupport_c
[0.093s] [ 55%] Built target serving_interface__rosidl_typesupport_introspection_cpp
[0.094s] [ 65%] Built target serving_interface__rosidl_typesupport_fastrtps_c
[0.094s] [ 76%] Built target serving_interface__rosidl_typesupport_introspection_c
[0.119s] [ 76%] Built target serving_interface
[0.144s] [ 78%] Built target serving_interface__py
[0.154s] [35m[1mConsolidate compiler generated dependencies of target serving_interface__rosidl_generator_py[0m
[0.168s] [ 87%] Built target serving_interface__rosidl_generator_py
[0.178s] [35m[1mConsolidate compiler generated dependencies of target serving_interface__rosidl_typesupport_fastrtps_c__pyext[0m
[0.179s] [35m[1mConsolidate compiler generated dependencies of target serving_interface__rosidl_typesupport_introspection_c__pyext[0m
[0.181s] [35m[1mConsolidate compiler generated dependencies of target serving_interface__rosidl_typesupport_c__pyext[0m
[0.190s] [ 91%] Built target serving_interface__rosidl_typesupport_fastrtps_c__pyext
[0.192s] [ 95%] Built target serving_interface__rosidl_typesupport_introspection_c__pyext
[0.195s] [100%] Built target serving_interface__rosidl_typesupport_c__pyext
[0.311s] running egg_info
[0.311s] writing serving_interface.egg-info/PKG-INFO
[0.312s] writing dependency_links to serving_interface.egg-info/dependency_links.txt
[0.312s] writing top-level names to serving_interface.egg-info/top_level.txt
[0.314s] reading manifest file 'serving_interface.egg-info/SOURCES.txt'
[0.314s] writing manifest file 'serving_interface.egg-info/SOURCES.txt'
[0.337s] [100%] Built target ament_cmake_python_build_serving_interface_egg
[0.347s] Invoked command in '/home/juna/doosan_boot_work/driving1/turtlebot3_servingRobot/build/serving_interface' returned '0': CMAKE_PREFIX_PATH=/opt/ros/humble /usr/bin/cmake --build /home/juna/doosan_boot_work/driving1/turtlebot3_servingRobot/build/serving_interface -- -j12 -l12
[0.447s] Invoking command in '/home/juna/doosan_boot_work/driving1/turtlebot3_servingRobot/build/serving_interface': CMAKE_PREFIX_PATH=/opt/ros/humble /usr/bin/cmake --install /home/juna/doosan_boot_work/driving1/turtlebot3_servingRobot/build/serving_interface
[0.453s] -- Install configuration: ""
[0.453s] -- Up-to-date: /home/juna/doosan_boot_work/driving1/turtlebot3_servingRobot/install/serving_interface/share/ament_index/resource_index/rosidl_interfaces/serving_interface
[0.453s] -- Up-to-date: /home/juna/doosan_boot_work/driving1/turtlebot3_servingRobot/install/serving_interface/include/serving_interface/serving_interface
[0.453s] -- Up-to-date: /home/juna/doosan_boot_work/driving1/turtlebot3_servingRobot/install/serving_interface/include/serving_interface/serving_interface/srv
[0.454s] -- Up-to-date: /home/juna/doosan_boot_work/driving1/turtlebot3_servingRobot/install/serving_interface/include/serving_interface/serving_interface/srv/order.h
[0.454s] -- Up-to-date: /home/juna/doosan_boot_work/driving1/turtlebot3_servingRobot/install/serving_interface/include/serving_interface/serving_interface/srv/serving_status.h
[0.454s] -- Up-to-date: /home/juna/doosan_boot_work/driving1/turtlebot3_servingRobot/install/serving_interface/include/serving_interface/serving_interface/srv/detail
[0.454s] -- Up-to-date: /home/juna/doosan_boot_work/driving1/turtlebot3_servingRobot/install/serving_interface/include/serving_interface/serving_interface/srv/detail/serving_status__type_support.h
[0.454s] -- Up-to-date: /home/juna/doosan_boot_work/driving1/turtlebot3_servingRobot/install/serving_interface/include/serving_interface/serving_interface/srv/detail/serving_status__functions.c
[0.454s] -- Up-to-date: /home/juna/doosan_boot_work/driving1/turtlebot3_servingRobot/install/serving_interface/include/serving_interface/serving_interface/srv/detail/order__functions.h
[0.454s] -- Up-to-date: /home/juna/doosan_boot_work/driving1/turtlebot3_servingRobot/install/serving_interface/include/serving_interface/serving_interface/srv/detail/serving_status__struct.h
[0.454s] -- Up-to-date: /home/juna/doosan_boot_work/driving1/turtlebot3_servingRobot/install/serving_interface/include/serving_interface/serving_interface/srv/detail/order__type_support.h
[0.454s] -- Up-to-date: /home/juna/doosan_boot_work/driving1/turtlebot3_servingRobot/install/serving_interface/include/serving_interface/serving_interface/srv/detail/order__functions.c
[0.454s] -- Up-to-date: /home/juna/doosan_boot_work/driving1/turtlebot3_servingRobot/install/serving_interface/include/serving_interface/serving_interface/srv/detail/serving_status__functions.h
[0.454s] -- Up-to-date: /home/juna/doosan_boot_work/driving1/turtlebot3_servingRobot/install/serving_interface/include/serving_interface/serving_interface/srv/detail/order__struct.h
[0.454s] -- Up-to-date: /home/juna/doosan_boot_work/driving1/turtlebot3_servingRobot/install/serving_interface/include/serving_interface/serving_interface/msg
[0.454s] -- Up-to-date: /home/juna/doosan_boot_work/driving1/turtlebot3_servingRobot/install/serving_interface/include/serving_interface/serving_interface/msg/start_serving.h
[0.454s] -- Up-to-date: /home/juna/doosan_boot_work/driving1/turtlebot3_servingRobot/install/serving_interface/include/serving_interface/serving_interface/msg/detail
[0.454s] -- Up-to-date: /home/juna/doosan_boot_work/driving1/turtlebot3_servingRobot/install/serving_interface/include/serving_interface/serving_interface/msg/detail/start_serving__struct.h
[0.454s] -- Up-to-date: /home/juna/doosan_boot_work/driving1/turtlebot3_servingRobot/install/serving_interface/include/serving_interface/serving_interface/msg/detail/start_serving__type_support.h
[0.454s] -- Up-to-date: /home/juna/doosan_boot_work/driving1/turtlebot3_servingRobot/install/serving_interface/include/serving_interface/serving_interface/msg/detail/start_serving__functions.h
[0.455s] -- Up-to-date: /home/juna/doosan_boot_work/driving1/turtlebot3_servingRobot/install/serving_interface/include/serving_interface/serving_interface/msg/detail/start_serving__functions.c
[0.455s] -- Up-to-date: /home/juna/doosan_boot_work/driving1/turtlebot3_servingRobot/install/serving_interface/include/serving_interface/serving_interface/msg/rosidl_generator_c__visibility_control.h
[0.455s] -- Up-to-date: /home/juna/doosan_boot_work/driving1/turtlebot3_servingRobot/install/serving_interface/share/serving_interface/environment/library_path.sh
[0.455s] -- Up-to-date: /home/juna/doosan_boot_work/driving1/turtlebot3_servingRobot/install/serving_interface/share/serving_interface/environment/library_path.dsv
[0.455s] -- Up-to-date: /home/juna/doosan_boot_work/driving1/turtlebot3_servingRobot/install/serving_interface/lib/libserving_interface__rosidl_generator_c.so
[0.455s] -- Up-to-date: /home/juna/doosan_boot_work/driving1/turtlebot3_servingRobot/install/serving_interface/include/serving_interface/serving_interface
[0.455s] -- Up-to-date: /home/juna/doosan_boot_work/driving1/turtlebot3_servingRobot/install/serving_interface/include/serving_interface/serving_interface/srv
[0.456s] -- Up-to-date: /home/juna/doosan_boot_work/driving1/turtlebot3_servingRobot/install/serving_interface/include/serving_interface/serving_interface/srv/detail
[0.456s] -- Up-to-date: /home/juna/doosan_boot_work/driving1/turtlebot3_servingRobot/install/serving_interface/include/serving_interface/serving_interface/srv/detail/order__rosidl_typesupport_fastrtps_c.h
[0.456s] -- Up-to-date: /home/juna/doosan_boot_work/driving1/turtlebot3_servingRobot/install/serving_interface/include/serving_interface/serving_interface/srv/detail/serving_status__rosidl_typesupport_fastrtps_c.h
[0.456s] -- Up-to-date: /home/juna/doosan_boot_work/driving1/turtlebot3_servingRobot/install/serving_interface/include/serving_interface/serving_interface/msg
[0.456s] -- Up-to-date: /home/juna/doosan_boot_work/driving1/turtlebot3_servingRobot/install/serving_interface/include/serving_interface/serving_interface/msg/detail
[0.456s] -- Up-to-date: /home/juna/doosan_boot_work/driving1/turtlebot3_servingRobot/install/serving_interface/include/serving_interface/serving_interface/msg/detail/start_serving__rosidl_typesupport_fastrtps_c.h
[0.456s] -- Up-to-date: /home/juna/doosan_boot_work/driving1/turtlebot3_servingRobot/install/serving_interface/include/serving_interface/serving_interface/msg/rosidl_typesupport_fastrtps_c__visibility_control.h
[0.456s] -- Up-to-date: /home/juna/doosan_boot_work/driving1/turtlebot3_servingRobot/install/serving_interface/lib/libserving_interface__rosidl_typesupport_fastrtps_c.so
[0.456s] -- Up-to-date: /home/juna/doosan_boot_work/driving1/turtlebot3_servingRobot/install/serving_interface/include/serving_interface/serving_interface
[0.456s] -- Up-to-date: /home/juna/doosan_boot_work/driving1/turtlebot3_servingRobot/install/serving_interface/include/serving_interface/serving_interface/srv
[0.457s] -- Up-to-date: /home/juna/doosan_boot_work/driving1/turtlebot3_servingRobot/install/serving_interface/include/serving_interface/serving_interface/srv/order.hpp
[0.457s] -- Up-to-date: /home/juna/doosan_boot_work/driving1/turtlebot3_servingRobot/install/serving_interface/include/serving_interface/serving_interface/srv/detail
[0.457s] -- Up-to-date: /home/juna/doosan_boot_work/driving1/turtlebot3_servingRobot/install/serving_interface/include/serving_interface/serving_interface/srv/detail/order__traits.hpp
[0.457s] -- Up-to-date: /home/juna/doosan_boot_work/driving1/turtlebot3_servingRobot/install/serving_interface/include/serving_interface/serving_interface/srv/detail/serving_status__builder.hpp
[0.457s] -- Up-to-date: /home/juna/doosan_boot_work/driving1/turtlebot3_servingRobot/install/serving_interface/include/serving_interface/serving_interface/srv/detail/serving_status__struct.hpp
[0.457s] -- Up-to-date: /home/juna/doosan_boot_work/driving1/turtlebot3_servingRobot/install/serving_interface/include/serving_interface/serving_interface/srv/detail/serving_status__traits.hpp
[0.457s] -- Up-to-date: /home/juna/doosan_boot_work/driving1/turtlebot3_servingRobot/install/serving_interface/include/serving_interface/serving_interface/srv/detail/order__builder.hpp
[0.457s] -- Up-to-date: /home/juna/doosan_boot_work/driving1/turtlebot3_servingRobot/install/serving_interface/include/serving_interface/serving_interface/srv/detail/order__struct.hpp
[0.457s] -- Up-to-date: /home/juna/doosan_boot_work/driving1/turtlebot3_servingRobot/install/serving_interface/include/serving_interface/serving_interface/srv/serving_status.hpp
[0.457s] -- Up-to-date: /home/juna/doosan_boot_work/driving1/turtlebot3_servingRobot/install/serving_interface/include/serving_interface/serving_interface/msg
[0.457s] -- Up-to-date: /home/juna/doosan_boot_work/driving1/turtlebot3_servingRobot/install/serving_interface/include/serving_interface/serving_interface/msg/detail
[0.457s] -- Up-to-date: /home/juna/doosan_boot_work/driving1/turtlebot3_servingRobot/install/serving_interface/include/serving_interface/serving_interface/msg/detail/start_serving__traits.hpp
[0.457s] -- Up-to-date: /home/juna/doosan_boot_work/driving1/turtlebot3_servingRobot/install/serving_interface/include/serving_interface/serving_interface/msg/detail/start_serving__struct.hpp
[0.458s] -- Up-to-date: /home/juna/doosan_boot_work/driving1/turtlebot3_servingRobot/install/serving_interface/include/serving_interface/serving_interface/msg/detail/start_serving__builder.hpp
[0.458s] -- Up-to-date: /home/juna/doosan_boot_work/driving1/turtlebot3_servingRobot/install/serving_interface/include/serving_interface/serving_interface/msg/start_serving.hpp
[0.458s] -- Up-to-date: /home/juna/doosan_boot_work/driving1/turtlebot3_servingRobot/install/serving_interface/include/serving_interface/serving_interface
[0.458s] -- Up-to-date: /home/juna/doosan_boot_work/driving1/turtlebot3_servingRobot/install/serving_interface/include/serving_interface/serving_interface/srv
[0.458s] -- Up-to-date: /home/juna/doosan_boot_work/driving1/turtlebot3_servingRobot/install/serving_interface/include/serving_interface/serving_interface/srv/detail
[0.458s] -- Up-to-date: /home/juna/doosan_boot_work/driving1/turtlebot3_servingRobot/install/serving_interface/include/serving_interface/serving_interface/srv/detail/order__rosidl_typesupport_fastrtps_cpp.hpp
[0.458s] -- Up-to-date: /home/juna/doosan_boot_work/driving1/turtlebot3_servingRobot/install/serving_interface/include/serving_interface/serving_interface/srv/detail/dds_fastrtps
[0.458s] -- Up-to-date: /home/juna/doosan_boot_work/driving1/turtlebot3_servingRobot/install/serving_interface/include/serving_interface/serving_interface/srv/detail/serving_status__rosidl_typesupport_fastrtps_cpp.hpp
[0.458s] -- Up-to-date: /home/juna/doosan_boot_work/driving1/turtlebot3_servingRobot/install/serving_interface/include/serving_interface/serving_interface/msg
[0.458s] -- Up-to-date: /home/juna/doosan_boot_work/driving1/turtlebot3_servingRobot/install/serving_interface/include/serving_interface/serving_interface/msg/rosidl_typesupport_fastrtps_cpp__visibility_control.h
[0.458s] -- Up-to-date: /home/juna/doosan_boot_work/driving1/turtlebot3_servingRobot/install/serving_interface/include/serving_interface/serving_interface/msg/detail
[0.458s] -- Up-to-date: /home/juna/doosan_boot_work/driving1/turtlebot3_servingRobot/install/serving_interface/include/serving_interface/serving_interface/msg/detail/dds_fastrtps
[0.458s] -- Up-to-date: /home/juna/doosan_boot_work/driving1/turtlebot3_servingRobot/install/serving_interface/include/serving_interface/serving_interface/msg/detail/start_serving__rosidl_typesupport_fastrtps_cpp.hpp
[0.458s] -- Up-to-date: /home/juna/doosan_boot_work/driving1/turtlebot3_servingRobot/install/serving_interface/lib/libserving_interface__rosidl_typesupport_fastrtps_cpp.so
[0.459s] -- Up-to-date: /home/juna/doosan_boot_work/driving1/turtlebot3_servingRobot/install/serving_interface/include/serving_interface/serving_interface
[0.459s] -- Up-to-date: /home/juna/doosan_boot_work/driving1/turtlebot3_servingRobot/install/serving_interface/include/serving_interface/serving_interface/srv
[0.459s] -- Up-to-date: /home/juna/doosan_boot_work/driving1/turtlebot3_servingRobot/install/serving_interface/include/serving_interface/serving_interface/srv/detail
[0.459s] -- Up-to-date: /home/juna/doosan_boot_work/driving1/turtlebot3_servingRobot/install/serving_interface/include/serving_interface/serving_interface/srv/detail/serving_status__rosidl_typesupport_introspection_c.h
[0.459s] -- Up-to-date: /home/juna/doosan_boot_work/driving1/turtlebot3_servingRobot/install/serving_interface/include/serving_interface/serving_interface/srv/detail/order__type_support.c
[0.459s] -- Up-to-date: /home/juna/doosan_boot_work/driving1/turtlebot3_servingRobot/install/serving_interface/include/serving_interface/serving_interface/srv/detail/order__rosidl_typesupport_introspection_c.h
[0.459s] -- Up-to-date: /home/juna/doosan_boot_work/driving1/turtlebot3_servingRobot/install/serving_interface/include/serving_interface/serving_interface/srv/detail/serving_status__type_support.c
[0.459s] -- Up-to-date: /home/juna/doosan_boot_work/driving1/turtlebot3_servingRobot/install/serving_interface/include/serving_interface/serving_interface/msg
[0.459s] -- Up-to-date: /home/juna/doosan_boot_work/driving1/turtlebot3_servingRobot/install/serving_interface/include/serving_interface/serving_interface/msg/rosidl_typesupport_introspection_c__visibility_control.h
[0.459s] -- Up-to-date: /home/juna/doosan_boot_work/driving1/turtlebot3_servingRobot/install/serving_interface/include/serving_interface/serving_interface/msg/detail
[0.459s] -- Up-to-date: /home/juna/doosan_boot_work/driving1/turtlebot3_servingRobot/install/serving_interface/include/serving_interface/serving_interface/msg/detail/start_serving__rosidl_typesupport_introspection_c.h
[0.459s] -- Up-to-date: /home/juna/doosan_boot_work/driving1/turtlebot3_servingRobot/install/serving_interface/include/serving_interface/serving_interface/msg/detail/start_serving__type_support.c
[0.459s] -- Up-to-date: /home/juna/doosan_boot_work/driving1/turtlebot3_servingRobot/install/serving_interface/lib/libserving_interface__rosidl_typesupport_introspection_c.so
[0.460s] -- Up-to-date: /home/juna/doosan_boot_work/driving1/turtlebot3_servingRobot/install/serving_interface/lib/libserving_interface__rosidl_typesupport_c.so
[0.460s] -- Up-to-date: /home/juna/doosan_boot_work/driving1/turtlebot3_servingRobot/install/serving_interface/include/serving_interface/serving_interface
[0.460s] -- Up-to-date: /home/juna/doosan_boot_work/driving1/turtlebot3_servingRobot/install/serving_interface/include/serving_interface/serving_interface/srv
[0.460s] -- Up-to-date: /home/juna/doosan_boot_work/driving1/turtlebot3_servingRobot/install/serving_interface/include/serving_interface/serving_interface/srv/detail
[0.460s] -- Up-to-date: /home/juna/doosan_boot_work/driving1/turtlebot3_servingRobot/install/serving_interface/include/serving_interface/serving_interface/srv/detail/serving_status__type_support.cpp
[0.460s] -- Up-to-date: /home/juna/doosan_boot_work/driving1/turtlebot3_servingRobot/install/serving_interface/include/serving_interface/serving_interface/srv/detail/serving_status__rosidl_typesupport_introspection_cpp.hpp
[0.460s] -- Up-to-date: /home/juna/doosan_boot_work/driving1/turtlebot3_servingRobot/install/serving_interface/include/serving_interface/serving_interface/srv/detail/order__type_support.cpp
[0.460s] -- Up-to-date: /home/juna/doosan_boot_work/driving1/turtlebot3_servingRobot/install/serving_interface/include/serving_interface/serving_interface/srv/detail/order__rosidl_typesupport_introspection_cpp.hpp
[0.460s] -- Up-to-date: /home/juna/doosan_boot_work/driving1/turtlebot3_servingRobot/install/serving_interface/include/serving_interface/serving_interface/msg
[0.460s] -- Up-to-date: /home/juna/doosan_boot_work/driving1/turtlebot3_servingRobot/install/serving_interface/include/serving_interface/serving_interface/msg/detail
[0.460s] -- Up-to-date: /home/juna/doosan_boot_work/driving1/turtlebot3_servingRobot/install/serving_interface/include/serving_interface/serving_interface/msg/detail/start_serving__rosidl_typesupport_introspection_cpp.hpp
[0.460s] -- Up-to-date: /home/juna/doosan_boot_work/driving1/turtlebot3_servingRobot/install/serving_interface/include/serving_interface/serving_interface/msg/detail/start_serving__type_support.cpp
[0.460s] -- Up-to-date: /home/juna/doosan_boot_work/driving1/turtlebot3_servingRobot/install/serving_interface/lib/libserving_interface__rosidl_typesupport_introspection_cpp.so
[0.460s] -- Up-to-date: /home/juna/doosan_boot_work/driving1/turtlebot3_servingRobot/install/serving_interface/lib/libserving_interface__rosidl_typesupport_cpp.so
[0.460s] -- Up-to-date: /home/juna/doosan_boot_work/driving1/turtlebot3_servingRobot/install/serving_interface/share/serving_interface/environment/pythonpath.sh
[0.460s] -- Up-to-date: /home/juna/doosan_boot_work/driving1/turtlebot3_servingRobot/install/serving_interface/share/serving_interface/environment/pythonpath.dsv
[0.460s] -- Up-to-date: /home/juna/doosan_boot_work/driving1/turtlebot3_servingRobot/install/serving_interface/local/lib/python3.10/dist-packages/serving_interface-0.0.0-py3.10.egg-info
[0.460s] -- Installing: /home/juna/doosan_boot_work/driving1/turtlebot3_servingRobot/install/serving_interface/local/lib/python3.10/dist-packages/serving_interface-0.0.0-py3.10.egg-info/SOURCES.txt
[0.460s] -- Installing: /home/juna/doosan_boot_work/driving1/turtlebot3_servingRobot/install/serving_interface/local/lib/python3.10/dist-packages/serving_interface-0.0.0-py3.10.egg-info/PKG-INFO
[0.460s] -- Installing: /home/juna/doosan_boot_work/driving1/turtlebot3_servingRobot/install/serving_interface/local/lib/python3.10/dist-packages/serving_interface-0.0.0-py3.10.egg-info/top_level.txt
[0.460s] -- Installing: /home/juna/doosan_boot_work/driving1/turtlebot3_servingRobot/install/serving_interface/local/lib/python3.10/dist-packages/serving_interface-0.0.0-py3.10.egg-info/dependency_links.txt
[0.460s] -- Up-to-date: /home/juna/doosan_boot_work/driving1/turtlebot3_servingRobot/install/serving_interface/local/lib/python3.10/dist-packages/serving_interface
[0.461s] -- Up-to-date: /home/juna/doosan_boot_work/driving1/turtlebot3_servingRobot/install/serving_interface/local/lib/python3.10/dist-packages/serving_interface/serving_interface_s__rosidl_typesupport_introspection_c.cpython-310-x86_64-linux-gnu.so
[0.461s] -- Up-to-date: /home/juna/doosan_boot_work/driving1/turtlebot3_servingRobot/install/serving_interface/local/lib/python3.10/dist-packages/serving_interface/serving_interface_s__rosidl_typesupport_c.cpython-310-x86_64-linux-gnu.so
[0.461s] -- Up-to-date: /home/juna/doosan_boot_work/driving1/turtlebot3_servingRobot/install/serving_interface/local/lib/python3.10/dist-packages/serving_interface/libserving_interface__rosidl_generator_py.so
[0.461s] -- Up-to-date: /home/juna/doosan_boot_work/driving1/turtlebot3_servingRobot/install/serving_interface/local/lib/python3.10/dist-packages/serving_interface/srv
[0.461s] -- Up-to-date: /home/juna/doosan_boot_work/driving1/turtlebot3_servingRobot/install/serving_interface/local/lib/python3.10/dist-packages/serving_interface/srv/_order.py
[0.461s] -- Up-to-date: /home/juna/doosan_boot_work/driving1/turtlebot3_servingRobot/install/serving_interface/local/lib/python3.10/dist-packages/serving_interface/srv/_order_s.c
[0.461s] -- Up-to-date: /home/juna/doosan_boot_work/driving1/turtlebot3_servingRobot/install/serving_interface/local/lib/python3.10/dist-packages/serving_interface/srv/__init__.py
[0.461s] -- Up-to-date: /home/juna/doosan_boot_work/driving1/turtlebot3_servingRobot/install/serving_interface/local/lib/python3.10/dist-packages/serving_interface/srv/_serving_status.py
[0.461s] -- Up-to-date: /home/juna/doosan_boot_work/driving1/turtlebot3_servingRobot/install/serving_interface/local/lib/python3.10/dist-packages/serving_interface/srv/_serving_status_s.c
[0.461s] -- Up-to-date: /home/juna/doosan_boot_work/driving1/turtlebot3_servingRobot/install/serving_interface/local/lib/python3.10/dist-packages/serving_interface/_serving_interface_s.ep.rosidl_typesupport_introspection_c.c
[0.461s] -- Up-to-date: /home/juna/doosan_boot_work/driving1/turtlebot3_servingRobot/install/serving_interface/local/lib/python3.10/dist-packages/serving_interface/__init__.py
[0.461s] -- Up-to-date: /home/juna/doosan_boot_work/driving1/turtlebot3_servingRobot/install/serving_interface/local/lib/python3.10/dist-packages/serving_interface/msg
[0.461s] -- Up-to-date: /home/juna/doosan_boot_work/driving1/turtlebot3_servingRobot/install/serving_interface/local/lib/python3.10/dist-packages/serving_interface/msg/_start_serving.py
[0.461s] -- Up-to-date: /home/juna/doosan_boot_work/driving1/turtlebot3_servingRobot/install/serving_interface/local/lib/python3.10/dist-packages/serving_interface/msg/_start_serving_s.c
[0.461s] -- Up-to-date: /home/juna/doosan_boot_work/driving1/turtlebot3_servingRobot/install/serving_interface/local/lib/python3.10/dist-packages/serving_interface/msg/__init__.py
[0.461s] -- Up-to-date: /home/juna/doosan_boot_work/driving1/turtlebot3_servingRobot/install/serving_interface/local/lib/python3.10/dist-packages/serving_interface/serving_interface_s__rosidl_typesupport_fastrtps_c.cpython-310-x86_64-linux-gnu.so
[0.461s] -- Up-to-date: /home/juna/doosan_boot_work/driving1/turtlebot3_servingRobot/install/serving_interface/local/lib/python3.10/dist-packages/serving_interface/_serving_interface_s.ep.rosidl_typesupport_fastrtps_c.c
[0.461s] -- Up-to-date: /home/juna/doosan_boot_work/driving1/turtlebot3_servingRobot/install/serving_interface/local/lib/python3.10/dist-packages/serving_interface/_serving_interface_s.ep.rosidl_typesupport_c.c
[0.483s] Listing '/home/juna/doosan_boot_work/driving1/turtlebot3_servingRobot/install/serving_interface/local/lib/python3.10/dist-packages/serving_interface'...
[0.483s] Listing '/home/juna/doosan_boot_work/driving1/turtlebot3_servingRobot/install/serving_interface/local/lib/python3.10/dist-packages/serving_interface/msg'...
[0.483s] Listing '/home/juna/doosan_boot_work/driving1/turtlebot3_servingRobot/install/serving_interface/local/lib/python3.10/dist-packages/serving_interface/srv'...
[0.486s] -- Up-to-date: /home/juna/doosan_boot_work/driving1/turtlebot3_servingRobot/install/serving_interface/local/lib/python3.10/dist-packages/serving_interface/serving_interface_s__rosidl_typesupport_fastrtps_c.cpython-310-x86_64-linux-gnu.so
[0.487s] -- Up-to-date: /home/juna/doosan_boot_work/driving1/turtlebot3_servingRobot/install/serving_interface/local/lib/python3.10/dist-packages/serving_interface/serving_interface_s__rosidl_typesupport_introspection_c.cpython-310-x86_64-linux-gnu.so
[0.487s] -- Up-to-date: /home/juna/doosan_boot_work/driving1/turtlebot3_servingRobot/install/serving_interface/local/lib/python3.10/dist-packages/serving_interface/serving_interface_s__rosidl_typesupport_c.cpython-310-x86_64-linux-gnu.so
[0.487s] -- Up-to-date: /home/juna/doosan_boot_work/driving1/turtlebot3_servingRobot/install/serving_interface/lib/libserving_interface__rosidl_generator_py.so
[0.487s] -- Up-to-date: /home/juna/doosan_boot_work/driving1/turtlebot3_servingRobot/install/serving_interface/share/serving_interface/msg/StartServing.idl
[0.487s] -- Up-to-date: /home/juna/doosan_boot_work/driving1/turtlebot3_servingRobot/install/serving_interface/share/serving_interface/srv/Order.idl
[0.487s] -- Up-to-date: /home/juna/doosan_boot_work/driving1/turtlebot3_servingRobot/install/serving_interface/share/serving_interface/srv/ServingStatus.idl
[0.487s] -- Up-to-date: /home/juna/doosan_boot_work/driving1/turtlebot3_servingRobot/install/serving_interface/share/serving_interface/msg/StartServing.msg
[0.487s] -- Up-to-date: /home/juna/doosan_boot_work/driving1/turtlebot3_servingRobot/install/serving_interface/share/serving_interface/srv/Order.srv
[0.487s] -- Up-to-date: /home/juna/doosan_boot_work/driving1/turtlebot3_servingRobot/install/serving_interface/share/serving_interface/srv/Order_Request.msg
[0.487s] -- Up-to-date: /home/juna/doosan_boot_work/driving1/turtlebot3_servingRobot/install/serving_interface/share/serving_interface/srv/Order_Response.msg
[0.487s] -- Up-to-date: /home/juna/doosan_boot_work/driving1/turtlebot3_servingRobot/install/serving_interface/share/serving_interface/srv/ServingStatus.srv
[0.488s] -- Up-to-date: /home/juna/doosan_boot_work/driving1/turtlebot3_servingRobot/install/serving_interface/share/serving_interface/srv/ServingStatus_Request.msg
[0.488s] -- Up-to-date: /home/juna/doosan_boot_work/driving1/turtlebot3_servingRobot/install/serving_interface/share/serving_interface/srv/ServingStatus_Response.msg
[0.488s] -- Up-to-date: /home/juna/doosan_boot_work/driving1/turtlebot3_servingRobot/install/serving_interface/share/ament_index/resource_index/package_run_dependencies/serving_interface
[0.488s] -- Up-to-date: /home/juna/doosan_boot_work/driving1/turtlebot3_servingRobot/install/serving_interface/share/ament_index/resource_index/parent_prefix_path/serving_interface
[0.488s] -- Up-to-date: /home/juna/doosan_boot_work/driving1/turtlebot3_servingRobot/install/serving_interface/share/serving_interface/environment/ament_prefix_path.sh
[0.488s] -- Up-to-date: /home/juna/doosan_boot_work/driving1/turtlebot3_servingRobot/install/serving_interface/share/serving_interface/environment/ament_prefix_path.dsv
[0.488s] -- Up-to-date: /home/juna/doosan_boot_work/driving1/turtlebot3_servingRobot/install/serving_interface/share/serving_interface/environment/path.sh
[0.488s] -- Up-to-date: /home/juna/doosan_boot_work/driving1/turtlebot3_servingRobot/install/serving_interface/share/serving_interface/environment/path.dsv
[0.488s] -- Up-to-date: /home/juna/doosan_boot_work/driving1/turtlebot3_servingRobot/install/serving_interface/share/serving_interface/local_setup.bash
[0.488s] -- Up-to-date: /home/juna/doosan_boot_work/driving1/turtlebot3_servingRobot/install/serving_interface/share/serving_interface/local_setup.sh
[0.488s] -- Up-to-date: /home/juna/doosan_boot_work/driving1/turtlebot3_servingRobot/install/serving_interface/share/serving_interface/local_setup.zsh
[0.488s] -- Up-to-date: /home/juna/doosan_boot_work/driving1/turtlebot3_servingRobot/install/serving_interface/share/serving_interface/local_setup.dsv
[0.488s] -- Installing: /home/juna/doosan_boot_work/driving1/turtlebot3_servingRobot/install/serving_interface/share/serving_interface/package.dsv
[0.488s] -- Up-to-date: /home/juna/doosan_boot_work/driving1/turtlebot3_servingRobot/install/serving_interface/share/ament_index/resource_index/packages/serving_interface
[0.488s] -- Up-to-date: /home/juna/doosan_boot_work/driving1/turtlebot3_servingRobot/install/serving_interface/share/serving_interface/cmake/export_serving_interface__rosidl_generator_cExport.cmake
[0.488s] -- Up-to-date: /home/juna/doosan_boot_work/driving1/turtlebot3_servingRobot/install/serving_interface/share/serving_interface/cmake/export_serving_interface__rosidl_generator_cExport-noconfig.cmake
[0.488s] -- Up-to-date: /home/juna/doosan_boot_work/driving1/turtlebot3_servingRobot/install/serving_interface/share/serving_interface/cmake/export_serving_interface__rosidl_typesupport_fastrtps_cExport.cmake
[0.488s] -- Up-to-date: /home/juna/doosan_boot_work/driving1/turtlebot3_servingRobot/install/serving_interface/share/serving_interface/cmake/export_serving_interface__rosidl_typesupport_fastrtps_cExport-noconfig.cmake
[0.488s] -- Up-to-date: /home/juna/doosan_boot_work/driving1/turtlebot3_servingRobot/install/serving_interface/share/serving_interface/cmake/export_serving_interface__rosidl_generator_cppExport.cmake
[0.488s] -- Up-to-date: /home/juna/doosan_boot_work/driving1/turtlebot3_servingRobot/install/serving_interface/share/serving_interface/cmake/export_serving_interface__rosidl_typesupport_fastrtps_cppExport.cmake
[0.488s] -- Up-to-date: /home/juna/doosan_boot_work/driving1/turtlebot3_servingRobot/install/serving_interface/share/serving_interface/cmake/export_serving_interface__rosidl_typesupport_fastrtps_cppExport-noconfig.cmake
[0.489s] -- Up-to-date: /home/juna/doosan_boot_work/driving1/turtlebot3_servingRobot/install/serving_interface/share/serving_interface/cmake/serving_interface__rosidl_typesupport_introspection_cExport.cmake
[0.489s] -- Up-to-date: /home/juna/doosan_boot_work/driving1/turtlebot3_servingRobot/install/serving_interface/share/serving_interface/cmake/serving_interface__rosidl_typesupport_introspection_cExport-noconfig.cmake
[0.489s] -- Up-to-date: /home/juna/doosan_boot_work/driving1/turtlebot3_servingRobot/install/serving_interface/share/serving_interface/cmake/serving_interface__rosidl_typesupport_cExport.cmake
[0.489s] -- Up-to-date: /home/juna/doosan_boot_work/driving1/turtlebot3_servingRobot/install/serving_interface/share/serving_interface/cmake/serving_interface__rosidl_typesupport_cExport-noconfig.cmake
[0.489s] -- Up-to-date: /home/juna/doosan_boot_work/driving1/turtlebot3_servingRobot/install/serving_interface/share/serving_interface/cmake/serving_interface__rosidl_typesupport_introspection_cppExport.cmake
[0.489s] -- Up-to-date: /home/juna/doosan_boot_work/driving1/turtlebot3_servingRobot/install/serving_interface/share/serving_interface/cmake/serving_interface__rosidl_typesupport_introspection_cppExport-noconfig.cmake
[0.489s] -- Up-to-date: /home/juna/doosan_boot_work/driving1/turtlebot3_servingRobot/install/serving_interface/share/serving_interface/cmake/serving_interface__rosidl_typesupport_cppExport.cmake
[0.489s] -- Up-to-date: /home/juna/doosan_boot_work/driving1/turtlebot3_servingRobot/install/serving_interface/share/serving_interface/cmake/serving_interface__rosidl_typesupport_cppExport-noconfig.cmake
[0.489s] -- Up-to-date: /home/juna/doosan_boot_work/driving1/turtlebot3_servingRobot/install/serving_interface/share/serving_interface/cmake/export_serving_interface__rosidl_generator_pyExport.cmake
[0.489s] -- Up-to-date: /home/juna/doosan_boot_work/driving1/turtlebot3_servingRobot/install/serving_interface/share/serving_interface/cmake/export_serving_interface__rosidl_generator_pyExport-noconfig.cmake
[0.489s] -- Up-to-date: /home/juna/doosan_boot_work/driving1/turtlebot3_servingRobot/install/serving_interface/share/serving_interface/cmake/rosidl_cmake-extras.cmake
[0.489s] -- Up-to-date: /home/juna/doosan_boot_work/driving1/turtlebot3_servingRobot/install/serving_interface/share/serving_interface/cmake/ament_cmake_export_dependencies-extras.cmake
[0.489s] -- Up-to-date: /home/juna/doosan_boot_work/driving1/turtlebot3_servingRobot/install/serving_interface/share/serving_interface/cmake/ament_cmake_export_include_directories-extras.cmake
[0.489s] -- Up-to-date: /home/juna/doosan_boot_work/driving1/turtlebot3_servingRobot/install/serving_interface/share/serving_interface/cmake/ament_cmake_export_libraries-extras.cmake
[0.489s] -- Up-to-date: /home/juna/doosan_boot_work/driving1/turtlebot3_servingRobot/install/serving_interface/share/serving_interface/cmake/ament_cmake_export_targets-extras.cmake
[0.489s] -- Up-to-date: /home/juna/doosan_boot_work/driving1/turtlebot3_servingRobot/install/serving_interface/share/serving_interface/cmake/rosidl_cmake_export_typesupport_targets-extras.cmake
[0.489s] -- Up-to-date: /home/juna/doosan_boot_work/driving1/turtlebot3_servingRobot/install/serving_interface/share/serving_interface/cmake/rosidl_cmake_export_typesupport_libraries-extras.cmake
[0.489s] -- Up-to-date: /home/juna/doosan_boot_work/driving1/turtlebot3_servingRobot/install/serving_interface/share/serving_interface/cmake/serving_interfaceConfig.cmake
[0.489s] -- Up-to-date: /home/juna/doosan_boot_work/driving1/turtlebot3_servingRobot/install/serving_interface/share/serving_interface/cmake/serving_interfaceConfig-version.cmake
[0.489s] -- Up-to-date: /home/juna/doosan_boot_work/driving1/turtlebot3_servingRobot/install/serving_interface/share/serving_interface/package.xml
[0.491s] Invoked command in '/home/juna/doosan_boot_work/driving1/turtlebot3_servingRobot/build/serving_interface' returned '0': CMAKE_PREFIX_PATH=/opt/ros/humble /usr/bin/cmake --install /home/juna/doosan_boot_work/driving1/turtlebot3_servingRobot/build/serving_interface
