[0.034s] Invoking command in '/home/jsh/doosan/drive1/turtlebot3_servingRobot/build/serving_interface': CMAKE_PREFIX_PATH=${CMAKE_PREFIX_PATH}:/home/jsh/turtlebot3_ws/install/turtlebot3_teleop:/home/jsh/turtlebot3_ws/install/turtlebot3_example:/opt/ros/humble /usr/bin/cmake --build /home/jsh/doosan/drive1/turtlebot3_servingRobot/build/serving_interface -- -j8 -l8
[0.140s] [35m[1mConsolidate compiler generated dependencies of target serving_interface__rosidl_generator_c[0m
[0.159s] [  2%] Built target serving_interface__cpp
[0.166s] [ 12%] Built target serving_interface__rosidl_generator_c
[0.190s] [ 12%] Built target ament_cmake_python_copy_serving_interface
[0.191s] [35m[1mConsolidate compiler generated dependencies of target serving_interface__rosidl_typesupport_cpp[0m
[0.192s] [35m[1mConsolidate compiler generated dependencies of target serving_interface__rosidl_typesupport_introspection_cpp[0m
[0.197s] [35m[1mConsolidate compiler generated dependencies of target serving_interface__rosidl_typesupport_fastrtps_cpp[0m
[0.199s] [35m[1mConsolidate compiler generated dependencies of target serving_interface__rosidl_typesupport_introspection_c[0m
[0.204s] [35m[1mConsolidate compiler generated dependencies of target serving_interface__rosidl_typesupport_fastrtps_c[0m
[0.211s] [35m[1mConsolidate compiler generated dependencies of target serving_interface__rosidl_typesupport_c[0m
[0.231s] [ 23%] Built target serving_interface__rosidl_typesupport_introspection_cpp
[0.231s] [ 34%] Built target serving_interface__rosidl_typesupport_cpp
[0.232s] [ 44%] Built target serving_interface__rosidl_typesupport_introspection_c
[0.243s] [ 55%] Built target serving_interface__rosidl_typesupport_c
[0.250s] [ 65%] Built target serving_interface__rosidl_typesupport_fastrtps_c
[0.250s] [ 76%] Built target serving_interface__rosidl_typesupport_fastrtps_cpp
[0.285s] [ 76%] Built target serving_interface
[0.321s] [ 78%] Built target serving_interface__py
[0.359s] [35m[1mConsolidate compiler generated dependencies of target serving_interface__rosidl_generator_py[0m
[0.392s] [ 87%] Built target serving_interface__rosidl_generator_py
[0.428s] [35m[1mConsolidate compiler generated dependencies of target serving_interface__rosidl_typesupport_c__pyext[0m
[0.429s] [35m[1mConsolidate compiler generated dependencies of target serving_interface__rosidl_typesupport_fastrtps_c__pyext[0m
[0.430s] [35m[1mConsolidate compiler generated dependencies of target serving_interface__rosidl_typesupport_introspection_c__pyext[0m
[0.468s] [ 91%] Built target serving_interface__rosidl_typesupport_fastrtps_c__pyext
[0.470s] [ 95%] Built target serving_interface__rosidl_typesupport_introspection_c__pyext
[0.482s] [100%] Built target serving_interface__rosidl_typesupport_c__pyext
[0.976s] running egg_info
[0.977s] writing serving_interface.egg-info/PKG-INFO
[0.977s] writing dependency_links to serving_interface.egg-info/dependency_links.txt
[0.977s] writing top-level names to serving_interface.egg-info/top_level.txt
[0.983s] reading manifest file 'serving_interface.egg-info/SOURCES.txt'
[0.985s] writing manifest file 'serving_interface.egg-info/SOURCES.txt'
[1.051s] [100%] Built target ament_cmake_python_build_serving_interface_egg
[1.083s] Invoked command in '/home/jsh/doosan/drive1/turtlebot3_servingRobot/build/serving_interface' returned '0': CMAKE_PREFIX_PATH=${CMAKE_PREFIX_PATH}:/home/jsh/turtlebot3_ws/install/turtlebot3_teleop:/home/jsh/turtlebot3_ws/install/turtlebot3_example:/opt/ros/humble /usr/bin/cmake --build /home/jsh/doosan/drive1/turtlebot3_servingRobot/build/serving_interface -- -j8 -l8
[1.111s] Invoking command in '/home/jsh/doosan/drive1/turtlebot3_servingRobot/build/serving_interface': CMAKE_PREFIX_PATH=${CMAKE_PREFIX_PATH}:/home/jsh/turtlebot3_ws/install/turtlebot3_teleop:/home/jsh/turtlebot3_ws/install/turtlebot3_example:/opt/ros/humble /usr/bin/cmake --install /home/jsh/doosan/drive1/turtlebot3_servingRobot/build/serving_interface
[1.131s] -- Install configuration: ""
[1.132s] -- Up-to-date: /home/jsh/doosan/drive1/turtlebot3_servingRobot/install/serving_interface/share/ament_index/resource_index/rosidl_interfaces/serving_interface
[1.132s] -- Up-to-date: /home/jsh/doosan/drive1/turtlebot3_servingRobot/install/serving_interface/include/serving_interface/serving_interface
[1.132s] -- Up-to-date: /home/jsh/doosan/drive1/turtlebot3_servingRobot/install/serving_interface/include/serving_interface/serving_interface/msg
[1.136s] -- Up-to-date: /home/jsh/doosan/drive1/turtlebot3_servingRobot/install/serving_interface/include/serving_interface/serving_interface/msg/detail
[1.137s] -- Up-to-date: /home/jsh/doosan/drive1/turtlebot3_servingRobot/install/serving_interface/include/serving_interface/serving_interface/msg/detail/start_serving__functions.h
[1.137s] -- Up-to-date: /home/jsh/doosan/drive1/turtlebot3_servingRobot/install/serving_interface/include/serving_interface/serving_interface/msg/detail/start_serving__functions.c
[1.137s] -- Up-to-date: /home/jsh/doosan/drive1/turtlebot3_servingRobot/install/serving_interface/include/serving_interface/serving_interface/msg/detail/start_serving__struct.h
[1.137s] -- Up-to-date: /home/jsh/doosan/drive1/turtlebot3_servingRobot/install/serving_interface/include/serving_interface/serving_interface/msg/detail/start_serving__type_support.h
[1.138s] -- Up-to-date: /home/jsh/doosan/drive1/turtlebot3_servingRobot/install/serving_interface/include/serving_interface/serving_interface/msg/rosidl_generator_c__visibility_control.h
[1.138s] -- Up-to-date: /home/jsh/doosan/drive1/turtlebot3_servingRobot/install/serving_interface/include/serving_interface/serving_interface/msg/start_serving.h
[1.138s] -- Up-to-date: /home/jsh/doosan/drive1/turtlebot3_servingRobot/install/serving_interface/include/serving_interface/serving_interface/srv
[1.138s] -- Up-to-date: /home/jsh/doosan/drive1/turtlebot3_servingRobot/install/serving_interface/include/serving_interface/serving_interface/srv/detail
[1.138s] -- Up-to-date: /home/jsh/doosan/drive1/turtlebot3_servingRobot/install/serving_interface/include/serving_interface/serving_interface/srv/detail/order__struct.h
[1.139s] -- Up-to-date: /home/jsh/doosan/drive1/turtlebot3_servingRobot/install/serving_interface/include/serving_interface/serving_interface/srv/detail/serving_status__functions.c
[1.139s] -- Up-to-date: /home/jsh/doosan/drive1/turtlebot3_servingRobot/install/serving_interface/include/serving_interface/serving_interface/srv/detail/order__functions.c
[1.139s] -- Up-to-date: /home/jsh/doosan/drive1/turtlebot3_servingRobot/install/serving_interface/include/serving_interface/serving_interface/srv/detail/serving_status__type_support.h
[1.141s] -- Up-to-date: /home/jsh/doosan/drive1/turtlebot3_servingRobot/install/serving_interface/include/serving_interface/serving_interface/srv/detail/serving_status__struct.h
[1.142s] -- Up-to-date: /home/jsh/doosan/drive1/turtlebot3_servingRobot/install/serving_interface/include/serving_interface/serving_interface/srv/detail/order__type_support.h
[1.143s] -- Up-to-date: /home/jsh/doosan/drive1/turtlebot3_servingRobot/install/serving_interface/include/serving_interface/serving_interface/srv/detail/serving_status__functions.h
[1.143s] -- Up-to-date: /home/jsh/doosan/drive1/turtlebot3_servingRobot/install/serving_interface/include/serving_interface/serving_interface/srv/detail/order__functions.h
[1.143s] -- Up-to-date: /home/jsh/doosan/drive1/turtlebot3_servingRobot/install/serving_interface/include/serving_interface/serving_interface/srv/order.h
[1.143s] -- Up-to-date: /home/jsh/doosan/drive1/turtlebot3_servingRobot/install/serving_interface/include/serving_interface/serving_interface/srv/serving_status.h
[1.143s] -- Up-to-date: /home/jsh/doosan/drive1/turtlebot3_servingRobot/install/serving_interface/share/serving_interface/environment/library_path.sh
[1.144s] -- Up-to-date: /home/jsh/doosan/drive1/turtlebot3_servingRobot/install/serving_interface/share/serving_interface/environment/library_path.dsv
[1.144s] -- Up-to-date: /home/jsh/doosan/drive1/turtlebot3_servingRobot/install/serving_interface/lib/libserving_interface__rosidl_generator_c.so
[1.144s] -- Up-to-date: /home/jsh/doosan/drive1/turtlebot3_servingRobot/install/serving_interface/include/serving_interface/serving_interface
[1.144s] -- Up-to-date: /home/jsh/doosan/drive1/turtlebot3_servingRobot/install/serving_interface/include/serving_interface/serving_interface/msg
[1.144s] -- Up-to-date: /home/jsh/doosan/drive1/turtlebot3_servingRobot/install/serving_interface/include/serving_interface/serving_interface/msg/rosidl_typesupport_fastrtps_c__visibility_control.h
[1.144s] -- Up-to-date: /home/jsh/doosan/drive1/turtlebot3_servingRobot/install/serving_interface/include/serving_interface/serving_interface/msg/detail
[1.145s] -- Up-to-date: /home/jsh/doosan/drive1/turtlebot3_servingRobot/install/serving_interface/include/serving_interface/serving_interface/msg/detail/start_serving__rosidl_typesupport_fastrtps_c.h
[1.145s] -- Up-to-date: /home/jsh/doosan/drive1/turtlebot3_servingRobot/install/serving_interface/include/serving_interface/serving_interface/srv
[1.145s] -- Up-to-date: /home/jsh/doosan/drive1/turtlebot3_servingRobot/install/serving_interface/include/serving_interface/serving_interface/srv/detail
[1.145s] -- Up-to-date: /home/jsh/doosan/drive1/turtlebot3_servingRobot/install/serving_interface/include/serving_interface/serving_interface/srv/detail/serving_status__rosidl_typesupport_fastrtps_c.h
[1.146s] -- Up-to-date: /home/jsh/doosan/drive1/turtlebot3_servingRobot/install/serving_interface/include/serving_interface/serving_interface/srv/detail/order__rosidl_typesupport_fastrtps_c.h
[1.146s] -- Up-to-date: /home/jsh/doosan/drive1/turtlebot3_servingRobot/install/serving_interface/lib/libserving_interface__rosidl_typesupport_fastrtps_c.so
[1.146s] -- Up-to-date: /home/jsh/doosan/drive1/turtlebot3_servingRobot/install/serving_interface/include/serving_interface/serving_interface
[1.146s] -- Up-to-date: /home/jsh/doosan/drive1/turtlebot3_servingRobot/install/serving_interface/include/serving_interface/serving_interface/msg
[1.146s] -- Up-to-date: /home/jsh/doosan/drive1/turtlebot3_servingRobot/install/serving_interface/include/serving_interface/serving_interface/msg/detail
[1.147s] -- Up-to-date: /home/jsh/doosan/drive1/turtlebot3_servingRobot/install/serving_interface/include/serving_interface/serving_interface/msg/detail/start_serving__struct.hpp
[1.147s] -- Up-to-date: /home/jsh/doosan/drive1/turtlebot3_servingRobot/install/serving_interface/include/serving_interface/serving_interface/msg/detail/start_serving__builder.hpp
[1.147s] -- Up-to-date: /home/jsh/doosan/drive1/turtlebot3_servingRobot/install/serving_interface/include/serving_interface/serving_interface/msg/detail/start_serving__traits.hpp
[1.147s] -- Up-to-date: /home/jsh/doosan/drive1/turtlebot3_servingRobot/install/serving_interface/include/serving_interface/serving_interface/msg/start_serving.hpp
[1.147s] -- Up-to-date: /home/jsh/doosan/drive1/turtlebot3_servingRobot/install/serving_interface/include/serving_interface/serving_interface/srv
[1.147s] -- Up-to-date: /home/jsh/doosan/drive1/turtlebot3_servingRobot/install/serving_interface/include/serving_interface/serving_interface/srv/detail
[1.148s] -- Up-to-date: /home/jsh/doosan/drive1/turtlebot3_servingRobot/install/serving_interface/include/serving_interface/serving_interface/srv/detail/order__struct.hpp
[1.148s] -- Up-to-date: /home/jsh/doosan/drive1/turtlebot3_servingRobot/install/serving_interface/include/serving_interface/serving_interface/srv/detail/serving_status__struct.hpp
[1.148s] -- Up-to-date: /home/jsh/doosan/drive1/turtlebot3_servingRobot/install/serving_interface/include/serving_interface/serving_interface/srv/detail/serving_status__traits.hpp
[1.148s] -- Up-to-date: /home/jsh/doosan/drive1/turtlebot3_servingRobot/install/serving_interface/include/serving_interface/serving_interface/srv/detail/serving_status__builder.hpp
[1.148s] -- Up-to-date: /home/jsh/doosan/drive1/turtlebot3_servingRobot/install/serving_interface/include/serving_interface/serving_interface/srv/detail/order__traits.hpp
[1.149s] -- Up-to-date: /home/jsh/doosan/drive1/turtlebot3_servingRobot/install/serving_interface/include/serving_interface/serving_interface/srv/detail/order__builder.hpp
[1.149s] -- Up-to-date: /home/jsh/doosan/drive1/turtlebot3_servingRobot/install/serving_interface/include/serving_interface/serving_interface/srv/order.hpp
[1.149s] -- Up-to-date: /home/jsh/doosan/drive1/turtlebot3_servingRobot/install/serving_interface/include/serving_interface/serving_interface/srv/serving_status.hpp
[1.149s] -- Up-to-date: /home/jsh/doosan/drive1/turtlebot3_servingRobot/install/serving_interface/include/serving_interface/serving_interface
[1.149s] -- Up-to-date: /home/jsh/doosan/drive1/turtlebot3_servingRobot/install/serving_interface/include/serving_interface/serving_interface/msg
[1.149s] -- Up-to-date: /home/jsh/doosan/drive1/turtlebot3_servingRobot/install/serving_interface/include/serving_interface/serving_interface/msg/detail
[1.150s] -- Up-to-date: /home/jsh/doosan/drive1/turtlebot3_servingRobot/install/serving_interface/include/serving_interface/serving_interface/msg/detail/start_serving__rosidl_typesupport_fastrtps_cpp.hpp
[1.150s] -- Up-to-date: /home/jsh/doosan/drive1/turtlebot3_servingRobot/install/serving_interface/include/serving_interface/serving_interface/msg/detail/dds_fastrtps
[1.150s] -- Up-to-date: /home/jsh/doosan/drive1/turtlebot3_servingRobot/install/serving_interface/include/serving_interface/serving_interface/msg/rosidl_typesupport_fastrtps_cpp__visibility_control.h
[1.150s] -- Up-to-date: /home/jsh/doosan/drive1/turtlebot3_servingRobot/install/serving_interface/include/serving_interface/serving_interface/srv
[1.150s] -- Up-to-date: /home/jsh/doosan/drive1/turtlebot3_servingRobot/install/serving_interface/include/serving_interface/serving_interface/srv/detail
[1.150s] -- Up-to-date: /home/jsh/doosan/drive1/turtlebot3_servingRobot/install/serving_interface/include/serving_interface/serving_interface/srv/detail/order__rosidl_typesupport_fastrtps_cpp.hpp
[1.150s] -- Up-to-date: /home/jsh/doosan/drive1/turtlebot3_servingRobot/install/serving_interface/include/serving_interface/serving_interface/srv/detail/dds_fastrtps
[1.150s] -- Up-to-date: /home/jsh/doosan/drive1/turtlebot3_servingRobot/install/serving_interface/include/serving_interface/serving_interface/srv/detail/serving_status__rosidl_typesupport_fastrtps_cpp.hpp
[1.150s] -- Up-to-date: /home/jsh/doosan/drive1/turtlebot3_servingRobot/install/serving_interface/lib/libserving_interface__rosidl_typesupport_fastrtps_cpp.so
[1.151s] -- Up-to-date: /home/jsh/doosan/drive1/turtlebot3_servingRobot/install/serving_interface/include/serving_interface/serving_interface
[1.151s] -- Up-to-date: /home/jsh/doosan/drive1/turtlebot3_servingRobot/install/serving_interface/include/serving_interface/serving_interface/msg
[1.151s] -- Up-to-date: /home/jsh/doosan/drive1/turtlebot3_servingRobot/install/serving_interface/include/serving_interface/serving_interface/msg/rosidl_typesupport_introspection_c__visibility_control.h
[1.151s] -- Up-to-date: /home/jsh/doosan/drive1/turtlebot3_servingRobot/install/serving_interface/include/serving_interface/serving_interface/msg/detail
[1.151s] -- Up-to-date: /home/jsh/doosan/drive1/turtlebot3_servingRobot/install/serving_interface/include/serving_interface/serving_interface/msg/detail/start_serving__rosidl_typesupport_introspection_c.h
[1.152s] -- Up-to-date: /home/jsh/doosan/drive1/turtlebot3_servingRobot/install/serving_interface/include/serving_interface/serving_interface/msg/detail/start_serving__type_support.c
[1.152s] -- Up-to-date: /home/jsh/doosan/drive1/turtlebot3_servingRobot/install/serving_interface/include/serving_interface/serving_interface/srv
[1.152s] -- Up-to-date: /home/jsh/doosan/drive1/turtlebot3_servingRobot/install/serving_interface/include/serving_interface/serving_interface/srv/detail
[1.152s] -- Up-to-date: /home/jsh/doosan/drive1/turtlebot3_servingRobot/install/serving_interface/include/serving_interface/serving_interface/srv/detail/serving_status__rosidl_typesupport_introspection_c.h
[1.152s] -- Up-to-date: /home/jsh/doosan/drive1/turtlebot3_servingRobot/install/serving_interface/include/serving_interface/serving_interface/srv/detail/order__rosidl_typesupport_introspection_c.h
[1.152s] -- Up-to-date: /home/jsh/doosan/drive1/turtlebot3_servingRobot/install/serving_interface/include/serving_interface/serving_interface/srv/detail/order__type_support.c
[1.152s] -- Up-to-date: /home/jsh/doosan/drive1/turtlebot3_servingRobot/install/serving_interface/include/serving_interface/serving_interface/srv/detail/serving_status__type_support.c
[1.153s] -- Up-to-date: /home/jsh/doosan/drive1/turtlebot3_servingRobot/install/serving_interface/lib/libserving_interface__rosidl_typesupport_introspection_c.so
[1.153s] -- Up-to-date: /home/jsh/doosan/drive1/turtlebot3_servingRobot/install/serving_interface/lib/libserving_interface__rosidl_typesupport_c.so
[1.153s] -- Up-to-date: /home/jsh/doosan/drive1/turtlebot3_servingRobot/install/serving_interface/include/serving_interface/serving_interface
[1.153s] -- Up-to-date: /home/jsh/doosan/drive1/turtlebot3_servingRobot/install/serving_interface/include/serving_interface/serving_interface/msg
[1.153s] -- Up-to-date: /home/jsh/doosan/drive1/turtlebot3_servingRobot/install/serving_interface/include/serving_interface/serving_interface/msg/detail
[1.153s] -- Up-to-date: /home/jsh/doosan/drive1/turtlebot3_servingRobot/install/serving_interface/include/serving_interface/serving_interface/msg/detail/start_serving__rosidl_typesupport_introspection_cpp.hpp
[1.153s] -- Up-to-date: /home/jsh/doosan/drive1/turtlebot3_servingRobot/install/serving_interface/include/serving_interface/serving_interface/msg/detail/start_serving__type_support.cpp
[1.154s] -- Up-to-date: /home/jsh/doosan/drive1/turtlebot3_servingRobot/install/serving_interface/include/serving_interface/serving_interface/srv
[1.154s] -- Up-to-date: /home/jsh/doosan/drive1/turtlebot3_servingRobot/install/serving_interface/include/serving_interface/serving_interface/srv/detail
[1.154s] -- Up-to-date: /home/jsh/doosan/drive1/turtlebot3_servingRobot/install/serving_interface/include/serving_interface/serving_interface/srv/detail/serving_status__rosidl_typesupport_introspection_cpp.hpp
[1.154s] -- Up-to-date: /home/jsh/doosan/drive1/turtlebot3_servingRobot/install/serving_interface/include/serving_interface/serving_interface/srv/detail/order__rosidl_typesupport_introspection_cpp.hpp
[1.154s] -- Up-to-date: /home/jsh/doosan/drive1/turtlebot3_servingRobot/install/serving_interface/include/serving_interface/serving_interface/srv/detail/serving_status__type_support.cpp
[1.154s] -- Up-to-date: /home/jsh/doosan/drive1/turtlebot3_servingRobot/install/serving_interface/include/serving_interface/serving_interface/srv/detail/order__type_support.cpp
[1.155s] -- Up-to-date: /home/jsh/doosan/drive1/turtlebot3_servingRobot/install/serving_interface/lib/libserving_interface__rosidl_typesupport_introspection_cpp.so
[1.155s] -- Up-to-date: /home/jsh/doosan/drive1/turtlebot3_servingRobot/install/serving_interface/lib/libserving_interface__rosidl_typesupport_cpp.so
[1.155s] -- Up-to-date: /home/jsh/doosan/drive1/turtlebot3_servingRobot/install/serving_interface/share/serving_interface/environment/pythonpath.sh
[1.155s] -- Up-to-date: /home/jsh/doosan/drive1/turtlebot3_servingRobot/install/serving_interface/share/serving_interface/environment/pythonpath.dsv
[1.155s] -- Up-to-date: /home/jsh/doosan/drive1/turtlebot3_servingRobot/install/serving_interface/local/lib/python3.10/dist-packages/serving_interface-0.0.0-py3.10.egg-info
[1.155s] -- Installing: /home/jsh/doosan/drive1/turtlebot3_servingRobot/install/serving_interface/local/lib/python3.10/dist-packages/serving_interface-0.0.0-py3.10.egg-info/dependency_links.txt
[1.156s] -- Installing: /home/jsh/doosan/drive1/turtlebot3_servingRobot/install/serving_interface/local/lib/python3.10/dist-packages/serving_interface-0.0.0-py3.10.egg-info/PKG-INFO
[1.156s] -- Installing: /home/jsh/doosan/drive1/turtlebot3_servingRobot/install/serving_interface/local/lib/python3.10/dist-packages/serving_interface-0.0.0-py3.10.egg-info/SOURCES.txt
[1.156s] -- Installing: /home/jsh/doosan/drive1/turtlebot3_servingRobot/install/serving_interface/local/lib/python3.10/dist-packages/serving_interface-0.0.0-py3.10.egg-info/top_level.txt
[1.156s] -- Up-to-date: /home/jsh/doosan/drive1/turtlebot3_servingRobot/install/serving_interface/local/lib/python3.10/dist-packages/serving_interface
[1.156s] -- Up-to-date: /home/jsh/doosan/drive1/turtlebot3_servingRobot/install/serving_interface/local/lib/python3.10/dist-packages/serving_interface/serving_interface_s__rosidl_typesupport_c.cpython-310-x86_64-linux-gnu.so
[1.157s] -- Up-to-date: /home/jsh/doosan/drive1/turtlebot3_servingRobot/install/serving_interface/local/lib/python3.10/dist-packages/serving_interface/_serving_interface_s.ep.rosidl_typesupport_c.c
[1.157s] -- Up-to-date: /home/jsh/doosan/drive1/turtlebot3_servingRobot/install/serving_interface/local/lib/python3.10/dist-packages/serving_interface/serving_interface_s__rosidl_typesupport_fastrtps_c.cpython-310-x86_64-linux-gnu.so
[1.157s] -- Up-to-date: /home/jsh/doosan/drive1/turtlebot3_servingRobot/install/serving_interface/local/lib/python3.10/dist-packages/serving_interface/_serving_interface_s.ep.rosidl_typesupport_introspection_c.c
[1.157s] -- Up-to-date: /home/jsh/doosan/drive1/turtlebot3_servingRobot/install/serving_interface/local/lib/python3.10/dist-packages/serving_interface/msg
[1.157s] -- Up-to-date: /home/jsh/doosan/drive1/turtlebot3_servingRobot/install/serving_interface/local/lib/python3.10/dist-packages/serving_interface/msg/_start_serving.py
[1.157s] -- Up-to-date: /home/jsh/doosan/drive1/turtlebot3_servingRobot/install/serving_interface/local/lib/python3.10/dist-packages/serving_interface/msg/__init__.py
[1.158s] -- Up-to-date: /home/jsh/doosan/drive1/turtlebot3_servingRobot/install/serving_interface/local/lib/python3.10/dist-packages/serving_interface/msg/_start_serving_s.c
[1.158s] -- Up-to-date: /home/jsh/doosan/drive1/turtlebot3_servingRobot/install/serving_interface/local/lib/python3.10/dist-packages/serving_interface/srv
[1.158s] -- Up-to-date: /home/jsh/doosan/drive1/turtlebot3_servingRobot/install/serving_interface/local/lib/python3.10/dist-packages/serving_interface/srv/_serving_status.py
[1.158s] -- Up-to-date: /home/jsh/doosan/drive1/turtlebot3_servingRobot/install/serving_interface/local/lib/python3.10/dist-packages/serving_interface/srv/_order_s.c
[1.158s] -- Up-to-date: /home/jsh/doosan/drive1/turtlebot3_servingRobot/install/serving_interface/local/lib/python3.10/dist-packages/serving_interface/srv/_order.py
[1.158s] -- Up-to-date: /home/jsh/doosan/drive1/turtlebot3_servingRobot/install/serving_interface/local/lib/python3.10/dist-packages/serving_interface/srv/_serving_status_s.c
[1.159s] -- Up-to-date: /home/jsh/doosan/drive1/turtlebot3_servingRobot/install/serving_interface/local/lib/python3.10/dist-packages/serving_interface/srv/__init__.py
[1.159s] -- Up-to-date: /home/jsh/doosan/drive1/turtlebot3_servingRobot/install/serving_interface/local/lib/python3.10/dist-packages/serving_interface/_serving_interface_s.ep.rosidl_typesupport_fastrtps_c.c
[1.159s] -- Up-to-date: /home/jsh/doosan/drive1/turtlebot3_servingRobot/install/serving_interface/local/lib/python3.10/dist-packages/serving_interface/serving_interface_s__rosidl_typesupport_introspection_c.cpython-310-x86_64-linux-gnu.so
[1.159s] -- Up-to-date: /home/jsh/doosan/drive1/turtlebot3_servingRobot/install/serving_interface/local/lib/python3.10/dist-packages/serving_interface/libserving_interface__rosidl_generator_py.so
[1.159s] -- Up-to-date: /home/jsh/doosan/drive1/turtlebot3_servingRobot/install/serving_interface/local/lib/python3.10/dist-packages/serving_interface/__init__.py
[1.242s] Listing '/home/jsh/doosan/drive1/turtlebot3_servingRobot/install/serving_interface/local/lib/python3.10/dist-packages/serving_interface'...
[1.242s] Listing '/home/jsh/doosan/drive1/turtlebot3_servingRobot/install/serving_interface/local/lib/python3.10/dist-packages/serving_interface/msg'...
[1.242s] Listing '/home/jsh/doosan/drive1/turtlebot3_servingRobot/install/serving_interface/local/lib/python3.10/dist-packages/serving_interface/srv'...
[1.252s] -- Up-to-date: /home/jsh/doosan/drive1/turtlebot3_servingRobot/install/serving_interface/local/lib/python3.10/dist-packages/serving_interface/serving_interface_s__rosidl_typesupport_fastrtps_c.cpython-310-x86_64-linux-gnu.so
[1.252s] -- Up-to-date: /home/jsh/doosan/drive1/turtlebot3_servingRobot/install/serving_interface/local/lib/python3.10/dist-packages/serving_interface/serving_interface_s__rosidl_typesupport_introspection_c.cpython-310-x86_64-linux-gnu.so
[1.253s] -- Up-to-date: /home/jsh/doosan/drive1/turtlebot3_servingRobot/install/serving_interface/local/lib/python3.10/dist-packages/serving_interface/serving_interface_s__rosidl_typesupport_c.cpython-310-x86_64-linux-gnu.so
[1.254s] -- Up-to-date: /home/jsh/doosan/drive1/turtlebot3_servingRobot/install/serving_interface/lib/libserving_interface__rosidl_generator_py.so
[1.254s] -- Up-to-date: /home/jsh/doosan/drive1/turtlebot3_servingRobot/install/serving_interface/share/serving_interface/msg/StartServing.idl
[1.254s] -- Up-to-date: /home/jsh/doosan/drive1/turtlebot3_servingRobot/install/serving_interface/share/serving_interface/srv/Order.idl
[1.255s] -- Up-to-date: /home/jsh/doosan/drive1/turtlebot3_servingRobot/install/serving_interface/share/serving_interface/srv/ServingStatus.idl
[1.255s] -- Up-to-date: /home/jsh/doosan/drive1/turtlebot3_servingRobot/install/serving_interface/share/serving_interface/msg/StartServing.msg
[1.255s] -- Up-to-date: /home/jsh/doosan/drive1/turtlebot3_servingRobot/install/serving_interface/share/serving_interface/srv/Order.srv
[1.255s] -- Up-to-date: /home/jsh/doosan/drive1/turtlebot3_servingRobot/install/serving_interface/share/serving_interface/srv/Order_Request.msg
[1.255s] -- Up-to-date: /home/jsh/doosan/drive1/turtlebot3_servingRobot/install/serving_interface/share/serving_interface/srv/Order_Response.msg
[1.256s] -- Up-to-date: /home/jsh/doosan/drive1/turtlebot3_servingRobot/install/serving_interface/share/serving_interface/srv/ServingStatus.srv
[1.256s] -- Up-to-date: /home/jsh/doosan/drive1/turtlebot3_servingRobot/install/serving_interface/share/serving_interface/srv/ServingStatus_Request.msg
[1.256s] -- Up-to-date: /home/jsh/doosan/drive1/turtlebot3_servingRobot/install/serving_interface/share/serving_interface/srv/ServingStatus_Response.msg
[1.256s] -- Up-to-date: /home/jsh/doosan/drive1/turtlebot3_servingRobot/install/serving_interface/share/ament_index/resource_index/package_run_dependencies/serving_interface
[1.256s] -- Up-to-date: /home/jsh/doosan/drive1/turtlebot3_servingRobot/install/serving_interface/share/ament_index/resource_index/parent_prefix_path/serving_interface
[1.256s] -- Up-to-date: /home/jsh/doosan/drive1/turtlebot3_servingRobot/install/serving_interface/share/serving_interface/environment/ament_prefix_path.sh
[1.257s] -- Up-to-date: /home/jsh/doosan/drive1/turtlebot3_servingRobot/install/serving_interface/share/serving_interface/environment/ament_prefix_path.dsv
[1.257s] -- Up-to-date: /home/jsh/doosan/drive1/turtlebot3_servingRobot/install/serving_interface/share/serving_interface/environment/path.sh
[1.257s] -- Up-to-date: /home/jsh/doosan/drive1/turtlebot3_servingRobot/install/serving_interface/share/serving_interface/environment/path.dsv
[1.257s] -- Up-to-date: /home/jsh/doosan/drive1/turtlebot3_servingRobot/install/serving_interface/share/serving_interface/local_setup.bash
[1.257s] -- Up-to-date: /home/jsh/doosan/drive1/turtlebot3_servingRobot/install/serving_interface/share/serving_interface/local_setup.sh
[1.257s] -- Up-to-date: /home/jsh/doosan/drive1/turtlebot3_servingRobot/install/serving_interface/share/serving_interface/local_setup.zsh
[1.257s] -- Up-to-date: /home/jsh/doosan/drive1/turtlebot3_servingRobot/install/serving_interface/share/serving_interface/local_setup.dsv
[1.257s] -- Installing: /home/jsh/doosan/drive1/turtlebot3_servingRobot/install/serving_interface/share/serving_interface/package.dsv
[1.258s] -- Up-to-date: /home/jsh/doosan/drive1/turtlebot3_servingRobot/install/serving_interface/share/ament_index/resource_index/packages/serving_interface
[1.258s] -- Up-to-date: /home/jsh/doosan/drive1/turtlebot3_servingRobot/install/serving_interface/share/serving_interface/cmake/export_serving_interface__rosidl_generator_cExport.cmake
[1.259s] -- Up-to-date: /home/jsh/doosan/drive1/turtlebot3_servingRobot/install/serving_interface/share/serving_interface/cmake/export_serving_interface__rosidl_generator_cExport-noconfig.cmake
[1.259s] -- Up-to-date: /home/jsh/doosan/drive1/turtlebot3_servingRobot/install/serving_interface/share/serving_interface/cmake/export_serving_interface__rosidl_typesupport_fastrtps_cExport.cmake
[1.259s] -- Up-to-date: /home/jsh/doosan/drive1/turtlebot3_servingRobot/install/serving_interface/share/serving_interface/cmake/export_serving_interface__rosidl_typesupport_fastrtps_cExport-noconfig.cmake
[1.259s] -- Up-to-date: /home/jsh/doosan/drive1/turtlebot3_servingRobot/install/serving_interface/share/serving_interface/cmake/export_serving_interface__rosidl_generator_cppExport.cmake
[1.260s] -- Up-to-date: /home/jsh/doosan/drive1/turtlebot3_servingRobot/install/serving_interface/share/serving_interface/cmake/export_serving_interface__rosidl_typesupport_fastrtps_cppExport.cmake
[1.260s] -- Up-to-date: /home/jsh/doosan/drive1/turtlebot3_servingRobot/install/serving_interface/share/serving_interface/cmake/export_serving_interface__rosidl_typesupport_fastrtps_cppExport-noconfig.cmake
[1.260s] -- Up-to-date: /home/jsh/doosan/drive1/turtlebot3_servingRobot/install/serving_interface/share/serving_interface/cmake/serving_interface__rosidl_typesupport_introspection_cExport.cmake
[1.261s] -- Up-to-date: /home/jsh/doosan/drive1/turtlebot3_servingRobot/install/serving_interface/share/serving_interface/cmake/serving_interface__rosidl_typesupport_introspection_cExport-noconfig.cmake
[1.261s] -- Up-to-date: /home/jsh/doosan/drive1/turtlebot3_servingRobot/install/serving_interface/share/serving_interface/cmake/serving_interface__rosidl_typesupport_cExport.cmake
[1.261s] -- Up-to-date: /home/jsh/doosan/drive1/turtlebot3_servingRobot/install/serving_interface/share/serving_interface/cmake/serving_interface__rosidl_typesupport_cExport-noconfig.cmake
[1.262s] -- Up-to-date: /home/jsh/doosan/drive1/turtlebot3_servingRobot/install/serving_interface/share/serving_interface/cmake/serving_interface__rosidl_typesupport_introspection_cppExport.cmake
[1.263s] -- Up-to-date: /home/jsh/doosan/drive1/turtlebot3_servingRobot/install/serving_interface/share/serving_interface/cmake/serving_interface__rosidl_typesupport_introspection_cppExport-noconfig.cmake
[1.263s] -- Up-to-date: /home/jsh/doosan/drive1/turtlebot3_servingRobot/install/serving_interface/share/serving_interface/cmake/serving_interface__rosidl_typesupport_cppExport.cmake
[1.263s] -- Up-to-date: /home/jsh/doosan/drive1/turtlebot3_servingRobot/install/serving_interface/share/serving_interface/cmake/serving_interface__rosidl_typesupport_cppExport-noconfig.cmake
[1.264s] -- Up-to-date: /home/jsh/doosan/drive1/turtlebot3_servingRobot/install/serving_interface/share/serving_interface/cmake/export_serving_interface__rosidl_generator_pyExport.cmake
[1.265s] -- Up-to-date: /home/jsh/doosan/drive1/turtlebot3_servingRobot/install/serving_interface/share/serving_interface/cmake/export_serving_interface__rosidl_generator_pyExport-noconfig.cmake
[1.265s] -- Up-to-date: /home/jsh/doosan/drive1/turtlebot3_servingRobot/install/serving_interface/share/serving_interface/cmake/rosidl_cmake-extras.cmake
[1.265s] -- Up-to-date: /home/jsh/doosan/drive1/turtlebot3_servingRobot/install/serving_interface/share/serving_interface/cmake/ament_cmake_export_dependencies-extras.cmake
[1.266s] -- Up-to-date: /home/jsh/doosan/drive1/turtlebot3_servingRobot/install/serving_interface/share/serving_interface/cmake/ament_cmake_export_include_directories-extras.cmake
[1.266s] -- Up-to-date: /home/jsh/doosan/drive1/turtlebot3_servingRobot/install/serving_interface/share/serving_interface/cmake/ament_cmake_export_libraries-extras.cmake
[1.266s] -- Up-to-date: /home/jsh/doosan/drive1/turtlebot3_servingRobot/install/serving_interface/share/serving_interface/cmake/ament_cmake_export_targets-extras.cmake
[1.266s] -- Up-to-date: /home/jsh/doosan/drive1/turtlebot3_servingRobot/install/serving_interface/share/serving_interface/cmake/rosidl_cmake_export_typesupport_targets-extras.cmake
[1.266s] -- Up-to-date: /home/jsh/doosan/drive1/turtlebot3_servingRobot/install/serving_interface/share/serving_interface/cmake/rosidl_cmake_export_typesupport_libraries-extras.cmake
[1.267s] -- Up-to-date: /home/jsh/doosan/drive1/turtlebot3_servingRobot/install/serving_interface/share/serving_interface/cmake/serving_interfaceConfig.cmake
[1.267s] -- Up-to-date: /home/jsh/doosan/drive1/turtlebot3_servingRobot/install/serving_interface/share/serving_interface/cmake/serving_interfaceConfig-version.cmake
[1.267s] -- Up-to-date: /home/jsh/doosan/drive1/turtlebot3_servingRobot/install/serving_interface/share/serving_interface/package.xml
[1.271s] Invoked command in '/home/jsh/doosan/drive1/turtlebot3_servingRobot/build/serving_interface' returned '0': CMAKE_PREFIX_PATH=${CMAKE_PREFIX_PATH}:/home/jsh/turtlebot3_ws/install/turtlebot3_teleop:/home/jsh/turtlebot3_ws/install/turtlebot3_example:/opt/ros/humble /usr/bin/cmake --install /home/jsh/doosan/drive1/turtlebot3_servingRobot/build/serving_interface
