[1.998s] Invoking command in '/home/jsh/doosan/drive1/turtlebot3_servingRobot/src/serving_node': PYTHONPATH=/home/jsh/doosan/drive1/turtlebot3_servingRobot/build/serving_node/prefix_override:/usr/lib/python3/dist-packages/colcon_core/task/python/colcon_distutils_commands:/home/jsh/doosan/drive1/turtlebot3_servingRobot/install/serving_node/lib/python3.10/site-packages:${PYTHONPATH} /usr/bin/python3 -W ignore:setup.py install is deprecated -W ignore:easy_install command is deprecated setup.py egg_info --egg-base ../../build/serving_node build --build-base /home/jsh/doosan/drive1/turtlebot3_servingRobot/build/serving_node/build install --record /home/jsh/doosan/drive1/turtlebot3_servingRobot/build/serving_node/install.log --single-version-externally-managed install_data
[2.677s] running egg_info
[2.678s] writing ../../build/serving_node/serving_node.egg-info/PKG-INFO
[2.678s] writing dependency_links to ../../build/serving_node/serving_node.egg-info/dependency_links.txt
[2.678s] writing entry points to ../../build/serving_node/serving_node.egg-info/entry_points.txt
[2.679s] writing requirements to ../../build/serving_node/serving_node.egg-info/requires.txt
[2.679s] writing top-level names to ../../build/serving_node/serving_node.egg-info/top_level.txt
[2.683s] reading manifest file '../../build/serving_node/serving_node.egg-info/SOURCES.txt'
[2.685s] writing manifest file '../../build/serving_node/serving_node.egg-info/SOURCES.txt'
[2.685s] running build
[2.686s] running build_py
[2.686s] running install
[2.686s] running install_lib
[2.689s] running install_data
[2.689s] running install_egg_info
[2.694s] removing '/home/jsh/doosan/drive1/turtlebot3_servingRobot/install/serving_node/lib/python3.10/site-packages/serving_node-0.0.0-py3.10.egg-info' (and everything under it)
[2.695s] Copying ../../build/serving_node/serving_node.egg-info to /home/jsh/doosan/drive1/turtlebot3_servingRobot/install/serving_node/lib/python3.10/site-packages/serving_node-0.0.0-py3.10.egg-info
[2.697s] running install_scripts
[2.738s] writing list of installed files to '/home/jsh/doosan/drive1/turtlebot3_servingRobot/build/serving_node/install.log'
[2.783s] Invoked command in '/home/jsh/doosan/drive1/turtlebot3_servingRobot/src/serving_node' returned '0': PYTHONPATH=/home/jsh/doosan/drive1/turtlebot3_servingRobot/build/serving_node/prefix_override:/usr/lib/python3/dist-packages/colcon_core/task/python/colcon_distutils_commands:/home/jsh/doosan/drive1/turtlebot3_servingRobot/install/serving_node/lib/python3.10/site-packages:${PYTHONPATH} /usr/bin/python3 -W ignore:setup.py install is deprecated -W ignore:easy_install command is deprecated setup.py egg_info --egg-base ../../build/serving_node build --build-base /home/jsh/doosan/drive1/turtlebot3_servingRobot/build/serving_node/build install --record /home/jsh/doosan/drive1/turtlebot3_servingRobot/build/serving_node/install.log --single-version-externally-managed install_data
