[0.109s] [34mcolcon[0m [1;30mDEBUG[0m [32mCommand line arguments: ['/usr/bin/colcon', 'build'][0m
[0.109s] [34mcolcon[0m [1;30mDEBUG[0m [32mParsed command line arguments: Namespace(log_base=None, log_level=None, verb_name='build', build_base='build', install_base='install', merge_install=False, symlink_install=False, test_result_base=None, continue_on_error=False, executor='parallel', parallel_workers=8, event_handlers=None, ignore_user_meta=False, metas=['./colcon.meta'], base_paths=['.'], packages_ignore=None, packages_ignore_regex=None, paths=None, packages_up_to=None, packages_up_to_regex=None, packages_above=None, packages_above_and_dependencies=None, packages_above_depth=None, packages_select_by_dep=None, packages_skip_by_dep=None, packages_skip_up_to=None, packages_select_build_failed=False, packages_skip_build_finished=False, packages_select_test_failures=False, packages_skip_test_passed=False, packages_select=None, packages_skip=None, packages_select_regex=None, packages_skip_regex=None, packages_start=None, packages_end=None, allow_overriding=[], cmake_args=None, cmake_target=None, cmake_target_skip_unavailable=False, cmake_clean_cache=False, cmake_clean_first=False, cmake_force_configure=False, ament_cmake_args=None, catkin_cmake_args=None, catkin_skip_building_tests=False, mixin_files=None, mixin=None, verb_parser=<colcon_mixin.mixin.mixin_argument.MixinArgumentDecorator object at 0x7f5b60448220>, verb_extension=<colcon_core.verb.build.BuildVerb object at 0x7f5b60417d30>, main=<bound method BuildVerb.main of <colcon_core.verb.build.BuildVerb object at 0x7f5b60417d30>>, mixin_verb=('build',))[0m
[0.292s] [34mcolcon.colcon_core.package_discovery[0m [1;30mLevel 1[0m discover_packages(colcon_meta) check parameters
[0.292s] [34mcolcon.colcon_core.package_discovery[0m [1;30mLevel 1[0m discover_packages(recursive) check parameters
[0.292s] [34mcolcon.colcon_core.package_discovery[0m [1;30mLevel 1[0m discover_packages(ignore) check parameters
[0.292s] [34mcolcon.colcon_core.package_discovery[0m [1;30mLevel 1[0m discover_packages(path) check parameters
[0.292s] [34mcolcon.colcon_core.package_discovery[0m [1;30mLevel 1[0m discover_packages(colcon_meta) discover
[0.292s] [34mcolcon.colcon_core.package_discovery[0m [1;30mLevel 1[0m discover_packages(recursive) discover
[0.292s] [34mcolcon.colcon_core.package_discovery[0m [1;30mINFO[0m Crawling recursively for packages in '/home/jsh/doosan/drive1/turtlebot3_servingRobot'
[0.292s] [34mcolcon.colcon_core.package_identification[0m [1;30mLevel 1[0m _identify(.) by extensions ['ignore', 'ignore_ament_install']
[0.292s] [34mcolcon.colcon_core.package_identification[0m [1;30mLevel 1[0m _identify(.) by extension 'ignore'
[0.292s] [34mcolcon.colcon_core.package_identification[0m [1;30mLevel 1[0m _identify(.) by extension 'ignore_ament_install'
[0.292s] [34mcolcon.colcon_core.package_identification[0m [1;30mLevel 1[0m _identify(.) by extensions ['colcon_pkg']
[0.292s] [34mcolcon.colcon_core.package_identification[0m [1;30mLevel 1[0m _identify(.) by extension 'colcon_pkg'
[0.292s] [34mcolcon.colcon_core.package_identification[0m [1;30mLevel 1[0m _identify(.) by extensions ['colcon_meta']
[0.292s] [34mcolcon.colcon_core.package_identification[0m [1;30mLevel 1[0m _identify(.) by extension 'colcon_meta'
[0.292s] [34mcolcon.colcon_core.package_identification[0m [1;30mLevel 1[0m _identify(.) by extensions ['ros']
[0.292s] [34mcolcon.colcon_core.package_identification[0m [1;30mLevel 1[0m _identify(.) by extension 'ros'
[0.301s] [34mcolcon.colcon_core.package_identification[0m [1;30mLevel 1[0m _identify(.) by extensions ['cmake', 'python']
[0.301s] [34mcolcon.colcon_core.package_identification[0m [1;30mLevel 1[0m _identify(.) by extension 'cmake'
[0.301s] [34mcolcon.colcon_core.package_identification[0m [1;30mLevel 1[0m _identify(.) by extension 'python'
[0.301s] [34mcolcon.colcon_core.package_identification[0m [1;30mLevel 1[0m _identify(.) by extensions ['python_setup_py']
[0.301s] [34mcolcon.colcon_core.package_identification[0m [1;30mLevel 1[0m _identify(.) by extension 'python_setup_py'
[0.302s] [34mcolcon.colcon_core.package_identification[0m [1;30mLevel 1[0m _identify(build) by extensions ['ignore', 'ignore_ament_install']
[0.302s] [34mcolcon.colcon_core.package_identification[0m [1;30mLevel 1[0m _identify(build) by extension 'ignore'
[0.302s] [34mcolcon.colcon_core.package_identification[0m [1;30mLevel 1[0m _identify(build) ignored
[0.302s] [34mcolcon.colcon_core.package_identification[0m [1;30mLevel 1[0m _identify(install) by extensions ['ignore', 'ignore_ament_install']
[0.302s] [34mcolcon.colcon_core.package_identification[0m [1;30mLevel 1[0m _identify(install) by extension 'ignore'
[0.302s] [34mcolcon.colcon_core.package_identification[0m [1;30mLevel 1[0m _identify(install) ignored
[0.302s] [34mcolcon.colcon_core.package_identification[0m [1;30mLevel 1[0m _identify(log) by extensions ['ignore', 'ignore_ament_install']
[0.302s] [34mcolcon.colcon_core.package_identification[0m [1;30mLevel 1[0m _identify(log) by extension 'ignore'
[0.302s] [34mcolcon.colcon_core.package_identification[0m [1;30mLevel 1[0m _identify(log) ignored
[0.302s] [34mcolcon.colcon_core.package_identification[0m [1;30mLevel 1[0m _identify(src) by extensions ['ignore', 'ignore_ament_install']
[0.302s] [34mcolcon.colcon_core.package_identification[0m [1;30mLevel 1[0m _identify(src) by extension 'ignore'
[0.302s] [34mcolcon.colcon_core.package_identification[0m [1;30mLevel 1[0m _identify(src) by extension 'ignore_ament_install'
[0.302s] [34mcolcon.colcon_core.package_identification[0m [1;30mLevel 1[0m _identify(src) by extensions ['colcon_pkg']
[0.302s] [34mcolcon.colcon_core.package_identification[0m [1;30mLevel 1[0m _identify(src) by extension 'colcon_pkg'
[0.302s] [34mcolcon.colcon_core.package_identification[0m [1;30mLevel 1[0m _identify(src) by extensions ['colcon_meta']
[0.302s] [34mcolcon.colcon_core.package_identification[0m [1;30mLevel 1[0m _identify(src) by extension 'colcon_meta'
[0.302s] [34mcolcon.colcon_core.package_identification[0m [1;30mLevel 1[0m _identify(src) by extensions ['ros']
[0.302s] [34mcolcon.colcon_core.package_identification[0m [1;30mLevel 1[0m _identify(src) by extension 'ros'
[0.302s] [34mcolcon.colcon_core.package_identification[0m [1;30mLevel 1[0m _identify(src) by extensions ['cmake', 'python']
[0.302s] [34mcolcon.colcon_core.package_identification[0m [1;30mLevel 1[0m _identify(src) by extension 'cmake'
[0.302s] [34mcolcon.colcon_core.package_identification[0m [1;30mLevel 1[0m _identify(src) by extension 'python'
[0.302s] [34mcolcon.colcon_core.package_identification[0m [1;30mLevel 1[0m _identify(src) by extensions ['python_setup_py']
[0.302s] [34mcolcon.colcon_core.package_identification[0m [1;30mLevel 1[0m _identify(src) by extension 'python_setup_py'
[0.302s] [34mcolcon.colcon_core.package_identification[0m [1;30mLevel 1[0m _identify(src/serving_interface) by extensions ['ignore', 'ignore_ament_install']
[0.302s] [34mcolcon.colcon_core.package_identification[0m [1;30mLevel 1[0m _identify(src/serving_interface) by extension 'ignore'
[0.302s] [34mcolcon.colcon_core.package_identification[0m [1;30mLevel 1[0m _identify(src/serving_interface) by extension 'ignore_ament_install'
[0.302s] [34mcolcon.colcon_core.package_identification[0m [1;30mLevel 1[0m _identify(src/serving_interface) by extensions ['colcon_pkg']
[0.302s] [34mcolcon.colcon_core.package_identification[0m [1;30mLevel 1[0m _identify(src/serving_interface) by extension 'colcon_pkg'
[0.302s] [34mcolcon.colcon_core.package_identification[0m [1;30mLevel 1[0m _identify(src/serving_interface) by extensions ['colcon_meta']
[0.302s] [34mcolcon.colcon_core.package_identification[0m [1;30mLevel 1[0m _identify(src/serving_interface) by extension 'colcon_meta'
[0.302s] [34mcolcon.colcon_core.package_identification[0m [1;30mLevel 1[0m _identify(src/serving_interface) by extensions ['ros']
[0.302s] [34mcolcon.colcon_core.package_identification[0m [1;30mLevel 1[0m _identify(src/serving_interface) by extension 'ros'
[0.304s] [34mcolcon.colcon_core.package_identification[0m [1;30mDEBUG[0m [32mPackage 'src/serving_interface' with type 'ros.ament_cmake' and name 'serving_interface'[0m
[0.304s] [34mcolcon.colcon_core.package_identification[0m [1;30mLevel 1[0m _identify(src/serving_node) by extensions ['ignore', 'ignore_ament_install']
[0.304s] [34mcolcon.colcon_core.package_identification[0m [1;30mLevel 1[0m _identify(src/serving_node) by extension 'ignore'
[0.304s] [34mcolcon.colcon_core.package_identification[0m [1;30mLevel 1[0m _identify(src/serving_node) by extension 'ignore_ament_install'
[0.304s] [34mcolcon.colcon_core.package_identification[0m [1;30mLevel 1[0m _identify(src/serving_node) by extensions ['colcon_pkg']
[0.304s] [34mcolcon.colcon_core.package_identification[0m [1;30mLevel 1[0m _identify(src/serving_node) by extension 'colcon_pkg'
[0.304s] [34mcolcon.colcon_core.package_identification[0m [1;30mLevel 1[0m _identify(src/serving_node) by extensions ['colcon_meta']
[0.305s] [34mcolcon.colcon_core.package_identification[0m [1;30mLevel 1[0m _identify(src/serving_node) by extension 'colcon_meta'
[0.305s] [34mcolcon.colcon_core.package_identification[0m [1;30mLevel 1[0m _identify(src/serving_node) by extensions ['ros']
[0.305s] [34mcolcon.colcon_core.package_identification[0m [1;30mLevel 1[0m _identify(src/serving_node) by extension 'ros'
[0.305s] [34mcolcon.colcon_core.package_identification[0m [1;30mDEBUG[0m [32mPackage 'src/serving_node' with type 'ros.ament_python' and name 'serving_node'[0m
[0.305s] [34mcolcon.colcon_core.package_discovery[0m [1;30mLevel 1[0m discover_packages(recursive) using defaults
[0.305s] [34mcolcon.colcon_core.package_discovery[0m [1;30mLevel 1[0m discover_packages(ignore) discover
[0.305s] [34mcolcon.colcon_core.package_discovery[0m [1;30mLevel 1[0m discover_packages(ignore) using defaults
[0.305s] [34mcolcon.colcon_core.package_discovery[0m [1;30mLevel 1[0m discover_packages(path) discover
[0.305s] [34mcolcon.colcon_core.package_discovery[0m [1;30mLevel 1[0m discover_packages(path) using defaults
[0.318s] [34mcolcon.colcon_core.package_discovery[0m [1;30mLevel 1[0m discover_packages(prefix_path) check parameters
[0.318s] [34mcolcon.colcon_core.package_discovery[0m [1;30mLevel 1[0m discover_packages(prefix_path) discover
[0.321s] [34mcolcon.colcon_installed_package_information.package_discovery[0m [1;30mDEBUG[0m [32mFound 12 installed packages in /home/jsh/turtlebot3_ws/install[0m
[0.322s] [34mcolcon.colcon_installed_package_information.package_discovery[0m [1;30mDEBUG[0m [32mFound 373 installed packages in /opt/ros/humble[0m
[0.323s] [34mcolcon.colcon_core.package_discovery[0m [1;30mLevel 1[0m discover_packages(prefix_path) using defaults
[0.353s] [34mcolcon.colcon_core.verb[0m [1;30mLevel 5[0m set package 'serving_interface' build argument 'cmake_args' from command line to 'None'
[0.353s] [34mcolcon.colcon_core.verb[0m [1;30mLevel 5[0m set package 'serving_interface' build argument 'cmake_target' from command line to 'None'
[0.353s] [34mcolcon.colcon_core.verb[0m [1;30mLevel 5[0m set package 'serving_interface' build argument 'cmake_target_skip_unavailable' from command line to 'False'
[0.353s] [34mcolcon.colcon_core.verb[0m [1;30mLevel 5[0m set package 'serving_interface' build argument 'cmake_clean_cache' from command line to 'False'
[0.353s] [34mcolcon.colcon_core.verb[0m [1;30mLevel 5[0m set package 'serving_interface' build argument 'cmake_clean_first' from command line to 'False'
[0.353s] [34mcolcon.colcon_core.verb[0m [1;30mLevel 5[0m set package 'serving_interface' build argument 'cmake_force_configure' from command line to 'False'
[0.353s] [34mcolcon.colcon_core.verb[0m [1;30mLevel 5[0m set package 'serving_interface' build argument 'ament_cmake_args' from command line to 'None'
[0.353s] [34mcolcon.colcon_core.verb[0m [1;30mLevel 5[0m set package 'serving_interface' build argument 'catkin_cmake_args' from command line to 'None'
[0.353s] [34mcolcon.colcon_core.verb[0m [1;30mLevel 5[0m set package 'serving_interface' build argument 'catkin_skip_building_tests' from command line to 'False'
[0.353s] [34mcolcon.colcon_core.verb[0m [1;30mDEBUG[0m [32mBuilding package 'serving_interface' with the following arguments: {'ament_cmake_args': None, 'build_base': '/home/jsh/doosan/drive1/turtlebot3_servingRobot/build/serving_interface', 'catkin_cmake_args': None, 'catkin_skip_building_tests': False, 'cmake_args': None, 'cmake_clean_cache': False, 'cmake_clean_first': False, 'cmake_force_configure': False, 'cmake_target': None, 'cmake_target_skip_unavailable': False, 'install_base': '/home/jsh/doosan/drive1/turtlebot3_servingRobot/install/serving_interface', 'merge_install': False, 'path': '/home/jsh/doosan/drive1/turtlebot3_servingRobot/src/serving_interface', 'symlink_install': False, 'test_result_base': None}[0m
[0.353s] [34mcolcon.colcon_core.verb[0m [1;30mLevel 5[0m set package 'serving_node' build argument 'cmake_args' from command line to 'None'
[0.353s] [34mcolcon.colcon_core.verb[0m [1;30mLevel 5[0m set package 'serving_node' build argument 'cmake_target' from command line to 'None'
[0.353s] [34mcolcon.colcon_core.verb[0m [1;30mLevel 5[0m set package 'serving_node' build argument 'cmake_target_skip_unavailable' from command line to 'False'
[0.353s] [34mcolcon.colcon_core.verb[0m [1;30mLevel 5[0m set package 'serving_node' build argument 'cmake_clean_cache' from command line to 'False'
[0.353s] [34mcolcon.colcon_core.verb[0m [1;30mLevel 5[0m set package 'serving_node' build argument 'cmake_clean_first' from command line to 'False'
[0.353s] [34mcolcon.colcon_core.verb[0m [1;30mLevel 5[0m set package 'serving_node' build argument 'cmake_force_configure' from command line to 'False'
[0.353s] [34mcolcon.colcon_core.verb[0m [1;30mLevel 5[0m set package 'serving_node' build argument 'ament_cmake_args' from command line to 'None'
[0.353s] [34mcolcon.colcon_core.verb[0m [1;30mLevel 5[0m set package 'serving_node' build argument 'catkin_cmake_args' from command line to 'None'
[0.353s] [34mcolcon.colcon_core.verb[0m [1;30mLevel 5[0m set package 'serving_node' build argument 'catkin_skip_building_tests' from command line to 'False'
[0.353s] [34mcolcon.colcon_core.verb[0m [1;30mDEBUG[0m [32mBuilding package 'serving_node' with the following arguments: {'ament_cmake_args': None, 'build_base': '/home/jsh/doosan/drive1/turtlebot3_servingRobot/build/serving_node', 'catkin_cmake_args': None, 'catkin_skip_building_tests': False, 'cmake_args': None, 'cmake_clean_cache': False, 'cmake_clean_first': False, 'cmake_force_configure': False, 'cmake_target': None, 'cmake_target_skip_unavailable': False, 'install_base': '/home/jsh/doosan/drive1/turtlebot3_servingRobot/install/serving_node', 'merge_install': False, 'path': '/home/jsh/doosan/drive1/turtlebot3_servingRobot/src/serving_node', 'symlink_install': False, 'test_result_base': None}[0m
[0.353s] [34mcolcon.colcon_core.executor[0m [1;30mINFO[0m Executing jobs using 'parallel' executor
[0.354s] [34mcolcon.colcon_parallel_executor.executor.parallel[0m [1;30mDEBUG[0m [32mrun_until_complete[0m
[0.354s] [34mcolcon.colcon_ros.task.ament_cmake.build[0m [1;30mINFO[0m Building ROS package in '/home/jsh/doosan/drive1/turtlebot3_servingRobot/src/serving_interface' with build type 'ament_cmake'
[0.354s] [34mcolcon.colcon_cmake.task.cmake.build[0m [1;30mINFO[0m Building CMake package in '/home/jsh/doosan/drive1/turtlebot3_servingRobot/src/serving_interface'
[0.356s] [34mcolcon.colcon_core.plugin_system[0m [1;30mINFO[0m Skipping extension 'colcon_core.shell.bat': Not used on non-Windows systems
[0.357s] [34mcolcon.colcon_core.shell[0m [1;30mINFO[0m Skip shell extension 'powershell' for command environment: Not usable outside of PowerShell
[0.357s] [34mcolcon.colcon_core.shell[0m [1;30mDEBUG[0m [32mSkip shell extension 'dsv' for command environment[0m
[0.359s] [34mcolcon.colcon_ros.task.ament_python.build[0m [1;30mINFO[0m Building ROS package in '/home/jsh/doosan/drive1/turtlebot3_servingRobot/src/serving_node' with build type 'ament_python'
[0.359s] [34mcolcon.colcon_core.shell[0m [1;30mLevel 1[0m create_environment_hook('serving_node', 'ament_prefix_path')
[0.359s] [34mcolcon.colcon_core.shell[0m [1;30mINFO[0m Creating environment hook '/home/jsh/doosan/drive1/turtlebot3_servingRobot/install/serving_node/share/serving_node/hook/ament_prefix_path.ps1'
[0.360s] [34mcolcon.colcon_core.shell[0m [1;30mINFO[0m Creating environment descriptor '/home/jsh/doosan/drive1/turtlebot3_servingRobot/install/serving_node/share/serving_node/hook/ament_prefix_path.dsv'
[0.360s] [34mcolcon.colcon_core.shell[0m [1;30mINFO[0m Creating environment hook '/home/jsh/doosan/drive1/turtlebot3_servingRobot/install/serving_node/share/serving_node/hook/ament_prefix_path.sh'
[0.361s] [34mcolcon.colcon_core.shell[0m [1;30mINFO[0m Skip shell extension 'powershell' for command environment: Not usable outside of PowerShell
[0.361s] [34mcolcon.colcon_core.shell[0m [1;30mDEBUG[0m [32mSkip shell extension 'dsv' for command environment[0m
[0.364s] [34mcolcon.colcon_core.event_handler.log_command[0m [1;30mDEBUG[0m [32mInvoking command in '/home/jsh/doosan/drive1/turtlebot3_servingRobot/build/serving_interface': CMAKE_PREFIX_PATH=${CMAKE_PREFIX_PATH}:/home/jsh/turtlebot3_ws/install/turtlebot3_teleop:/home/jsh/turtlebot3_ws/install/turtlebot3_example:/opt/ros/humble /usr/bin/cmake /home/jsh/doosan/drive1/turtlebot3_servingRobot/src/serving_interface -DCMAKE_INSTALL_PREFIX=/home/jsh/doosan/drive1/turtlebot3_servingRobot/install/serving_interface[0m
[0.577s] [34mcolcon.colcon_core.task.python.build[0m [1;30mINFO[0m Building Python package in '/home/jsh/doosan/drive1/turtlebot3_servingRobot/src/serving_node'
[0.577s] [34mcolcon.colcon_core.shell[0m [1;30mINFO[0m Skip shell extension 'powershell' for command environment: Not usable outside of PowerShell
[0.577s] [34mcolcon.colcon_core.shell[0m [1;30mDEBUG[0m [32mSkip shell extension 'dsv' for command environment[0m
[0.892s] [34mcolcon.colcon_core.event_handler.log_command[0m [1;30mDEBUG[0m [32mInvoking command in '/home/jsh/doosan/drive1/turtlebot3_servingRobot/src/serving_node': PYTHONPATH=/home/jsh/doosan/drive1/turtlebot3_servingRobot/build/serving_node/prefix_override:/usr/lib/python3/dist-packages/colcon_core/task/python/colcon_distutils_commands:/home/jsh/doosan/drive1/turtlebot3_servingRobot/install/serving_node/lib/python3.10/site-packages:${PYTHONPATH} /usr/bin/python3 -W ignore:setup.py install is deprecated -W ignore:easy_install command is deprecated setup.py egg_info --egg-base ../../build/serving_node build --build-base /home/jsh/doosan/drive1/turtlebot3_servingRobot/build/serving_node/build install --record /home/jsh/doosan/drive1/turtlebot3_servingRobot/build/serving_node/install.log --single-version-externally-managed install_data[0m
[1.125s] [34mcolcon.colcon_core.event_handler.log_command[0m [1;30mDEBUG[0m [32mInvoked command in '/home/jsh/doosan/drive1/turtlebot3_servingRobot/src/serving_node' returned '0': PYTHONPATH=/home/jsh/doosan/drive1/turtlebot3_servingRobot/build/serving_node/prefix_override:/usr/lib/python3/dist-packages/colcon_core/task/python/colcon_distutils_commands:/home/jsh/doosan/drive1/turtlebot3_servingRobot/install/serving_node/lib/python3.10/site-packages:${PYTHONPATH} /usr/bin/python3 -W ignore:setup.py install is deprecated -W ignore:easy_install command is deprecated setup.py egg_info --egg-base ../../build/serving_node build --build-base /home/jsh/doosan/drive1/turtlebot3_servingRobot/build/serving_node/build install --record /home/jsh/doosan/drive1/turtlebot3_servingRobot/build/serving_node/install.log --single-version-externally-managed install_data[0m
[1.128s] [34mcolcon.colcon_core.environment[0m [1;30mLevel 1[0m checking '/home/jsh/doosan/drive1/turtlebot3_servingRobot/install/serving_node' for CMake module files
[1.128s] [34mcolcon.colcon_core.environment[0m [1;30mLevel 1[0m checking '/home/jsh/doosan/drive1/turtlebot3_servingRobot/install/serving_node' for CMake config files
[1.128s] [34mcolcon.colcon_core.environment[0m [1;30mLevel 1[0m checking '/home/jsh/doosan/drive1/turtlebot3_servingRobot/install/serving_node/lib'
[1.128s] [34mcolcon.colcon_core.environment[0m [1;30mLevel 1[0m checking '/home/jsh/doosan/drive1/turtlebot3_servingRobot/install/serving_node/bin'
[1.128s] [34mcolcon.colcon_core.environment[0m [1;30mLevel 1[0m checking '/home/jsh/doosan/drive1/turtlebot3_servingRobot/install/serving_node/lib/pkgconfig/serving_node.pc'
[1.128s] [34mcolcon.colcon_core.environment[0m [1;30mLevel 1[0m checking '/home/jsh/doosan/drive1/turtlebot3_servingRobot/install/serving_node/lib/python3.10/site-packages'
[1.128s] [34mcolcon.colcon_core.shell[0m [1;30mLevel 1[0m create_environment_hook('serving_node', 'pythonpath')
[1.129s] [34mcolcon.colcon_core.shell[0m [1;30mINFO[0m Creating environment hook '/home/jsh/doosan/drive1/turtlebot3_servingRobot/install/serving_node/share/serving_node/hook/pythonpath.ps1'
[1.129s] [34mcolcon.colcon_core.shell[0m [1;30mINFO[0m Creating environment descriptor '/home/jsh/doosan/drive1/turtlebot3_servingRobot/install/serving_node/share/serving_node/hook/pythonpath.dsv'
[1.129s] [34mcolcon.colcon_core.shell[0m [1;30mINFO[0m Creating environment hook '/home/jsh/doosan/drive1/turtlebot3_servingRobot/install/serving_node/share/serving_node/hook/pythonpath.sh'
[1.129s] [34mcolcon.colcon_core.environment[0m [1;30mLevel 1[0m checking '/home/jsh/doosan/drive1/turtlebot3_servingRobot/install/serving_node/bin'
[1.129s] [34mcolcon.colcon_core.environment[0m [1;30mLevel 1[0m create_environment_scripts_only(serving_node)
[1.130s] [34mcolcon.colcon_core.shell[0m [1;30mINFO[0m Creating package script '/home/jsh/doosan/drive1/turtlebot3_servingRobot/install/serving_node/share/serving_node/package.ps1'
[1.130s] [34mcolcon.colcon_core.shell[0m [1;30mINFO[0m Creating package descriptor '/home/jsh/doosan/drive1/turtlebot3_servingRobot/install/serving_node/share/serving_node/package.dsv'
[1.131s] [34mcolcon.colcon_core.shell[0m [1;30mINFO[0m Creating package script '/home/jsh/doosan/drive1/turtlebot3_servingRobot/install/serving_node/share/serving_node/package.sh'
[1.131s] [34mcolcon.colcon_core.shell[0m [1;30mINFO[0m Creating package script '/home/jsh/doosan/drive1/turtlebot3_servingRobot/install/serving_node/share/serving_node/package.bash'
[1.131s] [34mcolcon.colcon_core.shell[0m [1;30mINFO[0m Creating package script '/home/jsh/doosan/drive1/turtlebot3_servingRobot/install/serving_node/share/serving_node/package.zsh'
[1.132s] [34mcolcon.colcon_core.environment[0m [1;30mLevel 1[0m create_file_with_runtime_dependencies(/home/jsh/doosan/drive1/turtlebot3_servingRobot/install/serving_node/share/colcon-core/packages/serving_node)
[1.574s] [34mcolcon.colcon_core.event_handler.log_command[0m [1;30mDEBUG[0m [32mInvoked command in '/home/jsh/doosan/drive1/turtlebot3_servingRobot/build/serving_interface' returned '0': CMAKE_PREFIX_PATH=${CMAKE_PREFIX_PATH}:/home/jsh/turtlebot3_ws/install/turtlebot3_teleop:/home/jsh/turtlebot3_ws/install/turtlebot3_example:/opt/ros/humble /usr/bin/cmake /home/jsh/doosan/drive1/turtlebot3_servingRobot/src/serving_interface -DCMAKE_INSTALL_PREFIX=/home/jsh/doosan/drive1/turtlebot3_servingRobot/install/serving_interface[0m
[1.576s] [34mcolcon.colcon_core.event_handler.log_command[0m [1;30mDEBUG[0m [32mInvoking command in '/home/jsh/doosan/drive1/turtlebot3_servingRobot/build/serving_interface': CMAKE_PREFIX_PATH=${CMAKE_PREFIX_PATH}:/home/jsh/turtlebot3_ws/install/turtlebot3_teleop:/home/jsh/turtlebot3_ws/install/turtlebot3_example:/opt/ros/humble /usr/bin/cmake --build /home/jsh/doosan/drive1/turtlebot3_servingRobot/build/serving_interface -- -j8 -l8[0m
[3.903s] [34mcolcon.colcon_core.event_handler.log_command[0m [1;30mDEBUG[0m [32mInvoked command in '/home/jsh/doosan/drive1/turtlebot3_servingRobot/build/serving_interface' returned '0': CMAKE_PREFIX_PATH=${CMAKE_PREFIX_PATH}:/home/jsh/turtlebot3_ws/install/turtlebot3_teleop:/home/jsh/turtlebot3_ws/install/turtlebot3_example:/opt/ros/humble /usr/bin/cmake --build /home/jsh/doosan/drive1/turtlebot3_servingRobot/build/serving_interface -- -j8 -l8[0m
[3.910s] [34mcolcon.colcon_core.event_handler.log_command[0m [1;30mDEBUG[0m [32mInvoking command in '/home/jsh/doosan/drive1/turtlebot3_servingRobot/build/serving_interface': CMAKE_PREFIX_PATH=${CMAKE_PREFIX_PATH}:/home/jsh/turtlebot3_ws/install/turtlebot3_teleop:/home/jsh/turtlebot3_ws/install/turtlebot3_example:/opt/ros/humble /usr/bin/cmake --install /home/jsh/doosan/drive1/turtlebot3_servingRobot/build/serving_interface[0m
[3.963s] [34mcolcon.colcon_core.environment[0m [1;30mLevel 1[0m create_environment_scripts_only(serving_interface)
[3.963s] [34mcolcon.colcon_core.event_handler.log_command[0m [1;30mDEBUG[0m [32mInvoked command in '/home/jsh/doosan/drive1/turtlebot3_servingRobot/build/serving_interface' returned '0': CMAKE_PREFIX_PATH=${CMAKE_PREFIX_PATH}:/home/jsh/turtlebot3_ws/install/turtlebot3_teleop:/home/jsh/turtlebot3_ws/install/turtlebot3_example:/opt/ros/humble /usr/bin/cmake --install /home/jsh/doosan/drive1/turtlebot3_servingRobot/build/serving_interface[0m
[3.964s] [34mcolcon.colcon_core.environment[0m [1;30mLevel 1[0m checking '/home/jsh/doosan/drive1/turtlebot3_servingRobot/install/serving_interface' for CMake module files
[3.964s] [34mcolcon.colcon_core.environment[0m [1;30mLevel 1[0m checking '/home/jsh/doosan/drive1/turtlebot3_servingRobot/install/serving_interface' for CMake config files
[3.964s] [34mcolcon.colcon_core.shell[0m [1;30mLevel 1[0m create_environment_hook('serving_interface', 'cmake_prefix_path')
[3.964s] [34mcolcon.colcon_core.shell[0m [1;30mINFO[0m Creating environment hook '/home/jsh/doosan/drive1/turtlebot3_servingRobot/install/serving_interface/share/serving_interface/hook/cmake_prefix_path.ps1'
[3.965s] [34mcolcon.colcon_core.shell[0m [1;30mINFO[0m Creating environment descriptor '/home/jsh/doosan/drive1/turtlebot3_servingRobot/install/serving_interface/share/serving_interface/hook/cmake_prefix_path.dsv'
[3.965s] [34mcolcon.colcon_core.shell[0m [1;30mINFO[0m Creating environment hook '/home/jsh/doosan/drive1/turtlebot3_servingRobot/install/serving_interface/share/serving_interface/hook/cmake_prefix_path.sh'
[3.965s] [34mcolcon.colcon_core.environment[0m [1;30mLevel 1[0m checking '/home/jsh/doosan/drive1/turtlebot3_servingRobot/install/serving_interface/lib'
[3.965s] [34mcolcon.colcon_core.shell[0m [1;30mLevel 1[0m create_environment_hook('serving_interface', 'ld_library_path_lib')
[3.966s] [34mcolcon.colcon_core.shell[0m [1;30mINFO[0m Creating environment hook '/home/jsh/doosan/drive1/turtlebot3_servingRobot/install/serving_interface/share/serving_interface/hook/ld_library_path_lib.ps1'
[3.966s] [34mcolcon.colcon_core.shell[0m [1;30mINFO[0m Creating environment descriptor '/home/jsh/doosan/drive1/turtlebot3_servingRobot/install/serving_interface/share/serving_interface/hook/ld_library_path_lib.dsv'
[3.966s] [34mcolcon.colcon_core.shell[0m [1;30mINFO[0m Creating environment hook '/home/jsh/doosan/drive1/turtlebot3_servingRobot/install/serving_interface/share/serving_interface/hook/ld_library_path_lib.sh'
[3.966s] [34mcolcon.colcon_core.environment[0m [1;30mLevel 1[0m checking '/home/jsh/doosan/drive1/turtlebot3_servingRobot/install/serving_interface/bin'
[3.966s] [34mcolcon.colcon_core.environment[0m [1;30mLevel 1[0m checking '/home/jsh/doosan/drive1/turtlebot3_servingRobot/install/serving_interface/lib/pkgconfig/serving_interface.pc'
[3.967s] [34mcolcon.colcon_core.environment[0m [1;30mLevel 1[0m checking '/home/jsh/doosan/drive1/turtlebot3_servingRobot/install/serving_interface/lib/python3.10/site-packages'
[3.967s] [34mcolcon.colcon_core.environment[0m [1;30mLevel 1[0m checking '/home/jsh/doosan/drive1/turtlebot3_servingRobot/install/serving_interface/bin'
[3.967s] [34mcolcon.colcon_core.shell[0m [1;30mINFO[0m Creating package script '/home/jsh/doosan/drive1/turtlebot3_servingRobot/install/serving_interface/share/serving_interface/package.ps1'
[3.967s] [34mcolcon.colcon_core.shell[0m [1;30mINFO[0m Creating package descriptor '/home/jsh/doosan/drive1/turtlebot3_servingRobot/install/serving_interface/share/serving_interface/package.dsv'
[3.967s] [34mcolcon.colcon_core.shell[0m [1;30mINFO[0m Creating package script '/home/jsh/doosan/drive1/turtlebot3_servingRobot/install/serving_interface/share/serving_interface/package.sh'
[3.968s] [34mcolcon.colcon_core.shell[0m [1;30mINFO[0m Creating package script '/home/jsh/doosan/drive1/turtlebot3_servingRobot/install/serving_interface/share/serving_interface/package.bash'
[3.968s] [34mcolcon.colcon_core.shell[0m [1;30mINFO[0m Creating package script '/home/jsh/doosan/drive1/turtlebot3_servingRobot/install/serving_interface/share/serving_interface/package.zsh'
[3.968s] [34mcolcon.colcon_core.environment[0m [1;30mLevel 1[0m create_file_with_runtime_dependencies(/home/jsh/doosan/drive1/turtlebot3_servingRobot/install/serving_interface/share/colcon-core/packages/serving_interface)
[3.968s] [34mcolcon.colcon_core.environment[0m [1;30mLevel 1[0m create_environment_scripts_only(serving_interface)
[3.969s] [34mcolcon.colcon_core.environment[0m [1;30mLevel 1[0m checking '/home/jsh/doosan/drive1/turtlebot3_servingRobot/install/serving_interface' for CMake module files
[3.969s] [34mcolcon.colcon_core.environment[0m [1;30mLevel 1[0m checking '/home/jsh/doosan/drive1/turtlebot3_servingRobot/install/serving_interface' for CMake config files
[3.969s] [34mcolcon.colcon_core.shell[0m [1;30mLevel 1[0m create_environment_hook('serving_interface', 'cmake_prefix_path')
[3.969s] [34mcolcon.colcon_core.shell[0m [1;30mINFO[0m Creating environment hook '/home/jsh/doosan/drive1/turtlebot3_servingRobot/install/serving_interface/share/serving_interface/hook/cmake_prefix_path.ps1'
[3.969s] [34mcolcon.colcon_core.shell[0m [1;30mINFO[0m Creating environment descriptor '/home/jsh/doosan/drive1/turtlebot3_servingRobot/install/serving_interface/share/serving_interface/hook/cmake_prefix_path.dsv'
[3.970s] [34mcolcon.colcon_core.shell[0m [1;30mINFO[0m Creating environment hook '/home/jsh/doosan/drive1/turtlebot3_servingRobot/install/serving_interface/share/serving_interface/hook/cmake_prefix_path.sh'
[3.970s] [34mcolcon.colcon_core.environment[0m [1;30mLevel 1[0m checking '/home/jsh/doosan/drive1/turtlebot3_servingRobot/install/serving_interface/lib'
[3.970s] [34mcolcon.colcon_core.shell[0m [1;30mLevel 1[0m create_environment_hook('serving_interface', 'ld_library_path_lib')
[3.970s] [34mcolcon.colcon_core.shell[0m [1;30mINFO[0m Creating environment hook '/home/jsh/doosan/drive1/turtlebot3_servingRobot/install/serving_interface/share/serving_interface/hook/ld_library_path_lib.ps1'
[3.970s] [34mcolcon.colcon_core.shell[0m [1;30mINFO[0m Creating environment descriptor '/home/jsh/doosan/drive1/turtlebot3_servingRobot/install/serving_interface/share/serving_interface/hook/ld_library_path_lib.dsv'
[3.971s] [34mcolcon.colcon_core.shell[0m [1;30mINFO[0m Creating environment hook '/home/jsh/doosan/drive1/turtlebot3_servingRobot/install/serving_interface/share/serving_interface/hook/ld_library_path_lib.sh'
[3.971s] [34mcolcon.colcon_core.environment[0m [1;30mLevel 1[0m checking '/home/jsh/doosan/drive1/turtlebot3_servingRobot/install/serving_interface/bin'
[3.971s] [34mcolcon.colcon_core.environment[0m [1;30mLevel 1[0m checking '/home/jsh/doosan/drive1/turtlebot3_servingRobot/install/serving_interface/lib/pkgconfig/serving_interface.pc'
[3.971s] [34mcolcon.colcon_core.environment[0m [1;30mLevel 1[0m checking '/home/jsh/doosan/drive1/turtlebot3_servingRobot/install/serving_interface/lib/python3.10/site-packages'
[3.971s] [34mcolcon.colcon_core.environment[0m [1;30mLevel 1[0m checking '/home/jsh/doosan/drive1/turtlebot3_servingRobot/install/serving_interface/bin'
[3.971s] [34mcolcon.colcon_core.shell[0m [1;30mINFO[0m Creating package script '/home/jsh/doosan/drive1/turtlebot3_servingRobot/install/serving_interface/share/serving_interface/package.ps1'
[3.972s] [34mcolcon.colcon_core.shell[0m [1;30mINFO[0m Creating package descriptor '/home/jsh/doosan/drive1/turtlebot3_servingRobot/install/serving_interface/share/serving_interface/package.dsv'
[3.972s] [34mcolcon.colcon_core.shell[0m [1;30mINFO[0m Creating package script '/home/jsh/doosan/drive1/turtlebot3_servingRobot/install/serving_interface/share/serving_interface/package.sh'
[3.972s] [34mcolcon.colcon_core.shell[0m [1;30mINFO[0m Creating package script '/home/jsh/doosan/drive1/turtlebot3_servingRobot/install/serving_interface/share/serving_interface/package.bash'
[3.972s] [34mcolcon.colcon_core.shell[0m [1;30mINFO[0m Creating package script '/home/jsh/doosan/drive1/turtlebot3_servingRobot/install/serving_interface/share/serving_interface/package.zsh'
[3.973s] [34mcolcon.colcon_core.environment[0m [1;30mLevel 1[0m create_file_with_runtime_dependencies(/home/jsh/doosan/drive1/turtlebot3_servingRobot/install/serving_interface/share/colcon-core/packages/serving_interface)
[3.973s] [34mcolcon.colcon_parallel_executor.executor.parallel[0m [1;30mDEBUG[0m [32mclosing loop[0m
[3.973s] [34mcolcon.colcon_parallel_executor.executor.parallel[0m [1;30mDEBUG[0m [32mloop closed[0m
[3.973s] [34mcolcon.colcon_parallel_executor.executor.parallel[0m [1;30mDEBUG[0m [32mrun_until_complete finished with '0'[0m
[3.973s] [34mcolcon.colcon_core.event_reactor[0m [1;30mDEBUG[0m [32mjoining thread[0m
[3.977s] [34mcolcon.colcon_core.plugin_system[0m [1;30mINFO[0m Skipping extension 'colcon_notification.desktop_notification.terminal_notifier': Not used on non-Darwin systems
[3.977s] [34mcolcon.colcon_core.plugin_system[0m [1;30mINFO[0m Skipping extension 'colcon_notification.desktop_notification.win32': Not used on non-Windows systems
[3.977s] [34mcolcon.colcon_notification.desktop_notification[0m [1;30mINFO[0m Sending desktop notification using 'notify2'
[3.985s] [34mcolcon.colcon_core.event_reactor[0m [1;30mDEBUG[0m [32mjoined thread[0m
[3.986s] [34mcolcon.colcon_core.shell[0m [1;30mINFO[0m Creating prefix script '/home/jsh/doosan/drive1/turtlebot3_servingRobot/install/local_setup.ps1'
[3.987s] [34mcolcon.colcon_core.shell[0m [1;30mINFO[0m Creating prefix util module '/home/jsh/doosan/drive1/turtlebot3_servingRobot/install/_local_setup_util_ps1.py'
[3.988s] [34mcolcon.colcon_core.shell[0m [1;30mINFO[0m Creating prefix chain script '/home/jsh/doosan/drive1/turtlebot3_servingRobot/install/setup.ps1'
[3.989s] [34mcolcon.colcon_core.shell[0m [1;30mINFO[0m Creating prefix script '/home/jsh/doosan/drive1/turtlebot3_servingRobot/install/local_setup.sh'
[3.989s] [34mcolcon.colcon_core.shell[0m [1;30mINFO[0m Creating prefix util module '/home/jsh/doosan/drive1/turtlebot3_servingRobot/install/_local_setup_util_sh.py'
[3.989s] [34mcolcon.colcon_core.shell[0m [1;30mINFO[0m Creating prefix chain script '/home/jsh/doosan/drive1/turtlebot3_servingRobot/install/setup.sh'
[3.991s] [34mcolcon.colcon_core.shell[0m [1;30mINFO[0m Creating prefix script '/home/jsh/doosan/drive1/turtlebot3_servingRobot/install/local_setup.bash'
[3.991s] [34mcolcon.colcon_core.shell[0m [1;30mINFO[0m Creating prefix chain script '/home/jsh/doosan/drive1/turtlebot3_servingRobot/install/setup.bash'
[3.993s] [34mcolcon.colcon_core.shell[0m [1;30mINFO[0m Creating prefix script '/home/jsh/doosan/drive1/turtlebot3_servingRobot/install/local_setup.zsh'
[3.994s] [34mcolcon.colcon_core.shell[0m [1;30mINFO[0m Creating prefix chain script '/home/jsh/doosan/drive1/turtlebot3_servingRobot/install/setup.zsh'
