[0.009s] Invoking command in '/home/yms/rokey_week4_ws/turtlebot3_servingRobot/build/serving_interface': CMAKE_PREFIX_PATH=/opt/ros/humble /usr/bin/cmake /home/yms/rokey_week4_ws/turtlebot3_servingRobot/src/serving_interface -DCMAKE_INSTALL_PREFIX=/home/yms/rokey_week4_ws/turtlebot3_servingRobot/install/serving_interface
[0.056s] -- The C compiler identification is GNU 11.4.0
[0.106s] -- The CXX compiler identification is GNU 11.4.0
[0.114s] -- Detecting C compiler ABI info
[0.176s] -- Detecting C compiler ABI info - done
[0.185s] -- Check for working C compiler: /usr/bin/cc - skipped
[0.185s] -- Detecting C compile features
[0.186s] -- Detecting C compile features - done
[0.189s] -- Detecting CXX compiler ABI info
[0.269s] -- Detecting CXX compiler ABI info - done
[0.279s] -- Check for working CXX compiler: /usr/bin/c++ - skipped
[0.279s] -- Detecting CXX compile features
[0.280s] -- Detecting CXX compile features - done
[0.282s] -- Found ament_cmake: 1.3.10 (/opt/ros/humble/share/ament_cmake/cmake)
[0.423s] -- Found Python3: /usr/bin/python3 (found version "3.10.12") found components: Interpreter 
[0.499s] -- Found builtin_interfaces: 1.2.1 (/opt/ros/humble/share/builtin_interfaces/cmake)
[0.525s] -- Found rosidl_generator_c: 3.1.5 (/opt/ros/humble/share/rosidl_generator_c/cmake)
[0.530s] -- Found rosidl_adapter: 3.1.5 (/opt/ros/humble/share/rosidl_adapter/cmake)
[0.537s] -- Found rosidl_generator_cpp: 3.1.5 (/opt/ros/humble/share/rosidl_generator_cpp/cmake)
[0.547s] -- Using all available rosidl_typesupport_c: rosidl_typesupport_fastrtps_c;rosidl_typesupport_introspection_c
[0.560s] -- Using all available rosidl_typesupport_cpp: rosidl_typesupport_fastrtps_cpp;rosidl_typesupport_introspection_cpp
[0.573s] -- Found rosidl_default_generators: 1.2.0 (/opt/ros/humble/share/rosidl_default_generators/cmake)
[0.837s] -- Found ament_cmake_ros: 0.10.0 (/opt/ros/humble/share/ament_cmake_ros/cmake)
[1.125s] -- Using all available rosidl_typesupport_c: rosidl_typesupport_fastrtps_c;rosidl_typesupport_introspection_c
[1.237s] -- Using all available rosidl_typesupport_cpp: rosidl_typesupport_fastrtps_cpp;rosidl_typesupport_introspection_cpp
[1.259s] -- Found PythonInterp: /usr/bin/python3 (found suitable version "3.10.12", minimum required is "3.6") 
[1.260s] -- Found python_cmake_module: 0.10.0 (/opt/ros/humble/share/python_cmake_module/cmake)
[1.286s] -- Found PythonLibs: /usr/lib/x86_64-linux-gnu/libpython3.10.so (found suitable version "3.10.12", minimum required is "3.5") 
[1.286s] -- Using PYTHON_EXECUTABLE: /usr/bin/python3
[1.286s] -- Using PYTHON_INCLUDE_DIRS: /usr/include/python3.10
[1.286s] -- Using PYTHON_LIBRARIES: /usr/lib/x86_64-linux-gnu/libpython3.10.so
[1.307s] -- Found PythonExtra: .so  
[1.341s] -- Found ament_lint_auto: 0.12.11 (/opt/ros/humble/share/ament_lint_auto/cmake)
[1.361s] -- Added test 'lint_cmake' to check CMake code style
[1.363s] -- Added test 'xmllint' to check XML markup files
[1.365s] -- Configuring done
[1.395s] -- Generating done
[1.398s] -- Build files have been written to: /home/yms/rokey_week4_ws/turtlebot3_servingRobot/build/serving_interface
[1.404s] Invoked command in '/home/yms/rokey_week4_ws/turtlebot3_servingRobot/build/serving_interface' returned '0': CMAKE_PREFIX_PATH=/opt/ros/humble /usr/bin/cmake /home/yms/rokey_week4_ws/turtlebot3_servingRobot/src/serving_interface -DCMAKE_INSTALL_PREFIX=/home/yms/rokey_week4_ws/turtlebot3_servingRobot/install/serving_interface
[1.407s] Invoking command in '/home/yms/rokey_week4_ws/turtlebot3_servingRobot/build/serving_interface': CMAKE_PREFIX_PATH=/opt/ros/humble /usr/bin/cmake --build /home/yms/rokey_week4_ws/turtlebot3_servingRobot/build/serving_interface -- -j8 -l8
[1.443s] [  2%] [34m[1mGenerating C code for ROS interfaces[0m
[1.453s] [  4%] [34m[1mGenerating C++ code for ROS interfaces[0m
[1.461s] [  4%] Built target ament_cmake_python_copy_serving_interface
[1.789s] running egg_info
[1.790s] creating serving_interface.egg-info
[1.790s] writing serving_interface.egg-info/PKG-INFO
[1.791s] writing dependency_links to serving_interface.egg-info/dependency_links.txt
[1.791s] writing top-level names to serving_interface.egg-info/top_level.txt
[1.794s] writing manifest file 'serving_interface.egg-info/SOURCES.txt'
[1.797s] reading manifest file 'serving_interface.egg-info/SOURCES.txt'
[1.798s] writing manifest file 'serving_interface.egg-info/SOURCES.txt'
[1.829s] [  4%] Built target ament_cmake_python_build_serving_interface_egg
[1.927s] [  4%] Built target serving_interface__cpp
[1.941s] [  6%] [34m[1mGenerating C++ type support for eProsima Fast-RTPS[0m
[1.941s] [ 10%] [34m[1mGenerating C++ introspection for ROS interfaces[0m
[1.942s] [ 10%] [34m[1mGenerating C++ type support dispatch for ROS interfaces[0m
[1.975s] [ 12%] [32mBuilding C object CMakeFiles/serving_interface__rosidl_generator_c.dir/rosidl_generator_c/serving_interface/srv/detail/serving_status__functions.c.o[0m
[1.976s] [ 14%] [32mBuilding C object CMakeFiles/serving_interface__rosidl_generator_c.dir/rosidl_generator_c/serving_interface/msg/detail/start_serving__functions.c.o[0m
[1.977s] [ 17%] [32mBuilding C object CMakeFiles/serving_interface__rosidl_generator_c.dir/rosidl_generator_c/serving_interface/srv/detail/order__functions.c.o[0m
[2.068s] [ 19%] [32m[1mLinking C shared library libserving_interface__rosidl_generator_c.so[0m
[2.105s] [ 19%] Built target serving_interface__rosidl_generator_c
[2.116s] [ 21%] [34m[1mGenerating C introspection for ROS interfaces[0m
[2.117s] [ 23%] [34m[1mGenerating C type support for eProsima Fast-RTPS[0m
[2.120s] [ 25%] [34m[1mGenerating C type support dispatch for ROS interfaces[0m
[2.499s] [ 31%] [32mBuilding CXX object CMakeFiles/serving_interface__rosidl_typesupport_fastrtps_cpp.dir/rosidl_typesupport_fastrtps_cpp/serving_interface/srv/detail/dds_fastrtps/order__type_support.cpp.o[0m
[2.499s] [ 31%] [32mBuilding CXX object CMakeFiles/serving_interface__rosidl_typesupport_fastrtps_cpp.dir/rosidl_typesupport_fastrtps_cpp/serving_interface/srv/detail/dds_fastrtps/serving_status__type_support.cpp.o[0m
[2.499s] [ 31%] [32mBuilding CXX object CMakeFiles/serving_interface__rosidl_typesupport_fastrtps_cpp.dir/rosidl_typesupport_fastrtps_cpp/serving_interface/msg/detail/dds_fastrtps/start_serving__type_support.cpp.o[0m
[2.663s] [ 34%] [32mBuilding CXX object CMakeFiles/serving_interface__rosidl_typesupport_cpp.dir/rosidl_typesupport_cpp/serving_interface/msg/start_serving__type_support.cpp.o[0m
[2.786s] [ 36%] [32mBuilding CXX object CMakeFiles/serving_interface__rosidl_typesupport_fastrtps_c.dir/rosidl_typesupport_fastrtps_c/serving_interface/msg/detail/start_serving__type_support_c.cpp.o[0m
[2.800s] [ 38%] [32mBuilding CXX object CMakeFiles/serving_interface__rosidl_typesupport_introspection_cpp.dir/rosidl_typesupport_introspection_cpp/serving_interface/msg/detail/start_serving__type_support.cpp.o[0m
[2.860s] [ 40%] [32mBuilding CXX object CMakeFiles/serving_interface__rosidl_typesupport_c.dir/rosidl_typesupport_c/serving_interface/msg/start_serving__type_support.cpp.o[0m
[2.917s] [ 42%] [32mBuilding CXX object CMakeFiles/serving_interface__rosidl_typesupport_c.dir/rosidl_typesupport_c/serving_interface/srv/order__type_support.cpp.o[0m
[2.978s] [ 44%] [32mBuilding CXX object CMakeFiles/serving_interface__rosidl_typesupport_c.dir/rosidl_typesupport_c/serving_interface/srv/serving_status__type_support.cpp.o[0m
[3.031s] [ 46%] [32m[1mLinking CXX shared library libserving_interface__rosidl_typesupport_c.so[0m
[3.037s] [ 48%] [32mBuilding C object CMakeFiles/serving_interface__rosidl_typesupport_introspection_c.dir/rosidl_typesupport_introspection_c/serving_interface/msg/detail/start_serving__type_support.c.o[0m
[3.098s] [ 51%] [32mBuilding C object CMakeFiles/serving_interface__rosidl_typesupport_introspection_c.dir/rosidl_typesupport_introspection_c/serving_interface/srv/detail/order__type_support.c.o[0m
[3.111s] [ 51%] Built target serving_interface__rosidl_typesupport_c
[3.127s] [ 53%] [32mBuilding CXX object CMakeFiles/serving_interface__rosidl_typesupport_fastrtps_c.dir/rosidl_typesupport_fastrtps_c/serving_interface/srv/detail/order__type_support_c.cpp.o[0m
[3.175s] [ 55%] [32mBuilding C object CMakeFiles/serving_interface__rosidl_typesupport_introspection_c.dir/rosidl_typesupport_introspection_c/serving_interface/srv/detail/serving_status__type_support.c.o[0m
[3.242s] [ 57%] [32m[1mLinking C shared library libserving_interface__rosidl_typesupport_introspection_c.so[0m
[3.249s] [ 59%] [32mBuilding CXX object CMakeFiles/serving_interface__rosidl_typesupport_cpp.dir/rosidl_typesupport_cpp/serving_interface/srv/order__type_support.cpp.o[0m
[3.299s] [ 59%] Built target serving_interface__rosidl_typesupport_introspection_c
[3.316s] [ 61%] [32mBuilding CXX object CMakeFiles/serving_interface__rosidl_typesupport_introspection_cpp.dir/rosidl_typesupport_introspection_cpp/serving_interface/srv/detail/order__type_support.cpp.o[0m
[3.399s] [ 63%] [32mBuilding CXX object CMakeFiles/serving_interface__rosidl_typesupport_introspection_cpp.dir/rosidl_typesupport_introspection_cpp/serving_interface/srv/detail/serving_status__type_support.cpp.o[0m
[3.411s] [ 65%] [32mBuilding CXX object CMakeFiles/serving_interface__rosidl_typesupport_fastrtps_c.dir/rosidl_typesupport_fastrtps_c/serving_interface/srv/detail/serving_status__type_support_c.cpp.o[0m
[3.505s] [ 68%] [32mBuilding CXX object CMakeFiles/serving_interface__rosidl_typesupport_cpp.dir/rosidl_typesupport_cpp/serving_interface/srv/serving_status__type_support.cpp.o[0m
[3.562s] [ 70%] [32m[1mLinking CXX shared library libserving_interface__rosidl_typesupport_fastrtps_cpp.so[0m
[3.730s] [ 70%] Built target serving_interface__rosidl_typesupport_fastrtps_cpp
[3.907s] [ 72%] [32m[1mLinking CXX shared library libserving_interface__rosidl_typesupport_cpp.so[0m
[3.958s] [ 72%] Built target serving_interface__rosidl_typesupport_cpp
[4.006s] [ 74%] [32m[1mLinking CXX shared library libserving_interface__rosidl_typesupport_fastrtps_c.so[0m
[4.069s] [ 76%] [32m[1mLinking CXX shared library libserving_interface__rosidl_typesupport_introspection_cpp.so[0m
[4.094s] [ 76%] Built target serving_interface__rosidl_typesupport_fastrtps_c
[4.154s] [ 76%] Built target serving_interface__rosidl_typesupport_introspection_cpp
[4.175s] [ 76%] Built target serving_interface
[4.197s] [ 78%] [34m[1mGenerating Python code for ROS interfaces[0m
[4.797s] [ 78%] Built target serving_interface__py
[4.816s] [ 85%] [32mBuilding C object CMakeFiles/serving_interface__rosidl_generator_py.dir/rosidl_generator_py/serving_interface/msg/_start_serving_s.c.o[0m
[4.816s] [ 85%] [32mBuilding C object CMakeFiles/serving_interface__rosidl_generator_py.dir/rosidl_generator_py/serving_interface/srv/_serving_status_s.c.o[0m
[4.816s] [ 85%] [32mBuilding C object CMakeFiles/serving_interface__rosidl_generator_py.dir/rosidl_generator_py/serving_interface/srv/_order_s.c.o[0m
[4.964s] [ 87%] [32m[1mLinking C shared library rosidl_generator_py/serving_interface/libserving_interface__rosidl_generator_py.so[0m
[5.001s] [ 87%] Built target serving_interface__rosidl_generator_py
[5.023s] [ 93%] [32mBuilding C object CMakeFiles/serving_interface__rosidl_typesupport_fastrtps_c__pyext.dir/rosidl_generator_py/serving_interface/_serving_interface_s.ep.rosidl_typesupport_fastrtps_c.c.o[0m
[5.023s] [ 93%] [32mBuilding C object CMakeFiles/serving_interface__rosidl_typesupport_introspection_c__pyext.dir/rosidl_generator_py/serving_interface/_serving_interface_s.ep.rosidl_typesupport_introspection_c.c.o[0m
[5.023s] [ 93%] [32mBuilding C object CMakeFiles/serving_interface__rosidl_typesupport_c__pyext.dir/rosidl_generator_py/serving_interface/_serving_interface_s.ep.rosidl_typesupport_c.c.o[0m
[5.151s] [100%] [32m[1mLinking C shared library rosidl_generator_py/serving_interface/serving_interface_s__rosidl_typesupport_introspection_c.cpython-310-x86_64-linux-gnu.so[0m
[5.151s] [100%] [32m[1mLinking C shared library rosidl_generator_py/serving_interface/serving_interface_s__rosidl_typesupport_c.cpython-310-x86_64-linux-gnu.so[0m
[5.151s] [100%] [32m[1mLinking C shared library rosidl_generator_py/serving_interface/serving_interface_s__rosidl_typesupport_fastrtps_c.cpython-310-x86_64-linux-gnu.so[0m
[5.190s] [100%] Built target serving_interface__rosidl_typesupport_fastrtps_c__pyext
[5.190s] [100%] Built target serving_interface__rosidl_typesupport_c__pyext
[5.190s] [100%] Built target serving_interface__rosidl_typesupport_introspection_c__pyext
[5.202s] Invoked command in '/home/yms/rokey_week4_ws/turtlebot3_servingRobot/build/serving_interface' returned '0': CMAKE_PREFIX_PATH=/opt/ros/humble /usr/bin/cmake --build /home/yms/rokey_week4_ws/turtlebot3_servingRobot/build/serving_interface -- -j8 -l8
[5.292s] Invoking command in '/home/yms/rokey_week4_ws/turtlebot3_servingRobot/build/serving_interface': CMAKE_PREFIX_PATH=/opt/ros/humble /usr/bin/cmake --install /home/yms/rokey_week4_ws/turtlebot3_servingRobot/build/serving_interface
[5.300s] -- Install configuration: ""
[5.301s] -- Installing: /home/yms/rokey_week4_ws/turtlebot3_servingRobot/install/serving_interface/share/ament_index/resource_index/rosidl_interfaces/serving_interface
[5.301s] -- Installing: /home/yms/rokey_week4_ws/turtlebot3_servingRobot/install/serving_interface/include/serving_interface/serving_interface
[5.301s] -- Installing: /home/yms/rokey_week4_ws/turtlebot3_servingRobot/install/serving_interface/include/serving_interface/serving_interface/msg
[5.301s] -- Installing: /home/yms/rokey_week4_ws/turtlebot3_servingRobot/install/serving_interface/include/serving_interface/serving_interface/msg/rosidl_generator_c__visibility_control.h
[5.301s] -- Installing: /home/yms/rokey_week4_ws/turtlebot3_servingRobot/install/serving_interface/include/serving_interface/serving_interface/msg/start_serving.h
[5.301s] -- Installing: /home/yms/rokey_week4_ws/turtlebot3_servingRobot/install/serving_interface/include/serving_interface/serving_interface/msg/detail
[5.301s] -- Installing: /home/yms/rokey_week4_ws/turtlebot3_servingRobot/install/serving_interface/include/serving_interface/serving_interface/msg/detail/start_serving__struct.h
[5.301s] -- Installing: /home/yms/rokey_week4_ws/turtlebot3_servingRobot/install/serving_interface/include/serving_interface/serving_interface/msg/detail/start_serving__functions.h
[5.301s] -- Installing: /home/yms/rokey_week4_ws/turtlebot3_servingRobot/install/serving_interface/include/serving_interface/serving_interface/msg/detail/start_serving__functions.c
[5.302s] -- Installing: /home/yms/rokey_week4_ws/turtlebot3_servingRobot/install/serving_interface/include/serving_interface/serving_interface/msg/detail/start_serving__type_support.h
[5.302s] -- Installing: /home/yms/rokey_week4_ws/turtlebot3_servingRobot/install/serving_interface/include/serving_interface/serving_interface/srv
[5.302s] -- Installing: /home/yms/rokey_week4_ws/turtlebot3_servingRobot/install/serving_interface/include/serving_interface/serving_interface/srv/serving_status.h
[5.302s] -- Installing: /home/yms/rokey_week4_ws/turtlebot3_servingRobot/install/serving_interface/include/serving_interface/serving_interface/srv/order.h
[5.302s] -- Installing: /home/yms/rokey_week4_ws/turtlebot3_servingRobot/install/serving_interface/include/serving_interface/serving_interface/srv/detail
[5.302s] -- Installing: /home/yms/rokey_week4_ws/turtlebot3_servingRobot/install/serving_interface/include/serving_interface/serving_interface/srv/detail/serving_status__struct.h
[5.302s] -- Installing: /home/yms/rokey_week4_ws/turtlebot3_servingRobot/install/serving_interface/include/serving_interface/serving_interface/srv/detail/order__functions.h
[5.302s] -- Installing: /home/yms/rokey_week4_ws/turtlebot3_servingRobot/install/serving_interface/include/serving_interface/serving_interface/srv/detail/order__struct.h
[5.302s] -- Installing: /home/yms/rokey_week4_ws/turtlebot3_servingRobot/install/serving_interface/include/serving_interface/serving_interface/srv/detail/serving_status__functions.c
[5.302s] -- Installing: /home/yms/rokey_week4_ws/turtlebot3_servingRobot/install/serving_interface/include/serving_interface/serving_interface/srv/detail/serving_status__functions.h
[5.302s] -- Installing: /home/yms/rokey_week4_ws/turtlebot3_servingRobot/install/serving_interface/include/serving_interface/serving_interface/srv/detail/order__functions.c
[5.302s] -- Installing: /home/yms/rokey_week4_ws/turtlebot3_servingRobot/install/serving_interface/include/serving_interface/serving_interface/srv/detail/order__type_support.h
[5.303s] -- Installing: /home/yms/rokey_week4_ws/turtlebot3_servingRobot/install/serving_interface/include/serving_interface/serving_interface/srv/detail/serving_status__type_support.h
[5.303s] -- Installing: /home/yms/rokey_week4_ws/turtlebot3_servingRobot/install/serving_interface/share/serving_interface/environment/library_path.sh
[5.303s] -- Installing: /home/yms/rokey_week4_ws/turtlebot3_servingRobot/install/serving_interface/share/serving_interface/environment/library_path.dsv
[5.303s] -- Installing: /home/yms/rokey_week4_ws/turtlebot3_servingRobot/install/serving_interface/lib/libserving_interface__rosidl_generator_c.so
[5.303s] -- Set runtime path of "/home/yms/rokey_week4_ws/turtlebot3_servingRobot/install/serving_interface/lib/libserving_interface__rosidl_generator_c.so" to ""
[5.304s] -- Up-to-date: /home/yms/rokey_week4_ws/turtlebot3_servingRobot/install/serving_interface/include/serving_interface/serving_interface
[5.304s] -- Up-to-date: /home/yms/rokey_week4_ws/turtlebot3_servingRobot/install/serving_interface/include/serving_interface/serving_interface/msg
[5.304s] -- Installing: /home/yms/rokey_week4_ws/turtlebot3_servingRobot/install/serving_interface/include/serving_interface/serving_interface/msg/rosidl_typesupport_fastrtps_c__visibility_control.h
[5.304s] -- Up-to-date: /home/yms/rokey_week4_ws/turtlebot3_servingRobot/install/serving_interface/include/serving_interface/serving_interface/msg/detail
[5.304s] -- Installing: /home/yms/rokey_week4_ws/turtlebot3_servingRobot/install/serving_interface/include/serving_interface/serving_interface/msg/detail/start_serving__rosidl_typesupport_fastrtps_c.h
[5.304s] -- Up-to-date: /home/yms/rokey_week4_ws/turtlebot3_servingRobot/install/serving_interface/include/serving_interface/serving_interface/srv
[5.304s] -- Up-to-date: /home/yms/rokey_week4_ws/turtlebot3_servingRobot/install/serving_interface/include/serving_interface/serving_interface/srv/detail
[5.304s] -- Installing: /home/yms/rokey_week4_ws/turtlebot3_servingRobot/install/serving_interface/include/serving_interface/serving_interface/srv/detail/serving_status__rosidl_typesupport_fastrtps_c.h
[5.304s] -- Installing: /home/yms/rokey_week4_ws/turtlebot3_servingRobot/install/serving_interface/include/serving_interface/serving_interface/srv/detail/order__rosidl_typesupport_fastrtps_c.h
[5.304s] -- Installing: /home/yms/rokey_week4_ws/turtlebot3_servingRobot/install/serving_interface/lib/libserving_interface__rosidl_typesupport_fastrtps_c.so
[5.304s] -- Set runtime path of "/home/yms/rokey_week4_ws/turtlebot3_servingRobot/install/serving_interface/lib/libserving_interface__rosidl_typesupport_fastrtps_c.so" to ""
[5.305s] -- Up-to-date: /home/yms/rokey_week4_ws/turtlebot3_servingRobot/install/serving_interface/include/serving_interface/serving_interface
[5.305s] -- Up-to-date: /home/yms/rokey_week4_ws/turtlebot3_servingRobot/install/serving_interface/include/serving_interface/serving_interface/msg
[5.305s] -- Installing: /home/yms/rokey_week4_ws/turtlebot3_servingRobot/install/serving_interface/include/serving_interface/serving_interface/msg/start_serving.hpp
[5.305s] -- Up-to-date: /home/yms/rokey_week4_ws/turtlebot3_servingRobot/install/serving_interface/include/serving_interface/serving_interface/msg/detail
[5.305s] -- Installing: /home/yms/rokey_week4_ws/turtlebot3_servingRobot/install/serving_interface/include/serving_interface/serving_interface/msg/detail/start_serving__traits.hpp
[5.305s] -- Installing: /home/yms/rokey_week4_ws/turtlebot3_servingRobot/install/serving_interface/include/serving_interface/serving_interface/msg/detail/start_serving__builder.hpp
[5.305s] -- Installing: /home/yms/rokey_week4_ws/turtlebot3_servingRobot/install/serving_interface/include/serving_interface/serving_interface/msg/detail/start_serving__struct.hpp
[5.305s] -- Up-to-date: /home/yms/rokey_week4_ws/turtlebot3_servingRobot/install/serving_interface/include/serving_interface/serving_interface/srv
[5.305s] -- Installing: /home/yms/rokey_week4_ws/turtlebot3_servingRobot/install/serving_interface/include/serving_interface/serving_interface/srv/order.hpp
[5.305s] -- Installing: /home/yms/rokey_week4_ws/turtlebot3_servingRobot/install/serving_interface/include/serving_interface/serving_interface/srv/serving_status.hpp
[5.305s] -- Up-to-date: /home/yms/rokey_week4_ws/turtlebot3_servingRobot/install/serving_interface/include/serving_interface/serving_interface/srv/detail
[5.305s] -- Installing: /home/yms/rokey_week4_ws/turtlebot3_servingRobot/install/serving_interface/include/serving_interface/serving_interface/srv/detail/serving_status__builder.hpp
[5.305s] -- Installing: /home/yms/rokey_week4_ws/turtlebot3_servingRobot/install/serving_interface/include/serving_interface/serving_interface/srv/detail/order__struct.hpp
[5.306s] -- Installing: /home/yms/rokey_week4_ws/turtlebot3_servingRobot/install/serving_interface/include/serving_interface/serving_interface/srv/detail/serving_status__traits.hpp
[5.306s] -- Installing: /home/yms/rokey_week4_ws/turtlebot3_servingRobot/install/serving_interface/include/serving_interface/serving_interface/srv/detail/order__traits.hpp
[5.306s] -- Installing: /home/yms/rokey_week4_ws/turtlebot3_servingRobot/install/serving_interface/include/serving_interface/serving_interface/srv/detail/serving_status__struct.hpp
[5.306s] -- Installing: /home/yms/rokey_week4_ws/turtlebot3_servingRobot/install/serving_interface/include/serving_interface/serving_interface/srv/detail/order__builder.hpp
[5.306s] -- Up-to-date: /home/yms/rokey_week4_ws/turtlebot3_servingRobot/install/serving_interface/include/serving_interface/serving_interface
[5.306s] -- Up-to-date: /home/yms/rokey_week4_ws/turtlebot3_servingRobot/install/serving_interface/include/serving_interface/serving_interface/msg
[5.306s] -- Installing: /home/yms/rokey_week4_ws/turtlebot3_servingRobot/install/serving_interface/include/serving_interface/serving_interface/msg/rosidl_typesupport_fastrtps_cpp__visibility_control.h
[5.306s] -- Up-to-date: /home/yms/rokey_week4_ws/turtlebot3_servingRobot/install/serving_interface/include/serving_interface/serving_interface/msg/detail
[5.306s] -- Installing: /home/yms/rokey_week4_ws/turtlebot3_servingRobot/install/serving_interface/include/serving_interface/serving_interface/msg/detail/start_serving__rosidl_typesupport_fastrtps_cpp.hpp
[5.306s] -- Installing: /home/yms/rokey_week4_ws/turtlebot3_servingRobot/install/serving_interface/include/serving_interface/serving_interface/msg/detail/dds_fastrtps
[5.306s] -- Up-to-date: /home/yms/rokey_week4_ws/turtlebot3_servingRobot/install/serving_interface/include/serving_interface/serving_interface/srv
[5.306s] -- Up-to-date: /home/yms/rokey_week4_ws/turtlebot3_servingRobot/install/serving_interface/include/serving_interface/serving_interface/srv/detail
[5.306s] -- Installing: /home/yms/rokey_week4_ws/turtlebot3_servingRobot/install/serving_interface/include/serving_interface/serving_interface/srv/detail/serving_status__rosidl_typesupport_fastrtps_cpp.hpp
[5.307s] -- Installing: /home/yms/rokey_week4_ws/turtlebot3_servingRobot/install/serving_interface/include/serving_interface/serving_interface/srv/detail/dds_fastrtps
[5.307s] -- Installing: /home/yms/rokey_week4_ws/turtlebot3_servingRobot/install/serving_interface/include/serving_interface/serving_interface/srv/detail/order__rosidl_typesupport_fastrtps_cpp.hpp
[5.307s] -- Installing: /home/yms/rokey_week4_ws/turtlebot3_servingRobot/install/serving_interface/lib/libserving_interface__rosidl_typesupport_fastrtps_cpp.so
[5.307s] -- Set runtime path of "/home/yms/rokey_week4_ws/turtlebot3_servingRobot/install/serving_interface/lib/libserving_interface__rosidl_typesupport_fastrtps_cpp.so" to ""
[5.307s] -- Up-to-date: /home/yms/rokey_week4_ws/turtlebot3_servingRobot/install/serving_interface/include/serving_interface/serving_interface
[5.307s] -- Up-to-date: /home/yms/rokey_week4_ws/turtlebot3_servingRobot/install/serving_interface/include/serving_interface/serving_interface/msg
[5.307s] -- Installing: /home/yms/rokey_week4_ws/turtlebot3_servingRobot/install/serving_interface/include/serving_interface/serving_interface/msg/rosidl_typesupport_introspection_c__visibility_control.h
[5.307s] -- Up-to-date: /home/yms/rokey_week4_ws/turtlebot3_servingRobot/install/serving_interface/include/serving_interface/serving_interface/msg/detail
[5.307s] -- Installing: /home/yms/rokey_week4_ws/turtlebot3_servingRobot/install/serving_interface/include/serving_interface/serving_interface/msg/detail/start_serving__type_support.c
[5.307s] -- Installing: /home/yms/rokey_week4_ws/turtlebot3_servingRobot/install/serving_interface/include/serving_interface/serving_interface/msg/detail/start_serving__rosidl_typesupport_introspection_c.h
[5.307s] -- Up-to-date: /home/yms/rokey_week4_ws/turtlebot3_servingRobot/install/serving_interface/include/serving_interface/serving_interface/srv
[5.308s] -- Up-to-date: /home/yms/rokey_week4_ws/turtlebot3_servingRobot/install/serving_interface/include/serving_interface/serving_interface/srv/detail
[5.308s] -- Installing: /home/yms/rokey_week4_ws/turtlebot3_servingRobot/install/serving_interface/include/serving_interface/serving_interface/srv/detail/order__rosidl_typesupport_introspection_c.h
[5.308s] -- Installing: /home/yms/rokey_week4_ws/turtlebot3_servingRobot/install/serving_interface/include/serving_interface/serving_interface/srv/detail/order__type_support.c
[5.308s] -- Installing: /home/yms/rokey_week4_ws/turtlebot3_servingRobot/install/serving_interface/include/serving_interface/serving_interface/srv/detail/serving_status__type_support.c
[5.308s] -- Installing: /home/yms/rokey_week4_ws/turtlebot3_servingRobot/install/serving_interface/include/serving_interface/serving_interface/srv/detail/serving_status__rosidl_typesupport_introspection_c.h
[5.308s] -- Installing: /home/yms/rokey_week4_ws/turtlebot3_servingRobot/install/serving_interface/lib/libserving_interface__rosidl_typesupport_introspection_c.so
[5.308s] -- Set runtime path of "/home/yms/rokey_week4_ws/turtlebot3_servingRobot/install/serving_interface/lib/libserving_interface__rosidl_typesupport_introspection_c.so" to ""
[5.308s] -- Installing: /home/yms/rokey_week4_ws/turtlebot3_servingRobot/install/serving_interface/lib/libserving_interface__rosidl_typesupport_c.so
[5.309s] -- Set runtime path of "/home/yms/rokey_week4_ws/turtlebot3_servingRobot/install/serving_interface/lib/libserving_interface__rosidl_typesupport_c.so" to ""
[5.309s] -- Up-to-date: /home/yms/rokey_week4_ws/turtlebot3_servingRobot/install/serving_interface/include/serving_interface/serving_interface
[5.309s] -- Up-to-date: /home/yms/rokey_week4_ws/turtlebot3_servingRobot/install/serving_interface/include/serving_interface/serving_interface/msg
[5.309s] -- Up-to-date: /home/yms/rokey_week4_ws/turtlebot3_servingRobot/install/serving_interface/include/serving_interface/serving_interface/msg/detail
[5.309s] -- Installing: /home/yms/rokey_week4_ws/turtlebot3_servingRobot/install/serving_interface/include/serving_interface/serving_interface/msg/detail/start_serving__type_support.cpp
[5.309s] -- Installing: /home/yms/rokey_week4_ws/turtlebot3_servingRobot/install/serving_interface/include/serving_interface/serving_interface/msg/detail/start_serving__rosidl_typesupport_introspection_cpp.hpp
[5.309s] -- Up-to-date: /home/yms/rokey_week4_ws/turtlebot3_servingRobot/install/serving_interface/include/serving_interface/serving_interface/srv
[5.309s] -- Up-to-date: /home/yms/rokey_week4_ws/turtlebot3_servingRobot/install/serving_interface/include/serving_interface/serving_interface/srv/detail
[5.309s] -- Installing: /home/yms/rokey_week4_ws/turtlebot3_servingRobot/install/serving_interface/include/serving_interface/serving_interface/srv/detail/order__rosidl_typesupport_introspection_cpp.hpp
[5.309s] -- Installing: /home/yms/rokey_week4_ws/turtlebot3_servingRobot/install/serving_interface/include/serving_interface/serving_interface/srv/detail/serving_status__type_support.cpp
[5.310s] -- Installing: /home/yms/rokey_week4_ws/turtlebot3_servingRobot/install/serving_interface/include/serving_interface/serving_interface/srv/detail/order__type_support.cpp
[5.310s] -- Installing: /home/yms/rokey_week4_ws/turtlebot3_servingRobot/install/serving_interface/include/serving_interface/serving_interface/srv/detail/serving_status__rosidl_typesupport_introspection_cpp.hpp
[5.310s] -- Installing: /home/yms/rokey_week4_ws/turtlebot3_servingRobot/install/serving_interface/lib/libserving_interface__rosidl_typesupport_introspection_cpp.so
[5.310s] -- Set runtime path of "/home/yms/rokey_week4_ws/turtlebot3_servingRobot/install/serving_interface/lib/libserving_interface__rosidl_typesupport_introspection_cpp.so" to ""
[5.310s] -- Installing: /home/yms/rokey_week4_ws/turtlebot3_servingRobot/install/serving_interface/lib/libserving_interface__rosidl_typesupport_cpp.so
[5.310s] -- Set runtime path of "/home/yms/rokey_week4_ws/turtlebot3_servingRobot/install/serving_interface/lib/libserving_interface__rosidl_typesupport_cpp.so" to ""
[5.310s] -- Installing: /home/yms/rokey_week4_ws/turtlebot3_servingRobot/install/serving_interface/share/serving_interface/environment/pythonpath.sh
[5.310s] -- Installing: /home/yms/rokey_week4_ws/turtlebot3_servingRobot/install/serving_interface/share/serving_interface/environment/pythonpath.dsv
[5.311s] -- Installing: /home/yms/rokey_week4_ws/turtlebot3_servingRobot/install/serving_interface/local/lib/python3.10/dist-packages/serving_interface-0.0.0-py3.10.egg-info
[5.311s] -- Installing: /home/yms/rokey_week4_ws/turtlebot3_servingRobot/install/serving_interface/local/lib/python3.10/dist-packages/serving_interface-0.0.0-py3.10.egg-info/dependency_links.txt
[5.311s] -- Installing: /home/yms/rokey_week4_ws/turtlebot3_servingRobot/install/serving_interface/local/lib/python3.10/dist-packages/serving_interface-0.0.0-py3.10.egg-info/top_level.txt
[5.311s] -- Installing: /home/yms/rokey_week4_ws/turtlebot3_servingRobot/install/serving_interface/local/lib/python3.10/dist-packages/serving_interface-0.0.0-py3.10.egg-info/SOURCES.txt
[5.312s] -- Installing: /home/yms/rokey_week4_ws/turtlebot3_servingRobot/install/serving_interface/local/lib/python3.10/dist-packages/serving_interface-0.0.0-py3.10.egg-info/PKG-INFO
[5.312s] -- Installing: /home/yms/rokey_week4_ws/turtlebot3_servingRobot/install/serving_interface/local/lib/python3.10/dist-packages/serving_interface
[5.312s] -- Installing: /home/yms/rokey_week4_ws/turtlebot3_servingRobot/install/serving_interface/local/lib/python3.10/dist-packages/serving_interface/msg
[5.312s] -- Installing: /home/yms/rokey_week4_ws/turtlebot3_servingRobot/install/serving_interface/local/lib/python3.10/dist-packages/serving_interface/msg/_start_serving.py
[5.312s] -- Installing: /home/yms/rokey_week4_ws/turtlebot3_servingRobot/install/serving_interface/local/lib/python3.10/dist-packages/serving_interface/msg/_start_serving_s.c
[5.312s] -- Installing: /home/yms/rokey_week4_ws/turtlebot3_servingRobot/install/serving_interface/local/lib/python3.10/dist-packages/serving_interface/msg/__init__.py
[5.312s] -- Installing: /home/yms/rokey_week4_ws/turtlebot3_servingRobot/install/serving_interface/local/lib/python3.10/dist-packages/serving_interface/serving_interface_s__rosidl_typesupport_c.cpython-310-x86_64-linux-gnu.so
[5.312s] -- Installing: /home/yms/rokey_week4_ws/turtlebot3_servingRobot/install/serving_interface/local/lib/python3.10/dist-packages/serving_interface/_serving_interface_s.ep.rosidl_typesupport_fastrtps_c.c
[5.312s] -- Installing: /home/yms/rokey_week4_ws/turtlebot3_servingRobot/install/serving_interface/local/lib/python3.10/dist-packages/serving_interface/_serving_interface_s.ep.rosidl_typesupport_introspection_c.c
[5.312s] -- Installing: /home/yms/rokey_week4_ws/turtlebot3_servingRobot/install/serving_interface/local/lib/python3.10/dist-packages/serving_interface/_serving_interface_s.ep.rosidl_typesupport_c.c
[5.312s] -- Installing: /home/yms/rokey_week4_ws/turtlebot3_servingRobot/install/serving_interface/local/lib/python3.10/dist-packages/serving_interface/libserving_interface__rosidl_generator_py.so
[5.312s] -- Installing: /home/yms/rokey_week4_ws/turtlebot3_servingRobot/install/serving_interface/local/lib/python3.10/dist-packages/serving_interface/__init__.py
[5.313s] -- Installing: /home/yms/rokey_week4_ws/turtlebot3_servingRobot/install/serving_interface/local/lib/python3.10/dist-packages/serving_interface/serving_interface_s__rosidl_typesupport_introspection_c.cpython-310-x86_64-linux-gnu.so
[5.313s] -- Installing: /home/yms/rokey_week4_ws/turtlebot3_servingRobot/install/serving_interface/local/lib/python3.10/dist-packages/serving_interface/srv
[5.313s] -- Installing: /home/yms/rokey_week4_ws/turtlebot3_servingRobot/install/serving_interface/local/lib/python3.10/dist-packages/serving_interface/srv/_serving_status_s.c
[5.313s] -- Installing: /home/yms/rokey_week4_ws/turtlebot3_servingRobot/install/serving_interface/local/lib/python3.10/dist-packages/serving_interface/srv/_order.py
[5.313s] -- Installing: /home/yms/rokey_week4_ws/turtlebot3_servingRobot/install/serving_interface/local/lib/python3.10/dist-packages/serving_interface/srv/_serving_status.py
[5.313s] -- Installing: /home/yms/rokey_week4_ws/turtlebot3_servingRobot/install/serving_interface/local/lib/python3.10/dist-packages/serving_interface/srv/_order_s.c
[5.313s] -- Installing: /home/yms/rokey_week4_ws/turtlebot3_servingRobot/install/serving_interface/local/lib/python3.10/dist-packages/serving_interface/srv/__init__.py
[5.313s] -- Installing: /home/yms/rokey_week4_ws/turtlebot3_servingRobot/install/serving_interface/local/lib/python3.10/dist-packages/serving_interface/serving_interface_s__rosidl_typesupport_fastrtps_c.cpython-310-x86_64-linux-gnu.so
[5.349s] Listing '/home/yms/rokey_week4_ws/turtlebot3_servingRobot/install/serving_interface/local/lib/python3.10/dist-packages/serving_interface'...
[5.349s] Compiling '/home/yms/rokey_week4_ws/turtlebot3_servingRobot/install/serving_interface/local/lib/python3.10/dist-packages/serving_interface/__init__.py'...
[5.349s] Listing '/home/yms/rokey_week4_ws/turtlebot3_servingRobot/install/serving_interface/local/lib/python3.10/dist-packages/serving_interface/msg'...
[5.349s] Compiling '/home/yms/rokey_week4_ws/turtlebot3_servingRobot/install/serving_interface/local/lib/python3.10/dist-packages/serving_interface/msg/__init__.py'...
[5.349s] Compiling '/home/yms/rokey_week4_ws/turtlebot3_servingRobot/install/serving_interface/local/lib/python3.10/dist-packages/serving_interface/msg/_start_serving.py'...
[5.349s] Listing '/home/yms/rokey_week4_ws/turtlebot3_servingRobot/install/serving_interface/local/lib/python3.10/dist-packages/serving_interface/srv'...
[5.349s] Compiling '/home/yms/rokey_week4_ws/turtlebot3_servingRobot/install/serving_interface/local/lib/python3.10/dist-packages/serving_interface/srv/__init__.py'...
[5.349s] Compiling '/home/yms/rokey_week4_ws/turtlebot3_servingRobot/install/serving_interface/local/lib/python3.10/dist-packages/serving_interface/srv/_order.py'...
[5.349s] Compiling '/home/yms/rokey_week4_ws/turtlebot3_servingRobot/install/serving_interface/local/lib/python3.10/dist-packages/serving_interface/srv/_serving_status.py'...
[5.354s] -- Installing: /home/yms/rokey_week4_ws/turtlebot3_servingRobot/install/serving_interface/local/lib/python3.10/dist-packages/serving_interface/serving_interface_s__rosidl_typesupport_fastrtps_c.cpython-310-x86_64-linux-gnu.so
[5.355s] -- Set runtime path of "/home/yms/rokey_week4_ws/turtlebot3_servingRobot/install/serving_interface/local/lib/python3.10/dist-packages/serving_interface/serving_interface_s__rosidl_typesupport_fastrtps_c.cpython-310-x86_64-linux-gnu.so" to ""
[5.355s] -- Installing: /home/yms/rokey_week4_ws/turtlebot3_servingRobot/install/serving_interface/local/lib/python3.10/dist-packages/serving_interface/serving_interface_s__rosidl_typesupport_introspection_c.cpython-310-x86_64-linux-gnu.so
[5.355s] -- Set runtime path of "/home/yms/rokey_week4_ws/turtlebot3_servingRobot/install/serving_interface/local/lib/python3.10/dist-packages/serving_interface/serving_interface_s__rosidl_typesupport_introspection_c.cpython-310-x86_64-linux-gnu.so" to ""
[5.355s] -- Installing: /home/yms/rokey_week4_ws/turtlebot3_servingRobot/install/serving_interface/local/lib/python3.10/dist-packages/serving_interface/serving_interface_s__rosidl_typesupport_c.cpython-310-x86_64-linux-gnu.so
[5.356s] -- Set runtime path of "/home/yms/rokey_week4_ws/turtlebot3_servingRobot/install/serving_interface/local/lib/python3.10/dist-packages/serving_interface/serving_interface_s__rosidl_typesupport_c.cpython-310-x86_64-linux-gnu.so" to ""
[5.356s] -- Installing: /home/yms/rokey_week4_ws/turtlebot3_servingRobot/install/serving_interface/lib/libserving_interface__rosidl_generator_py.so
[5.356s] -- Set runtime path of "/home/yms/rokey_week4_ws/turtlebot3_servingRobot/install/serving_interface/lib/libserving_interface__rosidl_generator_py.so" to ""
[5.356s] -- Installing: /home/yms/rokey_week4_ws/turtlebot3_servingRobot/install/serving_interface/share/serving_interface/msg/StartServing.idl
[5.356s] -- Installing: /home/yms/rokey_week4_ws/turtlebot3_servingRobot/install/serving_interface/share/serving_interface/srv/Order.idl
[5.357s] -- Installing: /home/yms/rokey_week4_ws/turtlebot3_servingRobot/install/serving_interface/share/serving_interface/srv/ServingStatus.idl
[5.357s] -- Installing: /home/yms/rokey_week4_ws/turtlebot3_servingRobot/install/serving_interface/share/serving_interface/msg/StartServing.msg
[5.357s] -- Installing: /home/yms/rokey_week4_ws/turtlebot3_servingRobot/install/serving_interface/share/serving_interface/srv/Order.srv
[5.357s] -- Installing: /home/yms/rokey_week4_ws/turtlebot3_servingRobot/install/serving_interface/share/serving_interface/srv/Order_Request.msg
[5.357s] -- Installing: /home/yms/rokey_week4_ws/turtlebot3_servingRobot/install/serving_interface/share/serving_interface/srv/Order_Response.msg
[5.357s] -- Installing: /home/yms/rokey_week4_ws/turtlebot3_servingRobot/install/serving_interface/share/serving_interface/srv/ServingStatus.srv
[5.357s] -- Installing: /home/yms/rokey_week4_ws/turtlebot3_servingRobot/install/serving_interface/share/serving_interface/srv/ServingStatus_Request.msg
[5.358s] -- Installing: /home/yms/rokey_week4_ws/turtlebot3_servingRobot/install/serving_interface/share/serving_interface/srv/ServingStatus_Response.msg
[5.358s] -- Installing: /home/yms/rokey_week4_ws/turtlebot3_servingRobot/install/serving_interface/share/ament_index/resource_index/package_run_dependencies/serving_interface
[5.358s] -- Installing: /home/yms/rokey_week4_ws/turtlebot3_servingRobot/install/serving_interface/share/ament_index/resource_index/parent_prefix_path/serving_interface
[5.358s] -- Installing: /home/yms/rokey_week4_ws/turtlebot3_servingRobot/install/serving_interface/share/serving_interface/environment/ament_prefix_path.sh
[5.358s] -- Installing: /home/yms/rokey_week4_ws/turtlebot3_servingRobot/install/serving_interface/share/serving_interface/environment/ament_prefix_path.dsv
[5.358s] -- Installing: /home/yms/rokey_week4_ws/turtlebot3_servingRobot/install/serving_interface/share/serving_interface/environment/path.sh
[5.358s] -- Installing: /home/yms/rokey_week4_ws/turtlebot3_servingRobot/install/serving_interface/share/serving_interface/environment/path.dsv
[5.358s] -- Installing: /home/yms/rokey_week4_ws/turtlebot3_servingRobot/install/serving_interface/share/serving_interface/local_setup.bash
[5.359s] -- Installing: /home/yms/rokey_week4_ws/turtlebot3_servingRobot/install/serving_interface/share/serving_interface/local_setup.sh
[5.359s] -- Installing: /home/yms/rokey_week4_ws/turtlebot3_servingRobot/install/serving_interface/share/serving_interface/local_setup.zsh
[5.359s] -- Installing: /home/yms/rokey_week4_ws/turtlebot3_servingRobot/install/serving_interface/share/serving_interface/local_setup.dsv
[5.359s] -- Installing: /home/yms/rokey_week4_ws/turtlebot3_servingRobot/install/serving_interface/share/serving_interface/package.dsv
[5.359s] -- Installing: /home/yms/rokey_week4_ws/turtlebot3_servingRobot/install/serving_interface/share/ament_index/resource_index/packages/serving_interface
[5.359s] -- Installing: /home/yms/rokey_week4_ws/turtlebot3_servingRobot/install/serving_interface/share/serving_interface/cmake/export_serving_interface__rosidl_generator_cExport.cmake
[5.360s] -- Installing: /home/yms/rokey_week4_ws/turtlebot3_servingRobot/install/serving_interface/share/serving_interface/cmake/export_serving_interface__rosidl_generator_cExport-noconfig.cmake
[5.360s] -- Installing: /home/yms/rokey_week4_ws/turtlebot3_servingRobot/install/serving_interface/share/serving_interface/cmake/export_serving_interface__rosidl_typesupport_fastrtps_cExport.cmake
[5.360s] -- Installing: /home/yms/rokey_week4_ws/turtlebot3_servingRobot/install/serving_interface/share/serving_interface/cmake/export_serving_interface__rosidl_typesupport_fastrtps_cExport-noconfig.cmake
[5.360s] -- Installing: /home/yms/rokey_week4_ws/turtlebot3_servingRobot/install/serving_interface/share/serving_interface/cmake/export_serving_interface__rosidl_generator_cppExport.cmake
[5.360s] -- Installing: /home/yms/rokey_week4_ws/turtlebot3_servingRobot/install/serving_interface/share/serving_interface/cmake/export_serving_interface__rosidl_typesupport_fastrtps_cppExport.cmake
[5.360s] -- Installing: /home/yms/rokey_week4_ws/turtlebot3_servingRobot/install/serving_interface/share/serving_interface/cmake/export_serving_interface__rosidl_typesupport_fastrtps_cppExport-noconfig.cmake
[5.360s] -- Installing: /home/yms/rokey_week4_ws/turtlebot3_servingRobot/install/serving_interface/share/serving_interface/cmake/serving_interface__rosidl_typesupport_introspection_cExport.cmake
[5.361s] -- Installing: /home/yms/rokey_week4_ws/turtlebot3_servingRobot/install/serving_interface/share/serving_interface/cmake/serving_interface__rosidl_typesupport_introspection_cExport-noconfig.cmake
[5.361s] -- Installing: /home/yms/rokey_week4_ws/turtlebot3_servingRobot/install/serving_interface/share/serving_interface/cmake/serving_interface__rosidl_typesupport_cExport.cmake
[5.361s] -- Installing: /home/yms/rokey_week4_ws/turtlebot3_servingRobot/install/serving_interface/share/serving_interface/cmake/serving_interface__rosidl_typesupport_cExport-noconfig.cmake
[5.361s] -- Installing: /home/yms/rokey_week4_ws/turtlebot3_servingRobot/install/serving_interface/share/serving_interface/cmake/serving_interface__rosidl_typesupport_introspection_cppExport.cmake
[5.361s] -- Installing: /home/yms/rokey_week4_ws/turtlebot3_servingRobot/install/serving_interface/share/serving_interface/cmake/serving_interface__rosidl_typesupport_introspection_cppExport-noconfig.cmake
[5.361s] -- Installing: /home/yms/rokey_week4_ws/turtlebot3_servingRobot/install/serving_interface/share/serving_interface/cmake/serving_interface__rosidl_typesupport_cppExport.cmake
[5.361s] -- Installing: /home/yms/rokey_week4_ws/turtlebot3_servingRobot/install/serving_interface/share/serving_interface/cmake/serving_interface__rosidl_typesupport_cppExport-noconfig.cmake
[5.362s] -- Installing: /home/yms/rokey_week4_ws/turtlebot3_servingRobot/install/serving_interface/share/serving_interface/cmake/export_serving_interface__rosidl_generator_pyExport.cmake
[5.362s] -- Installing: /home/yms/rokey_week4_ws/turtlebot3_servingRobot/install/serving_interface/share/serving_interface/cmake/export_serving_interface__rosidl_generator_pyExport-noconfig.cmake
[5.362s] -- Installing: /home/yms/rokey_week4_ws/turtlebot3_servingRobot/install/serving_interface/share/serving_interface/cmake/rosidl_cmake-extras.cmake
[5.362s] -- Installing: /home/yms/rokey_week4_ws/turtlebot3_servingRobot/install/serving_interface/share/serving_interface/cmake/ament_cmake_export_dependencies-extras.cmake
[5.362s] -- Installing: /home/yms/rokey_week4_ws/turtlebot3_servingRobot/install/serving_interface/share/serving_interface/cmake/ament_cmake_export_include_directories-extras.cmake
[5.362s] -- Installing: /home/yms/rokey_week4_ws/turtlebot3_servingRobot/install/serving_interface/share/serving_interface/cmake/ament_cmake_export_libraries-extras.cmake
[5.362s] -- Installing: /home/yms/rokey_week4_ws/turtlebot3_servingRobot/install/serving_interface/share/serving_interface/cmake/ament_cmake_export_targets-extras.cmake
[5.363s] -- Installing: /home/yms/rokey_week4_ws/turtlebot3_servingRobot/install/serving_interface/share/serving_interface/cmake/rosidl_cmake_export_typesupport_targets-extras.cmake
[5.363s] -- Installing: /home/yms/rokey_week4_ws/turtlebot3_servingRobot/install/serving_interface/share/serving_interface/cmake/rosidl_cmake_export_typesupport_libraries-extras.cmake
[5.363s] -- Installing: /home/yms/rokey_week4_ws/turtlebot3_servingRobot/install/serving_interface/share/serving_interface/cmake/serving_interfaceConfig.cmake
[5.363s] -- Installing: /home/yms/rokey_week4_ws/turtlebot3_servingRobot/install/serving_interface/share/serving_interface/cmake/serving_interfaceConfig-version.cmake
[5.363s] -- Installing: /home/yms/rokey_week4_ws/turtlebot3_servingRobot/install/serving_interface/share/serving_interface/package.xml
[5.366s] Invoked command in '/home/yms/rokey_week4_ws/turtlebot3_servingRobot/build/serving_interface' returned '0': CMAKE_PREFIX_PATH=/opt/ros/humble /usr/bin/cmake --install /home/yms/rokey_week4_ws/turtlebot3_servingRobot/build/serving_interface
