[0.241s] [34mcolcon[0m [1;30mDEBUG[0m [32mCommand line arguments: ['/usr/bin/colcon', 'build'][0m
[0.241s] [34mcolcon[0m [1;30mDEBUG[0m [32mParsed command line arguments: Namespace(log_base=None, log_level=None, verb_name='build', build_base='build', install_base='install', merge_install=False, symlink_install=False, test_result_base=None, continue_on_error=False, executor='parallel', parallel_workers=8, event_handlers=None, ignore_user_meta=False, metas=['./colcon.meta'], base_paths=['.'], packages_ignore=None, packages_ignore_regex=None, paths=None, packages_up_to=None, packages_up_to_regex=None, packages_above=None, packages_above_and_dependencies=None, packages_above_depth=None, packages_select_by_dep=None, packages_skip_by_dep=None, packages_skip_up_to=None, packages_select_build_failed=False, packages_skip_build_finished=False, packages_select_test_failures=False, packages_skip_test_passed=False, packages_select=None, packages_skip=None, packages_select_regex=None, packages_skip_regex=None, packages_start=None, packages_end=None, allow_overriding=[], cmake_args=None, cmake_target=None, cmake_target_skip_unavailable=False, cmake_clean_cache=False, cmake_clean_first=False, cmake_force_configure=False, ament_cmake_args=None, catkin_cmake_args=None, catkin_skip_building_tests=False, mixin_files=None, mixin=None, verb_parser=<colcon_mixin.mixin.mixin_argument.MixinArgumentDecorator object at 0x7dfe32950220>, verb_extension=<colcon_core.verb.build.BuildVerb object at 0x7dfe3291fd30>, main=<bound method BuildVerb.main of <colcon_core.verb.build.BuildVerb object at 0x7dfe3291fd30>>, mixin_verb=('build',))[0m
[0.664s] [34mcolcon.colcon_core.package_discovery[0m [1;30mLevel 1[0m discover_packages(colcon_meta) check parameters
[0.665s] [34mcolcon.colcon_core.package_discovery[0m [1;30mLevel 1[0m discover_packages(recursive) check parameters
[0.665s] [34mcolcon.colcon_core.package_discovery[0m [1;30mLevel 1[0m discover_packages(ignore) check parameters
[0.665s] [34mcolcon.colcon_core.package_discovery[0m [1;30mLevel 1[0m discover_packages(path) check parameters
[0.665s] [34mcolcon.colcon_core.package_discovery[0m [1;30mLevel 1[0m discover_packages(colcon_meta) discover
[0.665s] [34mcolcon.colcon_core.package_discovery[0m [1;30mLevel 1[0m discover_packages(recursive) discover
[0.665s] [34mcolcon.colcon_core.package_discovery[0m [1;30mINFO[0m Crawling recursively for packages in '/home/jsh/doosan/drive1/turtlebot3_servingRobot'
[0.665s] [34mcolcon.colcon_core.package_identification[0m [1;30mLevel 1[0m _identify(.) by extensions ['ignore', 'ignore_ament_install']
[0.665s] [34mcolcon.colcon_core.package_identification[0m [1;30mLevel 1[0m _identify(.) by extension 'ignore'
[0.665s] [34mcolcon.colcon_core.package_identification[0m [1;30mLevel 1[0m _identify(.) by extension 'ignore_ament_install'
[0.665s] [34mcolcon.colcon_core.package_identification[0m [1;30mLevel 1[0m _identify(.) by extensions ['colcon_pkg']
[0.666s] [34mcolcon.colcon_core.package_identification[0m [1;30mLevel 1[0m _identify(.) by extension 'colcon_pkg'
[0.666s] [34mcolcon.colcon_core.package_identification[0m [1;30mLevel 1[0m _identify(.) by extensions ['colcon_meta']
[0.666s] [34mcolcon.colcon_core.package_identification[0m [1;30mLevel 1[0m _identify(.) by extension 'colcon_meta'
[0.666s] [34mcolcon.colcon_core.package_identification[0m [1;30mLevel 1[0m _identify(.) by extensions ['ros']
[0.666s] [34mcolcon.colcon_core.package_identification[0m [1;30mLevel 1[0m _identify(.) by extension 'ros'
[0.696s] [34mcolcon.colcon_core.package_identification[0m [1;30mLevel 1[0m _identify(.) by extensions ['cmake', 'python']
[0.696s] [34mcolcon.colcon_core.package_identification[0m [1;30mLevel 1[0m _identify(.) by extension 'cmake'
[0.696s] [34mcolcon.colcon_core.package_identification[0m [1;30mLevel 1[0m _identify(.) by extension 'python'
[0.696s] [34mcolcon.colcon_core.package_identification[0m [1;30mLevel 1[0m _identify(.) by extensions ['python_setup_py']
[0.696s] [34mcolcon.colcon_core.package_identification[0m [1;30mLevel 1[0m _identify(.) by extension 'python_setup_py'
[0.697s] [34mcolcon.colcon_core.package_identification[0m [1;30mLevel 1[0m _identify(build) by extensions ['ignore', 'ignore_ament_install']
[0.697s] [34mcolcon.colcon_core.package_identification[0m [1;30mLevel 1[0m _identify(build) by extension 'ignore'
[0.697s] [34mcolcon.colcon_core.package_identification[0m [1;30mLevel 1[0m _identify(build) ignored
[0.697s] [34mcolcon.colcon_core.package_identification[0m [1;30mLevel 1[0m _identify(install) by extensions ['ignore', 'ignore_ament_install']
[0.697s] [34mcolcon.colcon_core.package_identification[0m [1;30mLevel 1[0m _identify(install) by extension 'ignore'
[0.697s] [34mcolcon.colcon_core.package_identification[0m [1;30mLevel 1[0m _identify(install) ignored
[0.698s] [34mcolcon.colcon_core.package_identification[0m [1;30mLevel 1[0m _identify(log) by extensions ['ignore', 'ignore_ament_install']
[0.698s] [34mcolcon.colcon_core.package_identification[0m [1;30mLevel 1[0m _identify(log) by extension 'ignore'
[0.698s] [34mcolcon.colcon_core.package_identification[0m [1;30mLevel 1[0m _identify(log) ignored
[0.698s] [34mcolcon.colcon_core.package_identification[0m [1;30mLevel 1[0m _identify(src) by extensions ['ignore', 'ignore_ament_install']
[0.698s] [34mcolcon.colcon_core.package_identification[0m [1;30mLevel 1[0m _identify(src) by extension 'ignore'
[0.698s] [34mcolcon.colcon_core.package_identification[0m [1;30mLevel 1[0m _identify(src) by extension 'ignore_ament_install'
[0.698s] [34mcolcon.colcon_core.package_identification[0m [1;30mLevel 1[0m _identify(src) by extensions ['colcon_pkg']
[0.698s] [34mcolcon.colcon_core.package_identification[0m [1;30mLevel 1[0m _identify(src) by extension 'colcon_pkg'
[0.698s] [34mcolcon.colcon_core.package_identification[0m [1;30mLevel 1[0m _identify(src) by extensions ['colcon_meta']
[0.699s] [34mcolcon.colcon_core.package_identification[0m [1;30mLevel 1[0m _identify(src) by extension 'colcon_meta'
[0.699s] [34mcolcon.colcon_core.package_identification[0m [1;30mLevel 1[0m _identify(src) by extensions ['ros']
[0.699s] [34mcolcon.colcon_core.package_identification[0m [1;30mLevel 1[0m _identify(src) by extension 'ros'
[0.699s] [34mcolcon.colcon_core.package_identification[0m [1;30mLevel 1[0m _identify(src) by extensions ['cmake', 'python']
[0.699s] [34mcolcon.colcon_core.package_identification[0m [1;30mLevel 1[0m _identify(src) by extension 'cmake'
[0.699s] [34mcolcon.colcon_core.package_identification[0m [1;30mLevel 1[0m _identify(src) by extension 'python'
[0.699s] [34mcolcon.colcon_core.package_identification[0m [1;30mLevel 1[0m _identify(src) by extensions ['python_setup_py']
[0.699s] [34mcolcon.colcon_core.package_identification[0m [1;30mLevel 1[0m _identify(src) by extension 'python_setup_py'
[0.699s] [34mcolcon.colcon_core.package_identification[0m [1;30mLevel 1[0m _identify(src/serving_interface) by extensions ['ignore', 'ignore_ament_install']
[0.699s] [34mcolcon.colcon_core.package_identification[0m [1;30mLevel 1[0m _identify(src/serving_interface) by extension 'ignore'
[0.699s] [34mcolcon.colcon_core.package_identification[0m [1;30mLevel 1[0m _identify(src/serving_interface) by extension 'ignore_ament_install'
[0.700s] [34mcolcon.colcon_core.package_identification[0m [1;30mLevel 1[0m _identify(src/serving_interface) by extensions ['colcon_pkg']
[0.700s] [34mcolcon.colcon_core.package_identification[0m [1;30mLevel 1[0m _identify(src/serving_interface) by extension 'colcon_pkg'
[0.700s] [34mcolcon.colcon_core.package_identification[0m [1;30mLevel 1[0m _identify(src/serving_interface) by extensions ['colcon_meta']
[0.700s] [34mcolcon.colcon_core.package_identification[0m [1;30mLevel 1[0m _identify(src/serving_interface) by extension 'colcon_meta'
[0.700s] [34mcolcon.colcon_core.package_identification[0m [1;30mLevel 1[0m _identify(src/serving_interface) by extensions ['ros']
[0.700s] [34mcolcon.colcon_core.package_identification[0m [1;30mLevel 1[0m _identify(src/serving_interface) by extension 'ros'
[0.705s] [34mcolcon.colcon_core.package_identification[0m [1;30mDEBUG[0m [32mPackage 'src/serving_interface' with type 'ros.ament_cmake' and name 'serving_interface'[0m
[0.705s] [34mcolcon.colcon_core.package_identification[0m [1;30mLevel 1[0m _identify(src/serving_node) by extensions ['ignore', 'ignore_ament_install']
[0.705s] [34mcolcon.colcon_core.package_identification[0m [1;30mLevel 1[0m _identify(src/serving_node) by extension 'ignore'
[0.705s] [34mcolcon.colcon_core.package_identification[0m [1;30mLevel 1[0m _identify(src/serving_node) by extension 'ignore_ament_install'
[0.705s] [34mcolcon.colcon_core.package_identification[0m [1;30mLevel 1[0m _identify(src/serving_node) by extensions ['colcon_pkg']
[0.705s] [34mcolcon.colcon_core.package_identification[0m [1;30mLevel 1[0m _identify(src/serving_node) by extension 'colcon_pkg'
[0.705s] [34mcolcon.colcon_core.package_identification[0m [1;30mLevel 1[0m _identify(src/serving_node) by extensions ['colcon_meta']
[0.706s] [34mcolcon.colcon_core.package_identification[0m [1;30mLevel 1[0m _identify(src/serving_node) by extension 'colcon_meta'
[0.706s] [34mcolcon.colcon_core.package_identification[0m [1;30mLevel 1[0m _identify(src/serving_node) by extensions ['ros']
[0.706s] [34mcolcon.colcon_core.package_identification[0m [1;30mLevel 1[0m _identify(src/serving_node) by extension 'ros'
[0.707s] [34mcolcon.colcon_core.package_identification[0m [1;30mDEBUG[0m [32mPackage 'src/serving_node' with type 'ros.ament_python' and name 'serving_node'[0m
[0.707s] [34mcolcon.colcon_core.package_discovery[0m [1;30mLevel 1[0m discover_packages(recursive) using defaults
[0.707s] [34mcolcon.colcon_core.package_discovery[0m [1;30mLevel 1[0m discover_packages(ignore) discover
[0.707s] [34mcolcon.colcon_core.package_discovery[0m [1;30mLevel 1[0m discover_packages(ignore) using defaults
[0.707s] [34mcolcon.colcon_core.package_discovery[0m [1;30mLevel 1[0m discover_packages(path) discover
[0.707s] [34mcolcon.colcon_core.package_discovery[0m [1;30mLevel 1[0m discover_packages(path) using defaults
[0.737s] [34mcolcon.colcon_core.package_discovery[0m [1;30mLevel 1[0m discover_packages(prefix_path) check parameters
[0.737s] [34mcolcon.colcon_core.package_discovery[0m [1;30mLevel 1[0m discover_packages(prefix_path) discover
[0.742s] [34mcolcon.colcon_installed_package_information.package_discovery[0m [1;30mDEBUG[0m [32mFound 12 installed packages in /home/jsh/turtlebot3_ws/install[0m
[0.745s] [34mcolcon.colcon_installed_package_information.package_discovery[0m [1;30mDEBUG[0m [32mFound 373 installed packages in /opt/ros/humble[0m
[0.750s] [34mcolcon.colcon_core.package_discovery[0m [1;30mLevel 1[0m discover_packages(prefix_path) using defaults
[0.833s] [34mcolcon.colcon_core.verb[0m [1;30mLevel 5[0m set package 'serving_interface' build argument 'cmake_args' from command line to 'None'
[0.833s] [34mcolcon.colcon_core.verb[0m [1;30mLevel 5[0m set package 'serving_interface' build argument 'cmake_target' from command line to 'None'
[0.834s] [34mcolcon.colcon_core.verb[0m [1;30mLevel 5[0m set package 'serving_interface' build argument 'cmake_target_skip_unavailable' from command line to 'False'
[0.834s] [34mcolcon.colcon_core.verb[0m [1;30mLevel 5[0m set package 'serving_interface' build argument 'cmake_clean_cache' from command line to 'False'
[0.834s] [34mcolcon.colcon_core.verb[0m [1;30mLevel 5[0m set package 'serving_interface' build argument 'cmake_clean_first' from command line to 'False'
[0.834s] [34mcolcon.colcon_core.verb[0m [1;30mLevel 5[0m set package 'serving_interface' build argument 'cmake_force_configure' from command line to 'False'
[0.834s] [34mcolcon.colcon_core.verb[0m [1;30mLevel 5[0m set package 'serving_interface' build argument 'ament_cmake_args' from command line to 'None'
[0.834s] [34mcolcon.colcon_core.verb[0m [1;30mLevel 5[0m set package 'serving_interface' build argument 'catkin_cmake_args' from command line to 'None'
[0.834s] [34mcolcon.colcon_core.verb[0m [1;30mLevel 5[0m set package 'serving_interface' build argument 'catkin_skip_building_tests' from command line to 'False'
[0.834s] [34mcolcon.colcon_core.verb[0m [1;30mDEBUG[0m [32mBuilding package 'serving_interface' with the following arguments: {'ament_cmake_args': None, 'build_base': '/home/jsh/doosan/drive1/turtlebot3_servingRobot/build/serving_interface', 'catkin_cmake_args': None, 'catkin_skip_building_tests': False, 'cmake_args': None, 'cmake_clean_cache': False, 'cmake_clean_first': False, 'cmake_force_configure': False, 'cmake_target': None, 'cmake_target_skip_unavailable': False, 'install_base': '/home/jsh/doosan/drive1/turtlebot3_servingRobot/install/serving_interface', 'merge_install': False, 'path': '/home/jsh/doosan/drive1/turtlebot3_servingRobot/src/serving_interface', 'symlink_install': False, 'test_result_base': None}[0m
[0.835s] [34mcolcon.colcon_core.verb[0m [1;30mLevel 5[0m set package 'serving_node' build argument 'cmake_args' from command line to 'None'
[0.835s] [34mcolcon.colcon_core.verb[0m [1;30mLevel 5[0m set package 'serving_node' build argument 'cmake_target' from command line to 'None'
[0.835s] [34mcolcon.colcon_core.verb[0m [1;30mLevel 5[0m set package 'serving_node' build argument 'cmake_target_skip_unavailable' from command line to 'False'
[0.835s] [34mcolcon.colcon_core.verb[0m [1;30mLevel 5[0m set package 'serving_node' build argument 'cmake_clean_cache' from command line to 'False'
[0.835s] [34mcolcon.colcon_core.verb[0m [1;30mLevel 5[0m set package 'serving_node' build argument 'cmake_clean_first' from command line to 'False'
[0.835s] [34mcolcon.colcon_core.verb[0m [1;30mLevel 5[0m set package 'serving_node' build argument 'cmake_force_configure' from command line to 'False'
[0.835s] [34mcolcon.colcon_core.verb[0m [1;30mLevel 5[0m set package 'serving_node' build argument 'ament_cmake_args' from command line to 'None'
[0.835s] [34mcolcon.colcon_core.verb[0m [1;30mLevel 5[0m set package 'serving_node' build argument 'catkin_cmake_args' from command line to 'None'
[0.835s] [34mcolcon.colcon_core.verb[0m [1;30mLevel 5[0m set package 'serving_node' build argument 'catkin_skip_building_tests' from command line to 'False'
[0.836s] [34mcolcon.colcon_core.verb[0m [1;30mDEBUG[0m [32mBuilding package 'serving_node' with the following arguments: {'ament_cmake_args': None, 'build_base': '/home/jsh/doosan/drive1/turtlebot3_servingRobot/build/serving_node', 'catkin_cmake_args': None, 'catkin_skip_building_tests': False, 'cmake_args': None, 'cmake_clean_cache': False, 'cmake_clean_first': False, 'cmake_force_configure': False, 'cmake_target': None, 'cmake_target_skip_unavailable': False, 'install_base': '/home/jsh/doosan/drive1/turtlebot3_servingRobot/install/serving_node', 'merge_install': False, 'path': '/home/jsh/doosan/drive1/turtlebot3_servingRobot/src/serving_node', 'symlink_install': False, 'test_result_base': None}[0m
[0.836s] [34mcolcon.colcon_core.executor[0m [1;30mINFO[0m Executing jobs using 'parallel' executor
[0.838s] [34mcolcon.colcon_parallel_executor.executor.parallel[0m [1;30mDEBUG[0m [32mrun_until_complete[0m
[0.839s] [34mcolcon.colcon_ros.task.ament_cmake.build[0m [1;30mINFO[0m Building ROS package in '/home/jsh/doosan/drive1/turtlebot3_servingRobot/src/serving_interface' with build type 'ament_cmake'
[0.839s] [34mcolcon.colcon_cmake.task.cmake.build[0m [1;30mINFO[0m Building CMake package in '/home/jsh/doosan/drive1/turtlebot3_servingRobot/src/serving_interface'
[0.844s] [34mcolcon.colcon_core.plugin_system[0m [1;30mINFO[0m Skipping extension 'colcon_core.shell.bat': Not used on non-Windows systems
[0.844s] [34mcolcon.colcon_core.shell[0m [1;30mINFO[0m Skip shell extension 'powershell' for command environment: Not usable outside of PowerShell
[0.844s] [34mcolcon.colcon_core.shell[0m [1;30mDEBUG[0m [32mSkip shell extension 'dsv' for command environment[0m
[0.853s] [34mcolcon.colcon_ros.task.ament_python.build[0m [1;30mINFO[0m Building ROS package in '/home/jsh/doosan/drive1/turtlebot3_servingRobot/src/serving_node' with build type 'ament_python'
[0.853s] [34mcolcon.colcon_core.shell[0m [1;30mLevel 1[0m create_environment_hook('serving_node', 'ament_prefix_path')
[0.854s] [34mcolcon.colcon_core.shell[0m [1;30mINFO[0m Creating environment hook '/home/jsh/doosan/drive1/turtlebot3_servingRobot/install/serving_node/share/serving_node/hook/ament_prefix_path.ps1'
[0.855s] [34mcolcon.colcon_core.shell[0m [1;30mINFO[0m Creating environment descriptor '/home/jsh/doosan/drive1/turtlebot3_servingRobot/install/serving_node/share/serving_node/hook/ament_prefix_path.dsv'
[0.856s] [34mcolcon.colcon_core.shell[0m [1;30mINFO[0m Creating environment hook '/home/jsh/doosan/drive1/turtlebot3_servingRobot/install/serving_node/share/serving_node/hook/ament_prefix_path.sh'
[0.858s] [34mcolcon.colcon_core.shell[0m [1;30mINFO[0m Skip shell extension 'powershell' for command environment: Not usable outside of PowerShell
[0.858s] [34mcolcon.colcon_core.shell[0m [1;30mDEBUG[0m [32mSkip shell extension 'dsv' for command environment[0m
[0.874s] [34mcolcon.colcon_core.event_handler.log_command[0m [1;30mDEBUG[0m [32mInvoking command in '/home/jsh/doosan/drive1/turtlebot3_servingRobot/build/serving_interface': CMAKE_PREFIX_PATH=${CMAKE_PREFIX_PATH}:/home/jsh/turtlebot3_ws/install/turtlebot3_teleop:/home/jsh/turtlebot3_ws/install/turtlebot3_example:/opt/ros/humble /usr/bin/cmake --build /home/jsh/doosan/drive1/turtlebot3_servingRobot/build/serving_interface -- -j8 -l8[0m
[1.664s] [34mcolcon.colcon_core.task.python.build[0m [1;30mINFO[0m Building Python package in '/home/jsh/doosan/drive1/turtlebot3_servingRobot/src/serving_node'
[1.665s] [34mcolcon.colcon_core.shell[0m [1;30mINFO[0m Skip shell extension 'powershell' for command environment: Not usable outside of PowerShell
[1.665s] [34mcolcon.colcon_core.shell[0m [1;30mDEBUG[0m [32mSkip shell extension 'dsv' for command environment[0m
[1.923s] [34mcolcon.colcon_core.event_handler.log_command[0m [1;30mDEBUG[0m [32mInvoked command in '/home/jsh/doosan/drive1/turtlebot3_servingRobot/build/serving_interface' returned '0': CMAKE_PREFIX_PATH=${CMAKE_PREFIX_PATH}:/home/jsh/turtlebot3_ws/install/turtlebot3_teleop:/home/jsh/turtlebot3_ws/install/turtlebot3_example:/opt/ros/humble /usr/bin/cmake --build /home/jsh/doosan/drive1/turtlebot3_servingRobot/build/serving_interface -- -j8 -l8[0m
[1.951s] [34mcolcon.colcon_core.event_handler.log_command[0m [1;30mDEBUG[0m [32mInvoking command in '/home/jsh/doosan/drive1/turtlebot3_servingRobot/build/serving_interface': CMAKE_PREFIX_PATH=${CMAKE_PREFIX_PATH}:/home/jsh/turtlebot3_ws/install/turtlebot3_teleop:/home/jsh/turtlebot3_ws/install/turtlebot3_example:/opt/ros/humble /usr/bin/cmake --install /home/jsh/doosan/drive1/turtlebot3_servingRobot/build/serving_interface[0m
[2.109s] [34mcolcon.colcon_core.environment[0m [1;30mLevel 1[0m create_environment_scripts_only(serving_interface)
[2.111s] [34mcolcon.colcon_core.event_handler.log_command[0m [1;30mDEBUG[0m [32mInvoked command in '/home/jsh/doosan/drive1/turtlebot3_servingRobot/build/serving_interface' returned '0': CMAKE_PREFIX_PATH=${CMAKE_PREFIX_PATH}:/home/jsh/turtlebot3_ws/install/turtlebot3_teleop:/home/jsh/turtlebot3_ws/install/turtlebot3_example:/opt/ros/humble /usr/bin/cmake --install /home/jsh/doosan/drive1/turtlebot3_servingRobot/build/serving_interface[0m
[2.116s] [34mcolcon.colcon_core.environment[0m [1;30mLevel 1[0m checking '/home/jsh/doosan/drive1/turtlebot3_servingRobot/install/serving_interface' for CMake module files
[2.118s] [34mcolcon.colcon_core.environment[0m [1;30mLevel 1[0m checking '/home/jsh/doosan/drive1/turtlebot3_servingRobot/install/serving_interface' for CMake config files
[2.120s] [34mcolcon.colcon_core.shell[0m [1;30mLevel 1[0m create_environment_hook('serving_interface', 'cmake_prefix_path')
[2.120s] [34mcolcon.colcon_core.shell[0m [1;30mINFO[0m Creating environment hook '/home/jsh/doosan/drive1/turtlebot3_servingRobot/install/serving_interface/share/serving_interface/hook/cmake_prefix_path.ps1'
[2.122s] [34mcolcon.colcon_core.shell[0m [1;30mINFO[0m Creating environment descriptor '/home/jsh/doosan/drive1/turtlebot3_servingRobot/install/serving_interface/share/serving_interface/hook/cmake_prefix_path.dsv'
[2.123s] [34mcolcon.colcon_core.shell[0m [1;30mINFO[0m Creating environment hook '/home/jsh/doosan/drive1/turtlebot3_servingRobot/install/serving_interface/share/serving_interface/hook/cmake_prefix_path.sh'
[2.125s] [34mcolcon.colcon_core.environment[0m [1;30mLevel 1[0m checking '/home/jsh/doosan/drive1/turtlebot3_servingRobot/install/serving_interface/lib'
[2.125s] [34mcolcon.colcon_core.shell[0m [1;30mLevel 1[0m create_environment_hook('serving_interface', 'ld_library_path_lib')
[2.125s] [34mcolcon.colcon_core.shell[0m [1;30mINFO[0m Creating environment hook '/home/jsh/doosan/drive1/turtlebot3_servingRobot/install/serving_interface/share/serving_interface/hook/ld_library_path_lib.ps1'
[2.126s] [34mcolcon.colcon_core.shell[0m [1;30mINFO[0m Creating environment descriptor '/home/jsh/doosan/drive1/turtlebot3_servingRobot/install/serving_interface/share/serving_interface/hook/ld_library_path_lib.dsv'
[2.127s] [34mcolcon.colcon_core.shell[0m [1;30mINFO[0m Creating environment hook '/home/jsh/doosan/drive1/turtlebot3_servingRobot/install/serving_interface/share/serving_interface/hook/ld_library_path_lib.sh'
[2.127s] [34mcolcon.colcon_core.environment[0m [1;30mLevel 1[0m checking '/home/jsh/doosan/drive1/turtlebot3_servingRobot/install/serving_interface/bin'
[2.128s] [34mcolcon.colcon_core.environment[0m [1;30mLevel 1[0m checking '/home/jsh/doosan/drive1/turtlebot3_servingRobot/install/serving_interface/lib/pkgconfig/serving_interface.pc'
[2.128s] [34mcolcon.colcon_core.environment[0m [1;30mLevel 1[0m checking '/home/jsh/doosan/drive1/turtlebot3_servingRobot/install/serving_interface/lib/python3.10/site-packages'
[2.128s] [34mcolcon.colcon_core.environment[0m [1;30mLevel 1[0m checking '/home/jsh/doosan/drive1/turtlebot3_servingRobot/install/serving_interface/bin'
[2.129s] [34mcolcon.colcon_core.shell[0m [1;30mINFO[0m Creating package script '/home/jsh/doosan/drive1/turtlebot3_servingRobot/install/serving_interface/share/serving_interface/package.ps1'
[2.131s] [34mcolcon.colcon_core.shell[0m [1;30mINFO[0m Creating package descriptor '/home/jsh/doosan/drive1/turtlebot3_servingRobot/install/serving_interface/share/serving_interface/package.dsv'
[2.133s] [34mcolcon.colcon_core.shell[0m [1;30mINFO[0m Creating package script '/home/jsh/doosan/drive1/turtlebot3_servingRobot/install/serving_interface/share/serving_interface/package.sh'
[2.135s] [34mcolcon.colcon_core.shell[0m [1;30mINFO[0m Creating package script '/home/jsh/doosan/drive1/turtlebot3_servingRobot/install/serving_interface/share/serving_interface/package.bash'
[2.137s] [34mcolcon.colcon_core.shell[0m [1;30mINFO[0m Creating package script '/home/jsh/doosan/drive1/turtlebot3_servingRobot/install/serving_interface/share/serving_interface/package.zsh'
[2.139s] [34mcolcon.colcon_core.environment[0m [1;30mLevel 1[0m create_file_with_runtime_dependencies(/home/jsh/doosan/drive1/turtlebot3_servingRobot/install/serving_interface/share/colcon-core/packages/serving_interface)
[2.141s] [34mcolcon.colcon_core.environment[0m [1;30mLevel 1[0m create_environment_scripts_only(serving_interface)
[2.141s] [34mcolcon.colcon_core.environment[0m [1;30mLevel 1[0m checking '/home/jsh/doosan/drive1/turtlebot3_servingRobot/install/serving_interface' for CMake module files
[2.142s] [34mcolcon.colcon_core.environment[0m [1;30mLevel 1[0m checking '/home/jsh/doosan/drive1/turtlebot3_servingRobot/install/serving_interface' for CMake config files
[2.144s] [34mcolcon.colcon_core.shell[0m [1;30mLevel 1[0m create_environment_hook('serving_interface', 'cmake_prefix_path')
[2.145s] [34mcolcon.colcon_core.shell[0m [1;30mINFO[0m Creating environment hook '/home/jsh/doosan/drive1/turtlebot3_servingRobot/install/serving_interface/share/serving_interface/hook/cmake_prefix_path.ps1'
[2.146s] [34mcolcon.colcon_core.shell[0m [1;30mINFO[0m Creating environment descriptor '/home/jsh/doosan/drive1/turtlebot3_servingRobot/install/serving_interface/share/serving_interface/hook/cmake_prefix_path.dsv'
[2.147s] [34mcolcon.colcon_core.shell[0m [1;30mINFO[0m Creating environment hook '/home/jsh/doosan/drive1/turtlebot3_servingRobot/install/serving_interface/share/serving_interface/hook/cmake_prefix_path.sh'
[2.149s] [34mcolcon.colcon_core.environment[0m [1;30mLevel 1[0m checking '/home/jsh/doosan/drive1/turtlebot3_servingRobot/install/serving_interface/lib'
[2.149s] [34mcolcon.colcon_core.shell[0m [1;30mLevel 1[0m create_environment_hook('serving_interface', 'ld_library_path_lib')
[2.150s] [34mcolcon.colcon_core.shell[0m [1;30mINFO[0m Creating environment hook '/home/jsh/doosan/drive1/turtlebot3_servingRobot/install/serving_interface/share/serving_interface/hook/ld_library_path_lib.ps1'
[2.151s] [34mcolcon.colcon_core.shell[0m [1;30mINFO[0m Creating environment descriptor '/home/jsh/doosan/drive1/turtlebot3_servingRobot/install/serving_interface/share/serving_interface/hook/ld_library_path_lib.dsv'
[2.152s] [34mcolcon.colcon_core.shell[0m [1;30mINFO[0m Creating environment hook '/home/jsh/doosan/drive1/turtlebot3_servingRobot/install/serving_interface/share/serving_interface/hook/ld_library_path_lib.sh'
[2.153s] [34mcolcon.colcon_core.environment[0m [1;30mLevel 1[0m checking '/home/jsh/doosan/drive1/turtlebot3_servingRobot/install/serving_interface/bin'
[2.153s] [34mcolcon.colcon_core.environment[0m [1;30mLevel 1[0m checking '/home/jsh/doosan/drive1/turtlebot3_servingRobot/install/serving_interface/lib/pkgconfig/serving_interface.pc'
[2.154s] [34mcolcon.colcon_core.environment[0m [1;30mLevel 1[0m checking '/home/jsh/doosan/drive1/turtlebot3_servingRobot/install/serving_interface/lib/python3.10/site-packages'
[2.154s] [34mcolcon.colcon_core.environment[0m [1;30mLevel 1[0m checking '/home/jsh/doosan/drive1/turtlebot3_servingRobot/install/serving_interface/bin'
[2.156s] [34mcolcon.colcon_core.shell[0m [1;30mINFO[0m Creating package script '/home/jsh/doosan/drive1/turtlebot3_servingRobot/install/serving_interface/share/serving_interface/package.ps1'
[2.157s] [34mcolcon.colcon_core.shell[0m [1;30mINFO[0m Creating package descriptor '/home/jsh/doosan/drive1/turtlebot3_servingRobot/install/serving_interface/share/serving_interface/package.dsv'
[2.159s] [34mcolcon.colcon_core.shell[0m [1;30mINFO[0m Creating package script '/home/jsh/doosan/drive1/turtlebot3_servingRobot/install/serving_interface/share/serving_interface/package.sh'
[2.160s] [34mcolcon.colcon_core.shell[0m [1;30mINFO[0m Creating package script '/home/jsh/doosan/drive1/turtlebot3_servingRobot/install/serving_interface/share/serving_interface/package.bash'
[2.161s] [34mcolcon.colcon_core.shell[0m [1;30mINFO[0m Creating package script '/home/jsh/doosan/drive1/turtlebot3_servingRobot/install/serving_interface/share/serving_interface/package.zsh'
[2.163s] [34mcolcon.colcon_core.environment[0m [1;30mLevel 1[0m create_file_with_runtime_dependencies(/home/jsh/doosan/drive1/turtlebot3_servingRobot/install/serving_interface/share/colcon-core/packages/serving_interface)
[2.852s] [34mcolcon.colcon_core.event_handler.log_command[0m [1;30mDEBUG[0m [32mInvoking command in '/home/jsh/doosan/drive1/turtlebot3_servingRobot/src/serving_node': PYTHONPATH=/home/jsh/doosan/drive1/turtlebot3_servingRobot/build/serving_node/prefix_override:/usr/lib/python3/dist-packages/colcon_core/task/python/colcon_distutils_commands:/home/jsh/doosan/drive1/turtlebot3_servingRobot/install/serving_node/lib/python3.10/site-packages:${PYTHONPATH} /usr/bin/python3 -W ignore:setup.py install is deprecated -W ignore:easy_install command is deprecated setup.py egg_info --egg-base ../../build/serving_node build --build-base /home/jsh/doosan/drive1/turtlebot3_servingRobot/build/serving_node/build install --record /home/jsh/doosan/drive1/turtlebot3_servingRobot/build/serving_node/install.log --single-version-externally-managed install_data[0m
[3.635s] [34mcolcon.colcon_core.environment[0m [1;30mLevel 1[0m checking '/home/jsh/doosan/drive1/turtlebot3_servingRobot/install/serving_node' for CMake module files
[3.637s] [34mcolcon.colcon_core.event_handler.log_command[0m [1;30mDEBUG[0m [32mInvoked command in '/home/jsh/doosan/drive1/turtlebot3_servingRobot/src/serving_node' returned '0': PYTHONPATH=/home/jsh/doosan/drive1/turtlebot3_servingRobot/build/serving_node/prefix_override:/usr/lib/python3/dist-packages/colcon_core/task/python/colcon_distutils_commands:/home/jsh/doosan/drive1/turtlebot3_servingRobot/install/serving_node/lib/python3.10/site-packages:${PYTHONPATH} /usr/bin/python3 -W ignore:setup.py install is deprecated -W ignore:easy_install command is deprecated setup.py egg_info --egg-base ../../build/serving_node build --build-base /home/jsh/doosan/drive1/turtlebot3_servingRobot/build/serving_node/build install --record /home/jsh/doosan/drive1/turtlebot3_servingRobot/build/serving_node/install.log --single-version-externally-managed install_data[0m
[3.638s] [34mcolcon.colcon_core.environment[0m [1;30mLevel 1[0m checking '/home/jsh/doosan/drive1/turtlebot3_servingRobot/install/serving_node' for CMake config files
[3.639s] [34mcolcon.colcon_core.environment[0m [1;30mLevel 1[0m checking '/home/jsh/doosan/drive1/turtlebot3_servingRobot/install/serving_node/lib'
[3.639s] [34mcolcon.colcon_core.environment[0m [1;30mLevel 1[0m checking '/home/jsh/doosan/drive1/turtlebot3_servingRobot/install/serving_node/bin'
[3.640s] [34mcolcon.colcon_core.environment[0m [1;30mLevel 1[0m checking '/home/jsh/doosan/drive1/turtlebot3_servingRobot/install/serving_node/lib/pkgconfig/serving_node.pc'
[3.641s] [34mcolcon.colcon_core.environment[0m [1;30mLevel 1[0m checking '/home/jsh/doosan/drive1/turtlebot3_servingRobot/install/serving_node/lib/python3.10/site-packages'
[3.641s] [34mcolcon.colcon_core.shell[0m [1;30mLevel 1[0m create_environment_hook('serving_node', 'pythonpath')
[3.641s] [34mcolcon.colcon_core.shell[0m [1;30mINFO[0m Creating environment hook '/home/jsh/doosan/drive1/turtlebot3_servingRobot/install/serving_node/share/serving_node/hook/pythonpath.ps1'
[3.643s] [34mcolcon.colcon_core.shell[0m [1;30mINFO[0m Creating environment descriptor '/home/jsh/doosan/drive1/turtlebot3_servingRobot/install/serving_node/share/serving_node/hook/pythonpath.dsv'
[3.644s] [34mcolcon.colcon_core.shell[0m [1;30mINFO[0m Creating environment hook '/home/jsh/doosan/drive1/turtlebot3_servingRobot/install/serving_node/share/serving_node/hook/pythonpath.sh'
[3.646s] [34mcolcon.colcon_core.environment[0m [1;30mLevel 1[0m checking '/home/jsh/doosan/drive1/turtlebot3_servingRobot/install/serving_node/bin'
[3.646s] [34mcolcon.colcon_core.environment[0m [1;30mLevel 1[0m create_environment_scripts_only(serving_node)
[3.647s] [34mcolcon.colcon_core.shell[0m [1;30mINFO[0m Creating package script '/home/jsh/doosan/drive1/turtlebot3_servingRobot/install/serving_node/share/serving_node/package.ps1'
[3.648s] [34mcolcon.colcon_core.shell[0m [1;30mINFO[0m Creating package descriptor '/home/jsh/doosan/drive1/turtlebot3_servingRobot/install/serving_node/share/serving_node/package.dsv'
[3.649s] [34mcolcon.colcon_core.shell[0m [1;30mINFO[0m Creating package script '/home/jsh/doosan/drive1/turtlebot3_servingRobot/install/serving_node/share/serving_node/package.sh'
[3.650s] [34mcolcon.colcon_core.shell[0m [1;30mINFO[0m Creating package script '/home/jsh/doosan/drive1/turtlebot3_servingRobot/install/serving_node/share/serving_node/package.bash'
[3.651s] [34mcolcon.colcon_core.shell[0m [1;30mINFO[0m Creating package script '/home/jsh/doosan/drive1/turtlebot3_servingRobot/install/serving_node/share/serving_node/package.zsh'
[3.652s] [34mcolcon.colcon_core.environment[0m [1;30mLevel 1[0m create_file_with_runtime_dependencies(/home/jsh/doosan/drive1/turtlebot3_servingRobot/install/serving_node/share/colcon-core/packages/serving_node)
[3.652s] [34mcolcon.colcon_parallel_executor.executor.parallel[0m [1;30mDEBUG[0m [32mclosing loop[0m
[3.653s] [34mcolcon.colcon_parallel_executor.executor.parallel[0m [1;30mDEBUG[0m [32mloop closed[0m
[3.653s] [34mcolcon.colcon_parallel_executor.executor.parallel[0m [1;30mDEBUG[0m [32mrun_until_complete finished with '0'[0m
[3.654s] [34mcolcon.colcon_core.event_reactor[0m [1;30mDEBUG[0m [32mjoining thread[0m
[3.664s] [34mcolcon.colcon_core.plugin_system[0m [1;30mINFO[0m Skipping extension 'colcon_notification.desktop_notification.terminal_notifier': Not used on non-Darwin systems
[3.665s] [34mcolcon.colcon_core.plugin_system[0m [1;30mINFO[0m Skipping extension 'colcon_notification.desktop_notification.win32': Not used on non-Windows systems
[3.665s] [34mcolcon.colcon_notification.desktop_notification[0m [1;30mINFO[0m Sending desktop notification using 'notify2'
[3.680s] [34mcolcon.colcon_core.event_reactor[0m [1;30mDEBUG[0m [32mjoined thread[0m
[3.681s] [34mcolcon.colcon_core.shell[0m [1;30mINFO[0m Creating prefix script '/home/jsh/doosan/drive1/turtlebot3_servingRobot/install/local_setup.ps1'
[3.683s] [34mcolcon.colcon_core.shell[0m [1;30mINFO[0m Creating prefix util module '/home/jsh/doosan/drive1/turtlebot3_servingRobot/install/_local_setup_util_ps1.py'
[3.686s] [34mcolcon.colcon_core.shell[0m [1;30mINFO[0m Creating prefix chain script '/home/jsh/doosan/drive1/turtlebot3_servingRobot/install/setup.ps1'
[3.690s] [34mcolcon.colcon_core.shell[0m [1;30mINFO[0m Creating prefix script '/home/jsh/doosan/drive1/turtlebot3_servingRobot/install/local_setup.sh'
[3.691s] [34mcolcon.colcon_core.shell[0m [1;30mINFO[0m Creating prefix util module '/home/jsh/doosan/drive1/turtlebot3_servingRobot/install/_local_setup_util_sh.py'
[3.692s] [34mcolcon.colcon_core.shell[0m [1;30mINFO[0m Creating prefix chain script '/home/jsh/doosan/drive1/turtlebot3_servingRobot/install/setup.sh'
[3.695s] [34mcolcon.colcon_core.shell[0m [1;30mINFO[0m Creating prefix script '/home/jsh/doosan/drive1/turtlebot3_servingRobot/install/local_setup.bash'
[3.696s] [34mcolcon.colcon_core.shell[0m [1;30mINFO[0m Creating prefix chain script '/home/jsh/doosan/drive1/turtlebot3_servingRobot/install/setup.bash'
[3.699s] [34mcolcon.colcon_core.shell[0m [1;30mINFO[0m Creating prefix script '/home/jsh/doosan/drive1/turtlebot3_servingRobot/install/local_setup.zsh'
[3.700s] [34mcolcon.colcon_core.shell[0m [1;30mINFO[0m Creating prefix chain script '/home/jsh/doosan/drive1/turtlebot3_servingRobot/install/setup.zsh'
