[0.010s] Invoking command in '/home/yms/rokey_week4_ws/turtlebot3_servingRobot/build/ServingInterface': CMAKE_PREFIX_PATH=/opt/ros/humble /usr/bin/cmake /home/yms/rokey_week4_ws/turtlebot3_servingRobot/src/ServingInterface -DCMAKE_INSTALL_PREFIX=/home/yms/rokey_week4_ws/turtlebot3_servingRobot/install/ServingInterface
[0.160s] -- The C compiler identification is GNU 11.4.0
[0.299s] -- The CXX compiler identification is GNU 11.4.0
[0.309s] -- Detecting C compiler ABI info
[0.383s] -- Detecting C compiler ABI info - done
[0.393s] -- Check for working C compiler: /usr/bin/cc - skipped
[0.394s] -- Detecting C compile features
[0.394s] -- Detecting C compile features - done
[0.398s] -- Detecting CXX compiler ABI info
[0.487s] -- Detecting CXX compiler ABI info - done
[0.496s] -- Check for working CXX compiler: /usr/bin/c++ - skipped
[0.496s] -- Detecting CXX compile features
[0.496s] -- Detecting CXX compile features - done
[0.501s] -- Found ament_cmake: 1.3.10 (/opt/ros/humble/share/ament_cmake/cmake)
[0.653s] -- Found Python3: /usr/bin/python3 (found version "3.10.12") found components: Interpreter 
[0.741s] [31mCMake Error at CMakeLists.txt:22 (rosidl_generate_interfaces):
[0.741s]   Unknown CMake command "rosidl_generate_interfaces".
[0.741s] 
[0.741s] [0m
[0.741s] -- Configuring incomplete, errors occurred!
[0.742s] See also "/home/yms/rokey_week4_ws/turtlebot3_servingRobot/build/ServingInterface/CMakeFiles/CMakeOutput.log".
[0.745s] Invoked command in '/home/yms/rokey_week4_ws/turtlebot3_servingRobot/build/ServingInterface' returned '1': CMAKE_PREFIX_PATH=/opt/ros/humble /usr/bin/cmake /home/yms/rokey_week4_ws/turtlebot3_servingRobot/src/ServingInterface -DCMAKE_INSTALL_PREFIX=/home/yms/rokey_week4_ws/turtlebot3_servingRobot/install/ServingInterface
