-- The C compiler identification is GNU 11.4.0
-- The CXX compiler identification is GNU 11.4.0
-- Detecting C compiler ABI info
-- Detecting C compiler ABI info - done
-- Check for working C compiler: /usr/bin/cc - skipped
-- Detecting C compile features
-- Detecting C compile features - done
-- Detecting CXX compiler ABI info
-- Detecting CXX compiler ABI info - done
-- Check for working CXX compiler: /usr/bin/c++ - skipped
-- Detecting CXX compile features
-- Detecting CXX compile features - done
-- Found ament_cmake: 1.3.10 (/opt/ros/humble/share/ament_cmake/cmake)
-- Found Python3: /usr/bin/python3 (found version "3.10.12") found components: Interpreter 
-- Found builtin_interfaces: 1.2.1 (/opt/ros/humble/share/builtin_interfaces/cmake)
-- Found rosidl_generator_c: 3.1.5 (/opt/ros/humble/share/rosidl_generator_c/cmake)
-- Found rosidl_adapter: 3.1.5 (/opt/ros/humble/share/rosidl_adapter/cmake)
-- Found rosidl_generator_cpp: 3.1.5 (/opt/ros/humble/share/rosidl_generator_cpp/cmake)
-- Using all available rosidl_typesupport_c: rosidl_typesupport_fastrtps_c;rosidl_typesupport_introspection_c
-- Using all available rosidl_typesupport_cpp: rosidl_typesupport_fastrtps_cpp;rosidl_typesupport_introspection_cpp
-- Found rosidl_default_generators: 1.2.0 (/opt/ros/humble/share/rosidl_default_generators/cmake)
-- Found ament_cmake_ros: 0.10.0 (/opt/ros/humble/share/ament_cmake_ros/cmake)
-- Using all available rosidl_typesupport_c: rosidl_typesupport_fastrtps_c;rosidl_typesupport_introspection_c
-- Using all available rosidl_typesupport_cpp: rosidl_typesupport_fastrtps_cpp;rosidl_typesupport_introspection_cpp
-- Found PythonInterp: /usr/bin/python3 (found suitable version "3.10.12", minimum required is "3.6") 
-- Found python_cmake_module: 0.10.0 (/opt/ros/humble/share/python_cmake_module/cmake)
-- Found PythonLibs: /usr/lib/x86_64-linux-gnu/libpython3.10.so (found suitable version "3.10.12", minimum required is "3.5") 
-- Using PYTHON_EXECUTABLE: /usr/bin/python3
-- Using PYTHON_INCLUDE_DIRS: /usr/include/python3.10
-- Using PYTHON_LIBRARIES: /usr/lib/x86_64-linux-gnu/libpython3.10.so
-- Found PythonExtra: .so  
-- Found ament_lint_auto: 0.12.11 (/opt/ros/humble/share/ament_lint_auto/cmake)
-- Added test 'lint_cmake' to check CMake code style
-- Added test 'xmllint' to check XML markup files
-- Configuring done
-- Generating done
-- Build files have been written to: /home/juna/doosan_boot_work/driving1/turtlebot3_servingRobot/build/serving_interface
[  2%] [34m[1mGenerating C code for ROS interfaces[0m
[  4%] [34m[1mGenerating C++ code for ROS interfaces[0m
[  4%] Built target ament_cmake_python_copy_serving_interface
running egg_info
creating serving_interface.egg-info
writing serving_interface.egg-info/PKG-INFO
writing dependency_links to serving_interface.egg-info/dependency_links.txt
writing top-level names to serving_interface.egg-info/top_level.txt
writing manifest file 'serving_interface.egg-info/SOURCES.txt'
reading manifest file 'serving_interface.egg-info/SOURCES.txt'
writing manifest file 'serving_interface.egg-info/SOURCES.txt'
[  4%] Built target ament_cmake_python_build_serving_interface_egg
[  4%] Built target serving_interface__cpp
[  6%] [32mBuilding C object CMakeFiles/serving_interface__rosidl_generator_c.dir/rosidl_generator_c/serving_interface/srv/detail/order__functions.c.o[0m
[  8%] [32mBuilding C object CMakeFiles/serving_interface__rosidl_generator_c.dir/rosidl_generator_c/serving_interface/msg/detail/start_serving__functions.c.o[0m
[ 10%] [32mBuilding C object CMakeFiles/serving_interface__rosidl_generator_c.dir/rosidl_generator_c/serving_interface/srv/detail/serving_status__functions.c.o[0m
[ 12%] [34m[1mGenerating C++ type support dispatch for ROS interfaces[0m
[ 17%] [34m[1mGenerating C++ introspection for ROS interfaces[0m
[ 17%] [34m[1mGenerating C++ type support for eProsima Fast-RTPS[0m
[ 19%] [32m[1mLinking C shared library libserving_interface__rosidl_generator_c.so[0m
[ 19%] Built target serving_interface__rosidl_generator_c
[ 21%] [34m[1mGenerating C type support for eProsima Fast-RTPS[0m
[ 23%] [34m[1mGenerating C type support dispatch for ROS interfaces[0m
[ 25%] [34m[1mGenerating C introspection for ROS interfaces[0m
[ 27%] [32mBuilding CXX object CMakeFiles/serving_interface__rosidl_typesupport_cpp.dir/rosidl_typesupport_cpp/serving_interface/srv/order__type_support.cpp.o[0m
[ 31%] [32mBuilding CXX object CMakeFiles/serving_interface__rosidl_typesupport_cpp.dir/rosidl_typesupport_cpp/serving_interface/srv/serving_status__type_support.cpp.o[0m
[ 31%] [32mBuilding CXX object CMakeFiles/serving_interface__rosidl_typesupport_cpp.dir/rosidl_typesupport_cpp/serving_interface/msg/start_serving__type_support.cpp.o[0m
[ 34%] [32mBuilding CXX object CMakeFiles/serving_interface__rosidl_typesupport_fastrtps_cpp.dir/rosidl_typesupport_fastrtps_cpp/serving_interface/msg/detail/dds_fastrtps/start_serving__type_support.cpp.o[0m
[ 36%] [32mBuilding CXX object CMakeFiles/serving_interface__rosidl_typesupport_fastrtps_cpp.dir/rosidl_typesupport_fastrtps_cpp/serving_interface/srv/detail/dds_fastrtps/order__type_support.cpp.o[0m
[ 38%] [32mBuilding CXX object CMakeFiles/serving_interface__rosidl_typesupport_fastrtps_cpp.dir/rosidl_typesupport_fastrtps_cpp/serving_interface/srv/detail/dds_fastrtps/serving_status__type_support.cpp.o[0m
[ 42%] [32mBuilding CXX object CMakeFiles/serving_interface__rosidl_typesupport_c.dir/rosidl_typesupport_c/serving_interface/srv/order__type_support.cpp.o[0m
[ 42%] [32mBuilding CXX object CMakeFiles/serving_interface__rosidl_typesupport_c.dir/rosidl_typesupport_c/serving_interface/msg/start_serving__type_support.cpp.o[0m
[ 44%] [32mBuilding CXX object CMakeFiles/serving_interface__rosidl_typesupport_c.dir/rosidl_typesupport_c/serving_interface/srv/serving_status__type_support.cpp.o[0m
[ 46%] [32mBuilding CXX object CMakeFiles/serving_interface__rosidl_typesupport_introspection_cpp.dir/rosidl_typesupport_introspection_cpp/serving_interface/msg/detail/start_serving__type_support.cpp.o[0m
[ 48%] [32mBuilding CXX object CMakeFiles/serving_interface__rosidl_typesupport_introspection_cpp.dir/rosidl_typesupport_introspection_cpp/serving_interface/srv/detail/serving_status__type_support.cpp.o[0m
[ 51%] [32mBuilding CXX object CMakeFiles/serving_interface__rosidl_typesupport_introspection_cpp.dir/rosidl_typesupport_introspection_cpp/serving_interface/srv/detail/order__type_support.cpp.o[0m
[ 53%] [32m[1mLinking CXX shared library libserving_interface__rosidl_typesupport_c.so[0m
[ 53%] Built target serving_interface__rosidl_typesupport_c
[ 59%] [32mBuilding CXX object CMakeFiles/serving_interface__rosidl_typesupport_fastrtps_c.dir/rosidl_typesupport_fastrtps_c/serving_interface/msg/detail/start_serving__type_support_c.cpp.o[0m
[ 59%] [32mBuilding CXX object CMakeFiles/serving_interface__rosidl_typesupport_fastrtps_c.dir/rosidl_typesupport_fastrtps_c/serving_interface/srv/detail/order__type_support_c.cpp.o[0m
[ 59%] [32mBuilding CXX object CMakeFiles/serving_interface__rosidl_typesupport_fastrtps_c.dir/rosidl_typesupport_fastrtps_c/serving_interface/srv/detail/serving_status__type_support_c.cpp.o[0m
[ 63%] [32mBuilding C object CMakeFiles/serving_interface__rosidl_typesupport_introspection_c.dir/rosidl_typesupport_introspection_c/serving_interface/srv/detail/order__type_support.c.o[0m
[ 63%] [32mBuilding C object CMakeFiles/serving_interface__rosidl_typesupport_introspection_c.dir/rosidl_typesupport_introspection_c/serving_interface/msg/detail/start_serving__type_support.c.o[0m
[ 65%] [32m[1mLinking CXX shared library libserving_interface__rosidl_typesupport_cpp.so[0m
[ 68%] [32mBuilding C object CMakeFiles/serving_interface__rosidl_typesupport_introspection_c.dir/rosidl_typesupport_introspection_c/serving_interface/srv/detail/serving_status__type_support.c.o[0m
[ 70%] [32m[1mLinking C shared library libserving_interface__rosidl_typesupport_introspection_c.so[0m
[ 70%] Built target serving_interface__rosidl_typesupport_cpp
[ 70%] Built target serving_interface__rosidl_typesupport_introspection_c
[ 72%] [32m[1mLinking CXX shared library libserving_interface__rosidl_typesupport_fastrtps_c.so[0m
[ 74%] [32m[1mLinking CXX shared library libserving_interface__rosidl_typesupport_introspection_cpp.so[0m
[ 76%] [32m[1mLinking CXX shared library libserving_interface__rosidl_typesupport_fastrtps_cpp.so[0m
[ 76%] Built target serving_interface__rosidl_typesupport_fastrtps_c
[ 76%] Built target serving_interface__rosidl_typesupport_introspection_cpp
[ 76%] Built target serving_interface__rosidl_typesupport_fastrtps_cpp
[ 76%] Built target serving_interface
[ 78%] [34m[1mGenerating Python code for ROS interfaces[0m
[ 78%] Built target serving_interface__py
[ 80%] [32mBuilding C object CMakeFiles/serving_interface__rosidl_generator_py.dir/rosidl_generator_py/serving_interface/srv/_serving_status_s.c.o[0m
[ 82%] [32mBuilding C object CMakeFiles/serving_interface__rosidl_generator_py.dir/rosidl_generator_py/serving_interface/srv/_order_s.c.o[0m
[ 85%] [32mBuilding C object CMakeFiles/serving_interface__rosidl_generator_py.dir/rosidl_generator_py/serving_interface/msg/_start_serving_s.c.o[0m
[ 87%] [32m[1mLinking C shared library rosidl_generator_py/serving_interface/libserving_interface__rosidl_generator_py.so[0m
[ 87%] Built target serving_interface__rosidl_generator_py
[ 89%] [32mBuilding C object CMakeFiles/serving_interface__rosidl_typesupport_introspection_c__pyext.dir/rosidl_generator_py/serving_interface/_serving_interface_s.ep.rosidl_typesupport_introspection_c.c.o[0m
[ 91%] [32mBuilding C object CMakeFiles/serving_interface__rosidl_typesupport_c__pyext.dir/rosidl_generator_py/serving_interface/_serving_interface_s.ep.rosidl_typesupport_c.c.o[0m
[ 93%] [32mBuilding C object CMakeFiles/serving_interface__rosidl_typesupport_fastrtps_c__pyext.dir/rosidl_generator_py/serving_interface/_serving_interface_s.ep.rosidl_typesupport_fastrtps_c.c.o[0m
[ 95%] [32m[1mLinking C shared library rosidl_generator_py/serving_interface/serving_interface_s__rosidl_typesupport_fastrtps_c.cpython-310-x86_64-linux-gnu.so[0m
[ 97%] [32m[1mLinking C shared library rosidl_generator_py/serving_interface/serving_interface_s__rosidl_typesupport_introspection_c.cpython-310-x86_64-linux-gnu.so[0m
[100%] [32m[1mLinking C shared library rosidl_generator_py/serving_interface/serving_interface_s__rosidl_typesupport_c.cpython-310-x86_64-linux-gnu.so[0m
[100%] Built target serving_interface__rosidl_typesupport_c__pyext
[100%] Built target serving_interface__rosidl_typesupport_fastrtps_c__pyext
[100%] Built target serving_interface__rosidl_typesupport_introspection_c__pyext
-- Install configuration: ""
-- Installing: /home/juna/doosan_boot_work/driving1/turtlebot3_servingRobot/install/serving_interface/share/ament_index/resource_index/rosidl_interfaces/serving_interface
-- Up-to-date: /home/juna/doosan_boot_work/driving1/turtlebot3_servingRobot/install/serving_interface/include/serving_interface/serving_interface
-- Up-to-date: /home/juna/doosan_boot_work/driving1/turtlebot3_servingRobot/install/serving_interface/include/serving_interface/serving_interface/srv
-- Installing: /home/juna/doosan_boot_work/driving1/turtlebot3_servingRobot/install/serving_interface/include/serving_interface/serving_interface/srv/order.h
-- Installing: /home/juna/doosan_boot_work/driving1/turtlebot3_servingRobot/install/serving_interface/include/serving_interface/serving_interface/srv/serving_status.h
-- Up-to-date: /home/juna/doosan_boot_work/driving1/turtlebot3_servingRobot/install/serving_interface/include/serving_interface/serving_interface/srv/detail
-- Installing: /home/juna/doosan_boot_work/driving1/turtlebot3_servingRobot/install/serving_interface/include/serving_interface/serving_interface/srv/detail/serving_status__type_support.h
-- Installing: /home/juna/doosan_boot_work/driving1/turtlebot3_servingRobot/install/serving_interface/include/serving_interface/serving_interface/srv/detail/serving_status__functions.c
-- Installing: /home/juna/doosan_boot_work/driving1/turtlebot3_servingRobot/install/serving_interface/include/serving_interface/serving_interface/srv/detail/order__functions.h
-- Installing: /home/juna/doosan_boot_work/driving1/turtlebot3_servingRobot/install/serving_interface/include/serving_interface/serving_interface/srv/detail/serving_status__struct.h
-- Installing: /home/juna/doosan_boot_work/driving1/turtlebot3_servingRobot/install/serving_interface/include/serving_interface/serving_interface/srv/detail/order__type_support.h
-- Installing: /home/juna/doosan_boot_work/driving1/turtlebot3_servingRobot/install/serving_interface/include/serving_interface/serving_interface/srv/detail/order__functions.c
-- Installing: /home/juna/doosan_boot_work/driving1/turtlebot3_servingRobot/install/serving_interface/include/serving_interface/serving_interface/srv/detail/serving_status__functions.h
-- Installing: /home/juna/doosan_boot_work/driving1/turtlebot3_servingRobot/install/serving_interface/include/serving_interface/serving_interface/srv/detail/order__struct.h
-- Up-to-date: /home/juna/doosan_boot_work/driving1/turtlebot3_servingRobot/install/serving_interface/include/serving_interface/serving_interface/msg
-- Installing: /home/juna/doosan_boot_work/driving1/turtlebot3_servingRobot/install/serving_interface/include/serving_interface/serving_interface/msg/start_serving.h
-- Up-to-date: /home/juna/doosan_boot_work/driving1/turtlebot3_servingRobot/install/serving_interface/include/serving_interface/serving_interface/msg/detail
-- Installing: /home/juna/doosan_boot_work/driving1/turtlebot3_servingRobot/install/serving_interface/include/serving_interface/serving_interface/msg/detail/start_serving__struct.h
-- Installing: /home/juna/doosan_boot_work/driving1/turtlebot3_servingRobot/install/serving_interface/include/serving_interface/serving_interface/msg/detail/start_serving__type_support.h
-- Installing: /home/juna/doosan_boot_work/driving1/turtlebot3_servingRobot/install/serving_interface/include/serving_interface/serving_interface/msg/detail/start_serving__functions.h
-- Installing: /home/juna/doosan_boot_work/driving1/turtlebot3_servingRobot/install/serving_interface/include/serving_interface/serving_interface/msg/detail/start_serving__functions.c
-- Installing: /home/juna/doosan_boot_work/driving1/turtlebot3_servingRobot/install/serving_interface/include/serving_interface/serving_interface/msg/rosidl_generator_c__visibility_control.h
-- Up-to-date: /home/juna/doosan_boot_work/driving1/turtlebot3_servingRobot/install/serving_interface/share/serving_interface/environment/library_path.sh
-- Installing: /home/juna/doosan_boot_work/driving1/turtlebot3_servingRobot/install/serving_interface/share/serving_interface/environment/library_path.dsv
-- Installing: /home/juna/doosan_boot_work/driving1/turtlebot3_servingRobot/install/serving_interface/lib/libserving_interface__rosidl_generator_c.so
-- Set runtime path of "/home/juna/doosan_boot_work/driving1/turtlebot3_servingRobot/install/serving_interface/lib/libserving_interface__rosidl_generator_c.so" to ""
-- Up-to-date: /home/juna/doosan_boot_work/driving1/turtlebot3_servingRobot/install/serving_interface/include/serving_interface/serving_interface
-- Up-to-date: /home/juna/doosan_boot_work/driving1/turtlebot3_servingRobot/install/serving_interface/include/serving_interface/serving_interface/srv
-- Up-to-date: /home/juna/doosan_boot_work/driving1/turtlebot3_servingRobot/install/serving_interface/include/serving_interface/serving_interface/srv/detail
-- Installing: /home/juna/doosan_boot_work/driving1/turtlebot3_servingRobot/install/serving_interface/include/serving_interface/serving_interface/srv/detail/order__rosidl_typesupport_fastrtps_c.h
-- Installing: /home/juna/doosan_boot_work/driving1/turtlebot3_servingRobot/install/serving_interface/include/serving_interface/serving_interface/srv/detail/serving_status__rosidl_typesupport_fastrtps_c.h
-- Up-to-date: /home/juna/doosan_boot_work/driving1/turtlebot3_servingRobot/install/serving_interface/include/serving_interface/serving_interface/msg
-- Up-to-date: /home/juna/doosan_boot_work/driving1/turtlebot3_servingRobot/install/serving_interface/include/serving_interface/serving_interface/msg/detail
-- Installing: /home/juna/doosan_boot_work/driving1/turtlebot3_servingRobot/install/serving_interface/include/serving_interface/serving_interface/msg/detail/start_serving__rosidl_typesupport_fastrtps_c.h
-- Installing: /home/juna/doosan_boot_work/driving1/turtlebot3_servingRobot/install/serving_interface/include/serving_interface/serving_interface/msg/rosidl_typesupport_fastrtps_c__visibility_control.h
-- Installing: /home/juna/doosan_boot_work/driving1/turtlebot3_servingRobot/install/serving_interface/lib/libserving_interface__rosidl_typesupport_fastrtps_c.so
-- Set runtime path of "/home/juna/doosan_boot_work/driving1/turtlebot3_servingRobot/install/serving_interface/lib/libserving_interface__rosidl_typesupport_fastrtps_c.so" to ""
-- Up-to-date: /home/juna/doosan_boot_work/driving1/turtlebot3_servingRobot/install/serving_interface/include/serving_interface/serving_interface
-- Up-to-date: /home/juna/doosan_boot_work/driving1/turtlebot3_servingRobot/install/serving_interface/include/serving_interface/serving_interface/srv
-- Installing: /home/juna/doosan_boot_work/driving1/turtlebot3_servingRobot/install/serving_interface/include/serving_interface/serving_interface/srv/order.hpp
-- Up-to-date: /home/juna/doosan_boot_work/driving1/turtlebot3_servingRobot/install/serving_interface/include/serving_interface/serving_interface/srv/detail
-- Installing: /home/juna/doosan_boot_work/driving1/turtlebot3_servingRobot/install/serving_interface/include/serving_interface/serving_interface/srv/detail/order__traits.hpp
-- Installing: /home/juna/doosan_boot_work/driving1/turtlebot3_servingRobot/install/serving_interface/include/serving_interface/serving_interface/srv/detail/serving_status__builder.hpp
-- Installing: /home/juna/doosan_boot_work/driving1/turtlebot3_servingRobot/install/serving_interface/include/serving_interface/serving_interface/srv/detail/serving_status__struct.hpp
-- Installing: /home/juna/doosan_boot_work/driving1/turtlebot3_servingRobot/install/serving_interface/include/serving_interface/serving_interface/srv/detail/serving_status__traits.hpp
-- Installing: /home/juna/doosan_boot_work/driving1/turtlebot3_servingRobot/install/serving_interface/include/serving_interface/serving_interface/srv/detail/order__builder.hpp
-- Installing: /home/juna/doosan_boot_work/driving1/turtlebot3_servingRobot/install/serving_interface/include/serving_interface/serving_interface/srv/detail/order__struct.hpp
-- Installing: /home/juna/doosan_boot_work/driving1/turtlebot3_servingRobot/install/serving_interface/include/serving_interface/serving_interface/srv/serving_status.hpp
-- Up-to-date: /home/juna/doosan_boot_work/driving1/turtlebot3_servingRobot/install/serving_interface/include/serving_interface/serving_interface/msg
-- Up-to-date: /home/juna/doosan_boot_work/driving1/turtlebot3_servingRobot/install/serving_interface/include/serving_interface/serving_interface/msg/detail
-- Installing: /home/juna/doosan_boot_work/driving1/turtlebot3_servingRobot/install/serving_interface/include/serving_interface/serving_interface/msg/detail/start_serving__traits.hpp
-- Installing: /home/juna/doosan_boot_work/driving1/turtlebot3_servingRobot/install/serving_interface/include/serving_interface/serving_interface/msg/detail/start_serving__struct.hpp
-- Installing: /home/juna/doosan_boot_work/driving1/turtlebot3_servingRobot/install/serving_interface/include/serving_interface/serving_interface/msg/detail/start_serving__builder.hpp
-- Installing: /home/juna/doosan_boot_work/driving1/turtlebot3_servingRobot/install/serving_interface/include/serving_interface/serving_interface/msg/start_serving.hpp
-- Up-to-date: /home/juna/doosan_boot_work/driving1/turtlebot3_servingRobot/install/serving_interface/include/serving_interface/serving_interface
-- Up-to-date: /home/juna/doosan_boot_work/driving1/turtlebot3_servingRobot/install/serving_interface/include/serving_interface/serving_interface/srv
-- Up-to-date: /home/juna/doosan_boot_work/driving1/turtlebot3_servingRobot/install/serving_interface/include/serving_interface/serving_interface/srv/detail
-- Installing: /home/juna/doosan_boot_work/driving1/turtlebot3_servingRobot/install/serving_interface/include/serving_interface/serving_interface/srv/detail/order__rosidl_typesupport_fastrtps_cpp.hpp
-- Up-to-date: /home/juna/doosan_boot_work/driving1/turtlebot3_servingRobot/install/serving_interface/include/serving_interface/serving_interface/srv/detail/dds_fastrtps
-- Installing: /home/juna/doosan_boot_work/driving1/turtlebot3_servingRobot/install/serving_interface/include/serving_interface/serving_interface/srv/detail/serving_status__rosidl_typesupport_fastrtps_cpp.hpp
-- Up-to-date: /home/juna/doosan_boot_work/driving1/turtlebot3_servingRobot/install/serving_interface/include/serving_interface/serving_interface/msg
-- Installing: /home/juna/doosan_boot_work/driving1/turtlebot3_servingRobot/install/serving_interface/include/serving_interface/serving_interface/msg/rosidl_typesupport_fastrtps_cpp__visibility_control.h
-- Up-to-date: /home/juna/doosan_boot_work/driving1/turtlebot3_servingRobot/install/serving_interface/include/serving_interface/serving_interface/msg/detail
-- Up-to-date: /home/juna/doosan_boot_work/driving1/turtlebot3_servingRobot/install/serving_interface/include/serving_interface/serving_interface/msg/detail/dds_fastrtps
-- Installing: /home/juna/doosan_boot_work/driving1/turtlebot3_servingRobot/install/serving_interface/include/serving_interface/serving_interface/msg/detail/start_serving__rosidl_typesupport_fastrtps_cpp.hpp
-- Installing: /home/juna/doosan_boot_work/driving1/turtlebot3_servingRobot/install/serving_interface/lib/libserving_interface__rosidl_typesupport_fastrtps_cpp.so
-- Set runtime path of "/home/juna/doosan_boot_work/driving1/turtlebot3_servingRobot/install/serving_interface/lib/libserving_interface__rosidl_typesupport_fastrtps_cpp.so" to ""
-- Up-to-date: /home/juna/doosan_boot_work/driving1/turtlebot3_servingRobot/install/serving_interface/include/serving_interface/serving_interface
-- Up-to-date: /home/juna/doosan_boot_work/driving1/turtlebot3_servingRobot/install/serving_interface/include/serving_interface/serving_interface/srv
-- Up-to-date: /home/juna/doosan_boot_work/driving1/turtlebot3_servingRobot/install/serving_interface/include/serving_interface/serving_interface/srv/detail
-- Installing: /home/juna/doosan_boot_work/driving1/turtlebot3_servingRobot/install/serving_interface/include/serving_interface/serving_interface/srv/detail/serving_status__rosidl_typesupport_introspection_c.h
-- Installing: /home/juna/doosan_boot_work/driving1/turtlebot3_servingRobot/install/serving_interface/include/serving_interface/serving_interface/srv/detail/order__type_support.c
-- Installing: /home/juna/doosan_boot_work/driving1/turtlebot3_servingRobot/install/serving_interface/include/serving_interface/serving_interface/srv/detail/order__rosidl_typesupport_introspection_c.h
-- Installing: /home/juna/doosan_boot_work/driving1/turtlebot3_servingRobot/install/serving_interface/include/serving_interface/serving_interface/srv/detail/serving_status__type_support.c
-- Up-to-date: /home/juna/doosan_boot_work/driving1/turtlebot3_servingRobot/install/serving_interface/include/serving_interface/serving_interface/msg
-- Installing: /home/juna/doosan_boot_work/driving1/turtlebot3_servingRobot/install/serving_interface/include/serving_interface/serving_interface/msg/rosidl_typesupport_introspection_c__visibility_control.h
-- Up-to-date: /home/juna/doosan_boot_work/driving1/turtlebot3_servingRobot/install/serving_interface/include/serving_interface/serving_interface/msg/detail
-- Installing: /home/juna/doosan_boot_work/driving1/turtlebot3_servingRobot/install/serving_interface/include/serving_interface/serving_interface/msg/detail/start_serving__rosidl_typesupport_introspection_c.h
-- Installing: /home/juna/doosan_boot_work/driving1/turtlebot3_servingRobot/install/serving_interface/include/serving_interface/serving_interface/msg/detail/start_serving__type_support.c
-- Installing: /home/juna/doosan_boot_work/driving1/turtlebot3_servingRobot/install/serving_interface/lib/libserving_interface__rosidl_typesupport_introspection_c.so
-- Set runtime path of "/home/juna/doosan_boot_work/driving1/turtlebot3_servingRobot/install/serving_interface/lib/libserving_interface__rosidl_typesupport_introspection_c.so" to ""
-- Installing: /home/juna/doosan_boot_work/driving1/turtlebot3_servingRobot/install/serving_interface/lib/libserving_interface__rosidl_typesupport_c.so
-- Set runtime path of "/home/juna/doosan_boot_work/driving1/turtlebot3_servingRobot/install/serving_interface/lib/libserving_interface__rosidl_typesupport_c.so" to ""
-- Up-to-date: /home/juna/doosan_boot_work/driving1/turtlebot3_servingRobot/install/serving_interface/include/serving_interface/serving_interface
-- Up-to-date: /home/juna/doosan_boot_work/driving1/turtlebot3_servingRobot/install/serving_interface/include/serving_interface/serving_interface/srv
-- Up-to-date: /home/juna/doosan_boot_work/driving1/turtlebot3_servingRobot/install/serving_interface/include/serving_interface/serving_interface/srv/detail
-- Installing: /home/juna/doosan_boot_work/driving1/turtlebot3_servingRobot/install/serving_interface/include/serving_interface/serving_interface/srv/detail/serving_status__type_support.cpp
-- Installing: /home/juna/doosan_boot_work/driving1/turtlebot3_servingRobot/install/serving_interface/include/serving_interface/serving_interface/srv/detail/serving_status__rosidl_typesupport_introspection_cpp.hpp
-- Installing: /home/juna/doosan_boot_work/driving1/turtlebot3_servingRobot/install/serving_interface/include/serving_interface/serving_interface/srv/detail/order__type_support.cpp
-- Installing: /home/juna/doosan_boot_work/driving1/turtlebot3_servingRobot/install/serving_interface/include/serving_interface/serving_interface/srv/detail/order__rosidl_typesupport_introspection_cpp.hpp
-- Up-to-date: /home/juna/doosan_boot_work/driving1/turtlebot3_servingRobot/install/serving_interface/include/serving_interface/serving_interface/msg
-- Up-to-date: /home/juna/doosan_boot_work/driving1/turtlebot3_servingRobot/install/serving_interface/include/serving_interface/serving_interface/msg/detail
-- Installing: /home/juna/doosan_boot_work/driving1/turtlebot3_servingRobot/install/serving_interface/include/serving_interface/serving_interface/msg/detail/start_serving__rosidl_typesupport_introspection_cpp.hpp
-- Installing: /home/juna/doosan_boot_work/driving1/turtlebot3_servingRobot/install/serving_interface/include/serving_interface/serving_interface/msg/detail/start_serving__type_support.cpp
-- Installing: /home/juna/doosan_boot_work/driving1/turtlebot3_servingRobot/install/serving_interface/lib/libserving_interface__rosidl_typesupport_introspection_cpp.so
-- Set runtime path of "/home/juna/doosan_boot_work/driving1/turtlebot3_servingRobot/install/serving_interface/lib/libserving_interface__rosidl_typesupport_introspection_cpp.so" to ""
-- Installing: /home/juna/doosan_boot_work/driving1/turtlebot3_servingRobot/install/serving_interface/lib/libserving_interface__rosidl_typesupport_cpp.so
-- Set runtime path of "/home/juna/doosan_boot_work/driving1/turtlebot3_servingRobot/install/serving_interface/lib/libserving_interface__rosidl_typesupport_cpp.so" to ""
-- Installing: /home/juna/doosan_boot_work/driving1/turtlebot3_servingRobot/install/serving_interface/share/serving_interface/environment/pythonpath.sh
-- Installing: /home/juna/doosan_boot_work/driving1/turtlebot3_servingRobot/install/serving_interface/share/serving_interface/environment/pythonpath.dsv
-- Up-to-date: /home/juna/doosan_boot_work/driving1/turtlebot3_servingRobot/install/serving_interface/local/lib/python3.10/dist-packages/serving_interface-0.0.0-py3.10.egg-info
-- Installing: /home/juna/doosan_boot_work/driving1/turtlebot3_servingRobot/install/serving_interface/local/lib/python3.10/dist-packages/serving_interface-0.0.0-py3.10.egg-info/SOURCES.txt
-- Installing: /home/juna/doosan_boot_work/driving1/turtlebot3_servingRobot/install/serving_interface/local/lib/python3.10/dist-packages/serving_interface-0.0.0-py3.10.egg-info/PKG-INFO
-- Installing: /home/juna/doosan_boot_work/driving1/turtlebot3_servingRobot/install/serving_interface/local/lib/python3.10/dist-packages/serving_interface-0.0.0-py3.10.egg-info/top_level.txt
-- Installing: /home/juna/doosan_boot_work/driving1/turtlebot3_servingRobot/install/serving_interface/local/lib/python3.10/dist-packages/serving_interface-0.0.0-py3.10.egg-info/dependency_links.txt
-- Up-to-date: /home/juna/doosan_boot_work/driving1/turtlebot3_servingRobot/install/serving_interface/local/lib/python3.10/dist-packages/serving_interface
-- Installing: /home/juna/doosan_boot_work/driving1/turtlebot3_servingRobot/install/serving_interface/local/lib/python3.10/dist-packages/serving_interface/serving_interface_s__rosidl_typesupport_introspection_c.cpython-310-x86_64-linux-gnu.so
-- Installing: /home/juna/doosan_boot_work/driving1/turtlebot3_servingRobot/install/serving_interface/local/lib/python3.10/dist-packages/serving_interface/serving_interface_s__rosidl_typesupport_c.cpython-310-x86_64-linux-gnu.so
-- Installing: /home/juna/doosan_boot_work/driving1/turtlebot3_servingRobot/install/serving_interface/local/lib/python3.10/dist-packages/serving_interface/libserving_interface__rosidl_generator_py.so
-- Up-to-date: /home/juna/doosan_boot_work/driving1/turtlebot3_servingRobot/install/serving_interface/local/lib/python3.10/dist-packages/serving_interface/srv
-- Installing: /home/juna/doosan_boot_work/driving1/turtlebot3_servingRobot/install/serving_interface/local/lib/python3.10/dist-packages/serving_interface/srv/_order.py
-- Installing: /home/juna/doosan_boot_work/driving1/turtlebot3_servingRobot/install/serving_interface/local/lib/python3.10/dist-packages/serving_interface/srv/_order_s.c
-- Installing: /home/juna/doosan_boot_work/driving1/turtlebot3_servingRobot/install/serving_interface/local/lib/python3.10/dist-packages/serving_interface/srv/__init__.py
-- Installing: /home/juna/doosan_boot_work/driving1/turtlebot3_servingRobot/install/serving_interface/local/lib/python3.10/dist-packages/serving_interface/srv/_serving_status.py
-- Installing: /home/juna/doosan_boot_work/driving1/turtlebot3_servingRobot/install/serving_interface/local/lib/python3.10/dist-packages/serving_interface/srv/_serving_status_s.c
-- Installing: /home/juna/doosan_boot_work/driving1/turtlebot3_servingRobot/install/serving_interface/local/lib/python3.10/dist-packages/serving_interface/_serving_interface_s.ep.rosidl_typesupport_introspection_c.c
-- Installing: /home/juna/doosan_boot_work/driving1/turtlebot3_servingRobot/install/serving_interface/local/lib/python3.10/dist-packages/serving_interface/__init__.py
-- Up-to-date: /home/juna/doosan_boot_work/driving1/turtlebot3_servingRobot/install/serving_interface/local/lib/python3.10/dist-packages/serving_interface/msg
-- Installing: /home/juna/doosan_boot_work/driving1/turtlebot3_servingRobot/install/serving_interface/local/lib/python3.10/dist-packages/serving_interface/msg/_start_serving.py
-- Installing: /home/juna/doosan_boot_work/driving1/turtlebot3_servingRobot/install/serving_interface/local/lib/python3.10/dist-packages/serving_interface/msg/_start_serving_s.c
-- Installing: /home/juna/doosan_boot_work/driving1/turtlebot3_servingRobot/install/serving_interface/local/lib/python3.10/dist-packages/serving_interface/msg/__init__.py
-- Installing: /home/juna/doosan_boot_work/driving1/turtlebot3_servingRobot/install/serving_interface/local/lib/python3.10/dist-packages/serving_interface/serving_interface_s__rosidl_typesupport_fastrtps_c.cpython-310-x86_64-linux-gnu.so
-- Installing: /home/juna/doosan_boot_work/driving1/turtlebot3_servingRobot/install/serving_interface/local/lib/python3.10/dist-packages/serving_interface/_serving_interface_s.ep.rosidl_typesupport_fastrtps_c.c
-- Installing: /home/juna/doosan_boot_work/driving1/turtlebot3_servingRobot/install/serving_interface/local/lib/python3.10/dist-packages/serving_interface/_serving_interface_s.ep.rosidl_typesupport_c.c
Listing '/home/juna/doosan_boot_work/driving1/turtlebot3_servingRobot/install/serving_interface/local/lib/python3.10/dist-packages/serving_interface'...
Compiling '/home/juna/doosan_boot_work/driving1/turtlebot3_servingRobot/install/serving_interface/local/lib/python3.10/dist-packages/serving_interface/__init__.py'...
Listing '/home/juna/doosan_boot_work/driving1/turtlebot3_servingRobot/install/serving_interface/local/lib/python3.10/dist-packages/serving_interface/msg'...
Compiling '/home/juna/doosan_boot_work/driving1/turtlebot3_servingRobot/install/serving_interface/local/lib/python3.10/dist-packages/serving_interface/msg/__init__.py'...
Compiling '/home/juna/doosan_boot_work/driving1/turtlebot3_servingRobot/install/serving_interface/local/lib/python3.10/dist-packages/serving_interface/msg/_start_serving.py'...
Listing '/home/juna/doosan_boot_work/driving1/turtlebot3_servingRobot/install/serving_interface/local/lib/python3.10/dist-packages/serving_interface/srv'...
Compiling '/home/juna/doosan_boot_work/driving1/turtlebot3_servingRobot/install/serving_interface/local/lib/python3.10/dist-packages/serving_interface/srv/__init__.py'...
Compiling '/home/juna/doosan_boot_work/driving1/turtlebot3_servingRobot/install/serving_interface/local/lib/python3.10/dist-packages/serving_interface/srv/_order.py'...
Compiling '/home/juna/doosan_boot_work/driving1/turtlebot3_servingRobot/install/serving_interface/local/lib/python3.10/dist-packages/serving_interface/srv/_serving_status.py'...
-- Installing: /home/juna/doosan_boot_work/driving1/turtlebot3_servingRobot/install/serving_interface/local/lib/python3.10/dist-packages/serving_interface/serving_interface_s__rosidl_typesupport_fastrtps_c.cpython-310-x86_64-linux-gnu.so
-- Set runtime path of "/home/juna/doosan_boot_work/driving1/turtlebot3_servingRobot/install/serving_interface/local/lib/python3.10/dist-packages/serving_interface/serving_interface_s__rosidl_typesupport_fastrtps_c.cpython-310-x86_64-linux-gnu.so" to ""
-- Installing: /home/juna/doosan_boot_work/driving1/turtlebot3_servingRobot/install/serving_interface/local/lib/python3.10/dist-packages/serving_interface/serving_interface_s__rosidl_typesupport_introspection_c.cpython-310-x86_64-linux-gnu.so
-- Set runtime path of "/home/juna/doosan_boot_work/driving1/turtlebot3_servingRobot/install/serving_interface/local/lib/python3.10/dist-packages/serving_interface/serving_interface_s__rosidl_typesupport_introspection_c.cpython-310-x86_64-linux-gnu.so" to ""
-- Installing: /home/juna/doosan_boot_work/driving1/turtlebot3_servingRobot/install/serving_interface/local/lib/python3.10/dist-packages/serving_interface/serving_interface_s__rosidl_typesupport_c.cpython-310-x86_64-linux-gnu.so
-- Set runtime path of "/home/juna/doosan_boot_work/driving1/turtlebot3_servingRobot/install/serving_interface/local/lib/python3.10/dist-packages/serving_interface/serving_interface_s__rosidl_typesupport_c.cpython-310-x86_64-linux-gnu.so" to ""
-- Installing: /home/juna/doosan_boot_work/driving1/turtlebot3_servingRobot/install/serving_interface/lib/libserving_interface__rosidl_generator_py.so
-- Set runtime path of "/home/juna/doosan_boot_work/driving1/turtlebot3_servingRobot/install/serving_interface/lib/libserving_interface__rosidl_generator_py.so" to ""
-- Installing: /home/juna/doosan_boot_work/driving1/turtlebot3_servingRobot/install/serving_interface/share/serving_interface/msg/StartServing.idl
-- Installing: /home/juna/doosan_boot_work/driving1/turtlebot3_servingRobot/install/serving_interface/share/serving_interface/srv/Order.idl
-- Installing: /home/juna/doosan_boot_work/driving1/turtlebot3_servingRobot/install/serving_interface/share/serving_interface/srv/ServingStatus.idl
-- Up-to-date: /home/juna/doosan_boot_work/driving1/turtlebot3_servingRobot/install/serving_interface/share/serving_interface/msg/StartServing.msg
-- Up-to-date: /home/juna/doosan_boot_work/driving1/turtlebot3_servingRobot/install/serving_interface/share/serving_interface/srv/Order.srv
-- Installing: /home/juna/doosan_boot_work/driving1/turtlebot3_servingRobot/install/serving_interface/share/serving_interface/srv/Order_Request.msg
-- Installing: /home/juna/doosan_boot_work/driving1/turtlebot3_servingRobot/install/serving_interface/share/serving_interface/srv/Order_Response.msg
-- Up-to-date: /home/juna/doosan_boot_work/driving1/turtlebot3_servingRobot/install/serving_interface/share/serving_interface/srv/ServingStatus.srv
-- Installing: /home/juna/doosan_boot_work/driving1/turtlebot3_servingRobot/install/serving_interface/share/serving_interface/srv/ServingStatus_Request.msg
-- Installing: /home/juna/doosan_boot_work/driving1/turtlebot3_servingRobot/install/serving_interface/share/serving_interface/srv/ServingStatus_Response.msg
-- Installing: /home/juna/doosan_boot_work/driving1/turtlebot3_servingRobot/install/serving_interface/share/ament_index/resource_index/package_run_dependencies/serving_interface
-- Installing: /home/juna/doosan_boot_work/driving1/turtlebot3_servingRobot/install/serving_interface/share/ament_index/resource_index/parent_prefix_path/serving_interface
-- Up-to-date: /home/juna/doosan_boot_work/driving1/turtlebot3_servingRobot/install/serving_interface/share/serving_interface/environment/ament_prefix_path.sh
-- Installing: /home/juna/doosan_boot_work/driving1/turtlebot3_servingRobot/install/serving_interface/share/serving_interface/environment/ament_prefix_path.dsv
-- Up-to-date: /home/juna/doosan_boot_work/driving1/turtlebot3_servingRobot/install/serving_interface/share/serving_interface/environment/path.sh
-- Installing: /home/juna/doosan_boot_work/driving1/turtlebot3_servingRobot/install/serving_interface/share/serving_interface/environment/path.dsv
-- Installing: /home/juna/doosan_boot_work/driving1/turtlebot3_servingRobot/install/serving_interface/share/serving_interface/local_setup.bash
-- Installing: /home/juna/doosan_boot_work/driving1/turtlebot3_servingRobot/install/serving_interface/share/serving_interface/local_setup.sh
-- Installing: /home/juna/doosan_boot_work/driving1/turtlebot3_servingRobot/install/serving_interface/share/serving_interface/local_setup.zsh
-- Installing: /home/juna/doosan_boot_work/driving1/turtlebot3_servingRobot/install/serving_interface/share/serving_interface/local_setup.dsv
-- Installing: /home/juna/doosan_boot_work/driving1/turtlebot3_servingRobot/install/serving_interface/share/serving_interface/package.dsv
-- Installing: /home/juna/doosan_boot_work/driving1/turtlebot3_servingRobot/install/serving_interface/share/ament_index/resource_index/packages/serving_interface
-- Installing: /home/juna/doosan_boot_work/driving1/turtlebot3_servingRobot/install/serving_interface/share/serving_interface/cmake/export_serving_interface__rosidl_generator_cExport.cmake
-- Installing: /home/juna/doosan_boot_work/driving1/turtlebot3_servingRobot/install/serving_interface/share/serving_interface/cmake/export_serving_interface__rosidl_generator_cExport-noconfig.cmake
-- Installing: /home/juna/doosan_boot_work/driving1/turtlebot3_servingRobot/install/serving_interface/share/serving_interface/cmake/export_serving_interface__rosidl_typesupport_fastrtps_cExport.cmake
-- Installing: /home/juna/doosan_boot_work/driving1/turtlebot3_servingRobot/install/serving_interface/share/serving_interface/cmake/export_serving_interface__rosidl_typesupport_fastrtps_cExport-noconfig.cmake
-- Installing: /home/juna/doosan_boot_work/driving1/turtlebot3_servingRobot/install/serving_interface/share/serving_interface/cmake/export_serving_interface__rosidl_generator_cppExport.cmake
-- Installing: /home/juna/doosan_boot_work/driving1/turtlebot3_servingRobot/install/serving_interface/share/serving_interface/cmake/export_serving_interface__rosidl_typesupport_fastrtps_cppExport.cmake
-- Installing: /home/juna/doosan_boot_work/driving1/turtlebot3_servingRobot/install/serving_interface/share/serving_interface/cmake/export_serving_interface__rosidl_typesupport_fastrtps_cppExport-noconfig.cmake
-- Installing: /home/juna/doosan_boot_work/driving1/turtlebot3_servingRobot/install/serving_interface/share/serving_interface/cmake/serving_interface__rosidl_typesupport_introspection_cExport.cmake
-- Installing: /home/juna/doosan_boot_work/driving1/turtlebot3_servingRobot/install/serving_interface/share/serving_interface/cmake/serving_interface__rosidl_typesupport_introspection_cExport-noconfig.cmake
-- Installing: /home/juna/doosan_boot_work/driving1/turtlebot3_servingRobot/install/serving_interface/share/serving_interface/cmake/serving_interface__rosidl_typesupport_cExport.cmake
-- Installing: /home/juna/doosan_boot_work/driving1/turtlebot3_servingRobot/install/serving_interface/share/serving_interface/cmake/serving_interface__rosidl_typesupport_cExport-noconfig.cmake
-- Installing: /home/juna/doosan_boot_work/driving1/turtlebot3_servingRobot/install/serving_interface/share/serving_interface/cmake/serving_interface__rosidl_typesupport_introspection_cppExport.cmake
-- Installing: /home/juna/doosan_boot_work/driving1/turtlebot3_servingRobot/install/serving_interface/share/serving_interface/cmake/serving_interface__rosidl_typesupport_introspection_cppExport-noconfig.cmake
-- Installing: /home/juna/doosan_boot_work/driving1/turtlebot3_servingRobot/install/serving_interface/share/serving_interface/cmake/serving_interface__rosidl_typesupport_cppExport.cmake
-- Installing: /home/juna/doosan_boot_work/driving1/turtlebot3_servingRobot/install/serving_interface/share/serving_interface/cmake/serving_interface__rosidl_typesupport_cppExport-noconfig.cmake
-- Installing: /home/juna/doosan_boot_work/driving1/turtlebot3_servingRobot/install/serving_interface/share/serving_interface/cmake/export_serving_interface__rosidl_generator_pyExport.cmake
-- Installing: /home/juna/doosan_boot_work/driving1/turtlebot3_servingRobot/install/serving_interface/share/serving_interface/cmake/export_serving_interface__rosidl_generator_pyExport-noconfig.cmake
-- Installing: /home/juna/doosan_boot_work/driving1/turtlebot3_servingRobot/install/serving_interface/share/serving_interface/cmake/rosidl_cmake-extras.cmake
-- Installing: /home/juna/doosan_boot_work/driving1/turtlebot3_servingRobot/install/serving_interface/share/serving_interface/cmake/ament_cmake_export_dependencies-extras.cmake
-- Installing: /home/juna/doosan_boot_work/driving1/turtlebot3_servingRobot/install/serving_interface/share/serving_interface/cmake/ament_cmake_export_include_directories-extras.cmake
-- Installing: /home/juna/doosan_boot_work/driving1/turtlebot3_servingRobot/install/serving_interface/share/serving_interface/cmake/ament_cmake_export_libraries-extras.cmake
-- Installing: /home/juna/doosan_boot_work/driving1/turtlebot3_servingRobot/install/serving_interface/share/serving_interface/cmake/ament_cmake_export_targets-extras.cmake
-- Installing: /home/juna/doosan_boot_work/driving1/turtlebot3_servingRobot/install/serving_interface/share/serving_interface/cmake/rosidl_cmake_export_typesupport_targets-extras.cmake
-- Installing: /home/juna/doosan_boot_work/driving1/turtlebot3_servingRobot/install/serving_interface/share/serving_interface/cmake/rosidl_cmake_export_typesupport_libraries-extras.cmake
-- Installing: /home/juna/doosan_boot_work/driving1/turtlebot3_servingRobot/install/serving_interface/share/serving_interface/cmake/serving_interfaceConfig.cmake
-- Installing: /home/juna/doosan_boot_work/driving1/turtlebot3_servingRobot/install/serving_interface/share/serving_interface/cmake/serving_interfaceConfig-version.cmake
-- Up-to-date: /home/juna/doosan_boot_work/driving1/turtlebot3_servingRobot/install/serving_interface/share/serving_interface/package.xml
