[0.010s] Invoking command in '/home/juna/doosan_boot_work/driving1/turtlebot3_servingRobot/build/serving_interface': CMAKE_PREFIX_PATH=/opt/ros/humble /usr/bin/cmake /home/juna/doosan_boot_work/driving1/turtlebot3_servingRobot/src/serving_interface -DCMAKE_INSTALL_PREFIX=/home/juna/doosan_boot_work/driving1/turtlebot3_servingRobot/install/serving_interface
[0.064s] -- The C compiler identification is GNU 11.4.0
[0.108s] -- The CXX compiler identification is GNU 11.4.0
[0.114s] -- Detecting C compiler ABI info
[0.176s] -- Detecting C compiler ABI info - done
[0.183s] -- Check for working C compiler: /usr/bin/cc - skipped
[0.183s] -- Detecting C compile features
[0.183s] -- Detecting C compile features - done
[0.186s] -- Detecting CXX compiler ABI info
[0.255s] -- Detecting CXX compiler ABI info - done
[0.263s] -- Check for working CXX compiler: /usr/bin/c++ - skipped
[0.263s] -- Detecting CXX compile features
[0.264s] -- Detecting CXX compile features - done
[0.266s] -- Found ament_cmake: 1.3.10 (/opt/ros/humble/share/ament_cmake/cmake)
[0.391s] -- Found Python3: /usr/bin/python3 (found version "3.10.12") found components: Interpreter 
[0.458s] -- Found builtin_interfaces: 1.2.1 (/opt/ros/humble/share/builtin_interfaces/cmake)
[0.480s] -- Found rosidl_generator_c: 3.1.5 (/opt/ros/humble/share/rosidl_generator_c/cmake)
[0.483s] -- Found rosidl_adapter: 3.1.5 (/opt/ros/humble/share/rosidl_adapter/cmake)
[0.488s] -- Found rosidl_generator_cpp: 3.1.5 (/opt/ros/humble/share/rosidl_generator_cpp/cmake)
[0.496s] -- Using all available rosidl_typesupport_c: rosidl_typesupport_fastrtps_c;rosidl_typesupport_introspection_c
[0.507s] -- Using all available rosidl_typesupport_cpp: rosidl_typesupport_fastrtps_cpp;rosidl_typesupport_introspection_cpp
[0.517s] -- Found rosidl_default_generators: 1.2.0 (/opt/ros/humble/share/rosidl_default_generators/cmake)
[0.721s] -- Found ament_cmake_ros: 0.10.0 (/opt/ros/humble/share/ament_cmake_ros/cmake)
[0.955s] -- Using all available rosidl_typesupport_c: rosidl_typesupport_fastrtps_c;rosidl_typesupport_introspection_c
[1.034s] -- Using all available rosidl_typesupport_cpp: rosidl_typesupport_fastrtps_cpp;rosidl_typesupport_introspection_cpp
[1.056s] -- Found PythonInterp: /usr/bin/python3 (found suitable version "3.10.12", minimum required is "3.6") 
[1.057s] -- Found python_cmake_module: 0.10.0 (/opt/ros/humble/share/python_cmake_module/cmake)
[1.079s] -- Found PythonLibs: /usr/lib/x86_64-linux-gnu/libpython3.10.so (found suitable version "3.10.12", minimum required is "3.5") 
[1.079s] -- Using PYTHON_EXECUTABLE: /usr/bin/python3
[1.079s] -- Using PYTHON_INCLUDE_DIRS: /usr/include/python3.10
[1.079s] -- Using PYTHON_LIBRARIES: /usr/lib/x86_64-linux-gnu/libpython3.10.so
[1.095s] -- Found PythonExtra: .so  
[1.126s] -- Found ament_lint_auto: 0.12.11 (/opt/ros/humble/share/ament_lint_auto/cmake)
[1.136s] -- Added test 'lint_cmake' to check CMake code style
[1.137s] -- Added test 'xmllint' to check XML markup files
[1.138s] -- Configuring done
[1.156s] -- Generating done
[1.157s] -- Build files have been written to: /home/juna/doosan_boot_work/driving1/turtlebot3_servingRobot/build/serving_interface
[1.162s] Invoked command in '/home/juna/doosan_boot_work/driving1/turtlebot3_servingRobot/build/serving_interface' returned '0': CMAKE_PREFIX_PATH=/opt/ros/humble /usr/bin/cmake /home/juna/doosan_boot_work/driving1/turtlebot3_servingRobot/src/serving_interface -DCMAKE_INSTALL_PREFIX=/home/juna/doosan_boot_work/driving1/turtlebot3_servingRobot/install/serving_interface
[1.163s] Invoking command in '/home/juna/doosan_boot_work/driving1/turtlebot3_servingRobot/build/serving_interface': CMAKE_PREFIX_PATH=/opt/ros/humble /usr/bin/cmake --build /home/juna/doosan_boot_work/driving1/turtlebot3_servingRobot/build/serving_interface -- -j12 -l12
[1.195s] [  2%] [34m[1mGenerating C code for ROS interfaces[0m
[1.205s] [  4%] [34m[1mGenerating C++ code for ROS interfaces[0m
[1.213s] [  4%] Built target ament_cmake_python_copy_serving_interface
[1.450s] running egg_info
[1.450s] creating serving_interface.egg-info
[1.451s] writing serving_interface.egg-info/PKG-INFO
[1.451s] writing dependency_links to serving_interface.egg-info/dependency_links.txt
[1.451s] writing top-level names to serving_interface.egg-info/top_level.txt
[1.452s] writing manifest file 'serving_interface.egg-info/SOURCES.txt'
[1.453s] reading manifest file 'serving_interface.egg-info/SOURCES.txt'
[1.454s] writing manifest file 'serving_interface.egg-info/SOURCES.txt'
[1.478s] [  4%] Built target ament_cmake_python_build_serving_interface_egg
[1.522s] [  4%] Built target serving_interface__cpp
[1.526s] [  6%] [32mBuilding C object CMakeFiles/serving_interface__rosidl_generator_c.dir/rosidl_generator_c/serving_interface/srv/detail/order__functions.c.o[0m
[1.526s] [  8%] [32mBuilding C object CMakeFiles/serving_interface__rosidl_generator_c.dir/rosidl_generator_c/serving_interface/msg/detail/start_serving__functions.c.o[0m
[1.527s] [ 10%] [32mBuilding C object CMakeFiles/serving_interface__rosidl_generator_c.dir/rosidl_generator_c/serving_interface/srv/detail/serving_status__functions.c.o[0m
[1.533s] [ 12%] [34m[1mGenerating C++ type support dispatch for ROS interfaces[0m
[1.536s] [ 17%] [34m[1mGenerating C++ introspection for ROS interfaces[0m
[1.536s] [ 17%] [34m[1mGenerating C++ type support for eProsima Fast-RTPS[0m
[1.599s] [ 19%] [32m[1mLinking C shared library libserving_interface__rosidl_generator_c.so[0m
[1.640s] [ 19%] Built target serving_interface__rosidl_generator_c
[1.650s] [ 21%] [34m[1mGenerating C type support for eProsima Fast-RTPS[0m
[1.651s] [ 23%] [34m[1mGenerating C type support dispatch for ROS interfaces[0m
[1.653s] [ 25%] [34m[1mGenerating C introspection for ROS interfaces[0m
[1.827s] [ 27%] [32mBuilding CXX object CMakeFiles/serving_interface__rosidl_typesupport_cpp.dir/rosidl_typesupport_cpp/serving_interface/srv/order__type_support.cpp.o[0m
[1.830s] [ 31%] [32mBuilding CXX object CMakeFiles/serving_interface__rosidl_typesupport_cpp.dir/rosidl_typesupport_cpp/serving_interface/srv/serving_status__type_support.cpp.o[0m
[1.831s] [ 31%] [32mBuilding CXX object CMakeFiles/serving_interface__rosidl_typesupport_cpp.dir/rosidl_typesupport_cpp/serving_interface/msg/start_serving__type_support.cpp.o[0m
[1.892s] [ 34%] [32mBuilding CXX object CMakeFiles/serving_interface__rosidl_typesupport_fastrtps_cpp.dir/rosidl_typesupport_fastrtps_cpp/serving_interface/msg/detail/dds_fastrtps/start_serving__type_support.cpp.o[0m
[1.896s] [ 36%] [32mBuilding CXX object CMakeFiles/serving_interface__rosidl_typesupport_fastrtps_cpp.dir/rosidl_typesupport_fastrtps_cpp/serving_interface/srv/detail/dds_fastrtps/order__type_support.cpp.o[0m
[1.896s] [ 38%] [32mBuilding CXX object CMakeFiles/serving_interface__rosidl_typesupport_fastrtps_cpp.dir/rosidl_typesupport_fastrtps_cpp/serving_interface/srv/detail/dds_fastrtps/serving_status__type_support.cpp.o[0m
[2.010s] [ 42%] [32mBuilding CXX object CMakeFiles/serving_interface__rosidl_typesupport_c.dir/rosidl_typesupport_c/serving_interface/srv/order__type_support.cpp.o[0m
[2.010s] [ 42%] [32mBuilding CXX object CMakeFiles/serving_interface__rosidl_typesupport_c.dir/rosidl_typesupport_c/serving_interface/msg/start_serving__type_support.cpp.o[0m
[2.010s] [ 44%] [32mBuilding CXX object CMakeFiles/serving_interface__rosidl_typesupport_c.dir/rosidl_typesupport_c/serving_interface/srv/serving_status__type_support.cpp.o[0m
[2.023s] [ 46%] [32mBuilding CXX object CMakeFiles/serving_interface__rosidl_typesupport_introspection_cpp.dir/rosidl_typesupport_introspection_cpp/serving_interface/msg/detail/start_serving__type_support.cpp.o[0m
[2.057s] [ 48%] [32mBuilding CXX object CMakeFiles/serving_interface__rosidl_typesupport_introspection_cpp.dir/rosidl_typesupport_introspection_cpp/serving_interface/srv/detail/serving_status__type_support.cpp.o[0m
[2.057s] [ 51%] [32mBuilding CXX object CMakeFiles/serving_interface__rosidl_typesupport_introspection_cpp.dir/rosidl_typesupport_introspection_cpp/serving_interface/srv/detail/order__type_support.cpp.o[0m
[2.057s] [ 53%] [32m[1mLinking CXX shared library libserving_interface__rosidl_typesupport_c.so[0m
[2.123s] [ 53%] Built target serving_interface__rosidl_typesupport_c
[2.173s] [ 59%] [32mBuilding CXX object CMakeFiles/serving_interface__rosidl_typesupport_fastrtps_c.dir/rosidl_typesupport_fastrtps_c/serving_interface/msg/detail/start_serving__type_support_c.cpp.o[0m
[2.173s] [ 59%] [32mBuilding CXX object CMakeFiles/serving_interface__rosidl_typesupport_fastrtps_c.dir/rosidl_typesupport_fastrtps_c/serving_interface/srv/detail/order__type_support_c.cpp.o[0m
[2.173s] [ 59%] [32mBuilding CXX object CMakeFiles/serving_interface__rosidl_typesupport_fastrtps_c.dir/rosidl_typesupport_fastrtps_c/serving_interface/srv/detail/serving_status__type_support_c.cpp.o[0m
[2.256s] [ 63%] [32mBuilding C object CMakeFiles/serving_interface__rosidl_typesupport_introspection_c.dir/rosidl_typesupport_introspection_c/serving_interface/srv/detail/order__type_support.c.o[0m
[2.256s] [ 63%] [32mBuilding C object CMakeFiles/serving_interface__rosidl_typesupport_introspection_c.dir/rosidl_typesupport_introspection_c/serving_interface/msg/detail/start_serving__type_support.c.o[0m
[2.296s] [ 65%] [32m[1mLinking CXX shared library libserving_interface__rosidl_typesupport_cpp.so[0m
[2.303s] [ 68%] [32mBuilding C object CMakeFiles/serving_interface__rosidl_typesupport_introspection_c.dir/rosidl_typesupport_introspection_c/serving_interface/srv/detail/serving_status__type_support.c.o[0m
[2.355s] [ 70%] [32m[1mLinking C shared library libserving_interface__rosidl_typesupport_introspection_c.so[0m
[2.356s] [ 70%] Built target serving_interface__rosidl_typesupport_cpp
[2.402s] [ 70%] Built target serving_interface__rosidl_typesupport_introspection_c
[2.614s] [ 72%] [32m[1mLinking CXX shared library libserving_interface__rosidl_typesupport_fastrtps_c.so[0m
[2.630s] [ 74%] [32m[1mLinking CXX shared library libserving_interface__rosidl_typesupport_introspection_cpp.so[0m
[2.656s] [ 76%] [32m[1mLinking CXX shared library libserving_interface__rosidl_typesupport_fastrtps_cpp.so[0m
[2.685s] [ 76%] Built target serving_interface__rosidl_typesupport_fastrtps_c
[2.701s] [ 76%] Built target serving_interface__rosidl_typesupport_introspection_cpp
[2.719s] [ 76%] Built target serving_interface__rosidl_typesupport_fastrtps_cpp
[2.734s] [ 76%] Built target serving_interface
[2.750s] [ 78%] [34m[1mGenerating Python code for ROS interfaces[0m
[3.090s] [ 78%] Built target serving_interface__py
[3.106s] [ 80%] [32mBuilding C object CMakeFiles/serving_interface__rosidl_generator_py.dir/rosidl_generator_py/serving_interface/srv/_serving_status_s.c.o[0m
[3.106s] [ 82%] [32mBuilding C object CMakeFiles/serving_interface__rosidl_generator_py.dir/rosidl_generator_py/serving_interface/srv/_order_s.c.o[0m
[3.107s] [ 85%] [32mBuilding C object CMakeFiles/serving_interface__rosidl_generator_py.dir/rosidl_generator_py/serving_interface/msg/_start_serving_s.c.o[0m
[3.193s] [ 87%] [32m[1mLinking C shared library rosidl_generator_py/serving_interface/libserving_interface__rosidl_generator_py.so[0m
[3.223s] [ 87%] Built target serving_interface__rosidl_generator_py
[3.241s] [ 89%] [32mBuilding C object CMakeFiles/serving_interface__rosidl_typesupport_introspection_c__pyext.dir/rosidl_generator_py/serving_interface/_serving_interface_s.ep.rosidl_typesupport_introspection_c.c.o[0m
[3.242s] [ 91%] [32mBuilding C object CMakeFiles/serving_interface__rosidl_typesupport_c__pyext.dir/rosidl_generator_py/serving_interface/_serving_interface_s.ep.rosidl_typesupport_c.c.o[0m
[3.243s] [ 93%] [32mBuilding C object CMakeFiles/serving_interface__rosidl_typesupport_fastrtps_c__pyext.dir/rosidl_generator_py/serving_interface/_serving_interface_s.ep.rosidl_typesupport_fastrtps_c.c.o[0m
[3.326s] [ 95%] [32m[1mLinking C shared library rosidl_generator_py/serving_interface/serving_interface_s__rosidl_typesupport_fastrtps_c.cpython-310-x86_64-linux-gnu.so[0m
[3.327s] [ 97%] [32m[1mLinking C shared library rosidl_generator_py/serving_interface/serving_interface_s__rosidl_typesupport_introspection_c.cpython-310-x86_64-linux-gnu.so[0m
[3.327s] [100%] [32m[1mLinking C shared library rosidl_generator_py/serving_interface/serving_interface_s__rosidl_typesupport_c.cpython-310-x86_64-linux-gnu.so[0m
[3.359s] [100%] Built target serving_interface__rosidl_typesupport_c__pyext
[3.361s] [100%] Built target serving_interface__rosidl_typesupport_fastrtps_c__pyext
[3.361s] [100%] Built target serving_interface__rosidl_typesupport_introspection_c__pyext
[3.370s] Invoked command in '/home/juna/doosan_boot_work/driving1/turtlebot3_servingRobot/build/serving_interface' returned '0': CMAKE_PREFIX_PATH=/opt/ros/humble /usr/bin/cmake --build /home/juna/doosan_boot_work/driving1/turtlebot3_servingRobot/build/serving_interface -- -j12 -l12
[3.474s] Invoking command in '/home/juna/doosan_boot_work/driving1/turtlebot3_servingRobot/build/serving_interface': CMAKE_PREFIX_PATH=/opt/ros/humble /usr/bin/cmake --install /home/juna/doosan_boot_work/driving1/turtlebot3_servingRobot/build/serving_interface
[3.480s] -- Install configuration: ""
[3.480s] -- Installing: /home/juna/doosan_boot_work/driving1/turtlebot3_servingRobot/install/serving_interface/share/ament_index/resource_index/rosidl_interfaces/serving_interface
[3.480s] -- Up-to-date: /home/juna/doosan_boot_work/driving1/turtlebot3_servingRobot/install/serving_interface/include/serving_interface/serving_interface
[3.480s] -- Up-to-date: /home/juna/doosan_boot_work/driving1/turtlebot3_servingRobot/install/serving_interface/include/serving_interface/serving_interface/srv
[3.480s] -- Installing: /home/juna/doosan_boot_work/driving1/turtlebot3_servingRobot/install/serving_interface/include/serving_interface/serving_interface/srv/order.h
[3.480s] -- Installing: /home/juna/doosan_boot_work/driving1/turtlebot3_servingRobot/install/serving_interface/include/serving_interface/serving_interface/srv/serving_status.h
[3.480s] -- Up-to-date: /home/juna/doosan_boot_work/driving1/turtlebot3_servingRobot/install/serving_interface/include/serving_interface/serving_interface/srv/detail
[3.480s] -- Installing: /home/juna/doosan_boot_work/driving1/turtlebot3_servingRobot/install/serving_interface/include/serving_interface/serving_interface/srv/detail/serving_status__type_support.h
[3.480s] -- Installing: /home/juna/doosan_boot_work/driving1/turtlebot3_servingRobot/install/serving_interface/include/serving_interface/serving_interface/srv/detail/serving_status__functions.c
[3.480s] -- Installing: /home/juna/doosan_boot_work/driving1/turtlebot3_servingRobot/install/serving_interface/include/serving_interface/serving_interface/srv/detail/order__functions.h
[3.480s] -- Installing: /home/juna/doosan_boot_work/driving1/turtlebot3_servingRobot/install/serving_interface/include/serving_interface/serving_interface/srv/detail/serving_status__struct.h
[3.480s] -- Installing: /home/juna/doosan_boot_work/driving1/turtlebot3_servingRobot/install/serving_interface/include/serving_interface/serving_interface/srv/detail/order__type_support.h
[3.480s] -- Installing: /home/juna/doosan_boot_work/driving1/turtlebot3_servingRobot/install/serving_interface/include/serving_interface/serving_interface/srv/detail/order__functions.c
[3.480s] -- Installing: /home/juna/doosan_boot_work/driving1/turtlebot3_servingRobot/install/serving_interface/include/serving_interface/serving_interface/srv/detail/serving_status__functions.h
[3.480s] -- Installing: /home/juna/doosan_boot_work/driving1/turtlebot3_servingRobot/install/serving_interface/include/serving_interface/serving_interface/srv/detail/order__struct.h
[3.480s] -- Up-to-date: /home/juna/doosan_boot_work/driving1/turtlebot3_servingRobot/install/serving_interface/include/serving_interface/serving_interface/msg
[3.481s] -- Installing: /home/juna/doosan_boot_work/driving1/turtlebot3_servingRobot/install/serving_interface/include/serving_interface/serving_interface/msg/start_serving.h
[3.481s] -- Up-to-date: /home/juna/doosan_boot_work/driving1/turtlebot3_servingRobot/install/serving_interface/include/serving_interface/serving_interface/msg/detail
[3.481s] -- Installing: /home/juna/doosan_boot_work/driving1/turtlebot3_servingRobot/install/serving_interface/include/serving_interface/serving_interface/msg/detail/start_serving__struct.h
[3.481s] -- Installing: /home/juna/doosan_boot_work/driving1/turtlebot3_servingRobot/install/serving_interface/include/serving_interface/serving_interface/msg/detail/start_serving__type_support.h
[3.481s] -- Installing: /home/juna/doosan_boot_work/driving1/turtlebot3_servingRobot/install/serving_interface/include/serving_interface/serving_interface/msg/detail/start_serving__functions.h
[3.481s] -- Installing: /home/juna/doosan_boot_work/driving1/turtlebot3_servingRobot/install/serving_interface/include/serving_interface/serving_interface/msg/detail/start_serving__functions.c
[3.481s] -- Installing: /home/juna/doosan_boot_work/driving1/turtlebot3_servingRobot/install/serving_interface/include/serving_interface/serving_interface/msg/rosidl_generator_c__visibility_control.h
[3.481s] -- Up-to-date: /home/juna/doosan_boot_work/driving1/turtlebot3_servingRobot/install/serving_interface/share/serving_interface/environment/library_path.sh
[3.481s] -- Installing: /home/juna/doosan_boot_work/driving1/turtlebot3_servingRobot/install/serving_interface/share/serving_interface/environment/library_path.dsv
[3.481s] -- Installing: /home/juna/doosan_boot_work/driving1/turtlebot3_servingRobot/install/serving_interface/lib/libserving_interface__rosidl_generator_c.so
[3.481s] -- Set runtime path of "/home/juna/doosan_boot_work/driving1/turtlebot3_servingRobot/install/serving_interface/lib/libserving_interface__rosidl_generator_c.so" to ""
[3.481s] -- Up-to-date: /home/juna/doosan_boot_work/driving1/turtlebot3_servingRobot/install/serving_interface/include/serving_interface/serving_interface
[3.481s] -- Up-to-date: /home/juna/doosan_boot_work/driving1/turtlebot3_servingRobot/install/serving_interface/include/serving_interface/serving_interface/srv
[3.481s] -- Up-to-date: /home/juna/doosan_boot_work/driving1/turtlebot3_servingRobot/install/serving_interface/include/serving_interface/serving_interface/srv/detail
[3.481s] -- Installing: /home/juna/doosan_boot_work/driving1/turtlebot3_servingRobot/install/serving_interface/include/serving_interface/serving_interface/srv/detail/order__rosidl_typesupport_fastrtps_c.h
[3.481s] -- Installing: /home/juna/doosan_boot_work/driving1/turtlebot3_servingRobot/install/serving_interface/include/serving_interface/serving_interface/srv/detail/serving_status__rosidl_typesupport_fastrtps_c.h
[3.481s] -- Up-to-date: /home/juna/doosan_boot_work/driving1/turtlebot3_servingRobot/install/serving_interface/include/serving_interface/serving_interface/msg
[3.482s] -- Up-to-date: /home/juna/doosan_boot_work/driving1/turtlebot3_servingRobot/install/serving_interface/include/serving_interface/serving_interface/msg/detail
[3.482s] -- Installing: /home/juna/doosan_boot_work/driving1/turtlebot3_servingRobot/install/serving_interface/include/serving_interface/serving_interface/msg/detail/start_serving__rosidl_typesupport_fastrtps_c.h
[3.482s] -- Installing: /home/juna/doosan_boot_work/driving1/turtlebot3_servingRobot/install/serving_interface/include/serving_interface/serving_interface/msg/rosidl_typesupport_fastrtps_c__visibility_control.h
[3.482s] -- Installing: /home/juna/doosan_boot_work/driving1/turtlebot3_servingRobot/install/serving_interface/lib/libserving_interface__rosidl_typesupport_fastrtps_c.so
[3.482s] -- Set runtime path of "/home/juna/doosan_boot_work/driving1/turtlebot3_servingRobot/install/serving_interface/lib/libserving_interface__rosidl_typesupport_fastrtps_c.so" to ""
[3.482s] -- Up-to-date: /home/juna/doosan_boot_work/driving1/turtlebot3_servingRobot/install/serving_interface/include/serving_interface/serving_interface
[3.482s] -- Up-to-date: /home/juna/doosan_boot_work/driving1/turtlebot3_servingRobot/install/serving_interface/include/serving_interface/serving_interface/srv
[3.482s] -- Installing: /home/juna/doosan_boot_work/driving1/turtlebot3_servingRobot/install/serving_interface/include/serving_interface/serving_interface/srv/order.hpp
[3.482s] -- Up-to-date: /home/juna/doosan_boot_work/driving1/turtlebot3_servingRobot/install/serving_interface/include/serving_interface/serving_interface/srv/detail
[3.482s] -- Installing: /home/juna/doosan_boot_work/driving1/turtlebot3_servingRobot/install/serving_interface/include/serving_interface/serving_interface/srv/detail/order__traits.hpp
[3.482s] -- Installing: /home/juna/doosan_boot_work/driving1/turtlebot3_servingRobot/install/serving_interface/include/serving_interface/serving_interface/srv/detail/serving_status__builder.hpp
[3.482s] -- Installing: /home/juna/doosan_boot_work/driving1/turtlebot3_servingRobot/install/serving_interface/include/serving_interface/serving_interface/srv/detail/serving_status__struct.hpp
[3.482s] -- Installing: /home/juna/doosan_boot_work/driving1/turtlebot3_servingRobot/install/serving_interface/include/serving_interface/serving_interface/srv/detail/serving_status__traits.hpp
[3.482s] -- Installing: /home/juna/doosan_boot_work/driving1/turtlebot3_servingRobot/install/serving_interface/include/serving_interface/serving_interface/srv/detail/order__builder.hpp
[3.482s] -- Installing: /home/juna/doosan_boot_work/driving1/turtlebot3_servingRobot/install/serving_interface/include/serving_interface/serving_interface/srv/detail/order__struct.hpp
[3.482s] -- Installing: /home/juna/doosan_boot_work/driving1/turtlebot3_servingRobot/install/serving_interface/include/serving_interface/serving_interface/srv/serving_status.hpp
[3.482s] -- Up-to-date: /home/juna/doosan_boot_work/driving1/turtlebot3_servingRobot/install/serving_interface/include/serving_interface/serving_interface/msg
[3.482s] -- Up-to-date: /home/juna/doosan_boot_work/driving1/turtlebot3_servingRobot/install/serving_interface/include/serving_interface/serving_interface/msg/detail
[3.482s] -- Installing: /home/juna/doosan_boot_work/driving1/turtlebot3_servingRobot/install/serving_interface/include/serving_interface/serving_interface/msg/detail/start_serving__traits.hpp
[3.483s] -- Installing: /home/juna/doosan_boot_work/driving1/turtlebot3_servingRobot/install/serving_interface/include/serving_interface/serving_interface/msg/detail/start_serving__struct.hpp
[3.483s] -- Installing: /home/juna/doosan_boot_work/driving1/turtlebot3_servingRobot/install/serving_interface/include/serving_interface/serving_interface/msg/detail/start_serving__builder.hpp
[3.483s] -- Installing: /home/juna/doosan_boot_work/driving1/turtlebot3_servingRobot/install/serving_interface/include/serving_interface/serving_interface/msg/start_serving.hpp
[3.483s] -- Up-to-date: /home/juna/doosan_boot_work/driving1/turtlebot3_servingRobot/install/serving_interface/include/serving_interface/serving_interface
[3.483s] -- Up-to-date: /home/juna/doosan_boot_work/driving1/turtlebot3_servingRobot/install/serving_interface/include/serving_interface/serving_interface/srv
[3.483s] -- Up-to-date: /home/juna/doosan_boot_work/driving1/turtlebot3_servingRobot/install/serving_interface/include/serving_interface/serving_interface/srv/detail
[3.483s] -- Installing: /home/juna/doosan_boot_work/driving1/turtlebot3_servingRobot/install/serving_interface/include/serving_interface/serving_interface/srv/detail/order__rosidl_typesupport_fastrtps_cpp.hpp
[3.483s] -- Up-to-date: /home/juna/doosan_boot_work/driving1/turtlebot3_servingRobot/install/serving_interface/include/serving_interface/serving_interface/srv/detail/dds_fastrtps
[3.483s] -- Installing: /home/juna/doosan_boot_work/driving1/turtlebot3_servingRobot/install/serving_interface/include/serving_interface/serving_interface/srv/detail/serving_status__rosidl_typesupport_fastrtps_cpp.hpp
[3.483s] -- Up-to-date: /home/juna/doosan_boot_work/driving1/turtlebot3_servingRobot/install/serving_interface/include/serving_interface/serving_interface/msg
[3.483s] -- Installing: /home/juna/doosan_boot_work/driving1/turtlebot3_servingRobot/install/serving_interface/include/serving_interface/serving_interface/msg/rosidl_typesupport_fastrtps_cpp__visibility_control.h
[3.483s] -- Up-to-date: /home/juna/doosan_boot_work/driving1/turtlebot3_servingRobot/install/serving_interface/include/serving_interface/serving_interface/msg/detail
[3.483s] -- Up-to-date: /home/juna/doosan_boot_work/driving1/turtlebot3_servingRobot/install/serving_interface/include/serving_interface/serving_interface/msg/detail/dds_fastrtps
[3.483s] -- Installing: /home/juna/doosan_boot_work/driving1/turtlebot3_servingRobot/install/serving_interface/include/serving_interface/serving_interface/msg/detail/start_serving__rosidl_typesupport_fastrtps_cpp.hpp
[3.486s] -- Installing: /home/juna/doosan_boot_work/driving1/turtlebot3_servingRobot/install/serving_interface/lib/libserving_interface__rosidl_typesupport_fastrtps_cpp.so
[3.486s] -- Set runtime path of "/home/juna/doosan_boot_work/driving1/turtlebot3_servingRobot/install/serving_interface/lib/libserving_interface__rosidl_typesupport_fastrtps_cpp.so" to ""
[3.486s] -- Up-to-date: /home/juna/doosan_boot_work/driving1/turtlebot3_servingRobot/install/serving_interface/include/serving_interface/serving_interface
[3.487s] -- Up-to-date: /home/juna/doosan_boot_work/driving1/turtlebot3_servingRobot/install/serving_interface/include/serving_interface/serving_interface/srv
[3.487s] -- Up-to-date: /home/juna/doosan_boot_work/driving1/turtlebot3_servingRobot/install/serving_interface/include/serving_interface/serving_interface/srv/detail
[3.487s] -- Installing: /home/juna/doosan_boot_work/driving1/turtlebot3_servingRobot/install/serving_interface/include/serving_interface/serving_interface/srv/detail/serving_status__rosidl_typesupport_introspection_c.h
[3.487s] -- Installing: /home/juna/doosan_boot_work/driving1/turtlebot3_servingRobot/install/serving_interface/include/serving_interface/serving_interface/srv/detail/order__type_support.c
[3.487s] -- Installing: /home/juna/doosan_boot_work/driving1/turtlebot3_servingRobot/install/serving_interface/include/serving_interface/serving_interface/srv/detail/order__rosidl_typesupport_introspection_c.h
[3.487s] -- Installing: /home/juna/doosan_boot_work/driving1/turtlebot3_servingRobot/install/serving_interface/include/serving_interface/serving_interface/srv/detail/serving_status__type_support.c
[3.487s] -- Up-to-date: /home/juna/doosan_boot_work/driving1/turtlebot3_servingRobot/install/serving_interface/include/serving_interface/serving_interface/msg
[3.487s] -- Installing: /home/juna/doosan_boot_work/driving1/turtlebot3_servingRobot/install/serving_interface/include/serving_interface/serving_interface/msg/rosidl_typesupport_introspection_c__visibility_control.h
[3.487s] -- Up-to-date: /home/juna/doosan_boot_work/driving1/turtlebot3_servingRobot/install/serving_interface/include/serving_interface/serving_interface/msg/detail
[3.487s] -- Installing: /home/juna/doosan_boot_work/driving1/turtlebot3_servingRobot/install/serving_interface/include/serving_interface/serving_interface/msg/detail/start_serving__rosidl_typesupport_introspection_c.h
[3.487s] -- Installing: /home/juna/doosan_boot_work/driving1/turtlebot3_servingRobot/install/serving_interface/include/serving_interface/serving_interface/msg/detail/start_serving__type_support.c
[3.488s] -- Installing: /home/juna/doosan_boot_work/driving1/turtlebot3_servingRobot/install/serving_interface/lib/libserving_interface__rosidl_typesupport_introspection_c.so
[3.488s] -- Set runtime path of "/home/juna/doosan_boot_work/driving1/turtlebot3_servingRobot/install/serving_interface/lib/libserving_interface__rosidl_typesupport_introspection_c.so" to ""
[3.489s] -- Installing: /home/juna/doosan_boot_work/driving1/turtlebot3_servingRobot/install/serving_interface/lib/libserving_interface__rosidl_typesupport_c.so
[3.489s] -- Set runtime path of "/home/juna/doosan_boot_work/driving1/turtlebot3_servingRobot/install/serving_interface/lib/libserving_interface__rosidl_typesupport_c.so" to ""
[3.489s] -- Up-to-date: /home/juna/doosan_boot_work/driving1/turtlebot3_servingRobot/install/serving_interface/include/serving_interface/serving_interface
[3.489s] -- Up-to-date: /home/juna/doosan_boot_work/driving1/turtlebot3_servingRobot/install/serving_interface/include/serving_interface/serving_interface/srv
[3.489s] -- Up-to-date: /home/juna/doosan_boot_work/driving1/turtlebot3_servingRobot/install/serving_interface/include/serving_interface/serving_interface/srv/detail
[3.489s] -- Installing: /home/juna/doosan_boot_work/driving1/turtlebot3_servingRobot/install/serving_interface/include/serving_interface/serving_interface/srv/detail/serving_status__type_support.cpp
[3.489s] -- Installing: /home/juna/doosan_boot_work/driving1/turtlebot3_servingRobot/install/serving_interface/include/serving_interface/serving_interface/srv/detail/serving_status__rosidl_typesupport_introspection_cpp.hpp
[3.489s] -- Installing: /home/juna/doosan_boot_work/driving1/turtlebot3_servingRobot/install/serving_interface/include/serving_interface/serving_interface/srv/detail/order__type_support.cpp
[3.489s] -- Installing: /home/juna/doosan_boot_work/driving1/turtlebot3_servingRobot/install/serving_interface/include/serving_interface/serving_interface/srv/detail/order__rosidl_typesupport_introspection_cpp.hpp
[3.489s] -- Up-to-date: /home/juna/doosan_boot_work/driving1/turtlebot3_servingRobot/install/serving_interface/include/serving_interface/serving_interface/msg
[3.489s] -- Up-to-date: /home/juna/doosan_boot_work/driving1/turtlebot3_servingRobot/install/serving_interface/include/serving_interface/serving_interface/msg/detail
[3.489s] -- Installing: /home/juna/doosan_boot_work/driving1/turtlebot3_servingRobot/install/serving_interface/include/serving_interface/serving_interface/msg/detail/start_serving__rosidl_typesupport_introspection_cpp.hpp
[3.489s] -- Installing: /home/juna/doosan_boot_work/driving1/turtlebot3_servingRobot/install/serving_interface/include/serving_interface/serving_interface/msg/detail/start_serving__type_support.cpp
[3.490s] -- Installing: /home/juna/doosan_boot_work/driving1/turtlebot3_servingRobot/install/serving_interface/lib/libserving_interface__rosidl_typesupport_introspection_cpp.so
[3.491s] -- Set runtime path of "/home/juna/doosan_boot_work/driving1/turtlebot3_servingRobot/install/serving_interface/lib/libserving_interface__rosidl_typesupport_introspection_cpp.so" to ""
[3.492s] -- Installing: /home/juna/doosan_boot_work/driving1/turtlebot3_servingRobot/install/serving_interface/lib/libserving_interface__rosidl_typesupport_cpp.so
[3.492s] -- Set runtime path of "/home/juna/doosan_boot_work/driving1/turtlebot3_servingRobot/install/serving_interface/lib/libserving_interface__rosidl_typesupport_cpp.so" to ""
[3.492s] -- Installing: /home/juna/doosan_boot_work/driving1/turtlebot3_servingRobot/install/serving_interface/share/serving_interface/environment/pythonpath.sh
[3.492s] -- Installing: /home/juna/doosan_boot_work/driving1/turtlebot3_servingRobot/install/serving_interface/share/serving_interface/environment/pythonpath.dsv
[3.492s] -- Up-to-date: /home/juna/doosan_boot_work/driving1/turtlebot3_servingRobot/install/serving_interface/local/lib/python3.10/dist-packages/serving_interface-0.0.0-py3.10.egg-info
[3.492s] -- Installing: /home/juna/doosan_boot_work/driving1/turtlebot3_servingRobot/install/serving_interface/local/lib/python3.10/dist-packages/serving_interface-0.0.0-py3.10.egg-info/SOURCES.txt
[3.492s] -- Installing: /home/juna/doosan_boot_work/driving1/turtlebot3_servingRobot/install/serving_interface/local/lib/python3.10/dist-packages/serving_interface-0.0.0-py3.10.egg-info/PKG-INFO
[3.492s] -- Installing: /home/juna/doosan_boot_work/driving1/turtlebot3_servingRobot/install/serving_interface/local/lib/python3.10/dist-packages/serving_interface-0.0.0-py3.10.egg-info/top_level.txt
[3.492s] -- Installing: /home/juna/doosan_boot_work/driving1/turtlebot3_servingRobot/install/serving_interface/local/lib/python3.10/dist-packages/serving_interface-0.0.0-py3.10.egg-info/dependency_links.txt
[3.492s] -- Up-to-date: /home/juna/doosan_boot_work/driving1/turtlebot3_servingRobot/install/serving_interface/local/lib/python3.10/dist-packages/serving_interface
[3.492s] -- Installing: /home/juna/doosan_boot_work/driving1/turtlebot3_servingRobot/install/serving_interface/local/lib/python3.10/dist-packages/serving_interface/serving_interface_s__rosidl_typesupport_introspection_c.cpython-310-x86_64-linux-gnu.so
[3.492s] -- Installing: /home/juna/doosan_boot_work/driving1/turtlebot3_servingRobot/install/serving_interface/local/lib/python3.10/dist-packages/serving_interface/serving_interface_s__rosidl_typesupport_c.cpython-310-x86_64-linux-gnu.so
[3.492s] -- Installing: /home/juna/doosan_boot_work/driving1/turtlebot3_servingRobot/install/serving_interface/local/lib/python3.10/dist-packages/serving_interface/libserving_interface__rosidl_generator_py.so
[3.492s] -- Up-to-date: /home/juna/doosan_boot_work/driving1/turtlebot3_servingRobot/install/serving_interface/local/lib/python3.10/dist-packages/serving_interface/srv
[3.493s] -- Installing: /home/juna/doosan_boot_work/driving1/turtlebot3_servingRobot/install/serving_interface/local/lib/python3.10/dist-packages/serving_interface/srv/_order.py
[3.493s] -- Installing: /home/juna/doosan_boot_work/driving1/turtlebot3_servingRobot/install/serving_interface/local/lib/python3.10/dist-packages/serving_interface/srv/_order_s.c
[3.493s] -- Installing: /home/juna/doosan_boot_work/driving1/turtlebot3_servingRobot/install/serving_interface/local/lib/python3.10/dist-packages/serving_interface/srv/__init__.py
[3.493s] -- Installing: /home/juna/doosan_boot_work/driving1/turtlebot3_servingRobot/install/serving_interface/local/lib/python3.10/dist-packages/serving_interface/srv/_serving_status.py
[3.493s] -- Installing: /home/juna/doosan_boot_work/driving1/turtlebot3_servingRobot/install/serving_interface/local/lib/python3.10/dist-packages/serving_interface/srv/_serving_status_s.c
[3.493s] -- Installing: /home/juna/doosan_boot_work/driving1/turtlebot3_servingRobot/install/serving_interface/local/lib/python3.10/dist-packages/serving_interface/_serving_interface_s.ep.rosidl_typesupport_introspection_c.c
[3.493s] -- Installing: /home/juna/doosan_boot_work/driving1/turtlebot3_servingRobot/install/serving_interface/local/lib/python3.10/dist-packages/serving_interface/__init__.py
[3.493s] -- Up-to-date: /home/juna/doosan_boot_work/driving1/turtlebot3_servingRobot/install/serving_interface/local/lib/python3.10/dist-packages/serving_interface/msg
[3.493s] -- Installing: /home/juna/doosan_boot_work/driving1/turtlebot3_servingRobot/install/serving_interface/local/lib/python3.10/dist-packages/serving_interface/msg/_start_serving.py
[3.493s] -- Installing: /home/juna/doosan_boot_work/driving1/turtlebot3_servingRobot/install/serving_interface/local/lib/python3.10/dist-packages/serving_interface/msg/_start_serving_s.c
[3.493s] -- Installing: /home/juna/doosan_boot_work/driving1/turtlebot3_servingRobot/install/serving_interface/local/lib/python3.10/dist-packages/serving_interface/msg/__init__.py
[3.493s] -- Installing: /home/juna/doosan_boot_work/driving1/turtlebot3_servingRobot/install/serving_interface/local/lib/python3.10/dist-packages/serving_interface/serving_interface_s__rosidl_typesupport_fastrtps_c.cpython-310-x86_64-linux-gnu.so
[3.493s] -- Installing: /home/juna/doosan_boot_work/driving1/turtlebot3_servingRobot/install/serving_interface/local/lib/python3.10/dist-packages/serving_interface/_serving_interface_s.ep.rosidl_typesupport_fastrtps_c.c
[3.493s] -- Installing: /home/juna/doosan_boot_work/driving1/turtlebot3_servingRobot/install/serving_interface/local/lib/python3.10/dist-packages/serving_interface/_serving_interface_s.ep.rosidl_typesupport_c.c
[3.517s] Listing '/home/juna/doosan_boot_work/driving1/turtlebot3_servingRobot/install/serving_interface/local/lib/python3.10/dist-packages/serving_interface'...
[3.517s] Compiling '/home/juna/doosan_boot_work/driving1/turtlebot3_servingRobot/install/serving_interface/local/lib/python3.10/dist-packages/serving_interface/__init__.py'...
[3.517s] Listing '/home/juna/doosan_boot_work/driving1/turtlebot3_servingRobot/install/serving_interface/local/lib/python3.10/dist-packages/serving_interface/msg'...
[3.517s] Compiling '/home/juna/doosan_boot_work/driving1/turtlebot3_servingRobot/install/serving_interface/local/lib/python3.10/dist-packages/serving_interface/msg/__init__.py'...
[3.517s] Compiling '/home/juna/doosan_boot_work/driving1/turtlebot3_servingRobot/install/serving_interface/local/lib/python3.10/dist-packages/serving_interface/msg/_start_serving.py'...
[3.517s] Listing '/home/juna/doosan_boot_work/driving1/turtlebot3_servingRobot/install/serving_interface/local/lib/python3.10/dist-packages/serving_interface/srv'...
[3.517s] Compiling '/home/juna/doosan_boot_work/driving1/turtlebot3_servingRobot/install/serving_interface/local/lib/python3.10/dist-packages/serving_interface/srv/__init__.py'...
[3.517s] Compiling '/home/juna/doosan_boot_work/driving1/turtlebot3_servingRobot/install/serving_interface/local/lib/python3.10/dist-packages/serving_interface/srv/_order.py'...
[3.517s] Compiling '/home/juna/doosan_boot_work/driving1/turtlebot3_servingRobot/install/serving_interface/local/lib/python3.10/dist-packages/serving_interface/srv/_serving_status.py'...
[3.520s] -- Installing: /home/juna/doosan_boot_work/driving1/turtlebot3_servingRobot/install/serving_interface/local/lib/python3.10/dist-packages/serving_interface/serving_interface_s__rosidl_typesupport_fastrtps_c.cpython-310-x86_64-linux-gnu.so
[3.520s] -- Set runtime path of "/home/juna/doosan_boot_work/driving1/turtlebot3_servingRobot/install/serving_interface/local/lib/python3.10/dist-packages/serving_interface/serving_interface_s__rosidl_typesupport_fastrtps_c.cpython-310-x86_64-linux-gnu.so" to ""
[3.520s] -- Installing: /home/juna/doosan_boot_work/driving1/turtlebot3_servingRobot/install/serving_interface/local/lib/python3.10/dist-packages/serving_interface/serving_interface_s__rosidl_typesupport_introspection_c.cpython-310-x86_64-linux-gnu.so
[3.520s] -- Set runtime path of "/home/juna/doosan_boot_work/driving1/turtlebot3_servingRobot/install/serving_interface/local/lib/python3.10/dist-packages/serving_interface/serving_interface_s__rosidl_typesupport_introspection_c.cpython-310-x86_64-linux-gnu.so" to ""
[3.521s] -- Installing: /home/juna/doosan_boot_work/driving1/turtlebot3_servingRobot/install/serving_interface/local/lib/python3.10/dist-packages/serving_interface/serving_interface_s__rosidl_typesupport_c.cpython-310-x86_64-linux-gnu.so
[3.521s] -- Set runtime path of "/home/juna/doosan_boot_work/driving1/turtlebot3_servingRobot/install/serving_interface/local/lib/python3.10/dist-packages/serving_interface/serving_interface_s__rosidl_typesupport_c.cpython-310-x86_64-linux-gnu.so" to ""
[3.521s] -- Installing: /home/juna/doosan_boot_work/driving1/turtlebot3_servingRobot/install/serving_interface/lib/libserving_interface__rosidl_generator_py.so
[3.521s] -- Set runtime path of "/home/juna/doosan_boot_work/driving1/turtlebot3_servingRobot/install/serving_interface/lib/libserving_interface__rosidl_generator_py.so" to ""
[3.521s] -- Installing: /home/juna/doosan_boot_work/driving1/turtlebot3_servingRobot/install/serving_interface/share/serving_interface/msg/StartServing.idl
[3.521s] -- Installing: /home/juna/doosan_boot_work/driving1/turtlebot3_servingRobot/install/serving_interface/share/serving_interface/srv/Order.idl
[3.521s] -- Installing: /home/juna/doosan_boot_work/driving1/turtlebot3_servingRobot/install/serving_interface/share/serving_interface/srv/ServingStatus.idl
[3.521s] -- Up-to-date: /home/juna/doosan_boot_work/driving1/turtlebot3_servingRobot/install/serving_interface/share/serving_interface/msg/StartServing.msg
[3.521s] -- Up-to-date: /home/juna/doosan_boot_work/driving1/turtlebot3_servingRobot/install/serving_interface/share/serving_interface/srv/Order.srv
[3.522s] -- Installing: /home/juna/doosan_boot_work/driving1/turtlebot3_servingRobot/install/serving_interface/share/serving_interface/srv/Order_Request.msg
[3.522s] -- Installing: /home/juna/doosan_boot_work/driving1/turtlebot3_servingRobot/install/serving_interface/share/serving_interface/srv/Order_Response.msg
[3.522s] -- Up-to-date: /home/juna/doosan_boot_work/driving1/turtlebot3_servingRobot/install/serving_interface/share/serving_interface/srv/ServingStatus.srv
[3.522s] -- Installing: /home/juna/doosan_boot_work/driving1/turtlebot3_servingRobot/install/serving_interface/share/serving_interface/srv/ServingStatus_Request.msg
[3.522s] -- Installing: /home/juna/doosan_boot_work/driving1/turtlebot3_servingRobot/install/serving_interface/share/serving_interface/srv/ServingStatus_Response.msg
[3.522s] -- Installing: /home/juna/doosan_boot_work/driving1/turtlebot3_servingRobot/install/serving_interface/share/ament_index/resource_index/package_run_dependencies/serving_interface
[3.522s] -- Installing: /home/juna/doosan_boot_work/driving1/turtlebot3_servingRobot/install/serving_interface/share/ament_index/resource_index/parent_prefix_path/serving_interface
[3.522s] -- Up-to-date: /home/juna/doosan_boot_work/driving1/turtlebot3_servingRobot/install/serving_interface/share/serving_interface/environment/ament_prefix_path.sh
[3.522s] -- Installing: /home/juna/doosan_boot_work/driving1/turtlebot3_servingRobot/install/serving_interface/share/serving_interface/environment/ament_prefix_path.dsv
[3.522s] -- Up-to-date: /home/juna/doosan_boot_work/driving1/turtlebot3_servingRobot/install/serving_interface/share/serving_interface/environment/path.sh
[3.522s] -- Installing: /home/juna/doosan_boot_work/driving1/turtlebot3_servingRobot/install/serving_interface/share/serving_interface/environment/path.dsv
[3.522s] -- Installing: /home/juna/doosan_boot_work/driving1/turtlebot3_servingRobot/install/serving_interface/share/serving_interface/local_setup.bash
[3.522s] -- Installing: /home/juna/doosan_boot_work/driving1/turtlebot3_servingRobot/install/serving_interface/share/serving_interface/local_setup.sh
[3.522s] -- Installing: /home/juna/doosan_boot_work/driving1/turtlebot3_servingRobot/install/serving_interface/share/serving_interface/local_setup.zsh
[3.522s] -- Installing: /home/juna/doosan_boot_work/driving1/turtlebot3_servingRobot/install/serving_interface/share/serving_interface/local_setup.dsv
[3.522s] -- Installing: /home/juna/doosan_boot_work/driving1/turtlebot3_servingRobot/install/serving_interface/share/serving_interface/package.dsv
[3.522s] -- Installing: /home/juna/doosan_boot_work/driving1/turtlebot3_servingRobot/install/serving_interface/share/ament_index/resource_index/packages/serving_interface
[3.523s] -- Installing: /home/juna/doosan_boot_work/driving1/turtlebot3_servingRobot/install/serving_interface/share/serving_interface/cmake/export_serving_interface__rosidl_generator_cExport.cmake
[3.523s] -- Installing: /home/juna/doosan_boot_work/driving1/turtlebot3_servingRobot/install/serving_interface/share/serving_interface/cmake/export_serving_interface__rosidl_generator_cExport-noconfig.cmake
[3.524s] -- Installing: /home/juna/doosan_boot_work/driving1/turtlebot3_servingRobot/install/serving_interface/share/serving_interface/cmake/export_serving_interface__rosidl_typesupport_fastrtps_cExport.cmake
[3.524s] -- Installing: /home/juna/doosan_boot_work/driving1/turtlebot3_servingRobot/install/serving_interface/share/serving_interface/cmake/export_serving_interface__rosidl_typesupport_fastrtps_cExport-noconfig.cmake
[3.524s] -- Installing: /home/juna/doosan_boot_work/driving1/turtlebot3_servingRobot/install/serving_interface/share/serving_interface/cmake/export_serving_interface__rosidl_generator_cppExport.cmake
[3.524s] -- Installing: /home/juna/doosan_boot_work/driving1/turtlebot3_servingRobot/install/serving_interface/share/serving_interface/cmake/export_serving_interface__rosidl_typesupport_fastrtps_cppExport.cmake
[3.524s] -- Installing: /home/juna/doosan_boot_work/driving1/turtlebot3_servingRobot/install/serving_interface/share/serving_interface/cmake/export_serving_interface__rosidl_typesupport_fastrtps_cppExport-noconfig.cmake
[3.525s] -- Installing: /home/juna/doosan_boot_work/driving1/turtlebot3_servingRobot/install/serving_interface/share/serving_interface/cmake/serving_interface__rosidl_typesupport_introspection_cExport.cmake
[3.525s] -- Installing: /home/juna/doosan_boot_work/driving1/turtlebot3_servingRobot/install/serving_interface/share/serving_interface/cmake/serving_interface__rosidl_typesupport_introspection_cExport-noconfig.cmake
[3.525s] -- Installing: /home/juna/doosan_boot_work/driving1/turtlebot3_servingRobot/install/serving_interface/share/serving_interface/cmake/serving_interface__rosidl_typesupport_cExport.cmake
[3.525s] -- Installing: /home/juna/doosan_boot_work/driving1/turtlebot3_servingRobot/install/serving_interface/share/serving_interface/cmake/serving_interface__rosidl_typesupport_cExport-noconfig.cmake
[3.526s] -- Installing: /home/juna/doosan_boot_work/driving1/turtlebot3_servingRobot/install/serving_interface/share/serving_interface/cmake/serving_interface__rosidl_typesupport_introspection_cppExport.cmake
[3.526s] -- Installing: /home/juna/doosan_boot_work/driving1/turtlebot3_servingRobot/install/serving_interface/share/serving_interface/cmake/serving_interface__rosidl_typesupport_introspection_cppExport-noconfig.cmake
[3.527s] -- Installing: /home/juna/doosan_boot_work/driving1/turtlebot3_servingRobot/install/serving_interface/share/serving_interface/cmake/serving_interface__rosidl_typesupport_cppExport.cmake
[3.527s] -- Installing: /home/juna/doosan_boot_work/driving1/turtlebot3_servingRobot/install/serving_interface/share/serving_interface/cmake/serving_interface__rosidl_typesupport_cppExport-noconfig.cmake
[3.527s] -- Installing: /home/juna/doosan_boot_work/driving1/turtlebot3_servingRobot/install/serving_interface/share/serving_interface/cmake/export_serving_interface__rosidl_generator_pyExport.cmake
[3.527s] -- Installing: /home/juna/doosan_boot_work/driving1/turtlebot3_servingRobot/install/serving_interface/share/serving_interface/cmake/export_serving_interface__rosidl_generator_pyExport-noconfig.cmake
[3.527s] -- Installing: /home/juna/doosan_boot_work/driving1/turtlebot3_servingRobot/install/serving_interface/share/serving_interface/cmake/rosidl_cmake-extras.cmake
[3.527s] -- Installing: /home/juna/doosan_boot_work/driving1/turtlebot3_servingRobot/install/serving_interface/share/serving_interface/cmake/ament_cmake_export_dependencies-extras.cmake
[3.527s] -- Installing: /home/juna/doosan_boot_work/driving1/turtlebot3_servingRobot/install/serving_interface/share/serving_interface/cmake/ament_cmake_export_include_directories-extras.cmake
[3.527s] -- Installing: /home/juna/doosan_boot_work/driving1/turtlebot3_servingRobot/install/serving_interface/share/serving_interface/cmake/ament_cmake_export_libraries-extras.cmake
[3.527s] -- Installing: /home/juna/doosan_boot_work/driving1/turtlebot3_servingRobot/install/serving_interface/share/serving_interface/cmake/ament_cmake_export_targets-extras.cmake
[3.527s] -- Installing: /home/juna/doosan_boot_work/driving1/turtlebot3_servingRobot/install/serving_interface/share/serving_interface/cmake/rosidl_cmake_export_typesupport_targets-extras.cmake
[3.528s] -- Installing: /home/juna/doosan_boot_work/driving1/turtlebot3_servingRobot/install/serving_interface/share/serving_interface/cmake/rosidl_cmake_export_typesupport_libraries-extras.cmake
[3.528s] -- Installing: /home/juna/doosan_boot_work/driving1/turtlebot3_servingRobot/install/serving_interface/share/serving_interface/cmake/serving_interfaceConfig.cmake
[3.528s] -- Installing: /home/juna/doosan_boot_work/driving1/turtlebot3_servingRobot/install/serving_interface/share/serving_interface/cmake/serving_interfaceConfig-version.cmake
[3.528s] -- Up-to-date: /home/juna/doosan_boot_work/driving1/turtlebot3_servingRobot/install/serving_interface/share/serving_interface/package.xml
[3.530s] Invoked command in '/home/juna/doosan_boot_work/driving1/turtlebot3_servingRobot/build/serving_interface' returned '0': CMAKE_PREFIX_PATH=/opt/ros/humble /usr/bin/cmake --install /home/juna/doosan_boot_work/driving1/turtlebot3_servingRobot/build/serving_interface
