running egg_info
creating ../../build/serving_node/serving_node.egg-info
writing ../../build/serving_node/serving_node.egg-info/PKG-INFO
writing dependency_links to ../../build/serving_node/serving_node.egg-info/dependency_links.txt
writing entry points to ../../build/serving_node/serving_node.egg-info/entry_points.txt
writing requirements to ../../build/serving_node/serving_node.egg-info/requires.txt
writing top-level names to ../../build/serving_node/serving_node.egg-info/top_level.txt
writing manifest file '../../build/serving_node/serving_node.egg-info/SOURCES.txt'
reading manifest file '../../build/serving_node/serving_node.egg-info/SOURCES.txt'
writing manifest file '../../build/serving_node/serving_node.egg-info/SOURCES.txt'
running build
running build_py
creating /home/juna/doosan_boot_work/driving1/turtlebot3_servingRobot/build/serving_node/build
creating /home/juna/doosan_boot_work/driving1/turtlebot3_servingRobot/build/serving_node/build/lib
creating /home/juna/doosan_boot_work/driving1/turtlebot3_servingRobot/build/serving_node/build/lib/serving_node
copying serving_node/__init__.py -> /home/juna/doosan_boot_work/driving1/turtlebot3_servingRobot/build/serving_node/build/lib/serving_node
copying serving_node/order_jsh.py -> /home/juna/doosan_boot_work/driving1/turtlebot3_servingRobot/build/serving_node/build/lib/serving_node
running install
running install_lib
creating /home/juna/doosan_boot_work/driving1/turtlebot3_servingRobot/install/serving_node/lib/python3.10/site-packages/serving_node
copying /home/juna/doosan_boot_work/driving1/turtlebot3_servingRobot/build/serving_node/build/lib/serving_node/__init__.py -> /home/juna/doosan_boot_work/driving1/turtlebot3_servingRobot/install/serving_node/lib/python3.10/site-packages/serving_node
copying /home/juna/doosan_boot_work/driving1/turtlebot3_servingRobot/build/serving_node/build/lib/serving_node/order_jsh.py -> /home/juna/doosan_boot_work/driving1/turtlebot3_servingRobot/install/serving_node/lib/python3.10/site-packages/serving_node
byte-compiling /home/juna/doosan_boot_work/driving1/turtlebot3_servingRobot/install/serving_node/lib/python3.10/site-packages/serving_node/__init__.py to __init__.cpython-310.pyc
byte-compiling /home/juna/doosan_boot_work/driving1/turtlebot3_servingRobot/install/serving_node/lib/python3.10/site-packages/serving_node/order_jsh.py to order_jsh.cpython-310.pyc
running install_data
creating /home/juna/doosan_boot_work/driving1/turtlebot3_servingRobot/install/serving_node/share/ament_index
creating /home/juna/doosan_boot_work/driving1/turtlebot3_servingRobot/install/serving_node/share/ament_index/resource_index
creating /home/juna/doosan_boot_work/driving1/turtlebot3_servingRobot/install/serving_node/share/ament_index/resource_index/packages
copying resource/serving_node -> /home/juna/doosan_boot_work/driving1/turtlebot3_servingRobot/install/serving_node/share/ament_index/resource_index/packages
copying package.xml -> /home/juna/doosan_boot_work/driving1/turtlebot3_servingRobot/install/serving_node/share/serving_node
running install_egg_info
Copying ../../build/serving_node/serving_node.egg-info to /home/juna/doosan_boot_work/driving1/turtlebot3_servingRobot/install/serving_node/lib/python3.10/site-packages/serving_node-0.0.0-py3.10.egg-info
running install_scripts
writing list of installed files to '/home/juna/doosan_boot_work/driving1/turtlebot3_servingRobot/build/serving_node/install.log'
