[0.527s] Invoking command in '/home/juna/doosan_boot_work/driving1/turtlebot3_servingRobot/src/serving_node': PYTHONPATH=/home/juna/doosan_boot_work/driving1/turtlebot3_servingRobot/build/serving_node/prefix_override:/usr/lib/python3/dist-packages/colcon_core/task/python/colcon_distutils_commands:/home/juna/doosan_boot_work/driving1/turtlebot3_servingRobot/install/serving_node/lib/python3.10/site-packages:${PYTHONPATH} /usr/bin/python3 -W ignore:setup.py install is deprecated setup.py egg_info --egg-base ../../build/serving_node build --build-base /home/juna/doosan_boot_work/driving1/turtlebot3_servingRobot/build/serving_node/build install --record /home/juna/doosan_boot_work/driving1/turtlebot3_servingRobot/build/serving_node/install.log --single-version-externally-managed install_data
[0.724s] running egg_info
[0.725s] creating ../../build/serving_node/serving_node.egg-info
[0.725s] writing ../../build/serving_node/serving_node.egg-info/PKG-INFO
[0.725s] writing dependency_links to ../../build/serving_node/serving_node.egg-info/dependency_links.txt
[0.725s] writing entry points to ../../build/serving_node/serving_node.egg-info/entry_points.txt
[0.726s] writing requirements to ../../build/serving_node/serving_node.egg-info/requires.txt
[0.726s] writing top-level names to ../../build/serving_node/serving_node.egg-info/top_level.txt
[0.727s] writing manifest file '../../build/serving_node/serving_node.egg-info/SOURCES.txt'
[0.728s] reading manifest file '../../build/serving_node/serving_node.egg-info/SOURCES.txt'
[0.729s] writing manifest file '../../build/serving_node/serving_node.egg-info/SOURCES.txt'
[0.729s] running build
[0.729s] running build_py
[0.729s] creating /home/juna/doosan_boot_work/driving1/turtlebot3_servingRobot/build/serving_node/build
[0.729s] creating /home/juna/doosan_boot_work/driving1/turtlebot3_servingRobot/build/serving_node/build/lib
[0.730s] creating /home/juna/doosan_boot_work/driving1/turtlebot3_servingRobot/build/serving_node/build/lib/serving_node
[0.730s] copying serving_node/__init__.py -> /home/juna/doosan_boot_work/driving1/turtlebot3_servingRobot/build/serving_node/build/lib/serving_node
[0.730s] copying serving_node/order_jsh.py -> /home/juna/doosan_boot_work/driving1/turtlebot3_servingRobot/build/serving_node/build/lib/serving_node
[0.730s] running install
[0.730s] running install_lib
[0.731s] creating /home/juna/doosan_boot_work/driving1/turtlebot3_servingRobot/install/serving_node/lib/python3.10/site-packages/serving_node
[0.731s] copying /home/juna/doosan_boot_work/driving1/turtlebot3_servingRobot/build/serving_node/build/lib/serving_node/__init__.py -> /home/juna/doosan_boot_work/driving1/turtlebot3_servingRobot/install/serving_node/lib/python3.10/site-packages/serving_node
[0.731s] copying /home/juna/doosan_boot_work/driving1/turtlebot3_servingRobot/build/serving_node/build/lib/serving_node/order_jsh.py -> /home/juna/doosan_boot_work/driving1/turtlebot3_servingRobot/install/serving_node/lib/python3.10/site-packages/serving_node
[0.731s] byte-compiling /home/juna/doosan_boot_work/driving1/turtlebot3_servingRobot/install/serving_node/lib/python3.10/site-packages/serving_node/__init__.py to __init__.cpython-310.pyc
[0.731s] byte-compiling /home/juna/doosan_boot_work/driving1/turtlebot3_servingRobot/install/serving_node/lib/python3.10/site-packages/serving_node/order_jsh.py to order_jsh.cpython-310.pyc
[0.733s] running install_data
[0.734s] creating /home/juna/doosan_boot_work/driving1/turtlebot3_servingRobot/install/serving_node/share/ament_index
[0.734s] creating /home/juna/doosan_boot_work/driving1/turtlebot3_servingRobot/install/serving_node/share/ament_index/resource_index
[0.734s] creating /home/juna/doosan_boot_work/driving1/turtlebot3_servingRobot/install/serving_node/share/ament_index/resource_index/packages
[0.734s] copying resource/serving_node -> /home/juna/doosan_boot_work/driving1/turtlebot3_servingRobot/install/serving_node/share/ament_index/resource_index/packages
[0.734s] copying package.xml -> /home/juna/doosan_boot_work/driving1/turtlebot3_servingRobot/install/serving_node/share/serving_node
[0.734s] running install_egg_info
[0.735s] Copying ../../build/serving_node/serving_node.egg-info to /home/juna/doosan_boot_work/driving1/turtlebot3_servingRobot/install/serving_node/lib/python3.10/site-packages/serving_node-0.0.0-py3.10.egg-info
[0.736s] running install_scripts
[0.752s] writing list of installed files to '/home/juna/doosan_boot_work/driving1/turtlebot3_servingRobot/build/serving_node/install.log'
[0.771s] Invoked command in '/home/juna/doosan_boot_work/driving1/turtlebot3_servingRobot/src/serving_node' returned '0': PYTHONPATH=/home/juna/doosan_boot_work/driving1/turtlebot3_servingRobot/build/serving_node/prefix_override:/usr/lib/python3/dist-packages/colcon_core/task/python/colcon_distutils_commands:/home/juna/doosan_boot_work/driving1/turtlebot3_servingRobot/install/serving_node/lib/python3.10/site-packages:${PYTHONPATH} /usr/bin/python3 -W ignore:setup.py install is deprecated setup.py egg_info --egg-base ../../build/serving_node build --build-base /home/juna/doosan_boot_work/driving1/turtlebot3_servingRobot/build/serving_node/build install --record /home/juna/doosan_boot_work/driving1/turtlebot3_servingRobot/build/serving_node/install.log --single-version-externally-managed install_data
