[0.117s] [34mcolcon[0m [1;30mDEBUG[0m [32mCommand line arguments: ['/usr/bin/colcon', 'build'][0m
[0.117s] [34mcolcon[0m [1;30mDEBUG[0m [32mParsed command line arguments: Namespace(log_base=None, log_level=None, verb_name='build', build_base='build', install_base='install', merge_install=False, symlink_install=False, test_result_base=None, continue_on_error=False, executor='parallel', parallel_workers=8, event_handlers=None, ignore_user_meta=False, metas=['./colcon.meta'], base_paths=['.'], packages_ignore=None, packages_ignore_regex=None, paths=None, packages_up_to=None, packages_up_to_regex=None, packages_above=None, packages_above_and_dependencies=None, packages_above_depth=None, packages_select_by_dep=None, packages_skip_by_dep=None, packages_skip_up_to=None, packages_select_build_failed=False, packages_skip_build_finished=False, packages_select_test_failures=False, packages_skip_test_passed=False, packages_select=None, packages_skip=None, packages_select_regex=None, packages_skip_regex=None, packages_start=None, packages_end=None, allow_overriding=[], cmake_args=None, cmake_target=None, cmake_target_skip_unavailable=False, cmake_clean_cache=False, cmake_clean_first=False, cmake_force_configure=False, ament_cmake_args=None, catkin_cmake_args=None, catkin_skip_building_tests=False, mixin_files=None, mixin=None, verb_parser=<colcon_mixin.mixin.mixin_argument.MixinArgumentDecorator object at 0x72b6ef312740>, verb_extension=<colcon_core.verb.build.BuildVerb object at 0x72b6ef4032e0>, main=<bound method BuildVerb.main of <colcon_core.verb.build.BuildVerb object at 0x72b6ef4032e0>>, mixin_verb=('build',))[0m
[0.306s] [34mcolcon.colcon_core.package_discovery[0m [1;30mLevel 1[0m discover_packages(colcon_meta) check parameters
[0.306s] [34mcolcon.colcon_core.package_discovery[0m [1;30mLevel 1[0m discover_packages(recursive) check parameters
[0.306s] [34mcolcon.colcon_core.package_discovery[0m [1;30mLevel 1[0m discover_packages(ignore) check parameters
[0.306s] [34mcolcon.colcon_core.package_discovery[0m [1;30mLevel 1[0m discover_packages(path) check parameters
[0.306s] [34mcolcon.colcon_core.package_discovery[0m [1;30mLevel 1[0m discover_packages(colcon_meta) discover
[0.306s] [34mcolcon.colcon_core.package_discovery[0m [1;30mLevel 1[0m discover_packages(recursive) discover
[0.306s] [34mcolcon.colcon_core.package_discovery[0m [1;30mINFO[0m Crawling recursively for packages in '/home/yms/rokey_week4_ws/turtlebot3_servingRobot'
[0.306s] [34mcolcon.colcon_core.package_identification[0m [1;30mLevel 1[0m _identify(.) by extensions ['ignore', 'ignore_ament_install']
[0.306s] [34mcolcon.colcon_core.package_identification[0m [1;30mLevel 1[0m _identify(.) by extension 'ignore'
[0.306s] [34mcolcon.colcon_core.package_identification[0m [1;30mLevel 1[0m _identify(.) by extension 'ignore_ament_install'
[0.306s] [34mcolcon.colcon_core.package_identification[0m [1;30mLevel 1[0m _identify(.) by extensions ['colcon_pkg']
[0.306s] [34mcolcon.colcon_core.package_identification[0m [1;30mLevel 1[0m _identify(.) by extension 'colcon_pkg'
[0.306s] [34mcolcon.colcon_core.package_identification[0m [1;30mLevel 1[0m _identify(.) by extensions ['colcon_meta']
[0.307s] [34mcolcon.colcon_core.package_identification[0m [1;30mLevel 1[0m _identify(.) by extension 'colcon_meta'
[0.307s] [34mcolcon.colcon_core.package_identification[0m [1;30mLevel 1[0m _identify(.) by extensions ['ros']
[0.307s] [34mcolcon.colcon_core.package_identification[0m [1;30mLevel 1[0m _identify(.) by extension 'ros'
[0.325s] [34mcolcon.colcon_core.package_identification[0m [1;30mLevel 1[0m _identify(.) by extensions ['cmake', 'python']
[0.325s] [34mcolcon.colcon_core.package_identification[0m [1;30mLevel 1[0m _identify(.) by extension 'cmake'
[0.325s] [34mcolcon.colcon_core.package_identification[0m [1;30mLevel 1[0m _identify(.) by extension 'python'
[0.325s] [34mcolcon.colcon_core.package_identification[0m [1;30mLevel 1[0m _identify(.) by extensions ['python_setup_py']
[0.325s] [34mcolcon.colcon_core.package_identification[0m [1;30mLevel 1[0m _identify(.) by extension 'python_setup_py'
[0.325s] [34mcolcon.colcon_core.package_identification[0m [1;30mLevel 1[0m _identify(build) by extensions ['ignore', 'ignore_ament_install']
[0.325s] [34mcolcon.colcon_core.package_identification[0m [1;30mLevel 1[0m _identify(build) by extension 'ignore'
[0.325s] [34mcolcon.colcon_core.package_identification[0m [1;30mLevel 1[0m _identify(build) ignored
[0.325s] [34mcolcon.colcon_core.package_identification[0m [1;30mLevel 1[0m _identify(install) by extensions ['ignore', 'ignore_ament_install']
[0.326s] [34mcolcon.colcon_core.package_identification[0m [1;30mLevel 1[0m _identify(install) by extension 'ignore'
[0.326s] [34mcolcon.colcon_core.package_identification[0m [1;30mLevel 1[0m _identify(install) ignored
[0.326s] [34mcolcon.colcon_core.package_identification[0m [1;30mLevel 1[0m _identify(log) by extensions ['ignore', 'ignore_ament_install']
[0.326s] [34mcolcon.colcon_core.package_identification[0m [1;30mLevel 1[0m _identify(log) by extension 'ignore'
[0.326s] [34mcolcon.colcon_core.package_identification[0m [1;30mLevel 1[0m _identify(log) ignored
[0.326s] [34mcolcon.colcon_core.package_identification[0m [1;30mLevel 1[0m _identify(src) by extensions ['ignore', 'ignore_ament_install']
[0.326s] [34mcolcon.colcon_core.package_identification[0m [1;30mLevel 1[0m _identify(src) by extension 'ignore'
[0.326s] [34mcolcon.colcon_core.package_identification[0m [1;30mLevel 1[0m _identify(src) by extension 'ignore_ament_install'
[0.326s] [34mcolcon.colcon_core.package_identification[0m [1;30mLevel 1[0m _identify(src) by extensions ['colcon_pkg']
[0.326s] [34mcolcon.colcon_core.package_identification[0m [1;30mLevel 1[0m _identify(src) by extension 'colcon_pkg'
[0.326s] [34mcolcon.colcon_core.package_identification[0m [1;30mLevel 1[0m _identify(src) by extensions ['colcon_meta']
[0.326s] [34mcolcon.colcon_core.package_identification[0m [1;30mLevel 1[0m _identify(src) by extension 'colcon_meta'
[0.326s] [34mcolcon.colcon_core.package_identification[0m [1;30mLevel 1[0m _identify(src) by extensions ['ros']
[0.326s] [34mcolcon.colcon_core.package_identification[0m [1;30mLevel 1[0m _identify(src) by extension 'ros'
[0.326s] [34mcolcon.colcon_core.package_identification[0m [1;30mLevel 1[0m _identify(src) by extensions ['cmake', 'python']
[0.326s] [34mcolcon.colcon_core.package_identification[0m [1;30mLevel 1[0m _identify(src) by extension 'cmake'
[0.326s] [34mcolcon.colcon_core.package_identification[0m [1;30mLevel 1[0m _identify(src) by extension 'python'
[0.326s] [34mcolcon.colcon_core.package_identification[0m [1;30mLevel 1[0m _identify(src) by extensions ['python_setup_py']
[0.326s] [34mcolcon.colcon_core.package_identification[0m [1;30mLevel 1[0m _identify(src) by extension 'python_setup_py'
[0.327s] [34mcolcon.colcon_core.package_identification[0m [1;30mLevel 1[0m _identify(src/ServingInterface) by extensions ['ignore', 'ignore_ament_install']
[0.327s] [34mcolcon.colcon_core.package_identification[0m [1;30mLevel 1[0m _identify(src/ServingInterface) by extension 'ignore'
[0.327s] [34mcolcon.colcon_core.package_identification[0m [1;30mLevel 1[0m _identify(src/ServingInterface) by extension 'ignore_ament_install'
[0.327s] [34mcolcon.colcon_core.package_identification[0m [1;30mLevel 1[0m _identify(src/ServingInterface) by extensions ['colcon_pkg']
[0.327s] [34mcolcon.colcon_core.package_identification[0m [1;30mLevel 1[0m _identify(src/ServingInterface) by extension 'colcon_pkg'
[0.327s] [34mcolcon.colcon_core.package_identification[0m [1;30mLevel 1[0m _identify(src/ServingInterface) by extensions ['colcon_meta']
[0.327s] [34mcolcon.colcon_core.package_identification[0m [1;30mLevel 1[0m _identify(src/ServingInterface) by extension 'colcon_meta'
[0.327s] [34mcolcon.colcon_core.package_identification[0m [1;30mLevel 1[0m _identify(src/ServingInterface) by extensions ['ros']
[0.327s] [34mcolcon.colcon_core.package_identification[0m [1;30mLevel 1[0m _identify(src/ServingInterface) by extension 'ros'
[0.329s] [34mcolcon.colcon_core.package_identification[0m [1;30mDEBUG[0m [32mPackage 'src/ServingInterface' with type 'ros.ament_cmake' and name 'ServingInterface'[0m
[0.329s] [34mcolcon.colcon_core.package_discovery[0m [1;30mLevel 1[0m discover_packages(recursive) using defaults
[0.329s] [34mcolcon.colcon_core.package_discovery[0m [1;30mLevel 1[0m discover_packages(ignore) discover
[0.329s] [34mcolcon.colcon_core.package_discovery[0m [1;30mLevel 1[0m discover_packages(ignore) using defaults
[0.329s] [34mcolcon.colcon_core.package_discovery[0m [1;30mLevel 1[0m discover_packages(path) discover
[0.329s] [34mcolcon.colcon_core.package_discovery[0m [1;30mLevel 1[0m discover_packages(path) using defaults
[0.345s] [34mcolcon.colcon_core.package_discovery[0m [1;30mLevel 1[0m discover_packages(prefix_path) check parameters
[0.345s] [34mcolcon.colcon_core.package_discovery[0m [1;30mLevel 1[0m discover_packages(prefix_path) discover
[0.347s] [34mcolcon.colcon_installed_package_information.package_discovery[0m [1;30mDEBUG[0m [32mFound 278 installed packages in /opt/ros/humble[0m
[0.349s] [34mcolcon.colcon_core.package_discovery[0m [1;30mLevel 1[0m discover_packages(prefix_path) using defaults
[0.385s] [34mcolcon.colcon_core.verb[0m [1;30mLevel 5[0m set package 'ServingInterface' build argument 'cmake_args' from command line to 'None'
[0.385s] [34mcolcon.colcon_core.verb[0m [1;30mLevel 5[0m set package 'ServingInterface' build argument 'cmake_target' from command line to 'None'
[0.385s] [34mcolcon.colcon_core.verb[0m [1;30mLevel 5[0m set package 'ServingInterface' build argument 'cmake_target_skip_unavailable' from command line to 'False'
[0.385s] [34mcolcon.colcon_core.verb[0m [1;30mLevel 5[0m set package 'ServingInterface' build argument 'cmake_clean_cache' from command line to 'False'
[0.385s] [34mcolcon.colcon_core.verb[0m [1;30mLevel 5[0m set package 'ServingInterface' build argument 'cmake_clean_first' from command line to 'False'
[0.385s] [34mcolcon.colcon_core.verb[0m [1;30mLevel 5[0m set package 'ServingInterface' build argument 'cmake_force_configure' from command line to 'False'
[0.385s] [34mcolcon.colcon_core.verb[0m [1;30mLevel 5[0m set package 'ServingInterface' build argument 'ament_cmake_args' from command line to 'None'
[0.385s] [34mcolcon.colcon_core.verb[0m [1;30mLevel 5[0m set package 'ServingInterface' build argument 'catkin_cmake_args' from command line to 'None'
[0.385s] [34mcolcon.colcon_core.verb[0m [1;30mLevel 5[0m set package 'ServingInterface' build argument 'catkin_skip_building_tests' from command line to 'False'
[0.385s] [34mcolcon.colcon_core.verb[0m [1;30mDEBUG[0m [32mBuilding package 'ServingInterface' with the following arguments: {'ament_cmake_args': None, 'build_base': '/home/yms/rokey_week4_ws/turtlebot3_servingRobot/build/ServingInterface', 'catkin_cmake_args': None, 'catkin_skip_building_tests': False, 'cmake_args': None, 'cmake_clean_cache': False, 'cmake_clean_first': False, 'cmake_force_configure': False, 'cmake_target': None, 'cmake_target_skip_unavailable': False, 'install_base': '/home/yms/rokey_week4_ws/turtlebot3_servingRobot/install/ServingInterface', 'merge_install': False, 'path': '/home/yms/rokey_week4_ws/turtlebot3_servingRobot/src/ServingInterface', 'symlink_install': False, 'test_result_base': None}[0m
[0.385s] [34mcolcon.colcon_core.executor[0m [1;30mINFO[0m Executing jobs using 'parallel' executor
[0.386s] [34mcolcon.colcon_parallel_executor.executor.parallel[0m [1;30mDEBUG[0m [32mrun_until_complete[0m
[0.386s] [34mcolcon.colcon_ros.task.ament_cmake.build[0m [1;30mINFO[0m Building ROS package in '/home/yms/rokey_week4_ws/turtlebot3_servingRobot/src/ServingInterface' with build type 'ament_cmake'
[0.387s] [34mcolcon.colcon_cmake.task.cmake.build[0m [1;30mINFO[0m Building CMake package in '/home/yms/rokey_week4_ws/turtlebot3_servingRobot/src/ServingInterface'
[0.389s] [34mcolcon.colcon_core.plugin_system[0m [1;30mINFO[0m Skipping extension 'colcon_core.shell.bat': Not used on non-Windows systems
[0.389s] [34mcolcon.colcon_core.shell[0m [1;30mINFO[0m Skip shell extension 'powershell' for command environment: Not usable outside of PowerShell
[0.389s] [34mcolcon.colcon_core.shell[0m [1;30mDEBUG[0m [32mSkip shell extension 'dsv' for command environment[0m
[0.397s] [34mcolcon.colcon_core.event_handler.log_command[0m [1;30mDEBUG[0m [32mInvoking command in '/home/yms/rokey_week4_ws/turtlebot3_servingRobot/build/ServingInterface': CMAKE_PREFIX_PATH=/opt/ros/humble /usr/bin/cmake /home/yms/rokey_week4_ws/turtlebot3_servingRobot/src/ServingInterface -DCMAKE_INSTALL_PREFIX=/home/yms/rokey_week4_ws/turtlebot3_servingRobot/install/ServingInterface[0m
[0.645s] [34mcolcon.colcon_core.event_handler.log_command[0m [1;30mDEBUG[0m [32mInvoked command in '/home/yms/rokey_week4_ws/turtlebot3_servingRobot/build/ServingInterface' returned '1': CMAKE_PREFIX_PATH=/opt/ros/humble /usr/bin/cmake /home/yms/rokey_week4_ws/turtlebot3_servingRobot/src/ServingInterface -DCMAKE_INSTALL_PREFIX=/home/yms/rokey_week4_ws/turtlebot3_servingRobot/install/ServingInterface[0m
[0.655s] [34mcolcon.colcon_core.environment[0m [1;30mLevel 1[0m create_environment_scripts_only(ServingInterface)
[0.658s] [34mcolcon.colcon_core.environment[0m [1;30mLevel 1[0m checking '/home/yms/rokey_week4_ws/turtlebot3_servingRobot/install/ServingInterface' for CMake module files
[0.658s] [34mcolcon.colcon_core.environment[0m [1;30mLevel 1[0m checking '/home/yms/rokey_week4_ws/turtlebot3_servingRobot/install/ServingInterface' for CMake config files
[0.658s] [34mcolcon.colcon_core.environment[0m [1;30mLevel 1[0m checking '/home/yms/rokey_week4_ws/turtlebot3_servingRobot/install/ServingInterface/bin'
[0.658s] [34mcolcon.colcon_core.environment[0m [1;30mLevel 1[0m checking '/home/yms/rokey_week4_ws/turtlebot3_servingRobot/install/ServingInterface/lib/pkgconfig/ServingInterface.pc'
[0.659s] [34mcolcon.colcon_core.environment[0m [1;30mLevel 1[0m checking '/home/yms/rokey_week4_ws/turtlebot3_servingRobot/install/ServingInterface/lib/python3.10/site-packages'
[0.659s] [34mcolcon.colcon_core.environment[0m [1;30mLevel 1[0m checking '/home/yms/rokey_week4_ws/turtlebot3_servingRobot/install/ServingInterface/bin'
[0.659s] [34mcolcon.colcon_core.shell[0m [1;30mINFO[0m Creating package script '/home/yms/rokey_week4_ws/turtlebot3_servingRobot/install/ServingInterface/share/ServingInterface/package.ps1'
[0.660s] [34mcolcon.colcon_core.shell[0m [1;30mINFO[0m Creating package descriptor '/home/yms/rokey_week4_ws/turtlebot3_servingRobot/install/ServingInterface/share/ServingInterface/package.dsv'
[0.660s] [34mcolcon.colcon_core.shell[0m [1;30mINFO[0m Creating package script '/home/yms/rokey_week4_ws/turtlebot3_servingRobot/install/ServingInterface/share/ServingInterface/package.sh'
[0.661s] [34mcolcon.colcon_core.shell[0m [1;30mINFO[0m Creating package script '/home/yms/rokey_week4_ws/turtlebot3_servingRobot/install/ServingInterface/share/ServingInterface/package.bash'
[0.662s] [34mcolcon.colcon_core.shell[0m [1;30mINFO[0m Creating package script '/home/yms/rokey_week4_ws/turtlebot3_servingRobot/install/ServingInterface/share/ServingInterface/package.zsh'
[0.662s] [34mcolcon.colcon_core.environment[0m [1;30mLevel 1[0m create_file_with_runtime_dependencies(/home/yms/rokey_week4_ws/turtlebot3_servingRobot/install/ServingInterface/share/colcon-core/packages/ServingInterface)
[0.673s] [34mcolcon.colcon_parallel_executor.executor.parallel[0m [1;30mDEBUG[0m [32mclosing loop[0m
[0.673s] [34mcolcon.colcon_parallel_executor.executor.parallel[0m [1;30mDEBUG[0m [32mloop closed[0m
[0.673s] [34mcolcon.colcon_parallel_executor.executor.parallel[0m [1;30mDEBUG[0m [32mrun_until_complete finished with '1'[0m
[0.673s] [34mcolcon.colcon_core.event_reactor[0m [1;30mDEBUG[0m [32mjoining thread[0m
[0.678s] [34mcolcon.colcon_core.plugin_system[0m [1;30mINFO[0m Skipping extension 'colcon_notification.desktop_notification.terminal_notifier': Not used on non-Darwin systems
[0.678s] [34mcolcon.colcon_core.plugin_system[0m [1;30mINFO[0m Skipping extension 'colcon_notification.desktop_notification.win32': Not used on non-Windows systems
[0.678s] [34mcolcon.colcon_notification.desktop_notification[0m [1;30mINFO[0m Sending desktop notification using 'notify2'
[0.690s] [34mcolcon.colcon_core.event_reactor[0m [1;30mDEBUG[0m [32mjoined thread[0m
[0.690s] [34mcolcon.colcon_core.shell[0m [1;30mINFO[0m Creating prefix script '/home/yms/rokey_week4_ws/turtlebot3_servingRobot/install/local_setup.ps1'
[0.691s] [34mcolcon.colcon_core.shell[0m [1;30mINFO[0m Creating prefix util module '/home/yms/rokey_week4_ws/turtlebot3_servingRobot/install/_local_setup_util_ps1.py'
[0.693s] [34mcolcon.colcon_core.shell[0m [1;30mINFO[0m Creating prefix chain script '/home/yms/rokey_week4_ws/turtlebot3_servingRobot/install/setup.ps1'
[0.694s] [34mcolcon.colcon_core.shell[0m [1;30mINFO[0m Creating prefix script '/home/yms/rokey_week4_ws/turtlebot3_servingRobot/install/local_setup.sh'
[0.695s] [34mcolcon.colcon_core.shell[0m [1;30mINFO[0m Creating prefix util module '/home/yms/rokey_week4_ws/turtlebot3_servingRobot/install/_local_setup_util_sh.py'
[0.696s] [34mcolcon.colcon_core.shell[0m [1;30mINFO[0m Creating prefix chain script '/home/yms/rokey_week4_ws/turtlebot3_servingRobot/install/setup.sh'
[0.697s] [34mcolcon.colcon_core.shell[0m [1;30mINFO[0m Creating prefix script '/home/yms/rokey_week4_ws/turtlebot3_servingRobot/install/local_setup.bash'
[0.698s] [34mcolcon.colcon_core.shell[0m [1;30mINFO[0m Creating prefix chain script '/home/yms/rokey_week4_ws/turtlebot3_servingRobot/install/setup.bash'
[0.698s] [34mcolcon.colcon_core.shell[0m [1;30mINFO[0m Creating prefix script '/home/yms/rokey_week4_ws/turtlebot3_servingRobot/install/local_setup.zsh'
[0.699s] [34mcolcon.colcon_core.shell[0m [1;30mINFO[0m Creating prefix chain script '/home/yms/rokey_week4_ws/turtlebot3_servingRobot/install/setup.zsh'
