[0.010s] Invoking command in '/home/jsh/doosan/drive1/turtlebot3_servingRobot/build/serving_interface': CMAKE_PREFIX_PATH=${CMAKE_PREFIX_PATH}:/home/jsh/turtlebot3_ws/install/turtlebot3_teleop:/home/jsh/turtlebot3_ws/install/turtlebot3_example:/opt/ros/humble /usr/bin/cmake /home/jsh/doosan/drive1/turtlebot3_servingRobot/src/serving_interface -DCMAKE_INSTALL_PREFIX=/home/jsh/doosan/drive1/turtlebot3_servingRobot/install/serving_interface
[0.077s] -- The C compiler identification is GNU 11.4.0
[0.115s] -- The CXX compiler identification is GNU 11.4.0
[0.122s] -- Detecting C compiler ABI info
[0.171s] -- Detecting C compiler ABI info - done
[0.175s] -- Check for working C compiler: /usr/bin/cc - skipped
[0.175s] -- Detecting C compile features
[0.176s] -- Detecting C compile features - done
[0.178s] -- Detecting CXX compiler ABI info
[0.230s] -- Detecting CXX compiler ABI info - done
[0.235s] -- Check for working CXX compiler: /usr/bin/c++ - skipped
[0.235s] -- Detecting CXX compile features
[0.235s] -- Detecting CXX compile features - done
[0.240s] -- Found ament_cmake: 1.3.10 (/opt/ros/humble/share/ament_cmake/cmake)
[0.350s] -- Found Python3: /usr/bin/python3 (found version "3.10.12") found components: Interpreter 
[0.422s] -- Found builtin_interfaces: 1.2.1 (/opt/ros/humble/share/builtin_interfaces/cmake)
[0.456s] -- Found rosidl_generator_c: 3.1.5 (/opt/ros/humble/share/rosidl_generator_c/cmake)
[0.461s] -- Found rosidl_adapter: 3.1.5 (/opt/ros/humble/share/rosidl_adapter/cmake)
[0.469s] -- Found rosidl_generator_cpp: 3.1.5 (/opt/ros/humble/share/rosidl_generator_cpp/cmake)
[0.480s] -- Using all available rosidl_typesupport_c: rosidl_typesupport_fastrtps_c;rosidl_typesupport_introspection_c
[0.515s] -- Using all available rosidl_typesupport_cpp: rosidl_typesupport_fastrtps_cpp;rosidl_typesupport_introspection_cpp
[0.529s] -- Found rosidl_default_generators: 1.2.0 (/opt/ros/humble/share/rosidl_default_generators/cmake)
[0.712s] -- Found ament_cmake_ros: 0.10.0 (/opt/ros/humble/share/ament_cmake_ros/cmake)
[0.935s] -- Using all available rosidl_typesupport_c: rosidl_typesupport_fastrtps_c;rosidl_typesupport_introspection_c
[1.013s] -- Using all available rosidl_typesupport_cpp: rosidl_typesupport_fastrtps_cpp;rosidl_typesupport_introspection_cpp
[1.028s] -- Found PythonInterp: /usr/bin/python3 (found suitable version "3.10.12", minimum required is "3.6") 
[1.030s] -- Found python_cmake_module: 0.10.0 (/opt/ros/humble/share/python_cmake_module/cmake)
[1.051s] -- Found PythonLibs: /usr/lib/x86_64-linux-gnu/libpython3.10.so (found suitable version "3.10.12", minimum required is "3.5") 
[1.051s] -- Using PYTHON_EXECUTABLE: /usr/bin/python3
[1.051s] -- Using PYTHON_INCLUDE_DIRS: /usr/include/python3.10
[1.051s] -- Using PYTHON_LIBRARIES: /usr/lib/x86_64-linux-gnu/libpython3.10.so
[1.067s] -- Found PythonExtra: .so  
[1.095s] -- Found ament_lint_auto: 0.12.11 (/opt/ros/humble/share/ament_lint_auto/cmake)
[1.156s] -- Added test 'lint_cmake' to check CMake code style
[1.179s] -- Added test 'xmllint' to check XML markup files
[1.184s] -- Configuring done
[1.209s] -- Generating done
[1.215s] -- Build files have been written to: /home/jsh/doosan/drive1/turtlebot3_servingRobot/build/serving_interface
[1.220s] Invoked command in '/home/jsh/doosan/drive1/turtlebot3_servingRobot/build/serving_interface' returned '0': CMAKE_PREFIX_PATH=${CMAKE_PREFIX_PATH}:/home/jsh/turtlebot3_ws/install/turtlebot3_teleop:/home/jsh/turtlebot3_ws/install/turtlebot3_example:/opt/ros/humble /usr/bin/cmake /home/jsh/doosan/drive1/turtlebot3_servingRobot/src/serving_interface -DCMAKE_INSTALL_PREFIX=/home/jsh/doosan/drive1/turtlebot3_servingRobot/install/serving_interface
[1.221s] Invoking command in '/home/jsh/doosan/drive1/turtlebot3_servingRobot/build/serving_interface': CMAKE_PREFIX_PATH=${CMAKE_PREFIX_PATH}:/home/jsh/turtlebot3_ws/install/turtlebot3_teleop:/home/jsh/turtlebot3_ws/install/turtlebot3_example:/opt/ros/humble /usr/bin/cmake --build /home/jsh/doosan/drive1/turtlebot3_servingRobot/build/serving_interface -- -j8 -l8
[1.248s] [  2%] [34m[1mGenerating C code for ROS interfaces[0m
[1.254s] [  4%] [34m[1mGenerating C++ code for ROS interfaces[0m
[1.260s] [  4%] Built target ament_cmake_python_copy_serving_interface
[1.531s] running egg_info
[1.532s] creating serving_interface.egg-info
[1.532s] writing serving_interface.egg-info/PKG-INFO
[1.532s] writing dependency_links to serving_interface.egg-info/dependency_links.txt
[1.532s] writing top-level names to serving_interface.egg-info/top_level.txt
[1.532s] writing manifest file 'serving_interface.egg-info/SOURCES.txt'
[1.534s] reading manifest file 'serving_interface.egg-info/SOURCES.txt'
[1.534s] writing manifest file 'serving_interface.egg-info/SOURCES.txt'
[1.553s] [  4%] Built target ament_cmake_python_build_serving_interface_egg
[1.599s] [  4%] Built target serving_interface__cpp
[1.606s] [  6%] [34m[1mGenerating C++ type support dispatch for ROS interfaces[0m
[1.608s] [  8%] [34m[1mGenerating C++ introspection for ROS interfaces[0m
[1.608s] [ 10%] [34m[1mGenerating C++ type support for eProsima Fast-RTPS[0m
[1.620s] [ 12%] [32mBuilding C object CMakeFiles/serving_interface__rosidl_generator_c.dir/rosidl_generator_c/serving_interface/msg/detail/start_serving__functions.c.o[0m
[1.622s] [ 17%] [32mBuilding C object CMakeFiles/serving_interface__rosidl_generator_c.dir/rosidl_generator_c/serving_interface/srv/detail/serving_status__functions.c.o[0m
[1.622s] [ 17%] [32mBuilding C object CMakeFiles/serving_interface__rosidl_generator_c.dir/rosidl_generator_c/serving_interface/srv/detail/order__functions.c.o[0m
[1.680s] [ 19%] [32m[1mLinking C shared library libserving_interface__rosidl_generator_c.so[0m
[1.708s] [ 19%] Built target serving_interface__rosidl_generator_c
[1.716s] [ 21%] [34m[1mGenerating C type support for eProsima Fast-RTPS[0m
[1.718s] [ 25%] [34m[1mGenerating C type support dispatch for ROS interfaces[0m
[1.719s] [ 25%] [34m[1mGenerating C introspection for ROS interfaces[0m
[1.858s] [ 29%] [32mBuilding CXX object CMakeFiles/serving_interface__rosidl_typesupport_cpp.dir/rosidl_typesupport_cpp/serving_interface/srv/serving_status__type_support.cpp.o[0m
[1.858s] [ 29%] [32mBuilding CXX object CMakeFiles/serving_interface__rosidl_typesupport_cpp.dir/rosidl_typesupport_cpp/serving_interface/srv/order__type_support.cpp.o[0m
[1.858s] [ 31%] [32mBuilding CXX object CMakeFiles/serving_interface__rosidl_typesupport_cpp.dir/rosidl_typesupport_cpp/serving_interface/msg/start_serving__type_support.cpp.o[0m
[1.941s] [ 34%] [32mBuilding CXX object CMakeFiles/serving_interface__rosidl_typesupport_introspection_cpp.dir/rosidl_typesupport_introspection_cpp/serving_interface/msg/detail/start_serving__type_support.cpp.o[0m
[2.127s] [ 36%] [32mBuilding CXX object CMakeFiles/serving_interface__rosidl_typesupport_fastrtps_cpp.dir/rosidl_typesupport_fastrtps_cpp/serving_interface/msg/detail/dds_fastrtps/start_serving__type_support.cpp.o[0m
[2.168s] [ 38%] [32mBuilding CXX object CMakeFiles/serving_interface__rosidl_typesupport_c.dir/rosidl_typesupport_c/serving_interface/msg/start_serving__type_support.cpp.o[0m
[2.197s] [ 40%] [32mBuilding CXX object CMakeFiles/serving_interface__rosidl_typesupport_c.dir/rosidl_typesupport_c/serving_interface/srv/order__type_support.cpp.o[0m
[2.199s] [ 44%] [32mBuilding CXX object CMakeFiles/serving_interface__rosidl_typesupport_introspection_cpp.dir/rosidl_typesupport_introspection_cpp/serving_interface/srv/detail/order__type_support.cpp.o[0m
[2.200s] [ 44%] [32mBuilding CXX object CMakeFiles/serving_interface__rosidl_typesupport_fastrtps_cpp.dir/rosidl_typesupport_fastrtps_cpp/serving_interface/srv/detail/dds_fastrtps/order__type_support.cpp.o[0m
[2.200s] [ 46%] [32m[1mLinking CXX shared library libserving_interface__rosidl_typesupport_cpp.so[0m
[2.238s] [ 48%] [32mBuilding CXX object CMakeFiles/serving_interface__rosidl_typesupport_c.dir/rosidl_typesupport_c/serving_interface/srv/serving_status__type_support.cpp.o[0m
[2.257s] [ 48%] Built target serving_interface__rosidl_typesupport_cpp
[2.268s] [ 51%] [32mBuilding CXX object CMakeFiles/serving_interface__rosidl_typesupport_fastrtps_cpp.dir/rosidl_typesupport_fastrtps_cpp/serving_interface/srv/detail/dds_fastrtps/serving_status__type_support.cpp.o[0m
[2.269s] [ 53%] [32mBuilding C object CMakeFiles/serving_interface__rosidl_typesupport_introspection_c.dir/rosidl_typesupport_introspection_c/serving_interface/msg/detail/start_serving__type_support.c.o[0m
[2.270s] [ 55%] [32m[1mLinking CXX shared library libserving_interface__rosidl_typesupport_c.so[0m
[2.285s] [ 57%] [32mBuilding CXX object CMakeFiles/serving_interface__rosidl_typesupport_fastrtps_c.dir/rosidl_typesupport_fastrtps_c/serving_interface/msg/detail/start_serving__type_support_c.cpp.o[0m
[2.308s] [ 59%] [32mBuilding C object CMakeFiles/serving_interface__rosidl_typesupport_introspection_c.dir/rosidl_typesupport_introspection_c/serving_interface/srv/detail/order__type_support.c.o[0m
[2.317s] [ 59%] Built target serving_interface__rosidl_typesupport_c
[2.329s] [ 61%] [32mBuilding C object CMakeFiles/serving_interface__rosidl_typesupport_introspection_c.dir/rosidl_typesupport_introspection_c/serving_interface/srv/detail/serving_status__type_support.c.o[0m
[2.355s] [ 63%] [32mBuilding CXX object CMakeFiles/serving_interface__rosidl_typesupport_introspection_cpp.dir/rosidl_typesupport_introspection_cpp/serving_interface/srv/detail/serving_status__type_support.cpp.o[0m
[2.369s] [ 65%] [32m[1mLinking C shared library libserving_interface__rosidl_typesupport_introspection_c.so[0m
[2.373s] [ 68%] [32mBuilding CXX object CMakeFiles/serving_interface__rosidl_typesupport_fastrtps_c.dir/rosidl_typesupport_fastrtps_c/serving_interface/srv/detail/order__type_support_c.cpp.o[0m
[2.404s] [ 68%] Built target serving_interface__rosidl_typesupport_introspection_c
[2.414s] [ 70%] [32mBuilding CXX object CMakeFiles/serving_interface__rosidl_typesupport_fastrtps_c.dir/rosidl_typesupport_fastrtps_c/serving_interface/srv/detail/serving_status__type_support_c.cpp.o[0m
[2.716s] [ 72%] [32m[1mLinking CXX shared library libserving_interface__rosidl_typesupport_fastrtps_cpp.so[0m
[2.742s] [ 74%] [32m[1mLinking CXX shared library libserving_interface__rosidl_typesupport_introspection_cpp.so[0m
[2.757s] [ 76%] [32m[1mLinking CXX shared library libserving_interface__rosidl_typesupport_fastrtps_c.so[0m
[2.770s] [ 76%] Built target serving_interface__rosidl_typesupport_fastrtps_cpp
[2.795s] [ 76%] Built target serving_interface__rosidl_typesupport_introspection_cpp
[2.809s] [ 76%] Built target serving_interface__rosidl_typesupport_fastrtps_c
[2.825s] [ 76%] Built target serving_interface
[2.858s] [ 78%] [34m[1mGenerating Python code for ROS interfaces[0m
[3.296s] [ 78%] Built target serving_interface__py
[3.309s] [ 85%] [32mBuilding C object CMakeFiles/serving_interface__rosidl_generator_py.dir/rosidl_generator_py/serving_interface/srv/_serving_status_s.c.o[0m
[3.309s] [ 85%] [32mBuilding C object CMakeFiles/serving_interface__rosidl_generator_py.dir/rosidl_generator_py/serving_interface/srv/_order_s.c.o[0m
[3.309s] [ 85%] [32mBuilding C object CMakeFiles/serving_interface__rosidl_generator_py.dir/rosidl_generator_py/serving_interface/msg/_start_serving_s.c.o[0m
[3.404s] [ 87%] [32m[1mLinking C shared library rosidl_generator_py/serving_interface/libserving_interface__rosidl_generator_py.so[0m
[3.433s] [ 87%] Built target serving_interface__rosidl_generator_py
[3.447s] [ 91%] [32mBuilding C object CMakeFiles/serving_interface__rosidl_typesupport_c__pyext.dir/rosidl_generator_py/serving_interface/_serving_interface_s.ep.rosidl_typesupport_c.c.o[0m
[3.447s] [ 91%] [32mBuilding C object CMakeFiles/serving_interface__rosidl_typesupport_introspection_c__pyext.dir/rosidl_generator_py/serving_interface/_serving_interface_s.ep.rosidl_typesupport_introspection_c.c.o[0m
[3.447s] [ 93%] [32mBuilding C object CMakeFiles/serving_interface__rosidl_typesupport_fastrtps_c__pyext.dir/rosidl_generator_py/serving_interface/_serving_interface_s.ep.rosidl_typesupport_fastrtps_c.c.o[0m
[3.517s] [100%] [32m[1mLinking C shared library rosidl_generator_py/serving_interface/serving_interface_s__rosidl_typesupport_fastrtps_c.cpython-310-x86_64-linux-gnu.so[0m
[3.517s] [100%] [32m[1mLinking C shared library rosidl_generator_py/serving_interface/serving_interface_s__rosidl_typesupport_c.cpython-310-x86_64-linux-gnu.so[0m
[3.517s] [100%] [32m[1mLinking C shared library rosidl_generator_py/serving_interface/serving_interface_s__rosidl_typesupport_introspection_c.cpython-310-x86_64-linux-gnu.so[0m
[3.541s] [100%] Built target serving_interface__rosidl_typesupport_c__pyext
[3.541s] [100%] Built target serving_interface__rosidl_typesupport_fastrtps_c__pyext
[3.541s] [100%] Built target serving_interface__rosidl_typesupport_introspection_c__pyext
[3.548s] Invoked command in '/home/jsh/doosan/drive1/turtlebot3_servingRobot/build/serving_interface' returned '0': CMAKE_PREFIX_PATH=${CMAKE_PREFIX_PATH}:/home/jsh/turtlebot3_ws/install/turtlebot3_teleop:/home/jsh/turtlebot3_ws/install/turtlebot3_example:/opt/ros/humble /usr/bin/cmake --build /home/jsh/doosan/drive1/turtlebot3_servingRobot/build/serving_interface -- -j8 -l8
[3.556s] Invoking command in '/home/jsh/doosan/drive1/turtlebot3_servingRobot/build/serving_interface': CMAKE_PREFIX_PATH=${CMAKE_PREFIX_PATH}:/home/jsh/turtlebot3_ws/install/turtlebot3_teleop:/home/jsh/turtlebot3_ws/install/turtlebot3_example:/opt/ros/humble /usr/bin/cmake --install /home/jsh/doosan/drive1/turtlebot3_servingRobot/build/serving_interface
[3.561s] -- Install configuration: ""
[3.561s] -- Installing: /home/jsh/doosan/drive1/turtlebot3_servingRobot/install/serving_interface/share/ament_index/resource_index/rosidl_interfaces/serving_interface
[3.561s] -- Up-to-date: /home/jsh/doosan/drive1/turtlebot3_servingRobot/install/serving_interface/include/serving_interface/serving_interface
[3.561s] -- Up-to-date: /home/jsh/doosan/drive1/turtlebot3_servingRobot/install/serving_interface/include/serving_interface/serving_interface/msg
[3.561s] -- Up-to-date: /home/jsh/doosan/drive1/turtlebot3_servingRobot/install/serving_interface/include/serving_interface/serving_interface/msg/detail
[3.561s] -- Installing: /home/jsh/doosan/drive1/turtlebot3_servingRobot/install/serving_interface/include/serving_interface/serving_interface/msg/detail/start_serving__functions.h
[3.561s] -- Installing: /home/jsh/doosan/drive1/turtlebot3_servingRobot/install/serving_interface/include/serving_interface/serving_interface/msg/detail/start_serving__functions.c
[3.561s] -- Installing: /home/jsh/doosan/drive1/turtlebot3_servingRobot/install/serving_interface/include/serving_interface/serving_interface/msg/detail/start_serving__struct.h
[3.562s] -- Installing: /home/jsh/doosan/drive1/turtlebot3_servingRobot/install/serving_interface/include/serving_interface/serving_interface/msg/detail/start_serving__type_support.h
[3.562s] -- Installing: /home/jsh/doosan/drive1/turtlebot3_servingRobot/install/serving_interface/include/serving_interface/serving_interface/msg/rosidl_generator_c__visibility_control.h
[3.562s] -- Installing: /home/jsh/doosan/drive1/turtlebot3_servingRobot/install/serving_interface/include/serving_interface/serving_interface/msg/start_serving.h
[3.562s] -- Up-to-date: /home/jsh/doosan/drive1/turtlebot3_servingRobot/install/serving_interface/include/serving_interface/serving_interface/srv
[3.562s] -- Up-to-date: /home/jsh/doosan/drive1/turtlebot3_servingRobot/install/serving_interface/include/serving_interface/serving_interface/srv/detail
[3.562s] -- Installing: /home/jsh/doosan/drive1/turtlebot3_servingRobot/install/serving_interface/include/serving_interface/serving_interface/srv/detail/order__struct.h
[3.562s] -- Installing: /home/jsh/doosan/drive1/turtlebot3_servingRobot/install/serving_interface/include/serving_interface/serving_interface/srv/detail/serving_status__functions.c
[3.562s] -- Installing: /home/jsh/doosan/drive1/turtlebot3_servingRobot/install/serving_interface/include/serving_interface/serving_interface/srv/detail/order__functions.c
[3.562s] -- Installing: /home/jsh/doosan/drive1/turtlebot3_servingRobot/install/serving_interface/include/serving_interface/serving_interface/srv/detail/serving_status__type_support.h
[3.562s] -- Installing: /home/jsh/doosan/drive1/turtlebot3_servingRobot/install/serving_interface/include/serving_interface/serving_interface/srv/detail/serving_status__struct.h
[3.562s] -- Installing: /home/jsh/doosan/drive1/turtlebot3_servingRobot/install/serving_interface/include/serving_interface/serving_interface/srv/detail/order__type_support.h
[3.562s] -- Installing: /home/jsh/doosan/drive1/turtlebot3_servingRobot/install/serving_interface/include/serving_interface/serving_interface/srv/detail/serving_status__functions.h
[3.562s] -- Installing: /home/jsh/doosan/drive1/turtlebot3_servingRobot/install/serving_interface/include/serving_interface/serving_interface/srv/detail/order__functions.h
[3.562s] -- Installing: /home/jsh/doosan/drive1/turtlebot3_servingRobot/install/serving_interface/include/serving_interface/serving_interface/srv/order.h
[3.562s] -- Installing: /home/jsh/doosan/drive1/turtlebot3_servingRobot/install/serving_interface/include/serving_interface/serving_interface/srv/serving_status.h
[3.563s] -- Installing: /home/jsh/doosan/drive1/turtlebot3_servingRobot/install/serving_interface/share/serving_interface/environment/library_path.sh
[3.563s] -- Installing: /home/jsh/doosan/drive1/turtlebot3_servingRobot/install/serving_interface/share/serving_interface/environment/library_path.dsv
[3.563s] -- Installing: /home/jsh/doosan/drive1/turtlebot3_servingRobot/install/serving_interface/lib/libserving_interface__rosidl_generator_c.so
[3.563s] -- Set runtime path of "/home/jsh/doosan/drive1/turtlebot3_servingRobot/install/serving_interface/lib/libserving_interface__rosidl_generator_c.so" to ""
[3.563s] -- Up-to-date: /home/jsh/doosan/drive1/turtlebot3_servingRobot/install/serving_interface/include/serving_interface/serving_interface
[3.563s] -- Up-to-date: /home/jsh/doosan/drive1/turtlebot3_servingRobot/install/serving_interface/include/serving_interface/serving_interface/msg
[3.563s] -- Installing: /home/jsh/doosan/drive1/turtlebot3_servingRobot/install/serving_interface/include/serving_interface/serving_interface/msg/rosidl_typesupport_fastrtps_c__visibility_control.h
[3.563s] -- Up-to-date: /home/jsh/doosan/drive1/turtlebot3_servingRobot/install/serving_interface/include/serving_interface/serving_interface/msg/detail
[3.564s] -- Installing: /home/jsh/doosan/drive1/turtlebot3_servingRobot/install/serving_interface/include/serving_interface/serving_interface/msg/detail/start_serving__rosidl_typesupport_fastrtps_c.h
[3.564s] -- Up-to-date: /home/jsh/doosan/drive1/turtlebot3_servingRobot/install/serving_interface/include/serving_interface/serving_interface/srv
[3.564s] -- Up-to-date: /home/jsh/doosan/drive1/turtlebot3_servingRobot/install/serving_interface/include/serving_interface/serving_interface/srv/detail
[3.564s] -- Installing: /home/jsh/doosan/drive1/turtlebot3_servingRobot/install/serving_interface/include/serving_interface/serving_interface/srv/detail/serving_status__rosidl_typesupport_fastrtps_c.h
[3.564s] -- Installing: /home/jsh/doosan/drive1/turtlebot3_servingRobot/install/serving_interface/include/serving_interface/serving_interface/srv/detail/order__rosidl_typesupport_fastrtps_c.h
[3.564s] -- Installing: /home/jsh/doosan/drive1/turtlebot3_servingRobot/install/serving_interface/lib/libserving_interface__rosidl_typesupport_fastrtps_c.so
[3.564s] -- Set runtime path of "/home/jsh/doosan/drive1/turtlebot3_servingRobot/install/serving_interface/lib/libserving_interface__rosidl_typesupport_fastrtps_c.so" to ""
[3.564s] -- Up-to-date: /home/jsh/doosan/drive1/turtlebot3_servingRobot/install/serving_interface/include/serving_interface/serving_interface
[3.564s] -- Up-to-date: /home/jsh/doosan/drive1/turtlebot3_servingRobot/install/serving_interface/include/serving_interface/serving_interface/msg
[3.564s] -- Up-to-date: /home/jsh/doosan/drive1/turtlebot3_servingRobot/install/serving_interface/include/serving_interface/serving_interface/msg/detail
[3.564s] -- Installing: /home/jsh/doosan/drive1/turtlebot3_servingRobot/install/serving_interface/include/serving_interface/serving_interface/msg/detail/start_serving__struct.hpp
[3.564s] -- Installing: /home/jsh/doosan/drive1/turtlebot3_servingRobot/install/serving_interface/include/serving_interface/serving_interface/msg/detail/start_serving__builder.hpp
[3.565s] -- Installing: /home/jsh/doosan/drive1/turtlebot3_servingRobot/install/serving_interface/include/serving_interface/serving_interface/msg/detail/start_serving__traits.hpp
[3.565s] -- Installing: /home/jsh/doosan/drive1/turtlebot3_servingRobot/install/serving_interface/include/serving_interface/serving_interface/msg/start_serving.hpp
[3.565s] -- Up-to-date: /home/jsh/doosan/drive1/turtlebot3_servingRobot/install/serving_interface/include/serving_interface/serving_interface/srv
[3.565s] -- Up-to-date: /home/jsh/doosan/drive1/turtlebot3_servingRobot/install/serving_interface/include/serving_interface/serving_interface/srv/detail
[3.565s] -- Installing: /home/jsh/doosan/drive1/turtlebot3_servingRobot/install/serving_interface/include/serving_interface/serving_interface/srv/detail/order__struct.hpp
[3.565s] -- Installing: /home/jsh/doosan/drive1/turtlebot3_servingRobot/install/serving_interface/include/serving_interface/serving_interface/srv/detail/serving_status__struct.hpp
[3.565s] -- Installing: /home/jsh/doosan/drive1/turtlebot3_servingRobot/install/serving_interface/include/serving_interface/serving_interface/srv/detail/serving_status__traits.hpp
[3.565s] -- Installing: /home/jsh/doosan/drive1/turtlebot3_servingRobot/install/serving_interface/include/serving_interface/serving_interface/srv/detail/serving_status__builder.hpp
[3.565s] -- Installing: /home/jsh/doosan/drive1/turtlebot3_servingRobot/install/serving_interface/include/serving_interface/serving_interface/srv/detail/order__traits.hpp
[3.565s] -- Installing: /home/jsh/doosan/drive1/turtlebot3_servingRobot/install/serving_interface/include/serving_interface/serving_interface/srv/detail/order__builder.hpp
[3.565s] -- Installing: /home/jsh/doosan/drive1/turtlebot3_servingRobot/install/serving_interface/include/serving_interface/serving_interface/srv/order.hpp
[3.565s] -- Installing: /home/jsh/doosan/drive1/turtlebot3_servingRobot/install/serving_interface/include/serving_interface/serving_interface/srv/serving_status.hpp
[3.565s] -- Up-to-date: /home/jsh/doosan/drive1/turtlebot3_servingRobot/install/serving_interface/include/serving_interface/serving_interface
[3.565s] -- Up-to-date: /home/jsh/doosan/drive1/turtlebot3_servingRobot/install/serving_interface/include/serving_interface/serving_interface/msg
[3.565s] -- Up-to-date: /home/jsh/doosan/drive1/turtlebot3_servingRobot/install/serving_interface/include/serving_interface/serving_interface/msg/detail
[3.565s] -- Installing: /home/jsh/doosan/drive1/turtlebot3_servingRobot/install/serving_interface/include/serving_interface/serving_interface/msg/detail/start_serving__rosidl_typesupport_fastrtps_cpp.hpp
[3.565s] -- Installing: /home/jsh/doosan/drive1/turtlebot3_servingRobot/install/serving_interface/include/serving_interface/serving_interface/msg/detail/dds_fastrtps
[3.566s] -- Installing: /home/jsh/doosan/drive1/turtlebot3_servingRobot/install/serving_interface/include/serving_interface/serving_interface/msg/rosidl_typesupport_fastrtps_cpp__visibility_control.h
[3.566s] -- Up-to-date: /home/jsh/doosan/drive1/turtlebot3_servingRobot/install/serving_interface/include/serving_interface/serving_interface/srv
[3.566s] -- Up-to-date: /home/jsh/doosan/drive1/turtlebot3_servingRobot/install/serving_interface/include/serving_interface/serving_interface/srv/detail
[3.566s] -- Installing: /home/jsh/doosan/drive1/turtlebot3_servingRobot/install/serving_interface/include/serving_interface/serving_interface/srv/detail/order__rosidl_typesupport_fastrtps_cpp.hpp
[3.566s] -- Installing: /home/jsh/doosan/drive1/turtlebot3_servingRobot/install/serving_interface/include/serving_interface/serving_interface/srv/detail/dds_fastrtps
[3.566s] -- Installing: /home/jsh/doosan/drive1/turtlebot3_servingRobot/install/serving_interface/include/serving_interface/serving_interface/srv/detail/serving_status__rosidl_typesupport_fastrtps_cpp.hpp
[3.566s] -- Installing: /home/jsh/doosan/drive1/turtlebot3_servingRobot/install/serving_interface/lib/libserving_interface__rosidl_typesupport_fastrtps_cpp.so
[3.566s] -- Set runtime path of "/home/jsh/doosan/drive1/turtlebot3_servingRobot/install/serving_interface/lib/libserving_interface__rosidl_typesupport_fastrtps_cpp.so" to ""
[3.567s] -- Up-to-date: /home/jsh/doosan/drive1/turtlebot3_servingRobot/install/serving_interface/include/serving_interface/serving_interface
[3.567s] -- Up-to-date: /home/jsh/doosan/drive1/turtlebot3_servingRobot/install/serving_interface/include/serving_interface/serving_interface/msg
[3.567s] -- Installing: /home/jsh/doosan/drive1/turtlebot3_servingRobot/install/serving_interface/include/serving_interface/serving_interface/msg/rosidl_typesupport_introspection_c__visibility_control.h
[3.567s] -- Up-to-date: /home/jsh/doosan/drive1/turtlebot3_servingRobot/install/serving_interface/include/serving_interface/serving_interface/msg/detail
[3.567s] -- Installing: /home/jsh/doosan/drive1/turtlebot3_servingRobot/install/serving_interface/include/serving_interface/serving_interface/msg/detail/start_serving__rosidl_typesupport_introspection_c.h
[3.567s] -- Installing: /home/jsh/doosan/drive1/turtlebot3_servingRobot/install/serving_interface/include/serving_interface/serving_interface/msg/detail/start_serving__type_support.c
[3.567s] -- Up-to-date: /home/jsh/doosan/drive1/turtlebot3_servingRobot/install/serving_interface/include/serving_interface/serving_interface/srv
[3.567s] -- Up-to-date: /home/jsh/doosan/drive1/turtlebot3_servingRobot/install/serving_interface/include/serving_interface/serving_interface/srv/detail
[3.567s] -- Installing: /home/jsh/doosan/drive1/turtlebot3_servingRobot/install/serving_interface/include/serving_interface/serving_interface/srv/detail/serving_status__rosidl_typesupport_introspection_c.h
[3.567s] -- Installing: /home/jsh/doosan/drive1/turtlebot3_servingRobot/install/serving_interface/include/serving_interface/serving_interface/srv/detail/order__rosidl_typesupport_introspection_c.h
[3.567s] -- Installing: /home/jsh/doosan/drive1/turtlebot3_servingRobot/install/serving_interface/include/serving_interface/serving_interface/srv/detail/order__type_support.c
[3.567s] -- Installing: /home/jsh/doosan/drive1/turtlebot3_servingRobot/install/serving_interface/include/serving_interface/serving_interface/srv/detail/serving_status__type_support.c
[3.568s] -- Installing: /home/jsh/doosan/drive1/turtlebot3_servingRobot/install/serving_interface/lib/libserving_interface__rosidl_typesupport_introspection_c.so
[3.568s] -- Set runtime path of "/home/jsh/doosan/drive1/turtlebot3_servingRobot/install/serving_interface/lib/libserving_interface__rosidl_typesupport_introspection_c.so" to ""
[3.568s] -- Installing: /home/jsh/doosan/drive1/turtlebot3_servingRobot/install/serving_interface/lib/libserving_interface__rosidl_typesupport_c.so
[3.568s] -- Set runtime path of "/home/jsh/doosan/drive1/turtlebot3_servingRobot/install/serving_interface/lib/libserving_interface__rosidl_typesupport_c.so" to ""
[3.568s] -- Up-to-date: /home/jsh/doosan/drive1/turtlebot3_servingRobot/install/serving_interface/include/serving_interface/serving_interface
[3.568s] -- Up-to-date: /home/jsh/doosan/drive1/turtlebot3_servingRobot/install/serving_interface/include/serving_interface/serving_interface/msg
[3.568s] -- Up-to-date: /home/jsh/doosan/drive1/turtlebot3_servingRobot/install/serving_interface/include/serving_interface/serving_interface/msg/detail
[3.568s] -- Installing: /home/jsh/doosan/drive1/turtlebot3_servingRobot/install/serving_interface/include/serving_interface/serving_interface/msg/detail/start_serving__rosidl_typesupport_introspection_cpp.hpp
[3.568s] -- Installing: /home/jsh/doosan/drive1/turtlebot3_servingRobot/install/serving_interface/include/serving_interface/serving_interface/msg/detail/start_serving__type_support.cpp
[3.569s] -- Up-to-date: /home/jsh/doosan/drive1/turtlebot3_servingRobot/install/serving_interface/include/serving_interface/serving_interface/srv
[3.569s] -- Up-to-date: /home/jsh/doosan/drive1/turtlebot3_servingRobot/install/serving_interface/include/serving_interface/serving_interface/srv/detail
[3.569s] -- Installing: /home/jsh/doosan/drive1/turtlebot3_servingRobot/install/serving_interface/include/serving_interface/serving_interface/srv/detail/serving_status__rosidl_typesupport_introspection_cpp.hpp
[3.569s] -- Installing: /home/jsh/doosan/drive1/turtlebot3_servingRobot/install/serving_interface/include/serving_interface/serving_interface/srv/detail/order__rosidl_typesupport_introspection_cpp.hpp
[3.569s] -- Installing: /home/jsh/doosan/drive1/turtlebot3_servingRobot/install/serving_interface/include/serving_interface/serving_interface/srv/detail/serving_status__type_support.cpp
[3.569s] -- Installing: /home/jsh/doosan/drive1/turtlebot3_servingRobot/install/serving_interface/include/serving_interface/serving_interface/srv/detail/order__type_support.cpp
[3.569s] -- Installing: /home/jsh/doosan/drive1/turtlebot3_servingRobot/install/serving_interface/lib/libserving_interface__rosidl_typesupport_introspection_cpp.so
[3.569s] -- Set runtime path of "/home/jsh/doosan/drive1/turtlebot3_servingRobot/install/serving_interface/lib/libserving_interface__rosidl_typesupport_introspection_cpp.so" to ""
[3.570s] -- Installing: /home/jsh/doosan/drive1/turtlebot3_servingRobot/install/serving_interface/lib/libserving_interface__rosidl_typesupport_cpp.so
[3.570s] -- Set runtime path of "/home/jsh/doosan/drive1/turtlebot3_servingRobot/install/serving_interface/lib/libserving_interface__rosidl_typesupport_cpp.so" to ""
[3.570s] -- Installing: /home/jsh/doosan/drive1/turtlebot3_servingRobot/install/serving_interface/share/serving_interface/environment/pythonpath.sh
[3.570s] -- Installing: /home/jsh/doosan/drive1/turtlebot3_servingRobot/install/serving_interface/share/serving_interface/environment/pythonpath.dsv
[3.570s] -- Up-to-date: /home/jsh/doosan/drive1/turtlebot3_servingRobot/install/serving_interface/local/lib/python3.10/dist-packages/serving_interface-0.0.0-py3.10.egg-info
[3.570s] -- Installing: /home/jsh/doosan/drive1/turtlebot3_servingRobot/install/serving_interface/local/lib/python3.10/dist-packages/serving_interface-0.0.0-py3.10.egg-info/dependency_links.txt
[3.570s] -- Installing: /home/jsh/doosan/drive1/turtlebot3_servingRobot/install/serving_interface/local/lib/python3.10/dist-packages/serving_interface-0.0.0-py3.10.egg-info/PKG-INFO
[3.570s] -- Installing: /home/jsh/doosan/drive1/turtlebot3_servingRobot/install/serving_interface/local/lib/python3.10/dist-packages/serving_interface-0.0.0-py3.10.egg-info/SOURCES.txt
[3.570s] -- Installing: /home/jsh/doosan/drive1/turtlebot3_servingRobot/install/serving_interface/local/lib/python3.10/dist-packages/serving_interface-0.0.0-py3.10.egg-info/top_level.txt
[3.571s] -- Up-to-date: /home/jsh/doosan/drive1/turtlebot3_servingRobot/install/serving_interface/local/lib/python3.10/dist-packages/serving_interface
[3.571s] -- Installing: /home/jsh/doosan/drive1/turtlebot3_servingRobot/install/serving_interface/local/lib/python3.10/dist-packages/serving_interface/serving_interface_s__rosidl_typesupport_c.cpython-310-x86_64-linux-gnu.so
[3.571s] -- Installing: /home/jsh/doosan/drive1/turtlebot3_servingRobot/install/serving_interface/local/lib/python3.10/dist-packages/serving_interface/_serving_interface_s.ep.rosidl_typesupport_c.c
[3.571s] -- Installing: /home/jsh/doosan/drive1/turtlebot3_servingRobot/install/serving_interface/local/lib/python3.10/dist-packages/serving_interface/serving_interface_s__rosidl_typesupport_fastrtps_c.cpython-310-x86_64-linux-gnu.so
[3.571s] -- Installing: /home/jsh/doosan/drive1/turtlebot3_servingRobot/install/serving_interface/local/lib/python3.10/dist-packages/serving_interface/_serving_interface_s.ep.rosidl_typesupport_introspection_c.c
[3.571s] -- Up-to-date: /home/jsh/doosan/drive1/turtlebot3_servingRobot/install/serving_interface/local/lib/python3.10/dist-packages/serving_interface/msg
[3.571s] -- Installing: /home/jsh/doosan/drive1/turtlebot3_servingRobot/install/serving_interface/local/lib/python3.10/dist-packages/serving_interface/msg/_start_serving.py
[3.571s] -- Installing: /home/jsh/doosan/drive1/turtlebot3_servingRobot/install/serving_interface/local/lib/python3.10/dist-packages/serving_interface/msg/__init__.py
[3.571s] -- Installing: /home/jsh/doosan/drive1/turtlebot3_servingRobot/install/serving_interface/local/lib/python3.10/dist-packages/serving_interface/msg/_start_serving_s.c
[3.571s] -- Up-to-date: /home/jsh/doosan/drive1/turtlebot3_servingRobot/install/serving_interface/local/lib/python3.10/dist-packages/serving_interface/srv
[3.571s] -- Installing: /home/jsh/doosan/drive1/turtlebot3_servingRobot/install/serving_interface/local/lib/python3.10/dist-packages/serving_interface/srv/_serving_status.py
[3.571s] -- Installing: /home/jsh/doosan/drive1/turtlebot3_servingRobot/install/serving_interface/local/lib/python3.10/dist-packages/serving_interface/srv/_order_s.c
[3.571s] -- Installing: /home/jsh/doosan/drive1/turtlebot3_servingRobot/install/serving_interface/local/lib/python3.10/dist-packages/serving_interface/srv/_order.py
[3.571s] -- Installing: /home/jsh/doosan/drive1/turtlebot3_servingRobot/install/serving_interface/local/lib/python3.10/dist-packages/serving_interface/srv/_serving_status_s.c
[3.572s] -- Installing: /home/jsh/doosan/drive1/turtlebot3_servingRobot/install/serving_interface/local/lib/python3.10/dist-packages/serving_interface/srv/__init__.py
[3.572s] -- Installing: /home/jsh/doosan/drive1/turtlebot3_servingRobot/install/serving_interface/local/lib/python3.10/dist-packages/serving_interface/_serving_interface_s.ep.rosidl_typesupport_fastrtps_c.c
[3.572s] -- Installing: /home/jsh/doosan/drive1/turtlebot3_servingRobot/install/serving_interface/local/lib/python3.10/dist-packages/serving_interface/serving_interface_s__rosidl_typesupport_introspection_c.cpython-310-x86_64-linux-gnu.so
[3.572s] -- Installing: /home/jsh/doosan/drive1/turtlebot3_servingRobot/install/serving_interface/local/lib/python3.10/dist-packages/serving_interface/libserving_interface__rosidl_generator_py.so
[3.572s] -- Installing: /home/jsh/doosan/drive1/turtlebot3_servingRobot/install/serving_interface/local/lib/python3.10/dist-packages/serving_interface/__init__.py
[3.599s] Listing '/home/jsh/doosan/drive1/turtlebot3_servingRobot/install/serving_interface/local/lib/python3.10/dist-packages/serving_interface'...
[3.599s] Compiling '/home/jsh/doosan/drive1/turtlebot3_servingRobot/install/serving_interface/local/lib/python3.10/dist-packages/serving_interface/__init__.py'...
[3.599s] Listing '/home/jsh/doosan/drive1/turtlebot3_servingRobot/install/serving_interface/local/lib/python3.10/dist-packages/serving_interface/msg'...
[3.599s] Compiling '/home/jsh/doosan/drive1/turtlebot3_servingRobot/install/serving_interface/local/lib/python3.10/dist-packages/serving_interface/msg/__init__.py'...
[3.599s] Compiling '/home/jsh/doosan/drive1/turtlebot3_servingRobot/install/serving_interface/local/lib/python3.10/dist-packages/serving_interface/msg/_start_serving.py'...
[3.599s] Listing '/home/jsh/doosan/drive1/turtlebot3_servingRobot/install/serving_interface/local/lib/python3.10/dist-packages/serving_interface/srv'...
[3.599s] Compiling '/home/jsh/doosan/drive1/turtlebot3_servingRobot/install/serving_interface/local/lib/python3.10/dist-packages/serving_interface/srv/__init__.py'...
[3.599s] Compiling '/home/jsh/doosan/drive1/turtlebot3_servingRobot/install/serving_interface/local/lib/python3.10/dist-packages/serving_interface/srv/_order.py'...
[3.599s] Compiling '/home/jsh/doosan/drive1/turtlebot3_servingRobot/install/serving_interface/local/lib/python3.10/dist-packages/serving_interface/srv/_serving_status.py'...
[3.602s] -- Installing: /home/jsh/doosan/drive1/turtlebot3_servingRobot/install/serving_interface/local/lib/python3.10/dist-packages/serving_interface/serving_interface_s__rosidl_typesupport_fastrtps_c.cpython-310-x86_64-linux-gnu.so
[3.602s] -- Set runtime path of "/home/jsh/doosan/drive1/turtlebot3_servingRobot/install/serving_interface/local/lib/python3.10/dist-packages/serving_interface/serving_interface_s__rosidl_typesupport_fastrtps_c.cpython-310-x86_64-linux-gnu.so" to ""
[3.602s] -- Installing: /home/jsh/doosan/drive1/turtlebot3_servingRobot/install/serving_interface/local/lib/python3.10/dist-packages/serving_interface/serving_interface_s__rosidl_typesupport_introspection_c.cpython-310-x86_64-linux-gnu.so
[3.602s] -- Set runtime path of "/home/jsh/doosan/drive1/turtlebot3_servingRobot/install/serving_interface/local/lib/python3.10/dist-packages/serving_interface/serving_interface_s__rosidl_typesupport_introspection_c.cpython-310-x86_64-linux-gnu.so" to ""
[3.602s] -- Installing: /home/jsh/doosan/drive1/turtlebot3_servingRobot/install/serving_interface/local/lib/python3.10/dist-packages/serving_interface/serving_interface_s__rosidl_typesupport_c.cpython-310-x86_64-linux-gnu.so
[3.603s] -- Set runtime path of "/home/jsh/doosan/drive1/turtlebot3_servingRobot/install/serving_interface/local/lib/python3.10/dist-packages/serving_interface/serving_interface_s__rosidl_typesupport_c.cpython-310-x86_64-linux-gnu.so" to ""
[3.603s] -- Installing: /home/jsh/doosan/drive1/turtlebot3_servingRobot/install/serving_interface/lib/libserving_interface__rosidl_generator_py.so
[3.603s] -- Set runtime path of "/home/jsh/doosan/drive1/turtlebot3_servingRobot/install/serving_interface/lib/libserving_interface__rosidl_generator_py.so" to ""
[3.603s] -- Installing: /home/jsh/doosan/drive1/turtlebot3_servingRobot/install/serving_interface/share/serving_interface/msg/StartServing.idl
[3.603s] -- Installing: /home/jsh/doosan/drive1/turtlebot3_servingRobot/install/serving_interface/share/serving_interface/srv/Order.idl
[3.603s] -- Installing: /home/jsh/doosan/drive1/turtlebot3_servingRobot/install/serving_interface/share/serving_interface/srv/ServingStatus.idl
[3.603s] -- Up-to-date: /home/jsh/doosan/drive1/turtlebot3_servingRobot/install/serving_interface/share/serving_interface/msg/StartServing.msg
[3.603s] -- Up-to-date: /home/jsh/doosan/drive1/turtlebot3_servingRobot/install/serving_interface/share/serving_interface/srv/Order.srv
[3.603s] -- Installing: /home/jsh/doosan/drive1/turtlebot3_servingRobot/install/serving_interface/share/serving_interface/srv/Order_Request.msg
[3.604s] -- Installing: /home/jsh/doosan/drive1/turtlebot3_servingRobot/install/serving_interface/share/serving_interface/srv/Order_Response.msg
[3.604s] -- Up-to-date: /home/jsh/doosan/drive1/turtlebot3_servingRobot/install/serving_interface/share/serving_interface/srv/ServingStatus.srv
[3.604s] -- Installing: /home/jsh/doosan/drive1/turtlebot3_servingRobot/install/serving_interface/share/serving_interface/srv/ServingStatus_Request.msg
[3.604s] -- Installing: /home/jsh/doosan/drive1/turtlebot3_servingRobot/install/serving_interface/share/serving_interface/srv/ServingStatus_Response.msg
[3.604s] -- Installing: /home/jsh/doosan/drive1/turtlebot3_servingRobot/install/serving_interface/share/ament_index/resource_index/package_run_dependencies/serving_interface
[3.604s] -- Installing: /home/jsh/doosan/drive1/turtlebot3_servingRobot/install/serving_interface/share/ament_index/resource_index/parent_prefix_path/serving_interface
[3.604s] -- Installing: /home/jsh/doosan/drive1/turtlebot3_servingRobot/install/serving_interface/share/serving_interface/environment/ament_prefix_path.sh
[3.604s] -- Installing: /home/jsh/doosan/drive1/turtlebot3_servingRobot/install/serving_interface/share/serving_interface/environment/ament_prefix_path.dsv
[3.604s] -- Installing: /home/jsh/doosan/drive1/turtlebot3_servingRobot/install/serving_interface/share/serving_interface/environment/path.sh
[3.604s] -- Installing: /home/jsh/doosan/drive1/turtlebot3_servingRobot/install/serving_interface/share/serving_interface/environment/path.dsv
[3.604s] -- Installing: /home/jsh/doosan/drive1/turtlebot3_servingRobot/install/serving_interface/share/serving_interface/local_setup.bash
[3.604s] -- Installing: /home/jsh/doosan/drive1/turtlebot3_servingRobot/install/serving_interface/share/serving_interface/local_setup.sh
[3.604s] -- Installing: /home/jsh/doosan/drive1/turtlebot3_servingRobot/install/serving_interface/share/serving_interface/local_setup.zsh
[3.604s] -- Installing: /home/jsh/doosan/drive1/turtlebot3_servingRobot/install/serving_interface/share/serving_interface/local_setup.dsv
[3.604s] -- Installing: /home/jsh/doosan/drive1/turtlebot3_servingRobot/install/serving_interface/share/serving_interface/package.dsv
[3.605s] -- Installing: /home/jsh/doosan/drive1/turtlebot3_servingRobot/install/serving_interface/share/ament_index/resource_index/packages/serving_interface
[3.605s] -- Installing: /home/jsh/doosan/drive1/turtlebot3_servingRobot/install/serving_interface/share/serving_interface/cmake/export_serving_interface__rosidl_generator_cExport.cmake
[3.605s] -- Installing: /home/jsh/doosan/drive1/turtlebot3_servingRobot/install/serving_interface/share/serving_interface/cmake/export_serving_interface__rosidl_generator_cExport-noconfig.cmake
[3.605s] -- Installing: /home/jsh/doosan/drive1/turtlebot3_servingRobot/install/serving_interface/share/serving_interface/cmake/export_serving_interface__rosidl_typesupport_fastrtps_cExport.cmake
[3.605s] -- Installing: /home/jsh/doosan/drive1/turtlebot3_servingRobot/install/serving_interface/share/serving_interface/cmake/export_serving_interface__rosidl_typesupport_fastrtps_cExport-noconfig.cmake
[3.605s] -- Installing: /home/jsh/doosan/drive1/turtlebot3_servingRobot/install/serving_interface/share/serving_interface/cmake/export_serving_interface__rosidl_generator_cppExport.cmake
[3.605s] -- Installing: /home/jsh/doosan/drive1/turtlebot3_servingRobot/install/serving_interface/share/serving_interface/cmake/export_serving_interface__rosidl_typesupport_fastrtps_cppExport.cmake
[3.605s] -- Installing: /home/jsh/doosan/drive1/turtlebot3_servingRobot/install/serving_interface/share/serving_interface/cmake/export_serving_interface__rosidl_typesupport_fastrtps_cppExport-noconfig.cmake
[3.605s] -- Installing: /home/jsh/doosan/drive1/turtlebot3_servingRobot/install/serving_interface/share/serving_interface/cmake/serving_interface__rosidl_typesupport_introspection_cExport.cmake
[3.606s] -- Installing: /home/jsh/doosan/drive1/turtlebot3_servingRobot/install/serving_interface/share/serving_interface/cmake/serving_interface__rosidl_typesupport_introspection_cExport-noconfig.cmake
[3.606s] -- Installing: /home/jsh/doosan/drive1/turtlebot3_servingRobot/install/serving_interface/share/serving_interface/cmake/serving_interface__rosidl_typesupport_cExport.cmake
[3.606s] -- Installing: /home/jsh/doosan/drive1/turtlebot3_servingRobot/install/serving_interface/share/serving_interface/cmake/serving_interface__rosidl_typesupport_cExport-noconfig.cmake
[3.606s] -- Installing: /home/jsh/doosan/drive1/turtlebot3_servingRobot/install/serving_interface/share/serving_interface/cmake/serving_interface__rosidl_typesupport_introspection_cppExport.cmake
[3.606s] -- Installing: /home/jsh/doosan/drive1/turtlebot3_servingRobot/install/serving_interface/share/serving_interface/cmake/serving_interface__rosidl_typesupport_introspection_cppExport-noconfig.cmake
[3.606s] -- Installing: /home/jsh/doosan/drive1/turtlebot3_servingRobot/install/serving_interface/share/serving_interface/cmake/serving_interface__rosidl_typesupport_cppExport.cmake
[3.606s] -- Installing: /home/jsh/doosan/drive1/turtlebot3_servingRobot/install/serving_interface/share/serving_interface/cmake/serving_interface__rosidl_typesupport_cppExport-noconfig.cmake
[3.606s] -- Installing: /home/jsh/doosan/drive1/turtlebot3_servingRobot/install/serving_interface/share/serving_interface/cmake/export_serving_interface__rosidl_generator_pyExport.cmake
[3.606s] -- Installing: /home/jsh/doosan/drive1/turtlebot3_servingRobot/install/serving_interface/share/serving_interface/cmake/export_serving_interface__rosidl_generator_pyExport-noconfig.cmake
[3.607s] -- Installing: /home/jsh/doosan/drive1/turtlebot3_servingRobot/install/serving_interface/share/serving_interface/cmake/rosidl_cmake-extras.cmake
[3.607s] -- Installing: /home/jsh/doosan/drive1/turtlebot3_servingRobot/install/serving_interface/share/serving_interface/cmake/ament_cmake_export_dependencies-extras.cmake
[3.607s] -- Installing: /home/jsh/doosan/drive1/turtlebot3_servingRobot/install/serving_interface/share/serving_interface/cmake/ament_cmake_export_include_directories-extras.cmake
[3.607s] -- Installing: /home/jsh/doosan/drive1/turtlebot3_servingRobot/install/serving_interface/share/serving_interface/cmake/ament_cmake_export_libraries-extras.cmake
[3.607s] -- Installing: /home/jsh/doosan/drive1/turtlebot3_servingRobot/install/serving_interface/share/serving_interface/cmake/ament_cmake_export_targets-extras.cmake
[3.607s] -- Installing: /home/jsh/doosan/drive1/turtlebot3_servingRobot/install/serving_interface/share/serving_interface/cmake/rosidl_cmake_export_typesupport_targets-extras.cmake
[3.607s] -- Installing: /home/jsh/doosan/drive1/turtlebot3_servingRobot/install/serving_interface/share/serving_interface/cmake/rosidl_cmake_export_typesupport_libraries-extras.cmake
[3.607s] -- Installing: /home/jsh/doosan/drive1/turtlebot3_servingRobot/install/serving_interface/share/serving_interface/cmake/serving_interfaceConfig.cmake
[3.607s] -- Installing: /home/jsh/doosan/drive1/turtlebot3_servingRobot/install/serving_interface/share/serving_interface/cmake/serving_interfaceConfig-version.cmake
[3.607s] -- Up-to-date: /home/jsh/doosan/drive1/turtlebot3_servingRobot/install/serving_interface/share/serving_interface/package.xml
[3.609s] Invoked command in '/home/jsh/doosan/drive1/turtlebot3_servingRobot/build/serving_interface' returned '0': CMAKE_PREFIX_PATH=${CMAKE_PREFIX_PATH}:/home/jsh/turtlebot3_ws/install/turtlebot3_teleop:/home/jsh/turtlebot3_ws/install/turtlebot3_example:/opt/ros/humble /usr/bin/cmake --install /home/jsh/doosan/drive1/turtlebot3_servingRobot/build/serving_interface
