[0.009s] Invoking command in '/home/yms/rokey_week4_ws/turtlebot3_servingRobot/build/ServingInterface': CMAKE_PREFIX_PATH=/opt/ros/humble /usr/bin/cmake /home/yms/rokey_week4_ws/turtlebot3_servingRobot/src/ServingInterface -DCMAKE_INSTALL_PREFIX=/home/yms/rokey_week4_ws/turtlebot3_servingRobot/install/ServingInterface
[0.020s] -- Found ament_cmake: 1.3.10 (/opt/ros/humble/share/ament_cmake/cmake)
[0.142s] -- Found builtin_interfaces: 1.2.1 (/opt/ros/humble/share/builtin_interfaces/cmake)
[0.183s] -- Found rosidl_generator_c: 3.1.5 (/opt/ros/humble/share/rosidl_generator_c/cmake)
[0.188s] -- Found rosidl_adapter: 3.1.5 (/opt/ros/humble/share/rosidl_adapter/cmake)
[0.197s] -- Found rosidl_generator_cpp: 3.1.5 (/opt/ros/humble/share/rosidl_generator_cpp/cmake)
[0.210s] -- Using all available rosidl_typesupport_c: rosidl_typesupport_fastrtps_c;rosidl_typesupport_introspection_c
[0.228s] -- Using all available rosidl_typesupport_cpp: rosidl_typesupport_fastrtps_cpp;rosidl_typesupport_introspection_cpp
[0.244s] -- Found rosidl_default_generators: 1.2.0 (/opt/ros/humble/share/rosidl_default_generators/cmake)
[0.252s] [31mCMake Error at /opt/ros/humble/share/rosidl_cmake/cmake/rosidl_generate_interfaces.cmake:93 (message):
[0.252s]   rosidl_generate_interfaces() the passed file 'ServingStatus.srv' doesn't
[0.252s]   exist relative to the CMAKE_CURRENT_SOURCE_DIR
[0.252s]   '/home/yms/rokey_week4_ws/turtlebot3_servingRobot/src/ServingInterface'
[0.253s] Call Stack (most recent call first):
[0.253s]   CMakeLists.txt:26 (rosidl_generate_interfaces)
[0.253s] 
[0.253s] [0m
[0.253s] -- Configuring incomplete, errors occurred!
[0.253s] See also "/home/yms/rokey_week4_ws/turtlebot3_servingRobot/build/ServingInterface/CMakeFiles/CMakeOutput.log".
[0.257s] Invoked command in '/home/yms/rokey_week4_ws/turtlebot3_servingRobot/build/ServingInterface' returned '1': CMAKE_PREFIX_PATH=/opt/ros/humble /usr/bin/cmake /home/yms/rokey_week4_ws/turtlebot3_servingRobot/src/ServingInterface -DCMAKE_INSTALL_PREFIX=/home/yms/rokey_week4_ws/turtlebot3_servingRobot/install/ServingInterface
